2025-12-05 07:51:36,767 - INFO - Logging initialized. Log file: runs/run_112/training.log
2025-12-05 07:51:36,783 - INFO - Experiment directory: runs/run_112
2025-12-05 07:51:36,785 - INFO - Setting random seeds for reproducibility (seed: 42)...
2025-12-05 07:51:36,962 - INFO - Random seeds set to 42 (deterministic=False)
2025-12-05 07:51:36,964 - INFO - Using device: cuda
2025-12-05 07:51:36,965 - INFO - Training configuration: epochs=20, warmup=3, lr=0.0005
2025-12-05 07:51:36,966 - INFO - SWIN configuration: variant=tiny, use_shifted_window=False
2025-12-05 07:51:36,968 - INFO - SWIN details: embed_dim=96, depths=[2, 2, 6, 2], num_heads=[3, 6, 12, 24], window_size=7
2025-12-05 07:51:36,969 - INFO - Loading dataset...
2025-12-05 07:51:36,971 - INFO - Starting ImageNet data loading from root: /
2025-12-05 07:51:36,972 - INFO - Resolved root path: /
2025-12-05 07:51:36,974 - INFO - Root path exists: True
2025-12-05 07:51:36,975 - INFO - Root path is dir: True
2025-12-05 07:51:36,980 - INFO - Contents of /: ['/.exec', '/.run', '/.shell', '/.singularity.d', '/.test', '/bin', '/boot', '/dev', '/environment', '/etc', '/home', '/lib', '/lib64', '/media', '/mnt', '/opt', '/proc', '/requirements.txt', '/root', '/run', '/sbin', '/singularity', '/srv', '/sys', '/tmp', '/usr', '/var', '/meta', '/train_set', '/train_set_small', '/val_set', '/val_set_unlabeled']
2025-12-05 07:51:36,981 - INFO - Expected train_dir: /train_set, exists: True
2025-12-05 07:51:36,982 - INFO - Expected val_dir: /val_set, exists: True
2025-12-05 07:51:43,171 - INFO - Loaded ImageNet data from /: train=1281167, val=50000
2025-12-05 07:51:43,286 - INFO - Dataset loaded: train=50000 samples (391 batches), val=5000 samples (40 batches), test=5000 samples (40 batches)
2025-12-05 07:51:45,716 - INFO - Training Swin-Tiny from scratch
2025-12-05 07:51:45,718 - INFO - Initializing model from scratch...
2025-12-05 07:51:45,720 - INFO - Model architecture: Swin-Tiny
2025-12-05 07:51:45,721 - INFO - Model config: embed_dim=96, depths=[2, 2, 6, 2], num_heads=[3, 6, 12, 24], window_size=7, use_shifted_window=False
2025-12-05 07:51:46,209 - INFO - Model created with random initialization
2025-12-05 07:51:46,211 - INFO - Total parameters: 28,288,354
2025-12-05 07:51:46,212 - INFO - Trainable parameters: 28,288,354
2025-12-05 07:51:46,526 - INFO - Starting from-scratch training...
2025-12-05 07:51:46,528 - INFO - Optimizer: training all model parameters
2025-12-05 07:51:46,530 - INFO - Starting training...
2025-12-05 08:12:24,317 - INFO - Epoch 1/20: LR: 0.000170
2025-12-05 08:12:24,331 - INFO - Epoch 1/20: Train Loss: 6.9092, Val Loss: 6.8326, Val Acc: 0.34%
2025-12-05 08:26:04,458 - INFO - Epoch 2/20: LR: 0.000335
2025-12-05 08:26:04,460 - INFO - Epoch 2/20: Train Loss: 6.8199, Val Loss: 6.6915, Val Acc: 0.36%
2025-12-05 08:39:59,205 - INFO - Epoch 3/20: LR: 0.000500
2025-12-05 08:39:59,208 - INFO - Epoch 3/20: Train Loss: 6.7534, Val Loss: 6.6383, Val Acc: 0.68%
2025-12-05 08:53:31,343 - INFO - Epoch 4/20: LR: 0.000496
2025-12-05 08:53:31,345 - INFO - Epoch 4/20: Train Loss: 6.6805, Val Loss: 6.6085, Val Acc: 0.58%
2025-12-05 09:06:58,698 - INFO - Epoch 5/20: LR: 0.000483
2025-12-05 09:08:16,396 - INFO - Epoch 5/20: Train Loss: 6.5452, Val Loss: 6.4235, Val Acc: 1.04%, Test Loss: 6.4235, Test Acc: 1.04%
2025-12-05 09:21:49,178 - INFO - Epoch 6/20: LR: 0.000463
2025-12-05 09:21:49,199 - INFO - Epoch 6/20: Train Loss: 6.4497, Val Loss: 6.3666, Val Acc: 1.54%
2025-12-05 09:35:21,488 - INFO - Epoch 7/20: LR: 0.000435
2025-12-05 09:35:21,520 - INFO - Epoch 7/20: Train Loss: 6.3834, Val Loss: 6.2756, Val Acc: 1.16%
2025-12-05 09:48:50,953 - INFO - Epoch 8/20: LR: 0.000401
2025-12-05 09:48:50,967 - INFO - Epoch 8/20: Train Loss: 6.3484, Val Loss: 6.2425, Val Acc: 1.84%
2025-12-05 10:02:24,377 - INFO - Epoch 9/20: LR: 0.000362
2025-12-05 10:02:24,393 - INFO - Epoch 9/20: Train Loss: 6.2791, Val Loss: 6.1197, Val Acc: 2.12%
2025-12-05 10:16:19,356 - INFO - Epoch 10/20: LR: 0.000319
2025-12-05 10:17:36,567 - INFO - Epoch 10/20: Train Loss: 6.2408, Val Loss: 6.0191, Val Acc: 2.62%, Test Loss: 6.0191, Test Acc: 2.62%
2025-12-05 10:17:36,569 - INFO - Saving checkpoint for epoch 10...
2025-12-05 10:17:37,483 - INFO - ✅ Checkpoint saved: runs/run_112/checkpoint_epoch_10.pth
2025-12-05 10:32:38,384 - INFO - Epoch 11/20: LR: 0.000274
2025-12-05 10:32:38,401 - INFO - Epoch 11/20: Train Loss: 6.1218, Val Loss: 5.9657, Val Acc: 2.76%
2025-12-05 10:48:38,874 - INFO - Epoch 12/20: LR: 0.000227
2025-12-05 10:48:38,875 - INFO - Epoch 12/20: Train Loss: 6.0389, Val Loss: 5.8447, Val Acc: 3.12%
2025-12-05 11:03:19,759 - INFO - Epoch 13/20: LR: 0.000182
2025-12-05 11:03:19,761 - INFO - Epoch 13/20: Train Loss: 5.9628, Val Loss: 5.7787, Val Acc: 4.02%
2025-12-05 11:17:55,298 - INFO - Epoch 14/20: LR: 0.000139
2025-12-05 11:17:55,300 - INFO - Epoch 14/20: Train Loss: 5.8653, Val Loss: 5.6547, Val Acc: 5.02%
2025-12-05 11:32:28,026 - INFO - Epoch 15/20: LR: 0.000100
2025-12-05 11:33:46,880 - INFO - Epoch 15/20: Train Loss: 5.7825, Val Loss: 5.6108, Val Acc: 5.06%, Test Loss: 5.6108, Test Acc: 5.06%
2025-12-05 11:48:56,021 - INFO - Epoch 16/20: LR: 0.000066
2025-12-05 11:48:56,023 - INFO - Epoch 16/20: Train Loss: 5.7084, Val Loss: 5.5497, Val Acc: 5.74%
2025-12-05 12:03:54,918 - INFO - Epoch 17/20: LR: 0.000038
2025-12-05 12:03:54,920 - INFO - Epoch 17/20: Train Loss: 5.6524, Val Loss: 5.5119, Val Acc: 5.50%
2025-12-05 12:18:46,149 - INFO - Epoch 18/20: LR: 0.000018
2025-12-05 12:18:46,168 - INFO - Epoch 18/20: Train Loss: 5.6021, Val Loss: 5.4765, Val Acc: 5.72%
2025-12-05 12:33:02,613 - INFO - Epoch 19/20: LR: 0.000005
2025-12-05 12:33:02,615 - INFO - Epoch 19/20: Train Loss: 5.5671, Val Loss: 5.4657, Val Acc: 5.98%
2025-12-05 12:46:51,924 - INFO - Epoch 20/20: LR: 0.000001
2025-12-05 12:48:10,779 - INFO - Epoch 20/20: Train Loss: 5.5537, Val Loss: 5.4582, Val Acc: 5.96%, Test Loss: 5.4582, Test Acc: 5.96%
2025-12-05 12:48:10,781 - INFO - Saving checkpoint for epoch 20...
2025-12-05 12:48:12,818 - INFO - ✅ Checkpoint saved: runs/run_112/checkpoint_epoch_20.pth
2025-12-05 12:48:12,820 - INFO - Training completed!
2025-12-05 12:48:12,821 - INFO - Training completed!
2025-12-05 12:48:12,822 - INFO - Generating training curves...
2025-12-05 12:48:14,570 - WARNING - Inhomogeneous shapes in per-class F1 data: [(997,), (997,), (996,), (997,), (997,), (996,), (998,), (997,), (997,), (998,), (998,), (998,), (998,), (999,), (998,), (998,), (999,), (1000,), (999,), (1000,)]. Skipping per-class plotting.
2025-12-05 12:48:14,571 - INFO - Training curves saved as separate images with base name 'runs/run_112/training_curves_from_scratch'
2025-12-05 12:48:14,574 - INFO - Generating confusion matrix on test set...
