2025-12-22 11:18:43,742 - INFO - Logging initialized. Log file: runs/run_235/training.log
2025-12-22 11:18:44,100 - INFO - Experiment directory: runs/run_235
2025-12-22 11:18:44,102 - INFO - Setting random seeds for reproducibility (seed: 42)...
2025-12-22 11:18:44,127 - INFO - ✅ All seeds set to 42 (deterministic=False)
2025-12-22 11:18:44,629 - INFO - GPU memory cleared at startup. Available: 23.6GB
2025-12-22 11:18:44,632 - INFO - Using device: cuda
2025-12-22 11:18:44,633 - INFO - Training configuration: epochs=40, warmup=3, lr=0.0005
2025-12-22 11:18:44,634 - INFO - SWIN configuration: variant=tiny, use_shifted_window=True, use_relative_bias=True, use_absolute_pos_embed=False, use_hierarchical_merge=False, use_gradient_checkpointing=True
2025-12-22 11:18:44,635 - INFO - SWIN details: embed_dim=96, depths=[2, 2, 6, 2], num_heads=[3, 6, 12, 24], window_size=7
2025-12-22 11:18:44,636 - INFO - Loading dataset...
2025-12-22 11:18:44,638 - INFO - Starting ImageNet data loading from root: /
2025-12-22 11:18:44,639 - INFO - Resolved root path: /
2025-12-22 11:18:44,640 - INFO - Root path exists: True
2025-12-22 11:18:44,640 - INFO - Root path is dir: True
2025-12-22 11:18:44,644 - INFO - Contents of /: ['/.exec', '/.run', '/.shell', '/.singularity.d', '/.test', '/bin', '/boot', '/dev', '/environment', '/etc', '/home', '/lib', '/lib64', '/media', '/mnt', '/opt', '/proc', '/requirements.txt', '/root', '/run', '/sbin', '/singularity', '/srv', '/sys', '/tmp', '/usr', '/var']
2025-12-22 11:18:44,646 - INFO - Expected train_dir: /train_set, exists: False
2025-12-22 11:18:44,647 - INFO - Expected val_dir: /val_set, exists: False
2025-12-22 11:18:44,648 - ERROR - Experiment failed with error: ImageNet data not found in /. Expected 'train_set' and 'val_set' subfolders.
2025-12-22 11:18:44,649 - ERROR - Full traceback:
Traceback (most recent call last):
  File "/home/pml04/swin_transformer/Machine-Learning-Project/main.py", line 193, in main
    train_generator, val_generator, test_generator = load_data(
                                                     ^^^^^^^^^^
  File "/home/pml04/swin_transformer/Machine-Learning-Project/src/data/dataloader.py", line 345, in load_data
    train_dataset, val_dataset, test_dataset = _load_imagenet_data(
                                               ^^^^^^^^^^^^^^^^^^^^
  File "/home/pml04/swin_transformer/Machine-Learning-Project/src/data/dataloader.py", line 186, in _load_imagenet_data
    raise FileNotFoundError(
FileNotFoundError: ImageNet data not found in /. Expected 'train_set' and 'val_set' subfolders.
