2026-01-27 22:12:37,909 - INFO - Logging initialized. Log file: runs/run_271/training.log
2026-01-27 22:12:37,998 - INFO - Experiment directory: runs/run_271
2026-01-27 22:12:38,000 - INFO - Setting random seeds for reproducibility (seed: 42)...
2026-01-27 22:12:38,011 - INFO - ✅ All seeds set to 42 (deterministic=False)
2026-01-27 22:12:38,371 - INFO - GPU memory cleared at startup. Available: 39.2GB
2026-01-27 22:12:38,372 - INFO - Using device: cuda
2026-01-27 22:12:38,374 - INFO - Training configuration: epochs=20, warmup=4, lr=0.0002
2026-01-27 22:12:38,375 - INFO - SWIN configuration: variant=tiny, use_shifted_window=True, use_relative_bias=False, use_absolute_pos_embed=False, use_hierarchical_merge=False, use_gradient_checkpointing=True
2026-01-27 22:12:38,377 - INFO - SWIN details: embed_dim=96, depths=[2, 2, 6, 2], num_heads=[3, 6, 12, 24], window_size=7
2026-01-27 22:12:38,378 - INFO - Loading dataset...
2026-01-27 22:12:38,380 - INFO - Starting ImageNet data loading from root: /
2026-01-27 22:12:38,382 - INFO - Resolved root path: /
2026-01-27 22:12:38,384 - INFO - Root path exists: True
2026-01-27 22:12:38,385 - INFO - Root path is dir: True
2026-01-27 22:12:38,390 - INFO - Contents of /: ['/.exec', '/.run', '/.shell', '/.singularity.d', '/.test', '/bin', '/boot', '/dev', '/environment', '/etc', '/home', '/lib', '/lib64', '/media', '/mnt', '/opt', '/proc', '/requirements.txt', '/root', '/run', '/sbin', '/singularity', '/srv', '/sys', '/tmp', '/usr', '/var', '/meta', '/train_set', '/train_set_small', '/val_set', '/val_set_unlabeled']
2026-01-27 22:12:38,391 - INFO - Expected train_dir: /train_set, exists: True
2026-01-27 22:12:38,392 - INFO - Expected val_dir: /val_set, exists: True
2026-01-27 22:12:44,334 - INFO - Loaded ImageNet data from /: train=1281167, val=50000
2026-01-27 22:12:45,066 - INFO - Dataset limits applied (stratified sampling enabled)
2026-01-27 22:12:45,070 - INFO - Dataset loaded: train=100000 samples (782 batches), val=50000 samples (391 batches), test=50000 samples (391 batches)
2026-01-27 22:12:45,802 - INFO - Training SWIN from scratch
2026-01-27 22:12:45,803 - INFO - Initializing SWIN model from scratch...
2026-01-27 22:12:45,804 - INFO - Model architecture: SWIN
2026-01-27 22:12:45,805 - INFO - Model config: {'type': 'swin', 'variant': 'tiny', 'patch_size': 4, 'embed_dim': 96, 'depths': [2, 2, 6, 2], 'num_heads': [3, 6, 12, 24], 'window_size': 7, 'mlp_ratio': 4.0, 'dropout': 0.0, 'attention_dropout': 0.0, 'projection_dropout': 0.0, 'drop_path_rate': 0.08, 'use_shifted_window': True, 'use_relative_bias': False, 'use_absolute_pos_embed': False, 'use_hierarchical_merge': False, 'use_gradient_checkpointing': True}
2026-01-27 22:12:46,110 - INFO - Model created with random initialization
2026-01-27 22:12:46,112 - INFO - Total parameters: 28,288,354
2026-01-27 22:12:46,113 - INFO - Trainable parameters: 28,288,354
2026-01-27 22:12:46,142 - INFO - Compiling model with torch.compile()
2026-01-27 22:12:47,565 - INFO - Mixed precision enabled → CUDA bf16 selected (hardware supported)
2026-01-27 22:12:47,566 - INFO - Starting from-scratch training...
2026-01-27 22:12:47,567 - INFO - Optimizer: training all model parameters
2026-01-27 22:12:47,569 - INFO - LR Scheduler: cosine with 4 warmup epochs
2026-01-27 22:12:47,570 - INFO - Starting training...
2026-01-27 22:12:54,499 - INFO - Processing first batch (shape: torch.Size([128, 3, 224, 224]))
2026-01-27 22:12:54,502 - INFO - Running first forward pass (torch.compile may take time)...
2026-01-27 22:14:03,379 - INFO - First forward pass complete (output shape: torch.Size([128, 1000]))
2026-01-27 22:14:56,220 - INFO - First batch complete! Loss: 6.9827
