2025-12-05 01:33:38,011 - INFO - Logging initialized. Log file: runs/run_111/training.log
2025-12-05 01:33:38,070 - INFO - Experiment directory: runs/run_111
2025-12-05 01:33:38,071 - INFO - Setting random seeds for reproducibility (seed: 42)...
2025-12-05 01:33:38,267 - INFO - Random seeds set to 42 (deterministic=False)
2025-12-05 01:33:38,268 - INFO - Using device: cuda
2025-12-05 01:33:38,269 - INFO - Training configuration: epochs=20, warmup=3, lr=0.0005
2025-12-05 01:33:38,270 - INFO - SWIN configuration: variant=tiny, use_shifted_window=False
2025-12-05 01:33:38,271 - INFO - SWIN details: embed_dim=96, depths=[2, 2, 6, 2], num_heads=[3, 6, 12, 24], window_size=7
2025-12-05 01:33:38,272 - INFO - Loading dataset...
2025-12-05 01:33:38,273 - INFO - Starting ImageNet data loading from root: /
2025-12-05 01:33:38,274 - INFO - Resolved root path: /
2025-12-05 01:33:38,275 - INFO - Root path exists: True
2025-12-05 01:33:38,276 - INFO - Root path is dir: True
2025-12-05 01:33:38,280 - INFO - Contents of /: ['/.exec', '/.run', '/.shell', '/.singularity.d', '/.test', '/bin', '/boot', '/dev', '/environment', '/etc', '/home', '/lib', '/lib64', '/media', '/mnt', '/opt', '/proc', '/requirements.txt', '/root', '/run', '/sbin', '/singularity', '/srv', '/sys', '/tmp', '/usr', '/var', '/meta', '/train_set', '/train_set_small', '/val_set', '/val_set_unlabeled']
2025-12-05 01:33:38,282 - INFO - Expected train_dir: /train_set, exists: True
2025-12-05 01:33:38,283 - INFO - Expected val_dir: /val_set, exists: True
2025-12-05 01:33:44,191 - INFO - Loaded ImageNet data from /: train=1281167, val=50000
2025-12-05 01:33:44,355 - INFO - Dataset loaded: train=50000 samples (521 batches), val=5000 samples (53 batches), test=5000 samples (53 batches)
2025-12-05 01:33:49,404 - INFO - Training Swin-Tiny from scratch
2025-12-05 01:33:49,405 - INFO - Initializing model from scratch...
2025-12-05 01:33:49,407 - INFO - Model architecture: Swin-Tiny
2025-12-05 01:33:49,408 - INFO - Model config: embed_dim=96, depths=[2, 2, 6, 2], num_heads=[3, 6, 12, 24], window_size=7, use_shifted_window=False
2025-12-05 01:33:49,941 - INFO - Model created with random initialization
2025-12-05 01:33:49,943 - INFO - Total parameters: 28,288,354
2025-12-05 01:33:49,944 - INFO - Trainable parameters: 28,288,354
2025-12-05 01:33:50,265 - INFO - Starting from-scratch training...
2025-12-05 01:33:50,267 - INFO - Optimizer: training all model parameters
2025-12-05 01:33:50,269 - INFO - Starting training...
2025-12-05 01:56:05,638 - INFO - Epoch 1/20: LR: 0.000170
2025-12-05 01:56:05,640 - INFO - Epoch 1/20: Train Loss: 6.9050, Val Loss: 6.8245, Val Acc: 0.34%
2025-12-05 02:09:51,047 - INFO - Epoch 2/20: LR: 0.000335
2025-12-05 02:09:51,048 - INFO - Epoch 2/20: Train Loss: 6.8216, Val Loss: 6.6997, Val Acc: 0.30%
2025-12-05 02:23:49,518 - INFO - Epoch 3/20: LR: 0.000500
2025-12-05 02:23:49,520 - INFO - Epoch 3/20: Train Loss: 6.7746, Val Loss: 6.6884, Val Acc: 0.52%
2025-12-05 02:37:32,893 - INFO - Epoch 4/20: LR: 0.000496
2025-12-05 02:37:32,929 - INFO - Epoch 4/20: Train Loss: 6.7839, Val Loss: 6.8362, Val Acc: 0.26%
2025-12-05 02:51:05,397 - INFO - Epoch 5/20: LR: 0.000483
2025-12-05 02:52:23,334 - INFO - Epoch 5/20: Train Loss: 6.8853, Val Loss: 6.8397, Val Acc: 0.30%, Test Loss: 6.8397, Test Acc: 0.30%
2025-12-05 03:05:55,688 - INFO - Epoch 6/20: LR: 0.000463
2025-12-05 03:05:55,728 - INFO - Epoch 6/20: Train Loss: 6.8345, Val Loss: 6.8096, Val Acc: 0.28%
2025-12-05 03:19:29,903 - INFO - Epoch 7/20: LR: 0.000435
2025-12-05 03:19:29,940 - INFO - Epoch 7/20: Train Loss: 6.8081, Val Loss: 6.8000, Val Acc: 0.34%
2025-12-05 03:33:03,907 - INFO - Epoch 8/20: LR: 0.000401
2025-12-05 03:33:03,909 - INFO - Epoch 8/20: Train Loss: 6.7926, Val Loss: 6.7437, Val Acc: 0.40%
2025-12-05 03:46:36,197 - INFO - Epoch 9/20: LR: 0.000362
2025-12-05 03:46:36,216 - INFO - Epoch 9/20: Train Loss: 6.7606, Val Loss: 6.7539, Val Acc: 0.34%
2025-12-05 04:00:07,362 - INFO - Epoch 10/20: LR: 0.000319
2025-12-05 04:01:26,606 - INFO - Epoch 10/20: Train Loss: 6.7457, Val Loss: 6.7031, Val Acc: 0.52%, Test Loss: 6.7031, Test Acc: 0.52%
2025-12-05 04:01:26,607 - INFO - Saving checkpoint for epoch 10...
2025-12-05 04:01:28,113 - INFO - ✅ Checkpoint saved: runs/run_111/checkpoint_epoch_10.pth
2025-12-05 04:15:01,123 - INFO - Epoch 11/20: LR: 0.000274
2025-12-05 04:15:01,136 - INFO - Epoch 11/20: Train Loss: 6.7314, Val Loss: 6.6817, Val Acc: 0.76%
2025-12-05 04:28:38,295 - INFO - Epoch 12/20: LR: 0.000227
2025-12-05 04:28:38,308 - INFO - Epoch 12/20: Train Loss: 6.7084, Val Loss: 6.6806, Val Acc: 0.64%
2025-12-05 04:42:16,904 - INFO - Epoch 13/20: LR: 0.000182
2025-12-05 04:42:16,926 - INFO - Epoch 13/20: Train Loss: 6.7220, Val Loss: 6.8153, Val Acc: 0.42%
2025-12-05 04:55:53,919 - INFO - Epoch 14/20: LR: 0.000139
2025-12-05 04:55:53,947 - INFO - Epoch 14/20: Train Loss: 6.7578, Val Loss: 6.6752, Val Acc: 0.70%
2025-12-05 05:09:25,477 - INFO - Epoch 15/20: LR: 0.000100
2025-12-05 05:10:44,109 - INFO - Epoch 15/20: Train Loss: 6.7155, Val Loss: 6.6578, Val Acc: 0.64%, Test Loss: 6.6578, Test Acc: 0.64%
2025-12-05 05:24:14,945 - INFO - Epoch 16/20: LR: 0.000066
2025-12-05 05:24:14,962 - INFO - Epoch 16/20: Train Loss: 6.6937, Val Loss: 6.6311, Val Acc: 1.00%
2025-12-05 05:37:45,657 - INFO - Epoch 17/20: LR: 0.000038
2025-12-05 05:37:45,696 - INFO - Epoch 17/20: Train Loss: 6.6667, Val Loss: 6.6229, Val Acc: 0.98%
2025-12-05 05:51:16,750 - INFO - Epoch 18/20: LR: 0.000018
2025-12-05 05:51:16,798 - INFO - Epoch 18/20: Train Loss: 6.6358, Val Loss: 6.5868, Val Acc: 0.84%
2025-12-05 06:04:47,458 - INFO - Epoch 19/20: LR: 0.000005
2025-12-05 06:04:47,487 - INFO - Epoch 19/20: Train Loss: 6.6215, Val Loss: 6.5794, Val Acc: 0.96%
2025-12-05 06:18:18,899 - INFO - Epoch 20/20: LR: 0.000001
2025-12-05 06:19:37,435 - INFO - Epoch 20/20: Train Loss: 6.6147, Val Loss: 6.5781, Val Acc: 1.04%, Test Loss: 6.5781, Test Acc: 1.04%
2025-12-05 06:19:37,453 - INFO - Saving checkpoint for epoch 20...
2025-12-05 06:19:38,197 - INFO - ✅ Checkpoint saved: runs/run_111/checkpoint_epoch_20.pth
2025-12-05 06:19:38,198 - INFO - Training completed!
2025-12-05 06:19:38,199 - INFO - Training completed!
2025-12-05 06:19:38,200 - INFO - Generating training curves...
2025-12-05 06:19:40,896 - WARNING - Inhomogeneous shapes in per-class F1 data: [(997,), (997,), (996,), (997,), (997,), (997,), (997,), (997,), (998,), (997,), (997,), (998,), (997,), (997,), (997,), (997,), (997,), (997,), (997,), (998,)]. Skipping per-class plotting.
2025-12-05 06:19:40,898 - INFO - Training curves saved as separate images with base name 'runs/run_111/training_curves_from_scratch'
2025-12-05 06:19:40,900 - INFO - Generating confusion matrix on test set...
