2025-12-05 18:23:09,508 - INFO - Logging initialized. Log file: runs/run_115/training.log
2025-12-05 18:23:09,510 - INFO - Experiment directory: runs/run_115
2025-12-05 18:23:09,512 - INFO - Setting random seeds for reproducibility (seed: 42)...
2025-12-05 18:23:09,647 - INFO - Random seeds set to 42 (deterministic=False)
2025-12-05 18:23:09,649 - INFO - Using device: cuda
2025-12-05 18:23:09,650 - INFO - Training configuration: epochs=20, warmup=3, lr=0.0005
2025-12-05 18:23:09,651 - INFO - SWIN configuration: variant=tiny, use_shifted_window=True, use_relative_bias=False
2025-12-05 18:23:09,652 - INFO - SWIN details: embed_dim=96, depths=[2, 2, 6, 2], num_heads=[3, 6, 12, 24], window_size=7
2025-12-05 18:23:09,654 - INFO - Loading dataset...
2025-12-05 18:23:09,656 - INFO - Starting ImageNet data loading from root: /
2025-12-05 18:23:09,657 - INFO - Resolved root path: /
2025-12-05 18:23:09,658 - INFO - Root path exists: True
2025-12-05 18:23:09,659 - INFO - Root path is dir: True
2025-12-05 18:23:09,666 - INFO - Contents of /: ['/.exec', '/.run', '/.shell', '/.singularity.d', '/.test', '/bin', '/boot', '/dev', '/environment', '/etc', '/home', '/lib', '/lib64', '/media', '/mnt', '/opt', '/proc', '/requirements.txt', '/root', '/run', '/sbin', '/singularity', '/srv', '/sys', '/tmp', '/usr', '/var', '/meta', '/train_set', '/train_set_small', '/val_set', '/val_set_unlabeled']
2025-12-05 18:23:09,667 - INFO - Expected train_dir: /train_set, exists: True
2025-12-05 18:23:09,669 - INFO - Expected val_dir: /val_set, exists: True
2025-12-05 18:23:24,257 - INFO - Loaded ImageNet data from /: train=1281167, val=50000
2025-12-05 18:23:24,611 - INFO - Dataset loaded: train=50000 samples (521 batches), val=5000 samples (53 batches), test=5000 samples (53 batches)
2025-12-05 18:23:29,304 - INFO - Training Swin-Tiny from scratch
2025-12-05 18:23:29,305 - INFO - Initializing model from scratch...
2025-12-05 18:23:29,307 - INFO - Model architecture: Swin-Tiny
2025-12-05 18:23:29,308 - INFO - Model config: embed_dim=96, depths=[2, 2, 6, 2], num_heads=[3, 6, 12, 24], window_size=7, use_shifted_window=True, use_relative_bias=False
2025-12-05 18:23:30,682 - INFO - Model created with random initialization
2025-12-05 18:23:30,683 - INFO - Total parameters: 28,288,354
2025-12-05 18:23:30,684 - INFO - Trainable parameters: 28,288,354
2025-12-05 18:23:30,947 - INFO - Starting from-scratch training...
2025-12-05 18:23:30,949 - INFO - Optimizer: training all model parameters
2025-12-05 18:23:30,952 - INFO - Starting training...
2025-12-05 18:51:22,880 - INFO - Epoch 1/20: LR: 0.000170
2025-12-05 18:51:22,887 - INFO - Epoch 1/20: Train Loss: 6.9042, Val Loss: 6.8251, Val Acc: 0.46%
2025-12-05 19:07:33,350 - INFO - Epoch 2/20: LR: 0.000335
2025-12-05 19:07:33,352 - INFO - Epoch 2/20: Train Loss: 6.8209, Val Loss: 6.6989, Val Acc: 0.34%
2025-12-05 19:26:20,260 - INFO - Epoch 3/20: LR: 0.000500
2025-12-05 19:26:20,273 - INFO - Epoch 3/20: Train Loss: 6.7787, Val Loss: 6.7537, Val Acc: 0.60%
2025-12-05 19:44:37,448 - INFO - Epoch 4/20: LR: 0.000496
2025-12-05 19:44:37,466 - INFO - Epoch 4/20: Train Loss: 6.8787, Val Loss: 6.8924, Val Acc: 0.14%
2025-12-05 20:00:26,949 - INFO - Epoch 5/20: LR: 0.000483
2025-12-05 20:02:02,593 - INFO - Epoch 5/20: Train Loss: 6.9245, Val Loss: 6.8694, Val Acc: 0.30%, Test Loss: 6.8694, Test Acc: 0.30%
2025-12-05 20:17:39,800 - INFO - Epoch 6/20: LR: 0.000463
2025-12-05 20:17:39,823 - INFO - Epoch 6/20: Train Loss: 6.8559, Val Loss: 6.8285, Val Acc: 0.28%
2025-12-05 20:33:10,623 - INFO - Epoch 7/20: LR: 0.000435
2025-12-05 20:33:10,632 - INFO - Epoch 7/20: Train Loss: 6.8336, Val Loss: 6.8024, Val Acc: 0.26%
2025-12-05 20:48:43,253 - INFO - Epoch 8/20: LR: 0.000401
2025-12-05 20:48:43,255 - INFO - Epoch 8/20: Train Loss: 6.8380, Val Loss: 6.9321, Val Acc: 0.10%
2025-12-05 21:04:16,573 - INFO - Epoch 9/20: LR: 0.000362
2025-12-05 21:04:16,588 - INFO - Epoch 9/20: Train Loss: 6.8658, Val Loss: 6.8383, Val Acc: 0.32%
2025-12-05 21:19:51,456 - INFO - Epoch 10/20: LR: 0.000319
2025-12-05 21:21:27,445 - INFO - Epoch 10/20: Train Loss: 6.8066, Val Loss: 6.7624, Val Acc: 0.36%, Test Loss: 6.7624, Test Acc: 0.36%
2025-12-05 21:21:27,448 - INFO - Saving checkpoint for epoch 10...
2025-12-05 21:21:28,983 - INFO - ✅ Checkpoint saved: runs/run_115/checkpoint_epoch_10.pth
2025-12-05 21:37:03,199 - INFO - Epoch 11/20: LR: 0.000274
2025-12-05 21:37:03,201 - INFO - Epoch 11/20: Train Loss: 6.7834, Val Loss: 6.7567, Val Acc: 0.68%
2025-12-05 21:52:38,933 - INFO - Epoch 12/20: LR: 0.000227
2025-12-05 21:52:38,947 - INFO - Epoch 12/20: Train Loss: 6.7628, Val Loss: 6.7218, Val Acc: 0.50%
2025-12-05 22:08:12,799 - INFO - Epoch 13/20: LR: 0.000182
2025-12-05 22:08:12,802 - INFO - Epoch 13/20: Train Loss: 6.7513, Val Loss: 6.7109, Val Acc: 0.54%
2025-12-05 22:23:48,102 - INFO - Epoch 14/20: LR: 0.000139
2025-12-05 22:23:48,135 - INFO - Epoch 14/20: Train Loss: 6.7297, Val Loss: 6.6953, Val Acc: 0.54%
2025-12-05 22:39:22,746 - INFO - Epoch 15/20: LR: 0.000100
2025-12-05 22:40:58,616 - INFO - Epoch 15/20: Train Loss: 6.7110, Val Loss: 6.6705, Val Acc: 0.78%, Test Loss: 6.6705, Test Acc: 0.78%
2025-12-05 22:56:32,890 - INFO - Epoch 16/20: LR: 0.000066
2025-12-05 22:56:32,906 - INFO - Epoch 16/20: Train Loss: 6.7004, Val Loss: 6.6723, Val Acc: 0.72%
2025-12-05 23:12:06,928 - INFO - Epoch 17/20: LR: 0.000038
2025-12-05 23:12:06,959 - INFO - Epoch 17/20: Train Loss: 6.6882, Val Loss: 6.6470, Val Acc: 0.80%
