2025-12-31 12:22:04,295 - INFO - Logging initialized. Log file: runs/run_249/training.log
2025-12-31 12:22:04,342 - INFO - Experiment directory: runs/run_249
2025-12-31 12:22:04,344 - INFO - Setting random seeds for reproducibility (seed: 42)...
2025-12-31 12:22:04,368 - INFO - ✅ All seeds set to 42 (deterministic=False)
2025-12-31 12:22:04,840 - INFO - GPU memory cleared at startup. Available: 23.6GB
2025-12-31 12:22:04,841 - INFO - Using device: cuda
2025-12-31 12:22:04,843 - INFO - Training configuration: epochs=2, warmup=1, lr=0.0003
2025-12-31 12:22:04,844 - INFO - SWIN configuration: variant=tiny, use_shifted_window=False, use_relative_bias=True, use_absolute_pos_embed=False, use_hierarchical_merge=False, use_gradient_checkpointing=False
2025-12-31 12:22:04,846 - INFO - SWIN details: embed_dim=96, depths=[2, 2, 6, 2], num_heads=[3, 6, 12, 24], window_size=7
2025-12-31 12:22:04,847 - INFO - Loading dataset...
2025-12-31 12:22:04,850 - INFO - Starting ImageNet data loading from root: /
2025-12-31 12:22:04,851 - INFO - Resolved root path: /
2025-12-31 12:22:04,852 - INFO - Root path exists: True
2025-12-31 12:22:04,853 - INFO - Root path is dir: True
2025-12-31 12:22:04,863 - INFO - Contents of /: ['/.exec', '/.run', '/.shell', '/.singularity.d', '/.test', '/bin', '/boot', '/dev', '/environment', '/etc', '/home', '/lib', '/lib64', '/media', '/mnt', '/opt', '/proc', '/requirements.txt', '/root', '/run', '/sbin', '/singularity', '/srv', '/sys', '/tmp', '/usr', '/var', '/meta', '/train_set', '/train_set_small', '/val_set', '/val_set_unlabeled']
2025-12-31 12:22:04,864 - INFO - Expected train_dir: /train_set, exists: True
2025-12-31 12:22:04,866 - INFO - Expected val_dir: /val_set, exists: True
2025-12-31 12:22:19,158 - INFO - Loaded ImageNet data from /: train=1281167, val=50000
2025-12-31 12:22:22,101 - INFO - Dataset limits applied (stratified sampling enabled)
2025-12-31 12:22:22,104 - INFO - Dataset loaded: train=100000 samples (782 batches), val=50000 samples (391 batches), test=50000 samples (391 batches)
2025-12-31 12:22:24,705 - INFO - Training SWIN from scratch
2025-12-31 12:22:24,707 - INFO - Initializing SWIN model from scratch...
2025-12-31 12:22:24,708 - INFO - Model architecture: SWIN
2025-12-31 12:22:24,710 - INFO - Model config: {'type': 'swin', 'variant': 'tiny', 'patch_size': 4, 'embed_dim': 96, 'depths': [2, 2, 6, 2], 'num_heads': [3, 6, 12, 24], 'window_size': 7, 'mlp_ratio': 4.0, 'dropout': 0.0, 'attention_dropout': 0.0, 'projection_dropout': 0.0, 'drop_path_rate': 0.08, 'use_shifted_window': False, 'use_relative_bias': True, 'use_absolute_pos_embed': False, 'use_hierarchical_merge': False, 'use_gradient_checkpointing': False}
2025-12-31 12:22:25,772 - INFO - Model created with random initialization
2025-12-31 12:22:25,774 - INFO - Total parameters: 28,288,354
2025-12-31 12:22:25,776 - INFO - Trainable parameters: 28,288,354
2025-12-31 12:22:25,867 - INFO - Compiling model with torch.compile()
2025-12-31 12:22:29,705 - INFO - Mixed precision enabled → CUDA bf16 selected (hardware supported)
2025-12-31 12:22:29,707 - INFO - Starting from-scratch training...
2025-12-31 12:22:29,708 - INFO - Optimizer: training all model parameters
2025-12-31 12:22:29,712 - INFO - LR Scheduler: cosine with 1 warmup epochs
2025-12-31 12:22:29,713 - INFO - Starting training...
2025-12-31 13:02:08,229 - INFO - Epoch 1/2: LR: 0.000300
2025-12-31 13:02:08,259 - INFO - Epoch 1/2: Train Loss: 6.9079, Val Loss: 6.8051, Val Acc: 0.41%
2025-12-31 13:19:09,540 - INFO - Epoch 2/2: LR: 0.000050
2025-12-31 13:19:09,620 - INFO - Epoch 2/2: Train Loss: 6.8063, Val Loss: 6.6859, Val Acc: 0.45%
2025-12-31 13:19:09,632 - INFO - Training completed!
2025-12-31 13:19:09,634 - INFO - Generating training curves...
2025-12-31 13:19:13,878 - INFO - Too many classes (1000) for per-class plotting, skipping
2025-12-31 13:19:13,880 - INFO - Training curves saved as separate images with base name 'runs/run_249/training_curves_from_scratch'
2025-12-31 13:19:13,881 - INFO - Generating confusion matrix on test set...
