2025-12-03 21:58:01,120 - INFO - Logging initialized. Log file: runs/run_96/training.log
2025-12-03 21:58:01,153 - INFO - Experiment directory: runs/run_96
2025-12-03 21:58:01,154 - INFO - Setting random seeds for reproducibility (seed: 42)...
2025-12-03 21:58:01,312 - INFO - Random seeds set to 42 (deterministic=False)
2025-12-03 21:58:01,313 - INFO - Using device: cuda
2025-12-03 21:58:01,314 - INFO - Training configuration: epochs=10, warmup=3, lr=0.0005
2025-12-03 21:58:01,315 - INFO - Loading dataset...
2025-12-03 21:58:01,317 - INFO - Starting ImageNet data loading from root: /
2025-12-03 21:58:01,318 - INFO - Resolved root path: /
2025-12-03 21:58:01,319 - INFO - Root path exists: True
2025-12-03 21:58:01,320 - INFO - Root path is dir: True
2025-12-03 21:58:01,325 - INFO - Contents of /: ['/.exec', '/.run', '/.shell', '/.singularity.d', '/.test', '/bin', '/boot', '/dev', '/environment', '/etc', '/home', '/lib', '/lib64', '/media', '/mnt', '/opt', '/proc', '/requirements.txt', '/root', '/run', '/sbin', '/singularity', '/srv', '/sys', '/tmp', '/usr', '/var', '/meta', '/train_set', '/train_set_small', '/val_set', '/val_set_unlabeled']
2025-12-03 21:58:01,326 - INFO - Expected train_dir: /train_set, exists: True
2025-12-03 21:58:01,327 - INFO - Expected val_dir: /val_set, exists: True
2025-12-03 21:58:07,305 - INFO - Loaded ImageNet data from /: train=1281167, val=50000
2025-12-03 21:58:07,419 - INFO - Dataset loaded: train=50000 samples (391 batches), val=5000 samples (40 batches), test=5000 samples (40 batches)
2025-12-03 21:58:09,148 - INFO - Training Swin-Tiny from scratch
2025-12-03 21:58:09,149 - INFO - Initializing model from scratch...
2025-12-03 21:58:09,150 - INFO - Model architecture: Swin-Tiny
2025-12-03 21:58:09,151 - INFO - Model config: embed_dim=96, depths=[2, 2, 6, 2], num_heads=[3, 6, 12, 24]
2025-12-03 21:58:09,655 - INFO - Model created with random initialization
2025-12-03 21:58:09,657 - INFO - Total parameters: 28,288,354
2025-12-03 21:58:09,659 - INFO - Trainable parameters: 28,288,354
2025-12-03 21:58:09,973 - INFO - Starting from-scratch training...
2025-12-03 21:58:09,974 - INFO - Optimizer: training all model parameters
2025-12-03 21:58:09,977 - INFO - Starting training...
2025-12-03 22:14:18,103 - INFO - Epoch 1/10: LR: 0.000170
2025-12-03 22:14:18,104 - INFO - Epoch 1/10: Train Loss: 6.9086, Val Loss: 6.8331, Val Acc: 0.40%
2025-12-03 22:28:17,754 - INFO - Epoch 2/10: LR: 0.000335
2025-12-03 22:28:17,755 - INFO - Epoch 2/10: Train Loss: 6.8191, Val Loss: 6.6931, Val Acc: 0.32%
2025-12-03 22:42:16,448 - INFO - Epoch 3/10: LR: 0.000500
2025-12-03 22:42:16,450 - INFO - Epoch 3/10: Train Loss: 6.7566, Val Loss: 6.6551, Val Acc: 0.52%
2025-12-03 22:56:04,359 - INFO - Epoch 4/10: LR: 0.000475
2025-12-03 22:56:04,376 - INFO - Epoch 4/10: Train Loss: 6.6824, Val Loss: 6.5408, Val Acc: 0.88%
2025-12-03 23:09:46,108 - INFO - Epoch 5/10: LR: 0.000406
2025-12-03 23:11:05,235 - INFO - Epoch 5/10: Train Loss: 6.5328, Val Loss: 6.3680, Val Acc: 1.12%, Test Loss: 6.3680, Test Acc: 1.12%
2025-12-03 23:24:48,580 - INFO - Epoch 6/10: LR: 0.000306
2025-12-03 23:24:48,582 - INFO - Epoch 6/10: Train Loss: 6.3840, Val Loss: 6.2467, Val Acc: 1.62%
2025-12-03 23:38:27,231 - INFO - Epoch 7/10: LR: 0.000195
2025-12-03 23:38:27,232 - INFO - Epoch 7/10: Train Loss: 6.2562, Val Loss: 6.1001, Val Acc: 1.82%
2025-12-03 23:52:08,537 - INFO - Epoch 8/10: LR: 0.000095
2025-12-03 23:52:08,538 - INFO - Epoch 8/10: Train Loss: 6.1261, Val Loss: 5.9365, Val Acc: 2.98%
