2026-01-27 19:03:47,595 - INFO - Logging initialized. Log file: runs/run_263/training.log
2026-01-27 19:03:47,597 - INFO - Experiment directory: runs/run_263
2026-01-27 19:03:47,598 - INFO - Setting random seeds for reproducibility (seed: 42)...
2026-01-27 19:03:47,631 - INFO - ✅ All seeds set to 42 (deterministic=False)
2026-01-27 19:03:48,007 - INFO - GPU memory cleared at startup. Available: 39.2GB
2026-01-27 19:03:48,009 - INFO - Using device: cuda
2026-01-27 19:03:48,010 - INFO - Training configuration: epochs=20, warmup=4, lr=0.0002
2026-01-27 19:03:48,011 - INFO - SWIN_IMPROVED configuration: {'type': 'swin_improved', 'variant': 'tiny', 'patch_size': 4, 'embed_dim': 96, 'depths': [2, 2, 6, 2], 'num_heads': [3, 6, 12, 24], 'window_size': 7, 'mlp_ratio': 4.0, 'dropout': 0.0, 'attention_dropout': 0.0, 'projection_dropout': 0.0, 'drop_path_rate': 0.08, 'use_shifted_window': True, 'use_relative_bias': False, 'use_absolute_pos_embed': False, 'use_hierarchical_merge': False, 'use_gradient_checkpointing': True, 'use_conv_stem': True, 'conv_stem_config': {'channels': [48, 96], 'kernel_sizes': [4, 3], 'strides': [4, 2], 'paddings': [0, 1], 'activation': 'gelu', 'use_batch_norm': True}, 'use_inverted_ffn': True, 'ffn_config': {'expand_ratio': 4, 'use_depthwise_conv': True, 'activation': 'gelu'}}
2026-01-27 19:03:48,012 - INFO - Loading dataset...
2026-01-27 19:03:48,013 - INFO - Starting ImageNet data loading from root: /
2026-01-27 19:03:48,015 - INFO - Resolved root path: /
2026-01-27 19:03:48,016 - INFO - Root path exists: True
2026-01-27 19:03:48,016 - INFO - Root path is dir: True
2026-01-27 19:03:48,044 - INFO - Contents of /: ['/.exec', '/.run', '/.shell', '/.singularity.d', '/.test', '/bin', '/boot', '/dev', '/environment', '/etc', '/home', '/lib', '/lib64', '/media', '/mnt', '/opt', '/proc', '/requirements.txt', '/root', '/run', '/sbin', '/singularity', '/srv', '/sys', '/tmp', '/usr', '/var', '/meta', '/train_set', '/train_set_small', '/val_set', '/val_set_unlabeled']
2026-01-27 19:03:48,045 - INFO - Expected train_dir: /train_set, exists: True
2026-01-27 19:03:48,046 - INFO - Expected val_dir: /val_set, exists: True
2026-01-27 19:03:53,735 - INFO - Loaded ImageNet data from /: train=1281167, val=50000
2026-01-27 19:03:54,475 - INFO - Dataset limits applied (stratified sampling enabled)
2026-01-27 19:03:54,480 - INFO - Dataset loaded: train=100000 samples (782 batches), val=50000 samples (391 batches), test=50000 samples (391 batches)
2026-01-27 19:03:56,252 - INFO - Training SWIN_IMPROVED from scratch
2026-01-27 19:03:56,254 - INFO - Initializing SWIN_IMPROVED model from scratch...
2026-01-27 19:03:56,255 - INFO - Model architecture: SWIN_IMPROVED
2026-01-27 19:03:56,256 - INFO - Model config: {'type': 'swin_improved', 'variant': 'tiny', 'patch_size': 4, 'embed_dim': 96, 'depths': [2, 2, 6, 2], 'num_heads': [3, 6, 12, 24], 'window_size': 7, 'mlp_ratio': 4.0, 'dropout': 0.0, 'attention_dropout': 0.0, 'projection_dropout': 0.0, 'drop_path_rate': 0.08, 'use_shifted_window': True, 'use_relative_bias': False, 'use_absolute_pos_embed': False, 'use_hierarchical_merge': False, 'use_gradient_checkpointing': True, 'use_conv_stem': True, 'conv_stem_config': {'channels': [48, 96], 'kernel_sizes': [4, 3], 'strides': [4, 2], 'paddings': [0, 1], 'activation': 'gelu', 'use_batch_norm': True}, 'use_inverted_ffn': True, 'ffn_config': {'expand_ratio': 4, 'use_depthwise_conv': True, 'activation': 'gelu'}}
2026-01-27 19:03:56,652 - INFO - Model created with random initialization
2026-01-27 19:03:56,653 - INFO - Total parameters: 28,518,706
2026-01-27 19:03:56,655 - INFO - Trainable parameters: 28,518,706
2026-01-27 19:03:56,686 - INFO - Compiling model with torch.compile()
2026-01-27 19:03:58,122 - INFO - Mixed precision enabled → CUDA bf16 selected (hardware supported)
2026-01-27 19:03:58,123 - INFO - Starting from-scratch training...
2026-01-27 19:03:58,124 - INFO - Optimizer: training all model parameters
2026-01-27 19:03:58,126 - INFO - LR Scheduler: cosine with 4 warmup epochs
2026-01-27 19:03:58,127 - INFO - Starting training...
