2025-12-03 21:36:13,399 - INFO - Logging initialized. Log file: runs/run_94/training.log
2025-12-03 21:36:13,445 - INFO - Experiment directory: runs/run_94
2025-12-03 21:36:13,446 - INFO - Setting random seeds for reproducibility (seed: 42)...
2025-12-03 21:36:13,640 - INFO - Random seeds set to 42 (deterministic=False)
2025-12-03 21:36:13,641 - INFO - Using device: cuda
2025-12-03 21:36:13,641 - INFO - Training configuration: epochs=5, warmup=3, lr=0.0005
2025-12-03 21:36:13,642 - INFO - Loading dataset...
2025-12-03 21:36:13,643 - INFO - Starting ImageNet data loading from root: /
2025-12-03 21:36:13,644 - INFO - Resolved root path: /
2025-12-03 21:36:13,644 - INFO - Root path exists: True
2025-12-03 21:36:13,645 - INFO - Root path is dir: True
2025-12-03 21:36:13,649 - INFO - Contents of /: ['/.exec', '/.run', '/.shell', '/.singularity.d', '/.test', '/bin', '/boot', '/dev', '/environment', '/etc', '/home', '/lib', '/lib64', '/media', '/mnt', '/opt', '/proc', '/requirements.txt', '/root', '/run', '/sbin', '/singularity', '/srv', '/sys', '/tmp', '/usr', '/var', '/meta', '/train_set', '/train_set_small', '/val_set', '/val_set_unlabeled']
2025-12-03 21:36:13,649 - INFO - Expected train_dir: /train_set, exists: True
2025-12-03 21:36:13,650 - INFO - Expected val_dir: /val_set, exists: True
2025-12-03 21:36:19,124 - INFO - Loaded ImageNet data from /: train=1281167, val=50000
2025-12-03 21:36:19,258 - INFO - Dataset loaded: train=50000 samples (391 batches), val=5000 samples (40 batches), test=5000 samples (40 batches)
2025-12-03 21:36:24,281 - INFO - Training Swin-Tiny from scratch
2025-12-03 21:36:24,282 - INFO - Initializing model from scratch...
2025-12-03 21:36:24,282 - INFO - Model architecture: Swin-Tiny
2025-12-03 21:36:24,283 - INFO - Model config: embed_dim=96, depths=[2, 2, 6, 2], num_heads=[3, 6, 12, 24]
2025-12-03 21:36:24,762 - INFO - Model created with random initialization
2025-12-03 21:36:24,763 - INFO - Total parameters: 28,288,354
2025-12-03 21:36:24,763 - INFO - Trainable parameters: 28,288,354
2025-12-03 21:36:25,065 - INFO - Starting from-scratch training...
2025-12-03 21:36:25,066 - INFO - Optimizer: training all model parameters
2025-12-03 21:36:25,067 - INFO - Starting training...
2025-12-03 21:50:48,500 - WARNING - Experiment interrupted by user
