2025-12-10 22:57:01,944 - INFO - Logging initialized. Log file: runs/run_153/training.log
2025-12-10 22:57:01,983 - INFO - Experiment directory: runs/run_153
2025-12-10 22:57:02,011 - INFO - Setting random seeds for reproducibility (seed: 42)...
2025-12-10 22:57:02,157 - INFO - Random seeds set to 42 (deterministic=False)
2025-12-10 22:57:02,163 - INFO - Using device: cuda
2025-12-10 22:57:02,165 - INFO - Training configuration: epochs=50, warmup=3, lr=0.000125
2025-12-10 22:57:02,167 - INFO - SWIN configuration: variant=tiny, use_shifted_window=True, use_relative_bias=True, use_absolute_pos_embed=False, use_hierarchical_merge=False
2025-12-10 22:57:02,169 - INFO - SWIN details: embed_dim=96, depths=[2, 2, 6, 2], num_heads=[3, 6, 12, 24], window_size=7
2025-12-10 22:57:02,173 - INFO - Loading dataset...
2025-12-10 22:57:07,073 - INFO - Dataset loaded: train=41667 samples (326 batches), val=8333 samples (66 batches), test=10000 samples (79 batches)
2025-12-10 22:57:13,518 - INFO - Training Swin-Tiny from scratch
2025-12-10 22:57:13,562 - INFO - Initializing model from scratch...
2025-12-10 22:57:13,591 - INFO - Model architecture: Swin-Tiny
2025-12-10 22:57:13,593 - INFO - Model config: embed_dim=96, depths=[2, 2, 6, 2], num_heads=[3, 6, 12, 24], window_size=7, use_shifted_window=True, use_relative_bias=True, use_absolute_pos_embed=False, use_hierarchical_merge=False
2025-12-10 22:57:15,150 - INFO - Model created with random initialization
2025-12-10 22:57:15,179 - INFO - Total parameters: 27,596,254
2025-12-10 22:57:15,185 - INFO - Trainable parameters: 27,596,254
2025-12-10 22:57:15,451 - INFO - Starting from-scratch training...
2025-12-10 22:57:15,466 - INFO - Optimizer: training all model parameters
2025-12-10 22:57:15,504 - INFO - LR Scheduler: cosine with 3 warmup epochs
2025-12-10 22:57:15,513 - INFO - Starting training...
2025-12-10 22:57:22,685 - ERROR - Experiment failed with error: CUDA out of memory. Tried to allocate 58.00 MiB. GPU 0 has a total capacity of 11.60 GiB of which 60.31 MiB is free. Including non-PyTorch memory, this process has 11.53 GiB memory in use. Of the allocated memory 11.20 GiB is allocated by PyTorch, and 142.73 MiB is reserved by PyTorch but unallocated. If reserved but unallocated memory is large try setting PYTORCH_CUDA_ALLOC_CONF=expandable_segments:True to avoid fragmentation.  See documentation for Memory Management  (https://pytorch.org/docs/stable/notes/cuda.html#environment-variables)
2025-12-10 22:57:22,708 - ERROR - Full traceback:
Traceback (most recent call last):
  File "/home/pml04/swin_transformer/Machine-Learning-Project/main.py", line 212, in main
    run_from_scratch(
  File "/home/pml04/swin_transformer/Machine-Learning-Project/src/pipelines/from_scratch.py", line 235, in run_from_scratch
    criterion, lr_history, metrics_history = _train_single_model(
                                             ^^^^^^^^^^^^^^^^^^^^
  File "/home/pml04/swin_transformer/Machine-Learning-Project/src/pipelines/from_scratch.py", line 135, in _train_single_model
    run_training_loop(
  File "/home/pml04/swin_transformer/Machine-Learning-Project/src/training/trainer.py", line 165, in run_training_loop
    train_loss = train_one_epoch(
                 ^^^^^^^^^^^^^^^^
  File "/home/pml04/swin_transformer/Machine-Learning-Project/src/training/trainer.py", line 64, in train_one_epoch
    outputs = model(inputs)
              ^^^^^^^^^^^^^
  File "/usr/local/lib/python3.12/site-packages/torch/nn/modules/module.py", line 1775, in _wrapped_call_impl
    return self._call_impl(*args, **kwargs)
           ^^^^^^^^^^^^^^^^^^^^^^^^^^^^^^^^
  File "/usr/local/lib/python3.12/site-packages/torch/nn/modules/module.py", line 1786, in _call_impl
    return forward_call(*args, **kwargs)
           ^^^^^^^^^^^^^^^^^^^^^^^^^^^^^
  File "/home/pml04/swin_transformer/Machine-Learning-Project/src/models/model_wrapper.py", line 35, in forward
    features = self.encoder(x)
               ^^^^^^^^^^^^^^^
  File "/usr/local/lib/python3.12/site-packages/torch/nn/modules/module.py", line 1775, in _wrapped_call_impl
    return self._call_impl(*args, **kwargs)
           ^^^^^^^^^^^^^^^^^^^^^^^^^^^^^^^^
  File "/usr/local/lib/python3.12/site-packages/torch/nn/modules/module.py", line 1786, in _call_impl
    return forward_call(*args, **kwargs)
           ^^^^^^^^^^^^^^^^^^^^^^^^^^^^^
  File "/home/pml04/swin_transformer/Machine-Learning-Project/src/models/swin/swin_transformer_model.py", line 177, in forward
    x = self.forward_features(x)
        ^^^^^^^^^^^^^^^^^^^^^^^^
  File "/home/pml04/swin_transformer/Machine-Learning-Project/src/models/swin/swin_transformer_model.py", line 171, in forward_features
    x = layer(x)
        ^^^^^^^^
  File "/usr/local/lib/python3.12/site-packages/torch/nn/modules/module.py", line 1775, in _wrapped_call_impl
    return self._call_impl(*args, **kwargs)
           ^^^^^^^^^^^^^^^^^^^^^^^^^^^^^^^^
  File "/usr/local/lib/python3.12/site-packages/torch/nn/modules/module.py", line 1786, in _call_impl
    return forward_call(*args, **kwargs)
           ^^^^^^^^^^^^^^^^^^^^^^^^^^^^^
  File "/home/pml04/swin_transformer/Machine-Learning-Project/src/models/swin/basic_layer.py", line 201, in forward
    x = block(x)
        ^^^^^^^^
  File "/usr/local/lib/python3.12/site-packages/torch/nn/modules/module.py", line 1775, in _wrapped_call_impl
    return self._call_impl(*args, **kwargs)
           ^^^^^^^^^^^^^^^^^^^^^^^^^^^^^^^^
  File "/usr/local/lib/python3.12/site-packages/torch/nn/modules/module.py", line 1786, in _call_impl
    return forward_call(*args, **kwargs)
           ^^^^^^^^^^^^^^^^^^^^^^^^^^^^^
  File "/home/pml04/swin_transformer/Machine-Learning-Project/src/models/swin/swin_transformer_block.py", line 223, in forward
    attn_windows = self.attn(x_windows, attn_mask)
                   ^^^^^^^^^^^^^^^^^^^^^^^^^^^^^^^
  File "/usr/local/lib/python3.12/site-packages/torch/nn/modules/module.py", line 1775, in _wrapped_call_impl
    return self._call_impl(*args, **kwargs)
           ^^^^^^^^^^^^^^^^^^^^^^^^^^^^^^^^
  File "/usr/local/lib/python3.12/site-packages/torch/nn/modules/module.py", line 1786, in _call_impl
    return forward_call(*args, **kwargs)
           ^^^^^^^^^^^^^^^^^^^^^^^^^^^^^
  File "/home/pml04/swin_transformer/Machine-Learning-Project/src/models/swin/window_attention.py", line 132, in forward
    scores = torch.matmul(q, k.transpose(-2, -1)) * (self.head_dim**-0.5)
             ^^^^^^^^^^^^^^^^^^^^^^^^^^^^^^^^^^^^
torch.OutOfMemoryError: CUDA out of memory. Tried to allocate 58.00 MiB. GPU 0 has a total capacity of 11.60 GiB of which 60.31 MiB is free. Including non-PyTorch memory, this process has 11.53 GiB memory in use. Of the allocated memory 11.20 GiB is allocated by PyTorch, and 142.73 MiB is reserved by PyTorch but unallocated. If reserved but unallocated memory is large try setting PYTORCH_CUDA_ALLOC_CONF=expandable_segments:True to avoid fragmentation.  See documentation for Memory Management  (https://pytorch.org/docs/stable/notes/cuda.html#environment-variables)
