2026-01-27 23:18:33,064 - INFO - Logging initialized. Log file: runs/run_274/training.log
2026-01-27 23:18:33,103 - INFO - Experiment directory: runs/run_274
2026-01-27 23:18:33,105 - INFO - Setting random seeds for reproducibility (seed: 42)...
2026-01-27 23:18:33,116 - INFO - ✅ All seeds set to 42 (deterministic=False)
2026-01-27 23:18:33,481 - INFO - GPU memory cleared at startup. Available: 39.2GB
2026-01-27 23:18:33,482 - INFO - Using device: cuda
2026-01-27 23:18:33,483 - INFO - Training configuration: epochs=20, warmup=4, lr=0.0002
2026-01-27 23:18:33,484 - INFO - SWIN_HYBRID configuration: {'type': 'swin_hybrid', 'variant': 'tiny', 'patch_size': 4, 'embed_dim': 96, 'depths': [2, 2, 6, 2], 'num_heads': [3, 6, 12, 24], 'window_size': 7, 'mlp_ratio': 4.0, 'dropout': 0.0, 'attention_dropout': 0.0, 'projection_dropout': 0.0, 'drop_path_rate': 0.08, 'use_shifted_window': True, 'use_relative_bias': False, 'use_absolute_pos_embed': False, 'use_hierarchical_merge': False, 'use_gradient_checkpointing': True, 'use_cnn_stem': True, 'cnn_stem_config': {'channels': [32, 64], 'kernel_size': 3, 'stride': 2, 'padding': 1, 'activation': 'gelu', 'use_batch_norm': True}}
2026-01-27 23:18:33,486 - INFO - Loading dataset...
2026-01-27 23:18:33,487 - INFO - Starting ImageNet data loading from root: /
2026-01-27 23:18:33,489 - INFO - Resolved root path: /
2026-01-27 23:18:33,491 - INFO - Root path exists: True
2026-01-27 23:18:33,492 - INFO - Root path is dir: True
2026-01-27 23:18:33,497 - INFO - Contents of /: ['/.exec', '/.run', '/.shell', '/.singularity.d', '/.test', '/bin', '/boot', '/dev', '/environment', '/etc', '/home', '/lib', '/lib64', '/media', '/mnt', '/opt', '/proc', '/requirements.txt', '/root', '/run', '/sbin', '/singularity', '/srv', '/sys', '/tmp', '/usr', '/var', '/meta', '/train_set', '/train_set_small', '/val_set', '/val_set_unlabeled']
2026-01-27 23:18:33,498 - INFO - Expected train_dir: /train_set, exists: True
2026-01-27 23:18:33,500 - INFO - Expected val_dir: /val_set, exists: True
2026-01-27 23:18:39,126 - INFO - Loaded ImageNet data from /: train=1281167, val=50000
2026-01-27 23:18:39,829 - INFO - Dataset limits applied (stratified sampling enabled)
2026-01-27 23:18:39,833 - INFO - Dataset loaded: train=100000 samples (782 batches), val=50000 samples (391 batches), test=50000 samples (391 batches)
2026-01-27 23:18:40,525 - INFO - Training SWIN_HYBRID from scratch
2026-01-27 23:18:40,526 - INFO - Initializing SWIN_HYBRID model from scratch...
2026-01-27 23:18:40,527 - INFO - Model architecture: SWIN_HYBRID
2026-01-27 23:18:40,529 - INFO - Model config: {'type': 'swin_hybrid', 'variant': 'tiny', 'patch_size': 4, 'embed_dim': 96, 'depths': [2, 2, 6, 2], 'num_heads': [3, 6, 12, 24], 'window_size': 7, 'mlp_ratio': 4.0, 'dropout': 0.0, 'attention_dropout': 0.0, 'projection_dropout': 0.0, 'drop_path_rate': 0.08, 'use_shifted_window': True, 'use_relative_bias': False, 'use_absolute_pos_embed': False, 'use_hierarchical_merge': False, 'use_gradient_checkpointing': True, 'use_cnn_stem': True, 'cnn_stem_config': {'channels': [32, 64], 'kernel_size': 3, 'stride': 2, 'padding': 1, 'activation': 'gelu', 'use_batch_norm': True}}
2026-01-27 23:18:40,845 - INFO - Model created with random initialization
2026-01-27 23:18:40,846 - INFO - Total parameters: 28,363,522
2026-01-27 23:18:40,847 - INFO - Trainable parameters: 28,363,522
2026-01-27 23:18:40,876 - INFO - Compiling model with torch.compile()
2026-01-27 23:18:42,279 - INFO - Mixed precision enabled → CUDA bf16 selected (hardware supported)
2026-01-27 23:18:42,280 - INFO - Starting from-scratch training...
2026-01-27 23:18:42,282 - INFO - Optimizer: training all model parameters
2026-01-27 23:18:42,285 - INFO - LR Scheduler: cosine with 4 warmup epochs
2026-01-27 23:18:42,286 - INFO - Starting training...
2026-01-27 23:18:52,210 - INFO - Processing first batch (shape: torch.Size([128, 3, 224, 224]))
2026-01-27 23:18:52,213 - INFO - Running first forward pass (torch.compile may take time)...
2026-01-27 23:19:56,533 - INFO - First forward pass complete (output shape: torch.Size([128, 1000]))
2026-01-27 23:20:47,849 - INFO - First batch complete! Loss: 7.0129
