2025-12-09 10:04:45,344 - INFO - Logging initialized. Log file: runs/run_134/training.log
2025-12-09 10:04:45,347 - INFO - Experiment directory: runs/run_134
2025-12-09 10:04:45,349 - INFO - Setting random seeds for reproducibility (seed: 42)...
2025-12-09 10:04:45,491 - INFO - Random seeds set to 42 (deterministic=False)
2025-12-09 10:04:45,493 - INFO - Using device: cuda
2025-12-09 10:04:45,494 - INFO - Training configuration: epochs=20, warmup=3, lr=0.0005
2025-12-09 10:04:45,496 - INFO - SWIN configuration: variant=tiny, use_shifted_window=True, use_relative_bias=True, use_absolute_pos_embed=False, use_hierarchical_merge=False
2025-12-09 10:04:45,497 - INFO - SWIN details: embed_dim=96, depths=[2, 2, 6, 2], num_heads=[3, 6, 12, 24], window_size=7
2025-12-09 10:04:45,499 - INFO - Loading dataset...
2025-12-09 10:04:45,501 - INFO - Starting ImageNet data loading from root: /
2025-12-09 10:04:45,502 - INFO - Resolved root path: /
2025-12-09 10:04:45,504 - INFO - Root path exists: True
2025-12-09 10:04:45,506 - INFO - Root path is dir: True
2025-12-09 10:04:45,512 - INFO - Contents of /: ['/.exec', '/.run', '/.shell', '/.singularity.d', '/.test', '/bin', '/boot', '/dev', '/environment', '/etc', '/home', '/lib', '/lib64', '/media', '/mnt', '/opt', '/proc', '/requirements.txt', '/root', '/run', '/sbin', '/singularity', '/srv', '/sys', '/tmp', '/usr', '/var', '/meta', '/train_set', '/train_set_small', '/val_set', '/val_set_unlabeled']
2025-12-09 10:04:45,513 - INFO - Expected train_dir: /train_set, exists: True
2025-12-09 10:04:45,515 - INFO - Expected val_dir: /val_set, exists: True
2025-12-09 10:04:52,184 - INFO - Loaded ImageNet data from /: train=1281167, val=50000
2025-12-09 10:04:52,305 - INFO - Dataset loaded: train=50000 samples (391 batches), val=5000 samples (40 batches), test=5000 samples (40 batches)
2025-12-09 10:04:54,111 - INFO - Training Swin-Tiny from scratch
2025-12-09 10:04:54,113 - INFO - Initializing model from scratch...
2025-12-09 10:04:54,115 - INFO - Model architecture: Swin-Tiny
2025-12-09 10:04:54,117 - INFO - Model config: embed_dim=96, depths=[2, 2, 6, 2], num_heads=[3, 6, 12, 24], window_size=7, use_shifted_window=True, use_relative_bias=True, use_absolute_pos_embed=False, use_hierarchical_merge=False
2025-12-09 10:04:54,617 - INFO - Model created with random initialization
2025-12-09 10:04:54,619 - INFO - Total parameters: 28,288,354
2025-12-09 10:04:54,620 - INFO - Trainable parameters: 28,288,354
2025-12-09 10:04:54,940 - INFO - Starting from-scratch training...
2025-12-09 10:04:54,942 - INFO - Optimizer: training all model parameters
2025-12-09 10:04:54,944 - INFO - Starting training...
2025-12-09 10:19:52,488 - INFO - Epoch 1/20: LR: 0.000170
2025-12-09 10:19:52,490 - INFO - Epoch 1/20: Train Loss: 6.9086, Val Loss: 6.8331, Val Acc: 0.40%
2025-12-09 10:33:58,296 - INFO - Epoch 2/20: LR: 0.000335
2025-12-09 10:33:58,297 - INFO - Epoch 2/20: Train Loss: 6.8191, Val Loss: 6.6931, Val Acc: 0.32%
2025-12-09 10:48:02,498 - INFO - Epoch 3/20: LR: 0.000500
2025-12-09 10:48:02,499 - INFO - Epoch 3/20: Train Loss: 6.7566, Val Loss: 6.6551, Val Acc: 0.52%
2025-12-09 11:01:38,055 - INFO - Epoch 4/20: LR: 0.000496
2025-12-09 11:01:38,057 - INFO - Epoch 4/20: Train Loss: 6.6824, Val Loss: 6.5408, Val Acc: 0.88%
2025-12-09 11:15:15,491 - INFO - Epoch 5/20: LR: 0.000483
2025-12-09 11:16:33,338 - INFO - Epoch 5/20: Train Loss: 6.5465, Val Loss: 6.3902, Val Acc: 1.04%, Test Loss: 6.3902, Test Acc: 1.04%
2025-12-09 11:30:13,706 - INFO - Epoch 6/20: LR: 0.000463
2025-12-09 11:30:13,727 - INFO - Epoch 6/20: Train Loss: 6.4270, Val Loss: 6.2581, Val Acc: 1.64%
2025-12-09 11:43:49,119 - INFO - Epoch 7/20: LR: 0.000435
2025-12-09 11:43:49,134 - INFO - Epoch 7/20: Train Loss: 6.3309, Val Loss: 6.1265, Val Acc: 1.88%
2025-12-09 11:57:27,437 - INFO - Epoch 8/20: LR: 0.000401
2025-12-09 11:57:27,438 - INFO - Epoch 8/20: Train Loss: 6.2531, Val Loss: 6.0519, Val Acc: 2.06%
2025-12-09 12:11:05,494 - INFO - Epoch 9/20: LR: 0.000362
2025-12-09 12:11:05,509 - INFO - Epoch 9/20: Train Loss: 6.1673, Val Loss: 5.9933, Val Acc: 2.54%
2025-12-09 12:24:51,692 - INFO - Epoch 10/20: LR: 0.000319
2025-12-09 12:26:10,600 - INFO - Epoch 10/20: Train Loss: 6.1081, Val Loss: 5.8854, Val Acc: 3.38%, Test Loss: 5.8854, Test Acc: 3.38%
2025-12-09 12:26:10,602 - INFO - Saving checkpoint for epoch 10...
2025-12-09 12:26:11,330 - INFO - ✅ Checkpoint saved: runs/run_134/checkpoint_epoch_10.pth
2025-12-09 12:40:12,444 - INFO - Epoch 11/20: LR: 0.000274
2025-12-09 12:40:12,453 - INFO - Epoch 11/20: Train Loss: 6.0191, Val Loss: 5.8127, Val Acc: 3.14%
2025-12-09 12:53:53,030 - INFO - Epoch 12/20: LR: 0.000227
2025-12-09 12:53:53,032 - INFO - Epoch 12/20: Train Loss: 5.9236, Val Loss: 5.6683, Val Acc: 4.14%
2025-12-09 13:07:27,890 - INFO - Epoch 13/20: LR: 0.000182
2025-12-09 13:07:27,891 - INFO - Epoch 13/20: Train Loss: 5.8358, Val Loss: 5.6006, Val Acc: 5.00%
2025-12-09 13:21:13,434 - INFO - Epoch 14/20: LR: 0.000139
2025-12-09 13:21:13,436 - INFO - Epoch 14/20: Train Loss: 5.7451, Val Loss: 5.5186, Val Acc: 5.40%
2025-12-09 13:35:01,290 - INFO - Epoch 15/20: LR: 0.000100
2025-12-09 13:36:20,012 - INFO - Epoch 15/20: Train Loss: 5.6653, Val Loss: 5.4618, Val Acc: 6.08%, Test Loss: 5.4618, Test Acc: 6.08%
2025-12-09 13:50:10,444 - INFO - Epoch 16/20: LR: 0.000066
2025-12-09 13:50:10,446 - INFO - Epoch 16/20: Train Loss: 5.5791, Val Loss: 5.4102, Val Acc: 6.72%
2025-12-09 14:04:01,289 - INFO - Epoch 17/20: LR: 0.000038
2025-12-09 14:04:01,304 - INFO - Epoch 17/20: Train Loss: 5.5247, Val Loss: 5.3494, Val Acc: 6.92%
2025-12-09 14:18:09,569 - INFO - Epoch 18/20: LR: 0.000018
2025-12-09 14:18:09,589 - INFO - Epoch 18/20: Train Loss: 5.4786, Val Loss: 5.3179, Val Acc: 6.98%
2025-12-09 14:32:18,060 - INFO - Epoch 19/20: LR: 0.000005
2025-12-09 14:32:18,076 - INFO - Epoch 19/20: Train Loss: 5.4382, Val Loss: 5.2939, Val Acc: 7.42%
2025-12-09 14:46:07,909 - INFO - Epoch 20/20: LR: 0.000001
2025-12-09 14:47:26,483 - INFO - Epoch 20/20: Train Loss: 5.4275, Val Loss: 5.2934, Val Acc: 7.58%, Test Loss: 5.2934, Test Acc: 7.58%
2025-12-09 14:47:26,485 - INFO - Saving checkpoint for epoch 20...
2025-12-09 14:47:27,441 - INFO - ✅ Checkpoint saved: runs/run_134/checkpoint_epoch_20.pth
2025-12-09 14:47:27,443 - INFO - Training completed!
2025-12-09 14:47:27,444 - INFO - Training completed!
2025-12-09 14:47:27,444 - INFO - Generating training curves...
2025-12-09 14:47:29,352 - WARNING - Inhomogeneous shapes in per-class F1 data: [(996,), (997,), (996,), (998,), (998,), (996,), (998,), (998,), (998,), (998,), (998,), (998,), (998,), (999,), (998,), (999,), (999,), (999,), (999,), (999,)]. Skipping per-class plotting.
2025-12-09 14:47:29,353 - INFO - Training curves saved as separate images with base name 'runs/run_134/training_curves_from_scratch'
2025-12-09 14:47:29,354 - INFO - Generating confusion matrix on test set...
