2025-12-04 19:38:47,186 - INFO - Logging initialized. Log file: runs/run_108/training.log
2025-12-04 19:38:47,273 - INFO - Experiment directory: runs/run_108
2025-12-04 19:38:47,275 - INFO - Setting random seeds for reproducibility (seed: 42)...
2025-12-04 19:38:47,455 - INFO - Random seeds set to 42 (deterministic=False)
2025-12-04 19:38:47,456 - INFO - Using device: cuda
2025-12-04 19:38:47,457 - INFO - Training configuration: epochs=20, warmup=3, lr=0.0005
2025-12-04 19:38:47,458 - INFO - SWIN configuration: variant=tiny, use_shifted_window=True
2025-12-04 19:38:47,459 - INFO - SWIN details: embed_dim=96, depths=[2, 2, 6, 2], num_heads=[3, 6, 12, 24], window_size=7
2025-12-04 19:38:47,461 - INFO - Loading dataset...
2025-12-04 19:38:47,463 - INFO - Starting ImageNet data loading from root: /
2025-12-04 19:38:47,464 - INFO - Resolved root path: /
2025-12-04 19:38:47,465 - INFO - Root path exists: True
2025-12-04 19:38:47,466 - INFO - Root path is dir: True
2025-12-04 19:38:47,472 - INFO - Contents of /: ['/.exec', '/.run', '/.shell', '/.singularity.d', '/.test', '/bin', '/boot', '/dev', '/environment', '/etc', '/home', '/lib', '/lib64', '/media', '/mnt', '/opt', '/proc', '/requirements.txt', '/root', '/run', '/sbin', '/singularity', '/srv', '/sys', '/tmp', '/usr', '/var', '/meta', '/train_set', '/train_set_small', '/val_set', '/val_set_unlabeled']
2025-12-04 19:38:47,473 - INFO - Expected train_dir: /train_set, exists: True
2025-12-04 19:38:47,474 - INFO - Expected val_dir: /val_set, exists: True
2025-12-04 19:39:03,559 - INFO - Loaded ImageNet data from /: train=1281167, val=50000
2025-12-04 19:39:03,738 - INFO - Dataset loaded: train=50000 samples (782 batches), val=5000 samples (79 batches), test=5000 samples (79 batches)
2025-12-04 19:39:07,547 - INFO - Training Swin-Tiny from scratch
2025-12-04 19:39:07,549 - INFO - Initializing model from scratch...
2025-12-04 19:39:07,550 - INFO - Model architecture: Swin-Tiny
2025-12-04 19:39:07,551 - INFO - Model config: embed_dim=96, depths=[2, 2, 6, 2], num_heads=[3, 6, 12, 24], window_size=7, use_shifted_window=True
2025-12-04 19:39:08,270 - INFO - Model created with random initialization
2025-12-04 19:39:08,272 - INFO - Total parameters: 28,288,354
2025-12-04 19:39:08,273 - INFO - Trainable parameters: 28,288,354
2025-12-04 19:39:08,508 - INFO - Starting from-scratch training...
2025-12-04 19:39:08,509 - INFO - Optimizer: training all model parameters
2025-12-04 19:39:08,511 - INFO - Starting training...
2025-12-04 19:59:18,121 - INFO - Epoch 1/20: LR: 0.000170
2025-12-04 19:59:18,139 - INFO - Epoch 1/20: Train Loss: 6.8974, Val Loss: 6.8133, Val Acc: 0.40%
2025-12-04 20:09:55,880 - INFO - Epoch 2/20: LR: 0.000335
2025-12-04 20:09:55,898 - INFO - Epoch 2/20: Train Loss: 6.8261, Val Loss: 6.7186, Val Acc: 0.36%
2025-12-04 20:20:49,478 - INFO - Epoch 3/20: LR: 0.000500
2025-12-04 20:20:49,504 - INFO - Epoch 3/20: Train Loss: 6.7892, Val Loss: 6.7152, Val Acc: 0.34%
2025-12-04 20:31:25,864 - INFO - Epoch 4/20: LR: 0.000496
2025-12-04 20:31:25,866 - INFO - Epoch 4/20: Train Loss: 6.8719, Val Loss: 6.8274, Val Acc: 0.16%
