2025-12-03 21:57:05,349 - INFO - Logging initialized. Log file: runs/run_95/training.log
2025-12-03 21:57:05,432 - INFO - Experiment directory: runs/run_95
2025-12-03 21:57:05,433 - INFO - Setting random seeds for reproducibility (seed: 42)...
2025-12-03 21:57:05,620 - INFO - Random seeds set to 42 (deterministic=False)
2025-12-03 21:57:05,622 - INFO - Using device: cuda
2025-12-03 21:57:05,624 - INFO - Training configuration: epochs=5, warmup=3, lr=0.0005
2025-12-03 21:57:05,625 - INFO - Loading dataset...
2025-12-03 21:57:05,628 - INFO - Starting ImageNet data loading from root: /
2025-12-03 21:57:05,630 - INFO - Resolved root path: /
2025-12-03 21:57:05,632 - INFO - Root path exists: True
2025-12-03 21:57:05,633 - INFO - Root path is dir: True
2025-12-03 21:57:05,640 - INFO - Contents of /: ['/.exec', '/.run', '/.shell', '/.singularity.d', '/.test', '/bin', '/boot', '/dev', '/environment', '/etc', '/home', '/lib', '/lib64', '/media', '/mnt', '/opt', '/proc', '/requirements.txt', '/root', '/run', '/sbin', '/singularity', '/srv', '/sys', '/tmp', '/usr', '/var', '/meta', '/train_set', '/train_set_small', '/val_set', '/val_set_unlabeled']
2025-12-03 21:57:05,641 - INFO - Expected train_dir: /train_set, exists: True
2025-12-03 21:57:05,643 - INFO - Expected val_dir: /val_set, exists: True
2025-12-03 21:57:23,585 - INFO - Loaded ImageNet data from /: train=1281167, val=50000
2025-12-03 21:57:23,916 - INFO - Dataset loaded: train=50000 samples (391 batches), val=5000 samples (40 batches), test=5000 samples (40 batches)
2025-12-03 21:57:27,750 - INFO - Training Swin-Tiny from scratch
2025-12-03 21:57:27,752 - INFO - Initializing model from scratch...
2025-12-03 21:57:27,753 - INFO - Model architecture: Swin-Tiny
2025-12-03 21:57:27,754 - INFO - Model config: embed_dim=96, depths=[2, 2, 6, 2], num_heads=[3, 6, 12, 24]
2025-12-03 21:57:29,087 - INFO - Model created with random initialization
2025-12-03 21:57:29,089 - INFO - Total parameters: 28,288,354
2025-12-03 21:57:29,090 - INFO - Trainable parameters: 28,288,354
2025-12-03 21:57:29,426 - INFO - Starting from-scratch training...
2025-12-03 21:57:29,428 - INFO - Optimizer: training all model parameters
2025-12-03 21:57:29,431 - INFO - Starting training...
2025-12-03 22:15:22,922 - INFO - Epoch 1/5: LR: 0.000170
2025-12-03 22:15:22,933 - INFO - Epoch 1/5: Train Loss: 6.9086, Val Loss: 6.8331, Val Acc: 0.40%
2025-12-03 22:30:56,854 - INFO - Epoch 2/5: LR: 0.000335
2025-12-03 22:30:57,875 - INFO - Epoch 2/5: Train Loss: 6.8194, Val Loss: 6.6925, Val Acc: 0.42%
2025-12-03 22:46:49,459 - INFO - Epoch 3/5: LR: 0.000500
2025-12-03 22:46:49,492 - INFO - Epoch 3/5: Train Loss: 6.7512, Val Loss: 6.6663, Val Acc: 0.40%
2025-12-03 23:02:09,767 - INFO - Epoch 4/5: LR: 0.000251
2025-12-03 23:02:09,793 - INFO - Epoch 4/5: Train Loss: 6.6752, Val Loss: 6.5142, Val Acc: 0.74%
2025-12-03 23:17:28,569 - INFO - Epoch 5/5: LR: 0.000001
2025-12-03 23:19:05,887 - INFO - Epoch 5/5: Train Loss: 6.4644, Val Loss: 6.2815, Val Acc: 1.38%, Test Loss: 6.2815, Test Acc: 1.38%
2025-12-03 23:19:05,889 - INFO - Training completed!
2025-12-03 23:19:05,904 - INFO - Training completed!
2025-12-03 23:19:05,906 - INFO - Generating training curves...
2025-12-03 23:19:09,749 - WARNING - Inhomogeneous shapes in per-class F1 data: [(996,), (997,), (996,), (997,), (998,)]. Skipping per-class plotting.
2025-12-03 23:19:09,751 - INFO - Training curves saved as separate images with base name 'runs/run_95/training_curves_from_scratch'
2025-12-03 23:19:09,752 - INFO - Generating confusion matrix on test set...
