2025-12-08 00:36:36,139 - INFO - Logging initialized. Log file: runs/run_128/training.log
2025-12-08 00:36:36,148 - INFO - Experiment directory: runs/run_128
2025-12-08 00:36:36,150 - INFO - Setting random seeds for reproducibility (seed: 42)...
2025-12-08 00:36:36,328 - INFO - Random seeds set to 42 (deterministic=False)
2025-12-08 00:36:36,330 - INFO - Using device: cuda
2025-12-08 00:36:36,331 - INFO - Training configuration: epochs=20, warmup=3, lr=0.0005
2025-12-08 00:36:36,333 - INFO - SWIN configuration: variant=tiny, use_shifted_window=True, use_relative_bias=True, use_absolute_pos_embed=False, use_hierarchical_merge=True
2025-12-08 00:36:36,335 - INFO - SWIN details: embed_dim=96, depths=[2, 2, 6, 2], num_heads=[3, 6, 12, 24], window_size=7
2025-12-08 00:36:36,336 - INFO - Loading dataset...
2025-12-08 00:36:36,339 - INFO - Starting ImageNet data loading from root: /
2025-12-08 00:36:36,340 - INFO - Resolved root path: /
2025-12-08 00:36:36,341 - INFO - Root path exists: True
2025-12-08 00:36:36,343 - INFO - Root path is dir: True
2025-12-08 00:36:36,349 - INFO - Contents of /: ['/.exec', '/.run', '/.shell', '/.singularity.d', '/.test', '/bin', '/boot', '/dev', '/environment', '/etc', '/home', '/lib', '/lib64', '/media', '/mnt', '/opt', '/proc', '/requirements.txt', '/root', '/run', '/sbin', '/singularity', '/srv', '/sys', '/tmp', '/usr', '/var', '/meta', '/train_set', '/train_set_small', '/val_set', '/val_set_unlabeled']
2025-12-08 00:36:36,350 - INFO - Expected train_dir: /train_set, exists: True
2025-12-08 00:36:36,351 - INFO - Expected val_dir: /val_set, exists: True
2025-12-08 00:36:42,814 - INFO - Loaded ImageNet data from /: train=1281167, val=50000
2025-12-08 00:36:42,946 - INFO - Dataset loaded: train=50000 samples (391 batches), val=5000 samples (40 batches), test=5000 samples (40 batches)
2025-12-08 00:36:47,200 - INFO - Training Swin-Tiny from scratch
2025-12-08 00:36:47,202 - INFO - Initializing model from scratch...
2025-12-08 00:36:47,204 - INFO - Model architecture: Swin-Tiny
2025-12-08 00:36:47,205 - INFO - Model config: embed_dim=96, depths=[2, 2, 6, 2], num_heads=[3, 6, 12, 24], window_size=7, use_shifted_window=True, use_relative_bias=True, use_absolute_pos_embed=False, use_hierarchical_merge=True
2025-12-08 00:36:47,403 - INFO - Model created with random initialization
2025-12-08 00:36:47,405 - INFO - Total parameters: 1,699,660
2025-12-08 00:36:47,407 - INFO - Trainable parameters: 1,699,660
2025-12-08 00:36:47,705 - INFO - Starting from-scratch training...
2025-12-08 00:36:47,707 - INFO - Optimizer: training all model parameters
2025-12-08 00:36:47,709 - INFO - Starting training...
2025-12-08 00:56:45,134 - INFO - Epoch 1/20: LR: 0.000170
2025-12-08 00:56:45,136 - INFO - Epoch 1/20: Train Loss: 6.9315, Val Loss: 6.9095, Val Acc: 0.16%
2025-12-08 01:14:30,110 - INFO - Epoch 2/20: LR: 0.000335
2025-12-08 01:14:30,112 - INFO - Epoch 2/20: Train Loss: 6.8779, Val Loss: 6.7960, Val Acc: 0.32%
2025-12-08 01:32:28,988 - INFO - Epoch 3/20: LR: 0.000500
2025-12-08 01:32:28,990 - INFO - Epoch 3/20: Train Loss: 6.7907, Val Loss: 6.7163, Val Acc: 0.42%
2025-12-08 01:50:17,505 - INFO - Epoch 4/20: LR: 0.000496
2025-12-08 01:50:17,507 - INFO - Epoch 4/20: Train Loss: 6.7460, Val Loss: 6.7000, Val Acc: 0.32%
2025-12-08 02:08:02,253 - INFO - Epoch 5/20: LR: 0.000483
2025-12-08 02:09:38,108 - INFO - Epoch 5/20: Train Loss: 6.6801, Val Loss: 6.6072, Val Acc: 0.62%, Test Loss: 6.6072, Test Acc: 0.62%
2025-12-08 02:27:32,181 - INFO - Epoch 6/20: LR: 0.000463
2025-12-08 02:27:32,183 - INFO - Epoch 6/20: Train Loss: 6.5466, Val Loss: 6.4388, Val Acc: 0.40%
2025-12-08 02:45:39,418 - INFO - Epoch 7/20: LR: 0.000435
2025-12-08 02:45:39,431 - INFO - Epoch 7/20: Train Loss: 6.4333, Val Loss: 6.3658, Val Acc: 0.78%
2025-12-08 03:03:50,583 - INFO - Epoch 8/20: LR: 0.000401
2025-12-08 03:03:50,585 - INFO - Epoch 8/20: Train Loss: 6.3394, Val Loss: 6.2549, Val Acc: 0.92%
2025-12-08 03:22:03,280 - INFO - Epoch 9/20: LR: 0.000362
2025-12-08 03:22:03,282 - INFO - Epoch 9/20: Train Loss: 6.2777, Val Loss: 6.1652, Val Acc: 1.10%
2025-12-08 03:40:16,967 - INFO - Epoch 10/20: LR: 0.000319
2025-12-08 03:41:55,849 - INFO - Epoch 10/20: Train Loss: 6.2365, Val Loss: 6.1682, Val Acc: 1.00%, Test Loss: 6.1682, Test Acc: 1.00%
2025-12-08 03:41:55,852 - INFO - Saving checkpoint for epoch 10...
2025-12-08 03:41:56,042 - INFO - ✅ Checkpoint saved: runs/run_128/checkpoint_epoch_10.pth
2025-12-08 04:00:36,144 - INFO - Epoch 11/20: LR: 0.000274
2025-12-08 04:00:36,146 - INFO - Epoch 11/20: Train Loss: 6.1889, Val Loss: 6.0836, Val Acc: 1.16%
2025-12-08 04:18:35,644 - INFO - Epoch 12/20: LR: 0.000227
2025-12-08 04:18:35,647 - INFO - Epoch 12/20: Train Loss: 6.1512, Val Loss: 6.0428, Val Acc: 1.52%
2025-12-08 04:36:27,720 - INFO - Epoch 13/20: LR: 0.000182
2025-12-08 04:36:27,722 - INFO - Epoch 13/20: Train Loss: 6.1182, Val Loss: 6.0068, Val Acc: 1.58%
2025-12-08 04:54:06,422 - INFO - Epoch 14/20: LR: 0.000139
2025-12-08 04:54:06,424 - INFO - Epoch 14/20: Train Loss: 6.0852, Val Loss: 5.9905, Val Acc: 1.56%
2025-12-08 05:11:44,946 - INFO - Epoch 15/20: LR: 0.000100
2025-12-08 05:13:19,641 - INFO - Epoch 15/20: Train Loss: 6.0576, Val Loss: 5.9808, Val Acc: 1.72%, Test Loss: 5.9808, Test Acc: 1.72%
2025-12-08 05:30:55,271 - INFO - Epoch 16/20: LR: 0.000066
2025-12-08 05:30:55,277 - INFO - Epoch 16/20: Train Loss: 6.0302, Val Loss: 5.9461, Val Acc: 1.86%
2025-12-08 05:48:35,468 - INFO - Epoch 17/20: LR: 0.000038
2025-12-08 05:48:35,470 - INFO - Epoch 17/20: Train Loss: 6.0187, Val Loss: 5.9416, Val Acc: 1.62%
2025-12-08 06:06:17,418 - INFO - Epoch 18/20: LR: 0.000018
2025-12-08 06:06:17,420 - INFO - Epoch 18/20: Train Loss: 6.0046, Val Loss: 5.9343, Val Acc: 1.50%
2025-12-08 06:24:01,907 - INFO - Epoch 19/20: LR: 0.000005
2025-12-08 06:24:01,909 - INFO - Epoch 19/20: Train Loss: 5.9938, Val Loss: 5.9264, Val Acc: 1.64%
2025-12-08 06:41:34,693 - INFO - Epoch 20/20: LR: 0.000001
2025-12-08 06:43:08,612 - INFO - Epoch 20/20: Train Loss: 5.9902, Val Loss: 5.9209, Val Acc: 1.72%, Test Loss: 5.9209, Test Acc: 1.72%
2025-12-08 06:43:08,614 - INFO - Saving checkpoint for epoch 20...
2025-12-08 06:43:08,783 - INFO - ✅ Checkpoint saved: runs/run_128/checkpoint_epoch_20.pth
2025-12-08 06:43:08,785 - INFO - Training completed!
2025-12-08 06:43:08,788 - INFO - Training completed!
2025-12-08 06:43:08,789 - INFO - Generating training curves...
2025-12-08 06:43:10,384 - WARNING - Inhomogeneous shapes in per-class F1 data: [(996,), (996,), (996,), (996,), (997,), (997,), (997,), (997,), (997,), (999,), (996,), (997,), (998,), (998,), (998,), (997,), (998,), (998,), (998,), (998,)]. Skipping per-class plotting.
2025-12-08 06:43:10,385 - INFO - Training curves saved as separate images with base name 'runs/run_128/training_curves_from_scratch'
2025-12-08 06:43:10,387 - INFO - Generating confusion matrix on test set...
