2025-11-19 19:58:21,526 - INFO - Logging initialized. Log file: runs/run_40/training.log
2025-11-19 19:58:21,757 - INFO - Random seeds set to 42 (deterministic=False)
2025-11-19 19:58:21,759 - INFO - Using device: cuda
2025-11-19 19:58:21,761 - INFO - Loading data...
2025-11-19 19:58:25,343 - INFO - Visualizing first batch...
2025-11-19 19:58:25,344 - INFO - Visualizing from DataLoader with 1303 batches
2025-11-19 19:58:26,333 - INFO - Loaded 16 images from dataloader
2025-11-19 19:58:31,327 - INFO - Saved enhanced dataset visualization to runs/run_40/visualization.png
2025-11-19 19:58:31,329 - INFO - Initializing model...
2025-11-19 19:58:32,256 - INFO - Created SwinTransformerModel for CIFAR-100 training.
2025-11-19 19:58:32,303 - INFO - Model moved to device: cuda
2025-11-19 19:58:32,304 - INFO - Patch embed proj device: cuda:0
2025-11-19 19:58:32,306 - INFO - Encoder first layer device: cuda:0
2025-11-19 19:58:32,308 - INFO - Head device: cuda:0
2025-11-19 19:58:32,309 - INFO - Transferring weights from pretrained to custom model...
2025-11-19 19:58:33,119 - INFO - Loading pretrained weights from Hugging Face hub (timm/swin_tiny_patch4_window7_224.ms_in1k)
2025-11-19 19:58:33,492 - INFO - HTTP Request: HEAD https://huggingface.co/timm/swin_tiny_patch4_window7_224.ms_in1k/resolve/main/model.safetensors "HTTP/1.1 302 Found"
2025-11-19 19:58:33,522 - INFO - [timm/swin_tiny_patch4_window7_224.ms_in1k] Safe alternative available for 'pytorch_model.bin' (as 'model.safetensors'). Loading weights using safetensors.
2025-11-19 19:58:33,741 - INFO - Loaded pretrained model: swin_tiny_patch4_window7_224 from timm.
2025-11-19 19:58:33,794 - INFO - Weight transfer: 169 layers transferred.
2025-11-19 19:58:33,803 - INFO - Weight transfer completed: {'transferred': 169, 'missing': 0, 'size_mismatches': 0}
2025-11-19 19:58:33,805 - INFO - After transfer - Patch embed proj device: cuda:0
2025-11-19 19:58:33,807 - INFO - After transfer - Encoder first layer device: cuda:0
2025-11-19 19:58:33,810 - INFO - Total parameters: 78,436
2025-11-19 19:58:33,815 - INFO - Saved configuration to runs/run_40/config.json
2025-11-19 19:58:33,817 - INFO - Starting training...
2025-11-19 19:59:55,858 - INFO - Epoch 1/50: Train Loss: 1.5417, Val Loss: 0.9531, Val Acc: 72.07%
2025-11-19 20:01:16,146 - INFO - Epoch 2/50: Train Loss: 0.8872, Val Loss: 0.8548, Val Acc: 74.76%
2025-11-19 20:02:36,394 - INFO - Epoch 3/50: Train Loss: 0.7777, Val Loss: 0.8224, Val Acc: 75.72%
2025-11-19 20:03:56,421 - INFO - Epoch 4/50: Train Loss: 0.7146, Val Loss: 0.8113, Val Acc: 76.08%
2025-11-19 20:05:43,566 - INFO - Epoch 5/50: Train Loss: 0.6756, Val Loss: 0.7987, Val Acc: 76.58%, Test Loss: 0.7973, Test Acc: 76.57%
2025-11-19 20:07:03,815 - INFO - Epoch 6/50: Train Loss: 0.6437, Val Loss: 0.8022, Val Acc: 76.36%
2025-11-19 20:08:23,983 - INFO - Epoch 7/50: Train Loss: 0.6133, Val Loss: 0.8059, Val Acc: 76.30%
2025-11-19 20:09:44,095 - INFO - Epoch 8/50: Train Loss: 0.5967, Val Loss: 0.7949, Val Acc: 76.50%
2025-11-19 20:11:04,214 - INFO - Epoch 9/50: Train Loss: 0.5771, Val Loss: 0.7971, Val Acc: 76.54%
2025-11-19 20:12:24,209 - INFO - Early stopping triggered at epoch 10.
2025-11-19 20:12:24,211 - INFO - Training completed!
2025-11-19 20:12:24,212 - INFO - Starting model implementation validation...
2025-11-19 20:12:25,192 - INFO - Loading pretrained weights from Hugging Face hub (timm/swin_tiny_patch4_window7_224.ms_in1k)
2025-11-19 20:12:25,339 - INFO - HTTP Request: HEAD https://huggingface.co/timm/swin_tiny_patch4_window7_224.ms_in1k/resolve/main/model.safetensors "HTTP/1.1 302 Found"
2025-11-19 20:12:25,362 - INFO - [timm/swin_tiny_patch4_window7_224.ms_in1k] Safe alternative available for 'pytorch_model.bin' (as 'model.safetensors'). Loading weights using safetensors.
2025-11-19 20:12:25,565 - INFO - Loaded pretrained model: swin_tiny_patch4_window7_224 from timm.
2025-11-19 20:12:25,606 - INFO - Transferring weights from pretrained to custom model...
2025-11-19 20:12:25,618 - INFO - Weight transfer: 171 layers transferred.
2025-11-19 20:12:25,620 - WARNING - Size mismatches: ['head.fc.weight: torch.Size([100, 768]) vs torch.Size([1000, 768])', 'head.fc.bias: torch.Size([100]) vs torch.Size([1000])']
2025-11-19 20:12:25,628 - INFO - Weight transfer completed: {'transferred': 171, 'missing': 0, 'size_mismatches': 2}
2025-11-19 20:12:25,629 - INFO - Using subset of 1000 samples for validation
2025-11-19 20:12:29,491 - INFO - === MODEL COMPARISON RESULTS ===
2025-11-19 20:12:29,493 - INFO - Pretrained Model  - Top-1: 0.80%, Top-5: 1.20%
2025-11-19 20:12:29,495 - INFO - Custom Model      - Top-1: 70.50%, Top-5: 94.40%
2025-11-19 20:12:29,496 - INFO - Differences       - Top-1: -69.70%, Top-5: -93.20%
2025-11-19 20:12:29,502 - INFO - Validation results saved to runs/run_40/model_validation_results.json
2025-11-19 20:12:29,506 - INFO - Generating training curves...
2025-11-19 20:12:33,425 - INFO - Training curves saved as separate images with base name 'runs/run_40/training_curves'
2025-11-19 20:12:33,427 - INFO - Generating confusion matrix on test set...
