2025-11-27 10:12:15,028 - INFO - Logging initialized. Log file: runs/run_50/training.log
2025-11-27 10:12:15,030 - INFO - Experiment directory: runs/run_50
2025-11-27 10:12:15,031 - INFO - Setting random seeds for reproducibility (seed: 42)...
2025-11-27 10:12:15,187 - INFO - Random seeds set to 42 (deterministic=False)
2025-11-27 10:12:15,189 - INFO - Using device: cuda
2025-11-27 10:12:15,190 - INFO - Training configuration: epochs=1, warmup=0, lr=0.001
2025-11-27 10:12:15,192 - INFO - Loading dataset...
2025-11-27 10:12:17,773 - INFO - Dataset loaded: train=1303, val=261, test=313 batches
2025-11-27 10:12:19,526 - INFO - Using pretrained model: swin_base_patch4_window7_224
2025-11-27 10:12:19,527 - INFO - Model architecture: Swin-Base
2025-11-27 10:12:19,529 - INFO - Initializing reference model...
2025-11-27 10:12:19,530 - INFO - Loading TIMM model: swin_base_patch4_window7_224 with pretrained weights
2025-11-27 10:12:20,798 - INFO - Loading pretrained weights from Hugging Face hub (timm/swin_base_patch4_window7_224.ms_in22k_ft_in1k)
2025-11-27 10:12:21,016 - INFO - HTTP Request: HEAD https://huggingface.co/timm/swin_base_patch4_window7_224.ms_in22k_ft_in1k/resolve/main/model.safetensors "HTTP/1.1 302 Found"
2025-11-27 10:12:21,102 - INFO - [timm/swin_base_patch4_window7_224.ms_in22k_ft_in1k] Safe alternative available for 'pytorch_model.bin' (as 'model.safetensors'). Loading weights using safetensors.
2025-11-27 10:12:24,740 - INFO - Successfully loaded swin_base_patch4_window7_224 from TIMM
2025-11-27 10:12:24,741 - INFO - Encoder loaded: 1024 output features
2025-11-27 10:12:24,744 - INFO - Created classification head: 1024 -> 100 classes
2025-11-27 10:12:24,747 - INFO - Reference model created. Trainable params (head only): 104,548
2025-11-27 10:12:25,124 - INFO - Detected Swin Transformer architecture
2025-11-27 10:12:25,126 - INFO - Detected model size: base
2025-11-27 10:12:25,127 - INFO - Initializing custom Swin model (size: base)...
2025-11-27 10:12:25,129 - INFO - Custom model will match architecture: embed_dim=128, depths=[2, 2, 18, 2], num_heads=[4, 8, 16, 32]
2025-11-27 10:12:26,187 - INFO - Transferring weights from reference to custom encoder...
2025-11-27 10:12:26,189 - INFO - Weight transfer: SwinTransformer -> SwinTransformerModel
2025-11-27 10:12:26,227 - INFO - Weight transfer: 325 layers transferred.
2025-11-27 10:12:26,323 - INFO - Weight transfer completed: {'transferred': 325, 'missing': 0, 'size_mismatches': 0}
2025-11-27 10:12:26,324 - INFO - ✓ All expected weights transferred successfully
2025-11-27 10:12:26,326 - INFO - Custom model created. Trainable params (head only): 104,548
2025-11-27 10:12:26,331 - INFO - Starting reference model training...
2025-11-27 10:12:26,333 - INFO - Optimizer: training head parameters only (encoder frozen)
2025-11-27 10:12:26,335 - INFO - Starting training...
2025-11-27 10:18:31,107 - INFO - Epoch 1/1: LR: 0.001100
2025-11-27 10:18:31,109 - INFO - Epoch 1/1: Train Loss: 2.8799, Val Loss: 1.5045, Val Acc: 80.57%
2025-11-27 10:18:31,110 - INFO - Training completed!
2025-11-27 10:18:31,112 - INFO - Reference model training completed!
2025-11-27 10:18:31,114 - INFO - Generating training curves...
2025-11-27 10:18:32,790 - INFO - Training curves saved as separate images with base name 'runs/run_50/training_curves_reference'
2025-11-27 10:18:32,792 - INFO - Generating confusion matrix on test set...
2025-11-27 10:20:49,091 - INFO - Performing final evaluation of reference model on test set...
2025-11-27 10:22:53,609 - INFO - Final Test Results of reference model: Loss: 1.4913, Accuracy: 81.00%
2025-11-27 10:22:53,611 - INFO - Generating LR schedule plot of reference model...
2025-11-27 10:22:53,910 - INFO - LR schedule plot saved to 'runs/run_50/lr_schedule_reference.png'
2025-11-27 10:22:53,912 - INFO - 
Final Test Results:
2025-11-27 10:22:53,913 - INFO - Loss: 1.4913
2025-11-27 10:22:53,915 - INFO - Accuracy: 81.00%
2025-11-27 10:22:53,917 - INFO - Precision: 81.39%
2025-11-27 10:22:53,918 - INFO - Recall: 81.00%
2025-11-27 10:22:53,921 - INFO - F1 Score: 80.77%
2025-11-27 10:22:53,927 - INFO - Experiment completed. Results saved to runs/run_50/results_reference.json
2025-11-27 10:22:53,933 - INFO - Experiment completed. Metadata saved to runs/run_50/metadata_reference.json
2025-11-27 10:22:54,724 - INFO - ✅ Model weights saved: trained_models/CIFAR100_final_model_reference_weights.pth
2025-11-27 10:22:54,725 - INFO - Starting custom model training...
2025-11-27 10:22:54,727 - INFO - Optimizer: training head parameters only (encoder frozen)
2025-11-27 10:22:54,729 - INFO - Starting training...
2025-11-27 10:28:59,430 - INFO - Epoch 1/1: LR: 0.001100
2025-11-27 10:28:59,431 - INFO - Epoch 1/1: Train Loss: 2.9166, Val Loss: 1.5154, Val Acc: 80.67%
2025-11-27 10:28:59,432 - INFO - Training completed!
2025-11-27 10:28:59,433 - INFO - Custom model training completed!
2025-11-27 10:28:59,434 - INFO - Generating training curves...
2025-11-27 10:29:01,040 - INFO - Training curves saved as separate images with base name 'runs/run_50/training_curves_custom'
2025-11-27 10:29:01,041 - INFO - Generating confusion matrix on test set...
2025-11-27 10:31:16,578 - INFO - Performing final evaluation of custom model on test set...
2025-11-27 10:33:20,156 - INFO - Final Test Results of custom model: Loss: 1.5031, Accuracy: 81.03%
2025-11-27 10:33:20,157 - INFO - Generating LR schedule plot of custom model...
2025-11-27 10:33:20,560 - INFO - LR schedule plot saved to 'runs/run_50/lr_schedule_custom.png'
2025-11-27 10:33:20,561 - INFO - 
Final Test Results:
2025-11-27 10:33:20,562 - INFO - Loss: 1.5031
2025-11-27 10:33:20,563 - INFO - Accuracy: 81.03%
2025-11-27 10:33:20,564 - INFO - Precision: 81.78%
2025-11-27 10:33:20,565 - INFO - Recall: 81.03%
2025-11-27 10:33:20,566 - INFO - F1 Score: 80.74%
2025-11-27 10:33:20,571 - INFO - Experiment completed. Results saved to runs/run_50/results_custom.json
2025-11-27 10:33:20,664 - INFO - Experiment completed. Metadata saved to runs/run_50/metadata_custom.json
2025-11-27 10:33:21,414 - INFO - ✅ Model weights saved: trained_models/CIFAR100_final_model_custom_weights.pth
2025-11-27 10:33:21,414 - INFO - === MODEL COMPARISON RESULTS (linear_probe on CIFAR100) ===
2025-11-27 10:33:21,415 - INFO - Reference (TIMM): 81.00%
2025-11-27 10:33:21,416 - INFO - Custom          : 81.03%
2025-11-27 10:33:21,417 - INFO - Difference      : 0.03%
2025-11-27 10:33:21,420 - INFO - linear_probe experiment completed successfully!
