2025-12-04 13:28:33,816 - INFO - Logging initialized. Log file: runs/run_106/training.log
2025-12-04 13:28:33,829 - INFO - Experiment directory: runs/run_106
2025-12-04 13:28:33,831 - INFO - Setting random seeds for reproducibility (seed: 42)...
2025-12-04 13:28:33,973 - INFO - Random seeds set to 42 (deterministic=False)
2025-12-04 13:28:33,974 - INFO - Using device: cuda
2025-12-04 13:28:33,976 - INFO - Training configuration: epochs=5, warmup=3, lr=0.0005
2025-12-04 13:28:33,978 - INFO - SWIN configuration: variant=tiny, use_shifted_window=False
2025-12-04 13:28:33,979 - INFO - SWIN details: embed_dim=96, depths=[2, 2, 6, 2], num_heads=[3, 6, 12, 24], window_size=7
2025-12-04 13:28:33,980 - INFO - Loading dataset...
2025-12-04 13:28:33,985 - INFO - Starting ImageNet data loading from root: /
2025-12-04 13:28:33,987 - INFO - Resolved root path: /
2025-12-04 13:28:33,988 - INFO - Root path exists: True
2025-12-04 13:28:33,990 - INFO - Root path is dir: True
2025-12-04 13:28:33,998 - INFO - Contents of /: ['/.exec', '/.run', '/.shell', '/.singularity.d', '/.test', '/bin', '/boot', '/dev', '/environment', '/etc', '/home', '/lib', '/lib64', '/media', '/mnt', '/opt', '/proc', '/requirements.txt', '/root', '/run', '/sbin', '/singularity', '/srv', '/sys', '/tmp', '/usr', '/var', '/meta', '/train_set', '/train_set_small', '/val_set', '/val_set_unlabeled']
2025-12-04 13:28:34,000 - INFO - Expected train_dir: /train_set, exists: True
2025-12-04 13:28:34,001 - INFO - Expected val_dir: /val_set, exists: True
2025-12-04 13:28:51,362 - INFO - Loaded ImageNet data from /: train=1281167, val=50000
2025-12-04 13:28:51,744 - INFO - Dataset loaded: train=50000 samples (782 batches), val=5000 samples (79 batches), test=5000 samples (79 batches)
2025-12-04 13:28:57,193 - INFO - Training Swin-Tiny from scratch
2025-12-04 13:28:57,195 - INFO - Initializing model from scratch...
2025-12-04 13:28:57,196 - INFO - Model architecture: Swin-Tiny
2025-12-04 13:28:57,197 - INFO - Model config: embed_dim=96, depths=[2, 2, 6, 2], num_heads=[3, 6, 12, 24], window_size=7, use_shifted_window=False
2025-12-04 13:28:58,655 - INFO - Model created with random initialization
2025-12-04 13:28:58,657 - INFO - Total parameters: 28,288,354
2025-12-04 13:28:58,658 - INFO - Trainable parameters: 28,288,354
2025-12-04 13:28:58,924 - INFO - Starting from-scratch training...
2025-12-04 13:28:58,926 - INFO - Optimizer: training all model parameters
2025-12-04 13:28:58,930 - INFO - Starting training...
2025-12-04 13:58:57,512 - INFO - Epoch 1/5: LR: 0.000170
2025-12-04 13:58:57,514 - INFO - Epoch 1/5: Train Loss: 6.8983, Val Loss: 6.8126, Val Acc: 0.46%
2025-12-04 14:15:19,239 - INFO - Epoch 2/5: LR: 0.000335
2025-12-04 14:15:19,256 - INFO - Epoch 2/5: Train Loss: 6.8249, Val Loss: 6.7134, Val Acc: 0.50%
2025-12-04 14:35:50,944 - INFO - Epoch 3/5: LR: 0.000500
2025-12-04 14:35:50,989 - INFO - Epoch 3/5: Train Loss: 6.8748, Val Loss: 6.8938, Val Acc: 0.18%
2025-12-04 14:52:25,250 - INFO - Epoch 4/5: LR: 0.000251
2025-12-04 14:52:25,294 - INFO - Epoch 4/5: Train Loss: 6.9246, Val Loss: 6.9643, Val Acc: 0.10%
2025-12-04 15:07:50,487 - INFO - Epoch 5/5: LR: 0.000001
2025-12-04 15:09:25,071 - INFO - Epoch 5/5: Train Loss: 6.8656, Val Loss: 6.8822, Val Acc: 0.10%, Test Loss: 6.8822, Test Acc: 0.10%
2025-12-04 15:09:25,073 - INFO - Training completed!
2025-12-04 15:09:25,079 - INFO - Training completed!
2025-12-04 15:09:25,081 - INFO - Generating training curves...
2025-12-04 15:09:29,004 - WARNING - Inhomogeneous shapes in per-class F1 data: [(997,), (996,), (996,), (996,), (997,)]. Skipping per-class plotting.
2025-12-04 15:09:29,006 - INFO - Training curves saved as separate images with base name 'runs/run_106/training_curves_from_scratch'
2025-12-04 15:09:29,007 - INFO - Generating confusion matrix on test set...
