2025-12-13 20:11:00,470 - INFO - Logging initialized. Log file: runs/run_199/training.log
2025-12-13 20:11:00,472 - INFO - Experiment directory: runs/run_199
2025-12-13 20:11:00,474 - INFO - Setting random seeds for reproducibility (seed: 42)...
2025-12-13 20:11:00,618 - INFO - Random seeds set to 42 (deterministic=False)
2025-12-13 20:11:00,855 - INFO - GPU memory cleared at startup. Available: 11.6GB
2025-12-13 20:11:00,857 - INFO - Using device: cuda
2025-12-13 20:11:00,858 - INFO - Training configuration: epochs=100, warmup=6, lr=0.0002
2025-12-13 20:11:00,860 - INFO - SWIN configuration: variant=tiny, use_shifted_window=True, use_relative_bias=True, use_absolute_pos_embed=False, use_hierarchical_merge=False, use_gradient_checkpointing=True
2025-12-13 20:11:00,862 - INFO - SWIN details: embed_dim=96, depths=[2, 2, 6, 2], num_heads=[3, 6, 12, 24], window_size=7
2025-12-13 20:11:00,864 - INFO - Loading dataset...
2025-12-13 20:11:05,459 - INFO - Dataset loaded: train=41667 samples (326 batches), val=8333 samples (66 batches), test=10000 samples (79 batches)
2025-12-13 20:11:09,515 - INFO - Training Swin-Tiny from scratch
2025-12-13 20:11:09,517 - INFO - Initializing model from scratch...
2025-12-13 20:11:09,519 - INFO - Model architecture: Swin-Tiny
2025-12-13 20:11:09,521 - INFO - Model config: embed_dim=96, depths=[2, 2, 6, 2], num_heads=[3, 6, 12, 24], window_size=7, use_shifted_window=True, use_relative_bias=True, use_absolute_pos_embed=False, use_hierarchical_merge=False, use_gradient_checkpointing=True
2025-12-13 20:11:10,442 - INFO - Model created with random initialization
2025-12-13 20:11:10,444 - INFO - Total parameters: 27,596,254
2025-12-13 20:11:10,446 - INFO - Trainable parameters: 27,596,254
2025-12-13 20:11:10,495 - INFO - Starting from-scratch training...
2025-12-13 20:11:10,497 - INFO - Optimizer: training all model parameters
2025-12-13 20:11:10,501 - INFO - LR Scheduler: cosine with 6 warmup epochs
2025-12-13 20:11:10,503 - INFO - Starting training...
2025-12-13 20:17:32,782 - INFO - Epoch 1/100: LR: 0.000035
2025-12-13 20:17:32,785 - INFO - Epoch 1/100: Train Loss: 4.3869, Val Loss: 4.2244, Val Acc: 6.25%
2025-12-13 20:24:25,903 - INFO - Epoch 2/100: LR: 0.000068
2025-12-13 20:24:25,906 - INFO - Epoch 2/100: Train Loss: 4.0267, Val Loss: 3.7937, Val Acc: 12.04%
2025-12-13 20:30:51,439 - INFO - Epoch 3/100: LR: 0.000101
2025-12-13 20:30:51,442 - INFO - Epoch 3/100: Train Loss: 3.6446, Val Loss: 3.4439, Val Acc: 18.52%
2025-12-13 20:38:00,296 - INFO - Epoch 4/100: LR: 0.000134
2025-12-13 20:38:00,298 - INFO - Epoch 4/100: Train Loss: 3.3734, Val Loss: 3.2079, Val Acc: 22.04%
2025-12-13 20:44:23,670 - INFO - Epoch 5/100: LR: 0.000167
2025-12-13 20:45:31,470 - INFO - Epoch 5/100: Train Loss: 3.1523, Val Loss: 3.0341, Val Acc: 25.05%, Test Loss: 3.0157, Test Acc: 25.38%
2025-12-13 20:51:57,149 - INFO - Epoch 6/100: LR: 0.000200
2025-12-13 20:51:57,152 - INFO - Epoch 6/100: Train Loss: 2.9508, Val Loss: 2.8024, Val Acc: 30.27%
2025-12-13 20:58:29,014 - INFO - Epoch 7/100: LR: 0.000200
2025-12-13 20:58:29,028 - INFO - Epoch 7/100: Train Loss: 2.7695, Val Loss: 2.6579, Val Acc: 32.45%
2025-12-13 21:05:01,339 - INFO - Epoch 8/100: LR: 0.000200
2025-12-13 21:05:01,359 - INFO - Epoch 8/100: Train Loss: 2.5252, Val Loss: 2.4301, Val Acc: 36.77%
2025-12-13 21:11:30,046 - INFO - Epoch 9/100: LR: 0.000200
2025-12-13 21:11:30,079 - INFO - Epoch 9/100: Train Loss: 2.3293, Val Loss: 2.2397, Val Acc: 41.16%
2025-12-13 21:18:04,049 - INFO - Epoch 10/100: LR: 0.000199
2025-12-13 21:19:11,623 - INFO - Epoch 10/100: Train Loss: 2.1647, Val Loss: 2.1158, Val Acc: 43.61%, Test Loss: 2.0942, Test Acc: 44.21%
2025-12-13 21:19:11,626 - INFO - Saving checkpoint for epoch 10...
2025-12-13 21:19:12,678 - INFO - ✅ Checkpoint saved: runs/run_199/checkpoint_epoch_10.pth
2025-12-13 21:25:45,122 - INFO - Epoch 11/100: LR: 0.000199
2025-12-13 21:25:45,125 - INFO - Epoch 11/100: Train Loss: 2.0071, Val Loss: 2.0330, Val Acc: 45.31%
2025-12-13 21:32:19,225 - INFO - Epoch 12/100: LR: 0.000198
2025-12-13 21:32:19,228 - INFO - Epoch 12/100: Train Loss: 1.8702, Val Loss: 1.9140, Val Acc: 48.28%
2025-12-13 21:38:50,858 - INFO - Epoch 13/100: LR: 0.000197
2025-12-13 21:38:50,860 - INFO - Epoch 13/100: Train Loss: 1.7568, Val Loss: 1.9238, Val Acc: 47.91%
2025-12-13 21:45:24,850 - INFO - Epoch 14/100: LR: 0.000197
2025-12-13 21:45:24,852 - INFO - Epoch 14/100: Train Loss: 1.6519, Val Loss: 1.8202, Val Acc: 50.51%
2025-12-13 21:51:56,382 - INFO - Epoch 15/100: LR: 0.000196
2025-12-13 21:53:03,899 - INFO - Epoch 15/100: Train Loss: 1.5556, Val Loss: 1.8151, Val Acc: 50.70%, Test Loss: 1.7648, Test Acc: 51.34%
2025-12-13 21:59:37,006 - INFO - Epoch 16/100: LR: 0.000195
2025-12-13 21:59:37,009 - INFO - Epoch 16/100: Train Loss: 1.4613, Val Loss: 1.6827, Val Acc: 54.13%
2025-12-13 22:06:07,803 - INFO - Epoch 17/100: LR: 0.000194
2025-12-13 22:06:07,805 - INFO - Epoch 17/100: Train Loss: 1.3751, Val Loss: 1.7803, Val Acc: 52.24%
2025-12-13 22:12:41,358 - INFO - Epoch 18/100: LR: 0.000192
2025-12-13 22:12:41,377 - INFO - Epoch 18/100: Train Loss: 1.2910, Val Loss: 1.7267, Val Acc: 53.27%
2025-12-13 22:19:11,947 - INFO - Epoch 19/100: LR: 0.000191
2025-12-13 22:19:11,982 - INFO - Epoch 19/100: Train Loss: 1.2077, Val Loss: 1.6854, Val Acc: 54.52%
2025-12-13 22:25:44,346 - INFO - Epoch 20/100: LR: 0.000190
2025-12-13 22:26:50,892 - INFO - Epoch 20/100: Train Loss: 1.1440, Val Loss: 1.6380, Val Acc: 55.38%, Test Loss: 1.6058, Test Acc: 56.52%
2025-12-13 22:26:50,895 - INFO - Saving checkpoint for epoch 20...
2025-12-13 22:26:51,956 - INFO - ✅ Checkpoint saved: runs/run_199/checkpoint_epoch_20.pth
2025-12-13 22:33:24,073 - INFO - Epoch 21/100: LR: 0.000188
2025-12-13 22:33:24,089 - INFO - Epoch 21/100: Train Loss: 1.0562, Val Loss: 1.6090, Val Acc: 57.45%
2025-12-13 22:39:56,632 - INFO - Epoch 22/100: LR: 0.000187
2025-12-13 22:39:56,650 - INFO - Epoch 22/100: Train Loss: 0.9819, Val Loss: 1.6404, Val Acc: 56.70%
2025-12-13 22:46:26,236 - INFO - Epoch 23/100: LR: 0.000185
2025-12-13 22:46:26,251 - INFO - Epoch 23/100: Train Loss: 0.9010, Val Loss: 1.6070, Val Acc: 57.47%
2025-12-13 22:53:00,274 - INFO - Epoch 24/100: LR: 0.000183
2025-12-13 22:53:00,286 - INFO - Epoch 24/100: Train Loss: 0.8477, Val Loss: 1.6197, Val Acc: 58.15%
2025-12-13 22:59:30,112 - INFO - Epoch 25/100: LR: 0.000181
2025-12-13 23:00:36,362 - INFO - Epoch 25/100: Train Loss: 0.7919, Val Loss: 1.6402, Val Acc: 57.93%, Test Loss: 1.5874, Test Acc: 58.93%
2025-12-13 23:07:09,093 - INFO - Epoch 26/100: LR: 0.000180
2025-12-13 23:07:09,095 - INFO - Epoch 26/100: Train Loss: 0.7128, Val Loss: 1.6423, Val Acc: 57.96%
2025-12-13 23:13:39,479 - INFO - Epoch 27/100: LR: 0.000178
2025-12-13 23:13:39,703 - INFO - Epoch 27/100: Train Loss: 0.6605, Val Loss: 1.6960, Val Acc: 57.28%
2025-12-13 23:20:12,097 - INFO - Epoch 28/100: LR: 0.000175
2025-12-13 23:20:12,120 - INFO - Epoch 28/100: Train Loss: 0.6193, Val Loss: 1.6279, Val Acc: 58.61%
2025-12-13 23:26:42,356 - INFO - Epoch 29/100: LR: 0.000173
2025-12-13 23:26:42,371 - INFO - Epoch 29/100: Train Loss: 0.5767, Val Loss: 1.6567, Val Acc: 59.46%
2025-12-13 23:33:15,823 - INFO - Epoch 30/100: LR: 0.000171
2025-12-13 23:34:22,281 - INFO - Epoch 30/100: Train Loss: 0.5308, Val Loss: 1.6605, Val Acc: 59.39%, Test Loss: 1.6146, Test Acc: 60.45%
2025-12-13 23:34:22,284 - INFO - Saving checkpoint for epoch 30...
2025-12-13 23:34:23,452 - INFO - ✅ Checkpoint saved: runs/run_199/checkpoint_epoch_30.pth
2025-12-13 23:40:55,623 - INFO - Epoch 31/100: LR: 0.000169
2025-12-13 23:40:55,638 - INFO - Epoch 31/100: Train Loss: 0.4910, Val Loss: 1.7279, Val Acc: 58.74%
2025-12-13 23:47:30,427 - INFO - Epoch 32/100: LR: 0.000166
2025-12-13 23:47:30,454 - INFO - Epoch 32/100: Train Loss: 0.4576, Val Loss: 1.7777, Val Acc: 58.05%
2025-12-13 23:54:01,027 - INFO - Epoch 33/100: LR: 0.000164
2025-12-13 23:54:03,226 - INFO - Epoch 33/100: Train Loss: 0.4284, Val Loss: 1.7501, Val Acc: 59.46%
2025-12-14 00:00:36,926 - INFO - Epoch 34/100: LR: 0.000161
2025-12-14 00:00:36,975 - INFO - Epoch 34/100: Train Loss: 0.3999, Val Loss: 1.7509, Val Acc: 60.01%
2025-12-14 00:07:09,629 - INFO - Epoch 35/100: LR: 0.000159
2025-12-14 00:08:16,639 - INFO - Epoch 35/100: Train Loss: 0.3811, Val Loss: 1.8329, Val Acc: 58.91%, Test Loss: 1.8065, Test Acc: 59.37%
2025-12-14 00:14:49,648 - INFO - Epoch 36/100: LR: 0.000156
2025-12-14 00:14:49,665 - INFO - Epoch 36/100: Train Loss: 0.3614, Val Loss: 1.7840, Val Acc: 59.91%
2025-12-14 00:21:18,372 - INFO - Epoch 37/100: LR: 0.000153
2025-12-14 00:21:18,387 - INFO - Epoch 37/100: Train Loss: 0.3436, Val Loss: 1.8120, Val Acc: 59.92%
2025-12-14 00:27:50,274 - INFO - Epoch 38/100: LR: 0.000151
2025-12-14 00:27:50,294 - INFO - Epoch 38/100: Train Loss: 0.3201, Val Loss: 1.7984, Val Acc: 60.24%
2025-12-14 00:34:19,532 - INFO - Epoch 39/100: LR: 0.000148
2025-12-14 00:34:19,548 - INFO - Epoch 39/100: Train Loss: 0.3011, Val Loss: 1.7852, Val Acc: 60.78%
2025-12-14 00:40:51,842 - INFO - Epoch 40/100: LR: 0.000145
2025-12-14 00:41:58,292 - INFO - Epoch 40/100: Train Loss: 0.2923, Val Loss: 1.8661, Val Acc: 59.49%, Test Loss: 1.8023, Test Acc: 60.41%
2025-12-14 00:41:58,294 - INFO - Saving checkpoint for epoch 40...
2025-12-14 00:41:59,454 - INFO - ✅ Checkpoint saved: runs/run_199/checkpoint_epoch_40.pth
2025-12-14 00:48:29,905 - INFO - Epoch 41/100: LR: 0.000142
2025-12-14 00:48:29,908 - INFO - Epoch 41/100: Train Loss: 0.2693, Val Loss: 1.8897, Val Acc: 60.01%
2025-12-14 00:55:01,895 - INFO - Epoch 42/100: LR: 0.000139
2025-12-14 00:55:01,898 - INFO - Epoch 42/100: Train Loss: 0.2609, Val Loss: 1.8546, Val Acc: 60.34%
2025-12-14 01:01:31,105 - INFO - Epoch 43/100: LR: 0.000136
2025-12-14 01:01:31,108 - INFO - Epoch 43/100: Train Loss: 0.2544, Val Loss: 1.8602, Val Acc: 60.88%
2025-12-14 01:08:02,498 - INFO - Epoch 44/100: LR: 0.000133
2025-12-14 01:08:02,500 - INFO - Epoch 44/100: Train Loss: 0.2439, Val Loss: 1.9292, Val Acc: 59.52%
2025-12-14 01:14:30,780 - INFO - Epoch 45/100: LR: 0.000130
2025-12-14 01:15:37,147 - INFO - Epoch 45/100: Train Loss: 0.2348, Val Loss: 1.9057, Val Acc: 59.92%, Test Loss: 1.8537, Test Acc: 60.89%
2025-12-14 01:22:08,879 - INFO - Epoch 46/100: LR: 0.000127
2025-12-14 01:22:08,881 - INFO - Epoch 46/100: Train Loss: 0.2179, Val Loss: 1.8876, Val Acc: 60.15%
2025-12-14 01:28:37,052 - INFO - Epoch 47/100: LR: 0.000124
2025-12-14 01:28:37,054 - INFO - Epoch 47/100: Train Loss: 0.2116, Val Loss: 1.8794, Val Acc: 61.13%
2025-12-14 01:35:07,016 - INFO - Epoch 48/100: LR: 0.000121
2025-12-14 01:35:07,018 - INFO - Epoch 48/100: Train Loss: 0.2019, Val Loss: 1.9295, Val Acc: 60.70%
2025-12-14 01:41:34,861 - INFO - Epoch 49/100: LR: 0.000118
2025-12-14 01:41:34,864 - INFO - Epoch 49/100: Train Loss: 0.1956, Val Loss: 1.9195, Val Acc: 60.51%
2025-12-14 01:48:04,981 - INFO - Epoch 50/100: LR: 0.000115
2025-12-14 01:49:10,952 - INFO - Epoch 50/100: Train Loss: 0.1853, Val Loss: 1.9217, Val Acc: 61.03%, Test Loss: 1.8506, Test Acc: 61.57%
2025-12-14 01:49:10,954 - INFO - Saving checkpoint for epoch 50...
2025-12-14 01:49:12,062 - INFO - ✅ Checkpoint saved: runs/run_199/checkpoint_epoch_50.pth
2025-12-14 01:55:42,308 - INFO - Epoch 51/100: LR: 0.000111
2025-12-14 01:55:42,311 - INFO - Epoch 51/100: Train Loss: 0.1791, Val Loss: 1.9361, Val Acc: 61.13%
2025-12-14 02:02:16,696 - INFO - Epoch 52/100: LR: 0.000108
2025-12-14 02:02:16,699 - INFO - Epoch 52/100: Train Loss: 0.1686, Val Loss: 1.9397, Val Acc: 61.09%
2025-12-14 02:08:48,279 - INFO - Epoch 53/100: LR: 0.000105
2025-12-14 02:08:48,362 - INFO - Epoch 53/100: Train Loss: 0.1610, Val Loss: 1.9849, Val Acc: 60.90%
2025-12-14 02:15:21,483 - INFO - Epoch 54/100: LR: 0.000102
2025-12-14 02:15:21,502 - INFO - Epoch 54/100: Train Loss: 0.1617, Val Loss: 1.9953, Val Acc: 60.13%
2025-12-14 02:21:54,091 - INFO - Epoch 55/100: LR: 0.000099
2025-12-14 02:23:01,565 - INFO - Epoch 55/100: Train Loss: 0.1495, Val Loss: 1.9656, Val Acc: 60.84%, Test Loss: 1.9199, Test Acc: 61.46%
2025-12-14 02:29:33,253 - INFO - Epoch 56/100: LR: 0.000095
2025-12-14 02:29:33,293 - INFO - Epoch 56/100: Train Loss: 0.1437, Val Loss: 1.9620, Val Acc: 61.21%
2025-12-14 02:36:06,558 - INFO - Epoch 57/100: LR: 0.000092
2025-12-14 02:36:06,593 - INFO - Epoch 57/100: Train Loss: 0.1390, Val Loss: 1.9693, Val Acc: 60.96%
2025-12-14 02:42:39,701 - INFO - Epoch 58/100: LR: 0.000089
2025-12-14 02:42:39,704 - INFO - Epoch 58/100: Train Loss: 0.1293, Val Loss: 1.9295, Val Acc: 61.78%
2025-12-14 02:49:10,394 - INFO - Epoch 59/100: LR: 0.000086
2025-12-14 02:49:10,415 - INFO - Epoch 59/100: Train Loss: 0.1326, Val Loss: 1.9748, Val Acc: 61.26%
2025-12-14 02:55:42,324 - INFO - Epoch 60/100: LR: 0.000083
2025-12-14 02:56:49,186 - INFO - Epoch 60/100: Train Loss: 0.1211, Val Loss: 1.9229, Val Acc: 61.93%, Test Loss: 1.8822, Test Acc: 62.31%
2025-12-14 02:56:49,188 - INFO - Saving checkpoint for epoch 60...
2025-12-14 02:56:50,893 - INFO - ✅ Checkpoint saved: runs/run_199/checkpoint_epoch_60.pth
2025-12-14 03:03:20,813 - INFO - Epoch 61/100: LR: 0.000080
2025-12-14 03:03:20,832 - INFO - Epoch 61/100: Train Loss: 0.1159, Val Loss: 1.9488, Val Acc: 61.91%
2025-12-14 03:09:53,425 - INFO - Epoch 62/100: LR: 0.000077
2025-12-14 03:09:53,463 - INFO - Epoch 62/100: Train Loss: 0.1110, Val Loss: 1.9679, Val Acc: 62.03%
2025-12-14 03:16:23,446 - INFO - Epoch 63/100: LR: 0.000074
2025-12-14 03:16:23,448 - INFO - Epoch 63/100: Train Loss: 0.1118, Val Loss: 1.9745, Val Acc: 62.26%
2025-12-14 03:22:56,437 - INFO - Epoch 64/100: LR: 0.000071
2025-12-14 03:22:56,439 - INFO - Epoch 64/100: Train Loss: 0.1015, Val Loss: 1.9375, Val Acc: 62.57%
2025-12-14 03:29:25,289 - INFO - Epoch 65/100: LR: 0.000068
2025-12-14 03:30:31,892 - INFO - Epoch 65/100: Train Loss: 0.0992, Val Loss: 1.9863, Val Acc: 61.96%, Test Loss: 1.9316, Test Acc: 62.90%
2025-12-14 03:37:04,597 - INFO - Epoch 66/100: LR: 0.000065
2025-12-14 03:37:04,600 - INFO - Epoch 66/100: Train Loss: 0.0924, Val Loss: 1.9543, Val Acc: 62.19%
2025-12-14 03:43:33,369 - INFO - Epoch 67/100: LR: 0.000062
2025-12-14 03:43:33,372 - INFO - Epoch 67/100: Train Loss: 0.0913, Val Loss: 1.9705, Val Acc: 62.41%
2025-12-14 03:50:05,161 - INFO - Epoch 68/100: LR: 0.000059
2025-12-14 03:50:05,164 - INFO - Epoch 68/100: Train Loss: 0.0818, Val Loss: 1.9487, Val Acc: 62.62%
2025-12-14 03:56:34,972 - INFO - Epoch 69/100: LR: 0.000057
2025-12-14 03:56:34,974 - INFO - Epoch 69/100: Train Loss: 0.0857, Val Loss: 1.9894, Val Acc: 62.47%
2025-12-14 04:03:06,054 - INFO - Epoch 70/100: LR: 0.000054
2025-12-14 04:04:12,944 - INFO - Epoch 70/100: Train Loss: 0.0802, Val Loss: 1.9829, Val Acc: 62.68%, Test Loss: 1.9184, Test Acc: 63.74%
2025-12-14 04:04:12,947 - INFO - Saving checkpoint for epoch 70...
2025-12-14 04:04:14,006 - INFO - ✅ Checkpoint saved: runs/run_199/checkpoint_epoch_70.pth
2025-12-14 04:10:44,346 - INFO - Epoch 71/100: LR: 0.000051
2025-12-14 04:10:44,363 - INFO - Epoch 71/100: Train Loss: 0.0760, Val Loss: 1.9194, Val Acc: 63.27%
2025-12-14 04:17:18,310 - INFO - Epoch 72/100: LR: 0.000049
2025-12-14 04:17:18,353 - INFO - Epoch 72/100: Train Loss: 0.0758, Val Loss: 1.9570, Val Acc: 62.98%
2025-12-14 04:23:48,137 - INFO - Epoch 73/100: LR: 0.000046
2025-12-14 04:23:48,184 - INFO - Epoch 73/100: Train Loss: 0.0739, Val Loss: 1.9790, Val Acc: 63.05%
2025-12-14 04:30:19,244 - INFO - Epoch 74/100: LR: 0.000044
2025-12-14 04:30:19,290 - INFO - Epoch 74/100: Train Loss: 0.0689, Val Loss: 1.9803, Val Acc: 62.94%
2025-12-14 04:36:49,262 - INFO - Epoch 75/100: LR: 0.000041
2025-12-14 04:37:56,671 - INFO - Epoch 75/100: Train Loss: 0.0675, Val Loss: 1.9227, Val Acc: 63.70%, Test Loss: 1.9115, Test Acc: 64.21%
2025-12-14 04:44:27,719 - INFO - Epoch 76/100: LR: 0.000039
2025-12-14 04:44:27,722 - INFO - Epoch 76/100: Train Loss: 0.0615, Val Loss: 1.9841, Val Acc: 63.24%
2025-12-14 04:50:57,432 - INFO - Epoch 77/100: LR: 0.000037
2025-12-14 04:50:57,435 - INFO - Epoch 77/100: Train Loss: 0.0643, Val Loss: 1.9485, Val Acc: 63.73%
2025-12-14 04:57:29,551 - INFO - Epoch 78/100: LR: 0.000035
2025-12-14 04:57:29,553 - INFO - Epoch 78/100: Train Loss: 0.0588, Val Loss: 1.9715, Val Acc: 63.42%
2025-12-14 05:04:00,872 - INFO - Epoch 79/100: LR: 0.000032
2025-12-14 05:04:00,875 - INFO - Epoch 79/100: Train Loss: 0.0520, Val Loss: 1.9854, Val Acc: 63.43%
2025-12-14 05:10:33,678 - INFO - Epoch 80/100: LR: 0.000030
2025-12-14 05:11:40,564 - INFO - Epoch 80/100: Train Loss: 0.0532, Val Loss: 1.9519, Val Acc: 63.89%, Test Loss: 1.8967, Test Acc: 64.89%
2025-12-14 05:11:40,567 - INFO - Saving checkpoint for epoch 80...
2025-12-14 05:11:41,655 - INFO - ✅ Checkpoint saved: runs/run_199/checkpoint_epoch_80.pth
2025-12-14 05:18:10,445 - INFO - Epoch 81/100: LR: 0.000029
2025-12-14 05:18:10,526 - INFO - Epoch 81/100: Train Loss: 0.0506, Val Loss: 1.9635, Val Acc: 63.88%
2025-12-14 05:24:40,383 - INFO - Epoch 82/100: LR: 0.000027
2025-12-14 05:24:40,432 - INFO - Epoch 82/100: Train Loss: 0.0502, Val Loss: 1.9863, Val Acc: 63.39%
2025-12-14 05:31:09,334 - INFO - Epoch 83/100: LR: 0.000025
2025-12-14 05:31:09,361 - INFO - Epoch 83/100: Train Loss: 0.0493, Val Loss: 1.9611, Val Acc: 63.71%
2025-12-14 05:37:40,445 - INFO - Epoch 84/100: LR: 0.000023
2025-12-14 05:37:40,501 - INFO - Epoch 84/100: Train Loss: 0.0491, Val Loss: 1.9890, Val Acc: 63.66%
2025-12-14 05:44:11,060 - INFO - Epoch 85/100: LR: 0.000022
2025-12-14 05:45:17,919 - INFO - Epoch 85/100: Train Loss: 0.0438, Val Loss: 1.9706, Val Acc: 64.14%, Test Loss: 1.9359, Test Acc: 64.57%
2025-12-14 05:51:51,056 - INFO - Epoch 86/100: LR: 0.000020
2025-12-14 05:51:51,081 - INFO - Epoch 86/100: Train Loss: 0.0456, Val Loss: 1.9647, Val Acc: 64.17%
2025-12-14 05:58:20,840 - INFO - Epoch 87/100: LR: 0.000019
2025-12-14 05:58:20,858 - INFO - Epoch 87/100: Train Loss: 0.0424, Val Loss: 1.9636, Val Acc: 64.13%
2025-12-14 06:04:54,219 - INFO - Epoch 88/100: LR: 0.000018
2025-12-14 06:04:54,241 - INFO - Epoch 88/100: Train Loss: 0.0364, Val Loss: 1.9798, Val Acc: 64.14%
2025-12-14 06:11:26,690 - INFO - Epoch 89/100: LR: 0.000016
2025-12-14 06:11:26,714 - INFO - Epoch 89/100: Train Loss: 0.0378, Val Loss: 1.9654, Val Acc: 64.32%
2025-12-14 06:17:58,583 - INFO - Epoch 90/100: LR: 0.000015
2025-12-14 06:19:05,881 - INFO - Epoch 90/100: Train Loss: 0.0392, Val Loss: 1.9810, Val Acc: 64.31%, Test Loss: 1.9351, Test Acc: 64.84%
2025-12-14 06:19:05,884 - INFO - Saving checkpoint for epoch 90...
2025-12-14 06:19:07,031 - INFO - ✅ Checkpoint saved: runs/run_199/checkpoint_epoch_90.pth
2025-12-14 06:25:38,856 - INFO - Epoch 91/100: LR: 0.000014
2025-12-14 06:25:38,871 - INFO - Epoch 91/100: Train Loss: 0.0373, Val Loss: 1.9800, Val Acc: 63.97%
2025-12-14 06:32:12,756 - INFO - Epoch 92/100: LR: 0.000013
2025-12-14 06:32:12,768 - INFO - Epoch 92/100: Train Loss: 0.0394, Val Loss: 1.9906, Val Acc: 64.21%
2025-12-14 06:38:46,644 - INFO - Epoch 93/100: LR: 0.000013
2025-12-14 06:38:46,646 - INFO - Epoch 93/100: Train Loss: 0.0380, Val Loss: 1.9881, Val Acc: 64.06%
2025-12-14 06:45:23,048 - INFO - Epoch 94/100: LR: 0.000012
2025-12-14 06:45:23,063 - INFO - Epoch 94/100: Train Loss: 0.0375, Val Loss: 1.9775, Val Acc: 64.30%
2025-12-14 06:51:53,238 - INFO - Epoch 95/100: LR: 0.000011
2025-12-14 06:53:00,133 - INFO - Epoch 95/100: Train Loss: 0.0378, Val Loss: 1.9598, Val Acc: 64.43%, Test Loss: 1.9191, Test Acc: 65.05%
2025-12-14 06:59:31,719 - INFO - Epoch 96/100: LR: 0.000011
2025-12-14 06:59:31,730 - INFO - Epoch 96/100: Train Loss: 0.0340, Val Loss: 1.9678, Val Acc: 64.49%
2025-12-14 07:06:01,437 - INFO - Epoch 97/100: LR: 0.000010
2025-12-14 07:06:01,439 - INFO - Epoch 97/100: Train Loss: 0.0323, Val Loss: 1.9696, Val Acc: 64.41%
2025-12-14 07:12:35,945 - INFO - Epoch 98/100: LR: 0.000010
2025-12-14 07:12:35,968 - INFO - Epoch 98/100: Train Loss: 0.0350, Val Loss: 1.9828, Val Acc: 64.07%
2025-12-14 07:19:05,477 - INFO - Epoch 99/100: LR: 0.000010
2025-12-14 07:19:05,503 - INFO - Epoch 99/100: Train Loss: 0.0341, Val Loss: 1.9708, Val Acc: 64.44%
2025-12-14 07:25:37,292 - INFO - Epoch 100/100: LR: 0.000010
2025-12-14 07:26:43,838 - INFO - Epoch 100/100: Train Loss: 0.0342, Val Loss: 1.9855, Val Acc: 64.47%, Test Loss: 1.9296, Test Acc: 65.14%
2025-12-14 07:26:43,840 - INFO - Saving checkpoint for epoch 100...
2025-12-14 07:26:44,922 - INFO - ✅ Checkpoint saved: runs/run_199/checkpoint_epoch_100.pth
2025-12-14 07:26:44,924 - INFO - Training completed!
2025-12-14 07:26:44,926 - INFO - Training completed!
2025-12-14 07:26:44,928 - INFO - Generating training curves...
2025-12-14 07:26:47,999 - INFO - Too many classes (100) for per-class plotting, skipping
2025-12-14 07:26:48,001 - INFO - Training curves saved as separate images with base name 'runs/run_199/training_curves_from_scratch'
2025-12-14 07:26:48,002 - INFO - Generating confusion matrix on test set...
2025-12-14 07:28:28,399 - INFO - Performing final evaluation of from_scratch model on test set...
2025-12-14 07:29:34,782 - INFO - Final Test Results of from_scratch model: Loss: 1.9296, Accuracy: 65.14%
2025-12-14 07:29:34,784 - INFO - Generating LR schedule plot of from_scratch model...
2025-12-14 07:29:35,573 - INFO - LR schedule plot saved to 'runs/run_199/lr_schedule_from_scratch.png'
2025-12-14 07:29:35,575 - INFO - 
Final Test Results:
2025-12-14 07:29:35,577 - INFO - Loss: 1.9296
2025-12-14 07:29:35,578 - INFO - Accuracy: 65.14%
2025-12-14 07:29:35,580 - INFO - Precision: 65.20%
2025-12-14 07:29:35,582 - INFO - Recall: 65.14%
2025-12-14 07:29:35,583 - INFO - F1 Score: 64.95%
2025-12-14 07:29:35,802 - INFO - Experiment completed. Results saved to runs/run_199/results_from_scratch.json
2025-12-14 07:29:35,807 - INFO - Experiment completed. Metadata saved to runs/run_199/metadata_from_scratch.json
2025-12-14 07:29:36,197 - INFO - ✅ Model weights saved: runs/run_199/final_model_from_scratch_weights.pth
2025-12-14 07:29:36,203 - INFO - Final model saved: runs/run_199/final_model_from_scratch_weights.pth
2025-12-14 07:29:36,205 - INFO - Final model metadata saved: runs/run_199/final_model_from_scratch_metadata.json
2025-12-14 07:29:36,207 - INFO - === FROM-SCRATCH RESULTS (CIFAR100) ===
2025-12-14 07:29:36,208 - INFO - Final Accuracy: 65.14%
2025-12-14 07:29:36,210 - INFO - Final F1 Score: 64.95%
2025-12-14 07:29:36,218 - INFO - from_scratch experiment completed successfully!
