2026-01-25 12:20:52,595 - INFO - Logging initialized. Log file: runs/run_259/training.log
2026-01-25 12:20:52,598 - INFO - Experiment directory: runs/run_259
2026-01-25 12:20:52,599 - INFO - Setting random seeds for reproducibility (seed: 42)...
2026-01-25 12:20:52,619 - INFO - ✅ All seeds set to 42 (deterministic=False)
2026-01-25 12:20:53,050 - INFO - GPU memory cleared at startup. Available: 23.6GB
2026-01-25 12:20:53,052 - INFO - Using device: cuda
2026-01-25 12:20:53,054 - INFO - Training configuration: epochs=20, warmup=4, lr=0.0002
2026-01-25 12:20:53,055 - INFO - SWIN_HYBRID configuration: {'type': 'swin_hybrid', 'variant': 'tiny', 'patch_size': 4, 'embed_dim': 96, 'depths': [2, 2, 6, 2], 'num_heads': [3, 6, 12, 24], 'window_size': 7, 'mlp_ratio': 4.0, 'dropout': 0.0, 'attention_dropout': 0.0, 'projection_dropout': 0.0, 'drop_path_rate': 0.08, 'use_shifted_window': True, 'use_relative_bias': False, 'use_absolute_pos_embed': False, 'use_hierarchical_merge': False, 'use_gradient_checkpointing': True, 'use_cnn_stem': True, 'cnn_stem_config': {'channels': [32, 64], 'kernel_size': 3, 'stride': 2, 'padding': 1, 'activation': 'gelu', 'use_batch_norm': True}}
2026-01-25 12:20:53,057 - INFO - Loading dataset...
2026-01-25 12:20:53,060 - INFO - Starting ImageNet data loading from root: /
2026-01-25 12:20:53,062 - INFO - Resolved root path: /
2026-01-25 12:20:53,063 - INFO - Root path exists: True
2026-01-25 12:20:53,065 - INFO - Root path is dir: True
2026-01-25 12:20:53,075 - INFO - Contents of /: ['/.exec', '/.run', '/.shell', '/.singularity.d', '/.test', '/bin', '/boot', '/dev', '/environment', '/etc', '/home', '/lib', '/lib64', '/media', '/mnt', '/opt', '/proc', '/requirements.txt', '/root', '/run', '/sbin', '/singularity', '/srv', '/sys', '/tmp', '/usr', '/var', '/meta', '/train_set', '/train_set_small', '/val_set', '/val_set_unlabeled']
2026-01-25 12:20:53,076 - INFO - Expected train_dir: /train_set, exists: True
2026-01-25 12:20:53,078 - INFO - Expected val_dir: /val_set, exists: True
2026-01-25 12:21:07,224 - INFO - Loaded ImageNet data from /: train=1281167, val=50000
2026-01-25 12:21:10,176 - INFO - Dataset limits applied (stratified sampling enabled)
2026-01-25 12:21:10,179 - INFO - Dataset loaded: train=100000 samples (782 batches), val=50000 samples (391 batches), test=50000 samples (391 batches)
2026-01-25 12:21:11,842 - INFO - Training SWIN_HYBRID from scratch
2026-01-25 12:21:11,844 - INFO - Initializing SWIN_HYBRID model from scratch...
2026-01-25 12:21:11,845 - INFO - Model architecture: SWIN_HYBRID
2026-01-25 12:21:11,847 - INFO - Model config: {'type': 'swin_hybrid', 'variant': 'tiny', 'patch_size': 4, 'embed_dim': 96, 'depths': [2, 2, 6, 2], 'num_heads': [3, 6, 12, 24], 'window_size': 7, 'mlp_ratio': 4.0, 'dropout': 0.0, 'attention_dropout': 0.0, 'projection_dropout': 0.0, 'drop_path_rate': 0.08, 'use_shifted_window': True, 'use_relative_bias': False, 'use_absolute_pos_embed': False, 'use_hierarchical_merge': False, 'use_gradient_checkpointing': True, 'use_cnn_stem': True, 'cnn_stem_config': {'channels': [32, 64], 'kernel_size': 3, 'stride': 2, 'padding': 1, 'activation': 'gelu', 'use_batch_norm': True}}
2026-01-25 12:21:12,817 - INFO - Model created with random initialization
2026-01-25 12:21:12,819 - INFO - Total parameters: 28,363,522
2026-01-25 12:21:12,821 - INFO - Trainable parameters: 28,363,522
2026-01-25 12:21:12,911 - INFO - Compiling model with torch.compile()
2026-01-25 12:21:16,783 - INFO - Mixed precision enabled → CUDA bf16 selected (hardware supported)
2026-01-25 12:21:16,785 - INFO - Starting from-scratch training...
2026-01-25 12:21:16,787 - INFO - Optimizer: training all model parameters
2026-01-25 12:21:16,791 - INFO - LR Scheduler: cosine with 4 warmup epochs
2026-01-25 12:21:16,793 - INFO - Starting training...
2026-01-25 12:21:37,580 - ERROR - Experiment failed with error: BasicLayer.forward() missing 2 required positional arguments: 'H' and 'W'
2026-01-25 12:21:37,582 - ERROR - Full traceback:
Traceback (most recent call last):
  File "/home/pml04/swin_transformer/Machine-Learning-Project/main.py", line 237, in main
    run_from_scratch(
  File "/home/pml04/swin_transformer/Machine-Learning-Project/src/pipelines/from_scratch.py", line 261, in run_from_scratch
    criterion, lr_history, metrics_history = _train_single_model(
                                             ^^^^^^^^^^^^^^^^^^^^
  File "/home/pml04/swin_transformer/Machine-Learning-Project/src/pipelines/from_scratch.py", line 155, in _train_single_model
    run_training_loop(
  File "/home/pml04/swin_transformer/Machine-Learning-Project/src/training/trainer.py", line 187, in run_training_loop
    train_loss = train_one_epoch(
                 ^^^^^^^^^^^^^^^^
  File "/home/pml04/swin_transformer/Machine-Learning-Project/src/training/trainer.py", line 72, in train_one_epoch
    outputs = model(inputs)
              ^^^^^^^^^^^^^
  File "/usr/local/lib/python3.12/site-packages/torch/_dynamo/eval_frame.py", line 414, in __call__
    return super().__call__(*args, **kwargs)
           ^^^^^^^^^^^^^^^^^^^^^^^^^^^^^^^^^
  File "/usr/local/lib/python3.12/site-packages/torch/nn/modules/module.py", line 1775, in _wrapped_call_impl
    return self._call_impl(*args, **kwargs)
           ^^^^^^^^^^^^^^^^^^^^^^^^^^^^^^^^
  File "/usr/local/lib/python3.12/site-packages/torch/nn/modules/module.py", line 1786, in _call_impl
    return forward_call(*args, **kwargs)
           ^^^^^^^^^^^^^^^^^^^^^^^^^^^^^
  File "/usr/local/lib/python3.12/site-packages/torch/_dynamo/eval_frame.py", line 832, in compile_wrapper
    return fn(*args, **kwargs)
           ^^^^^^^^^^^^^^^^^^^
  File "/usr/local/lib/python3.12/site-packages/torch/nn/modules/module.py", line 1775, in _wrapped_call_impl
    return self._call_impl(*args, **kwargs)
           ^^^^^^^^^^^^^^^^^^^^^^^^^^^^^^^^
  File "/usr/local/lib/python3.12/site-packages/torch/nn/modules/module.py", line 1786, in _call_impl
    return forward_call(*args, **kwargs)
           ^^^^^^^^^^^^^^^^^^^^^^^^^^^^^
  File "/home/pml04/swin_transformer/Machine-Learning-Project/src/models/model_wrapper.py", line 35, in forward
    features = self.encoder(x)
               ^^^^^^^^^^^^^^^
  File "/usr/local/lib/python3.12/site-packages/torch/nn/modules/module.py", line 1775, in _wrapped_call_impl
    return self._call_impl(*args, **kwargs)
           ^^^^^^^^^^^^^^^^^^^^^^^^^^^^^^^^
  File "/usr/local/lib/python3.12/site-packages/torch/nn/modules/module.py", line 1786, in _call_impl
    return forward_call(*args, **kwargs)
           ^^^^^^^^^^^^^^^^^^^^^^^^^^^^^
  File "/home/pml04/swin_transformer/Machine-Learning-Project/src/models/model_factory.py", line 230, in forward
    x = layer(x)
        ^^^^^^^^
  File "/usr/local/lib/python3.12/site-packages/torch/nn/modules/module.py", line 1775, in _wrapped_call_impl
    return self._call_impl(*args, **kwargs)
           ^^^^^^^^^^^^^^^^^^^^^^^^^^^^^^^^
  File "/usr/local/lib/python3.12/site-packages/torch/nn/modules/module.py", line 1786, in _call_impl
    return forward_call(*args, **kwargs)
           ^^^^^^^^^^^^^^^^^^^^^^^^^^^^^
TypeError: BasicLayer.forward() missing 2 required positional arguments: 'H' and 'W'
