2025-12-03 08:57:52,700 - INFO - Logging initialized. Log file: runs/run_90/training.log
2025-12-03 08:57:52,796 - INFO - Experiment directory: runs/run_90
2025-12-03 08:57:52,797 - INFO - Setting random seeds for reproducibility (seed: 42)...
2025-12-03 08:57:52,908 - INFO - Random seeds set to 42 (deterministic=False)
2025-12-03 08:57:52,909 - INFO - Using device: cuda
2025-12-03 08:57:52,909 - INFO - Training configuration: epochs=10, warmup=2, lr=0.0005
2025-12-03 08:57:52,910 - INFO - Loading dataset...
2025-12-03 08:57:52,911 - INFO - Starting ImageNet data loading from root: /
2025-12-03 08:57:52,911 - INFO - Resolved root path: /
2025-12-03 08:57:52,912 - INFO - Root path exists: True
2025-12-03 08:57:52,912 - INFO - Root path is dir: True
2025-12-03 08:57:52,916 - INFO - Contents of /: ['/.exec', '/.run', '/.shell', '/.singularity.d', '/.test', '/bin', '/boot', '/dev', '/environment', '/etc', '/home', '/lib', '/lib64', '/media', '/mnt', '/opt', '/proc', '/requirements.txt', '/root', '/run', '/sbin', '/singularity', '/srv', '/sys', '/tmp', '/usr', '/var', '/meta', '/train_set', '/train_set_small', '/val_set', '/val_set_unlabeled']
2025-12-03 08:57:52,917 - INFO - Expected train_dir: /train_set, exists: True
2025-12-03 08:57:52,917 - INFO - Expected val_dir: /val_set, exists: True
2025-12-03 08:57:58,883 - INFO - Loaded ImageNet data from /: train=1281167, val=50000
2025-12-03 08:57:59,001 - INFO - Dataset loaded: train=50000 samples (391 batches), val=5000 samples (40 batches), test=5000 samples (40 batches)
2025-12-03 08:58:00,764 - INFO - Training Swin-Tiny from scratch
2025-12-03 08:58:00,764 - INFO - Initializing model from scratch...
2025-12-03 08:58:00,765 - INFO - Model architecture: Swin-Tiny
2025-12-03 08:58:00,765 - INFO - Model config: embed_dim=96, depths=[2, 2, 6, 2], num_heads=[3, 6, 12, 24]
2025-12-03 08:58:01,250 - INFO - Model created with random initialization
2025-12-03 08:58:01,251 - INFO - Total parameters: 28,288,354
2025-12-03 08:58:01,252 - INFO - Trainable parameters: 28,288,354
2025-12-03 08:58:01,558 - INFO - Starting from-scratch training...
2025-12-03 08:58:01,559 - INFO - Optimizer: training all model parameters
2025-12-03 08:58:01,560 - INFO - Starting training...
2025-12-03 09:20:03,297 - INFO - Epoch 1/10: LR: 0.000253
2025-12-03 09:20:03,311 - INFO - Epoch 1/10: Train Loss: 6.9086, Val Loss: 6.8331, Val Acc: 0.40%
2025-12-03 09:33:48,069 - INFO - Epoch 2/10: LR: 0.000500
2025-12-03 09:33:48,069 - INFO - Epoch 2/10: Train Loss: 6.8284, Val Loss: 6.6924, Val Acc: 0.40%
2025-12-03 09:47:42,762 - INFO - Epoch 3/10: LR: 0.000481
2025-12-03 09:47:42,763 - INFO - Epoch 3/10: Train Loss: 6.8484, Val Loss: 6.9267, Val Acc: 0.18%
2025-12-03 10:01:22,293 - INFO - Epoch 4/10: LR: 0.000427
2025-12-03 10:01:22,477 - INFO - Epoch 4/10: Train Loss: 6.9013, Val Loss: 6.8653, Val Acc: 0.12%
