2026-01-28 21:41:40,486 - INFO - Logging initialized. Log file: runs/run_281/training.log
2026-01-28 21:41:40,508 - INFO - Experiment directory: runs/run_281
2026-01-28 21:41:40,509 - INFO - Setting random seeds for reproducibility (seed: 42)...
2026-01-28 21:41:40,518 - INFO - ✅ All seeds set to 42 (deterministic=False)
2026-01-28 21:41:40,919 - INFO - GPU memory cleared at startup. Available: 39.2GB
2026-01-28 21:41:40,920 - INFO - Using device: cuda
2026-01-28 21:41:40,921 - INFO - Training configuration: epochs=20, warmup=4, lr=0.0002
2026-01-28 21:41:40,921 - INFO - SWIN_IMPROVED configuration: {'type': 'swin_improved', 'variant': 'tiny', 'patch_size': 4, 'embed_dim': 96, 'depths': [2, 2, 6, 2], 'num_heads': [3, 6, 12, 24], 'window_size': 7, 'mlp_ratio': 4.0, 'dropout': 0.0, 'attention_dropout': 0.0, 'projection_dropout': 0.0, 'drop_path_rate': 0.08, 'use_shifted_window': True, 'use_relative_bias': False, 'use_absolute_pos_embed': False, 'use_hierarchical_merge': False, 'use_gradient_checkpointing': False, 'use_conv_stem': True, 'conv_stem_config': {'channels': [48, 96], 'kernel_sizes': [4, 3], 'strides': [4, 2], 'paddings': [0, 1], 'activation': 'gelu', 'use_batch_norm': True}, 'use_inverted_ffn': True, 'ffn_config': {'expand_ratio': 4, 'use_depthwise_conv': True, 'activation': 'gelu'}}
2026-01-28 21:41:40,922 - INFO - Loading dataset...
2026-01-28 21:41:40,923 - INFO - Starting ImageNet data loading from root: /
2026-01-28 21:41:40,924 - INFO - Resolved root path: /
2026-01-28 21:41:40,925 - INFO - Root path exists: True
2026-01-28 21:41:40,926 - INFO - Root path is dir: True
2026-01-28 21:41:40,929 - INFO - Contents of /: ['/.exec', '/.run', '/.shell', '/.singularity.d', '/.test', '/bin', '/boot', '/dev', '/environment', '/etc', '/home', '/lib', '/lib64', '/media', '/mnt', '/opt', '/proc', '/requirements.txt', '/root', '/run', '/sbin', '/singularity', '/srv', '/sys', '/tmp', '/usr', '/var', '/meta', '/train_set', '/train_set_small', '/val_set', '/val_set_unlabeled']
2026-01-28 21:41:40,930 - INFO - Expected train_dir: /train_set, exists: True
2026-01-28 21:41:40,931 - INFO - Expected val_dir: /val_set, exists: True
2026-01-28 21:41:45,866 - INFO - Loaded ImageNet data from /: train=1281167, val=50000
2026-01-28 21:41:46,605 - INFO - Dataset limits applied (stratified sampling enabled)
2026-01-28 21:41:46,609 - INFO - Dataset loaded: train=100000 samples (782 batches), val=50000 samples (391 batches), test=50000 samples (391 batches)
2026-01-28 21:41:47,302 - INFO - Training SWIN_IMPROVED from scratch
2026-01-28 21:41:47,303 - INFO - Initializing SWIN_IMPROVED model from scratch...
2026-01-28 21:41:47,304 - INFO - Model architecture: SWIN_IMPROVED
2026-01-28 21:41:47,305 - INFO - Model config: {'type': 'swin_improved', 'variant': 'tiny', 'patch_size': 4, 'embed_dim': 96, 'depths': [2, 2, 6, 2], 'num_heads': [3, 6, 12, 24], 'window_size': 7, 'mlp_ratio': 4.0, 'dropout': 0.0, 'attention_dropout': 0.0, 'projection_dropout': 0.0, 'drop_path_rate': 0.08, 'use_shifted_window': True, 'use_relative_bias': False, 'use_absolute_pos_embed': False, 'use_hierarchical_merge': False, 'use_gradient_checkpointing': False, 'use_conv_stem': True, 'conv_stem_config': {'channels': [48, 96], 'kernel_sizes': [4, 3], 'strides': [4, 2], 'paddings': [0, 1], 'activation': 'gelu', 'use_batch_norm': True}, 'use_inverted_ffn': True, 'ffn_config': {'expand_ratio': 4, 'use_depthwise_conv': True, 'activation': 'gelu'}}
2026-01-28 21:41:47,698 - INFO - Model created with random initialization
2026-01-28 21:41:47,699 - INFO - Total parameters: 28,518,706
2026-01-28 21:41:47,700 - INFO - Trainable parameters: 28,518,706
2026-01-28 21:41:47,747 - INFO - Mixed precision enabled → CUDA bf16 selected (hardware supported)
2026-01-28 21:41:47,748 - INFO - Starting from-scratch training...
2026-01-28 21:41:47,750 - INFO - Optimizer: training all model parameters
2026-01-28 21:41:47,751 - INFO - LR Scheduler: cosine with 4 warmup epochs
2026-01-28 21:41:47,752 - INFO - Starting training...
2026-01-28 21:41:57,204 - INFO - Processing first batch (shape: torch.Size([128, 3, 224, 224]))
2026-01-28 21:41:57,208 - INFO - Running first forward pass (torch.compile may take time)...
2026-01-28 21:42:10,033 - INFO - First forward pass complete (output shape: torch.Size([128, 1000]))
2026-01-28 21:42:14,746 - INFO - First batch complete! Loss: 7.0366
