2025-12-13 20:09:20,383 - INFO - Logging initialized. Log file: runs/run_197/training.log
2025-12-13 20:09:20,434 - INFO - Experiment directory: runs/run_197
2025-12-13 20:09:20,436 - INFO - Setting random seeds for reproducibility (seed: 42)...
2025-12-13 20:09:20,628 - INFO - Random seeds set to 42 (deterministic=False)
2025-12-13 20:09:20,883 - INFO - GPU memory cleared at startup. Available: 23.5GB
2025-12-13 20:09:20,884 - INFO - Using device: cuda
2025-12-13 20:09:20,885 - INFO - Training configuration: epochs=100, warmup=6, lr=0.0002
2025-12-13 20:09:20,886 - INFO - SWIN configuration: variant=tiny, use_shifted_window=True, use_relative_bias=True, use_absolute_pos_embed=False, use_hierarchical_merge=False, use_gradient_checkpointing=True
2025-12-13 20:09:20,888 - INFO - SWIN details: embed_dim=96, depths=[2, 2, 6, 2], num_heads=[3, 6, 12, 24], window_size=7
2025-12-13 20:09:20,889 - INFO - Loading dataset...
2025-12-13 20:09:24,024 - INFO - Dataset loaded: train=41667 samples (326 batches), val=8333 samples (66 batches), test=10000 samples (79 batches)
2025-12-13 20:09:27,614 - INFO - Training Swin-Tiny from scratch
2025-12-13 20:09:27,616 - INFO - Initializing model from scratch...
2025-12-13 20:09:27,617 - INFO - Model architecture: Swin-Tiny
2025-12-13 20:09:27,618 - INFO - Model config: embed_dim=96, depths=[2, 2, 6, 2], num_heads=[3, 6, 12, 24], window_size=7, use_shifted_window=True, use_relative_bias=True, use_absolute_pos_embed=False, use_hierarchical_merge=False, use_gradient_checkpointing=True
2025-12-13 20:09:28,092 - INFO - Model created with random initialization
2025-12-13 20:09:28,094 - INFO - Total parameters: 27,596,254
2025-12-13 20:09:28,095 - INFO - Trainable parameters: 27,596,254
2025-12-13 20:09:28,145 - INFO - Starting from-scratch training...
2025-12-13 20:09:28,147 - INFO - Optimizer: training all model parameters
2025-12-13 20:09:28,148 - INFO - LR Scheduler: cosine with 6 warmup epochs
2025-12-13 20:09:28,150 - INFO - Starting training...
