2025-12-03 19:37:41,883 - INFO - Logging initialized. Log file: runs/run_92/training.log
2025-12-03 19:37:41,883 - INFO - Experiment directory: runs/run_92
2025-12-03 19:37:41,883 - INFO - Setting random seeds for reproducibility (seed: 42)...
2025-12-03 19:37:42,030 - INFO - Random seeds set to 42 (deterministic=False)
2025-12-03 19:37:42,030 - INFO - Using device: cuda
2025-12-03 19:37:42,030 - INFO - Training configuration: epochs=15, warmup=3, lr=0.0005
2025-12-03 19:37:42,030 - INFO - Loading dataset...
2025-12-03 19:37:42,030 - INFO - Starting ImageNet data loading from root: /
2025-12-03 19:37:42,031 - INFO - Resolved root path: /
2025-12-03 19:37:42,031 - INFO - Root path exists: True
2025-12-03 19:37:42,031 - INFO - Root path is dir: True
2025-12-03 19:37:42,031 - INFO - Contents of /: ['/swapfile', '/root', '/etc', '/proc', '/libx32', '/lib32', '/tmp', '/media', '/dev', '/sys', '/snap', '/usr', '/lib64', '/var', '/sbin', '/lib', '/home', '/lost+found', '/run', '/mnt', '/opt', '/boot', '/srv', '/bin', '/cdrom']
2025-12-03 19:37:42,031 - INFO - Expected train_dir: /train_set, exists: False
2025-12-03 19:37:42,031 - INFO - Expected val_dir: /val_set, exists: False
2025-12-03 19:37:42,031 - ERROR - Experiment failed with error: ImageNet data not found in /. Expected 'train_set' and 'val_set' subfolders.
2025-12-03 19:37:42,031 - ERROR - Full traceback:
Traceback (most recent call last):
  File "/home/georg/Desktop/Machine Learning Project/main.py", line 166, in main
    train_generator, val_generator, test_generator = load_data(
                                                     ^^^^^^^^^^
  File "/home/georg/Desktop/Machine Learning Project/src/data/dataloader.py", line 344, in load_data
    train_dataset, val_dataset, test_dataset = _load_imagenet_data(
                                               ^^^^^^^^^^^^^^^^^^^^
  File "/home/georg/Desktop/Machine Learning Project/src/data/dataloader.py", line 185, in _load_imagenet_data
    raise FileNotFoundError(
FileNotFoundError: ImageNet data not found in /. Expected 'train_set' and 'val_set' subfolders.
