2026-01-27 23:34:20,946 - INFO - Logging initialized. Log file: runs/run_275/training.log
2026-01-27 23:34:20,948 - INFO - Experiment directory: runs/run_275
2026-01-27 23:34:20,951 - INFO - Setting random seeds for reproducibility (seed: 42)...
2026-01-27 23:34:20,962 - INFO - ✅ All seeds set to 42 (deterministic=False)
2026-01-27 23:34:21,337 - INFO - GPU memory cleared at startup. Available: 39.2GB
2026-01-27 23:34:21,338 - INFO - Using device: cuda
2026-01-27 23:34:21,339 - INFO - Training configuration: epochs=20, warmup=4, lr=0.0002
2026-01-27 23:34:21,340 - INFO - SWIN_HYBRID configuration: {'type': 'swin_hybrid', 'variant': 'tiny', 'patch_size': 4, 'embed_dim': 96, 'depths': [2, 2, 6, 2], 'num_heads': [3, 6, 12, 24], 'window_size': 7, 'mlp_ratio': 4.0, 'dropout': 0.0, 'attention_dropout': 0.0, 'projection_dropout': 0.0, 'drop_path_rate': 0.08, 'use_shifted_window': True, 'use_relative_bias': False, 'use_absolute_pos_embed': False, 'use_hierarchical_merge': False, 'use_gradient_checkpointing': True, 'use_cnn_stem': True, 'cnn_stem_config': {'channels': [32, 64], 'kernel_size': 3, 'stride': 2, 'padding': 1, 'activation': 'gelu', 'use_batch_norm': True}}
2026-01-27 23:34:21,342 - INFO - Loading dataset...
2026-01-27 23:34:21,344 - INFO - Starting ImageNet data loading from root: /
2026-01-27 23:34:21,345 - INFO - Resolved root path: /
2026-01-27 23:34:21,347 - INFO - Root path exists: True
2026-01-27 23:34:21,348 - INFO - Root path is dir: True
2026-01-27 23:34:21,353 - INFO - Contents of /: ['/.exec', '/.run', '/.shell', '/.singularity.d', '/.test', '/bin', '/boot', '/dev', '/environment', '/etc', '/home', '/lib', '/lib64', '/media', '/mnt', '/opt', '/proc', '/requirements.txt', '/root', '/run', '/sbin', '/singularity', '/srv', '/sys', '/tmp', '/usr', '/var', '/meta', '/train_set', '/train_set_small', '/val_set', '/val_set_unlabeled']
2026-01-27 23:34:21,354 - INFO - Expected train_dir: /train_set, exists: True
2026-01-27 23:34:21,355 - INFO - Expected val_dir: /val_set, exists: True
2026-01-27 23:34:26,538 - INFO - Loaded ImageNet data from /: train=1281167, val=50000
2026-01-27 23:34:27,247 - INFO - Dataset limits applied (stratified sampling enabled)
2026-01-27 23:34:27,251 - INFO - Dataset loaded: train=100000 samples (782 batches), val=50000 samples (391 batches), test=50000 samples (391 batches)
2026-01-27 23:34:27,947 - INFO - Training SWIN_HYBRID from scratch
2026-01-27 23:34:27,948 - INFO - Initializing SWIN_HYBRID model from scratch...
2026-01-27 23:34:27,949 - INFO - Model architecture: SWIN_HYBRID
2026-01-27 23:34:27,950 - INFO - Model config: {'type': 'swin_hybrid', 'variant': 'tiny', 'patch_size': 4, 'embed_dim': 96, 'depths': [2, 2, 6, 2], 'num_heads': [3, 6, 12, 24], 'window_size': 7, 'mlp_ratio': 4.0, 'dropout': 0.0, 'attention_dropout': 0.0, 'projection_dropout': 0.0, 'drop_path_rate': 0.08, 'use_shifted_window': True, 'use_relative_bias': False, 'use_absolute_pos_embed': False, 'use_hierarchical_merge': False, 'use_gradient_checkpointing': True, 'use_cnn_stem': True, 'cnn_stem_config': {'channels': [32, 64], 'kernel_size': 3, 'stride': 2, 'padding': 1, 'activation': 'gelu', 'use_batch_norm': True}}
2026-01-27 23:34:28,259 - INFO - Model created with random initialization
2026-01-27 23:34:28,260 - INFO - Total parameters: 28,363,522
2026-01-27 23:34:28,262 - INFO - Trainable parameters: 28,363,522
2026-01-27 23:34:28,290 - INFO - Compiling model with torch.compile()
2026-01-27 23:34:29,650 - INFO - Mixed precision enabled → CUDA bf16 selected (hardware supported)
2026-01-27 23:34:29,651 - INFO - Starting from-scratch training...
2026-01-27 23:34:29,652 - INFO - Optimizer: training all model parameters
2026-01-27 23:34:29,655 - INFO - LR Scheduler: cosine with 4 warmup epochs
2026-01-27 23:34:29,656 - INFO - Starting training...
2026-01-27 23:34:39,729 - INFO - Processing first batch (shape: torch.Size([128, 3, 224, 224]))
2026-01-27 23:34:39,732 - INFO - Running first forward pass (torch.compile may take time)...
2026-01-27 23:35:43,709 - INFO - First forward pass complete (output shape: torch.Size([128, 1000]))
2026-01-27 23:36:34,978 - INFO - First batch complete! Loss: 7.0129
