2025-11-19 19:40:07,885 - INFO - Logging initialized. Log file: runs/run_38/training.log
2025-11-19 19:40:08,091 - INFO - Random seeds set to 42 (deterministic=False)
2025-11-19 19:40:08,092 - INFO - Using device: cuda
2025-11-19 19:40:08,093 - INFO - Loading data...
2025-11-19 19:40:11,671 - INFO - Visualizing first batch...
2025-11-19 19:40:11,672 - INFO - Visualizing from DataLoader with 1303 batches
2025-11-19 19:40:12,832 - INFO - Loaded 16 images from dataloader
2025-11-19 19:40:17,879 - INFO - Saved enhanced dataset visualization to runs/run_38/visualization.png
2025-11-19 19:40:17,880 - INFO - Initializing model...
2025-11-19 19:40:18,845 - INFO - Created SwinTransformerModel for CIFAR-100 training.
2025-11-19 19:40:18,890 - INFO - Model moved to device: cuda
2025-11-19 19:40:18,891 - INFO - Patch embed proj device: cuda:0
2025-11-19 19:40:18,892 - INFO - Encoder first layer device: cuda:0
2025-11-19 19:40:18,893 - INFO - Head device: cuda:0
2025-11-19 19:40:18,894 - INFO - Transferring weights from pretrained to custom model...
2025-11-19 19:40:19,736 - INFO - Loading pretrained weights from Hugging Face hub (timm/swin_tiny_patch4_window7_224.ms_in1k)
2025-11-19 19:40:20,095 - INFO - HTTP Request: HEAD https://huggingface.co/timm/swin_tiny_patch4_window7_224.ms_in1k/resolve/main/model.safetensors "HTTP/1.1 302 Found"
2025-11-19 19:40:20,125 - INFO - [timm/swin_tiny_patch4_window7_224.ms_in1k] Safe alternative available for 'pytorch_model.bin' (as 'model.safetensors'). Loading weights using safetensors.
2025-11-19 19:40:20,395 - INFO - Loaded pretrained model: swin_tiny_patch4_window7_224 from timm.
2025-11-19 19:40:20,446 - INFO - Weight transfer: 169 layers transferred.
2025-11-19 19:40:20,454 - INFO - Weight transfer completed: {'transferred': 169, 'missing': 0, 'size_mismatches': 0}
2025-11-19 19:40:20,455 - INFO - After transfer - Patch embed proj device: cuda:0
2025-11-19 19:40:20,456 - INFO - After transfer - Encoder first layer device: cuda:0
2025-11-19 19:40:20,458 - INFO - Total parameters: 78,436
2025-11-19 19:40:20,477 - INFO - Saved configuration to runs/run_38/config.json
2025-11-19 19:40:20,480 - INFO - Starting training...
2025-11-19 19:42:37,507 - INFO - Epoch 1/50: Train Loss: 1.5417, Val Loss: 0.9531, Val Acc: 72.07%
2025-11-19 19:44:51,492 - INFO - Epoch 2/50: Train Loss: 0.8872, Val Loss: 0.8548, Val Acc: 74.76%
2025-11-19 19:47:05,297 - INFO - Epoch 3/50: Train Loss: 0.7777, Val Loss: 0.8224, Val Acc: 75.72%
2025-11-19 19:49:18,969 - INFO - Epoch 4/50: Train Loss: 0.7146, Val Loss: 0.8113, Val Acc: 76.08%
2025-11-19 19:52:18,078 - INFO - Epoch 5/50: Train Loss: 0.6756, Val Loss: 0.7987, Val Acc: 76.58%, Test Loss: 0.7973, Test Acc: 76.57%
2025-11-19 19:54:31,887 - INFO - Epoch 6/50: Train Loss: 0.6437, Val Loss: 0.8022, Val Acc: 76.36%
2025-11-19 19:56:45,620 - INFO - Epoch 7/50: Train Loss: 0.6133, Val Loss: 0.8059, Val Acc: 76.30%
