2025-12-10 09:00:34,293 - INFO - Logging initialized. Log file: runs/run_142/training.log
2025-12-10 09:00:34,295 - INFO - Experiment directory: runs/run_142
2025-12-10 09:00:34,297 - INFO - Setting random seeds for reproducibility (seed: 42)...
2025-12-10 09:00:34,410 - INFO - Random seeds set to 42 (deterministic=False)
2025-12-10 09:00:34,411 - INFO - Using device: cuda
2025-12-10 09:00:34,412 - INFO - Training configuration: epochs=100, warmup=3, lr=0.0005
2025-12-10 09:00:34,414 - INFO - SWIN configuration: variant=tiny, use_shifted_window=True, use_relative_bias=False, use_absolute_pos_embed=False, use_hierarchical_merge=False
2025-12-10 09:00:34,415 - INFO - SWIN details: embed_dim=96, depths=[2, 2, 6, 2], num_heads=[3, 6, 12, 24], window_size=7
2025-12-10 09:00:34,416 - INFO - Loading dataset...
2025-12-10 09:00:34,418 - INFO - Starting ImageNet data loading from root: /
2025-12-10 09:00:34,419 - INFO - Resolved root path: /
2025-12-10 09:00:34,421 - INFO - Root path exists: True
2025-12-10 09:00:34,422 - INFO - Root path is dir: True
2025-12-10 09:00:34,428 - INFO - Contents of /: ['/.exec', '/.run', '/.shell', '/.singularity.d', '/.test', '/bin', '/boot', '/dev', '/environment', '/etc', '/home', '/lib', '/lib64', '/media', '/mnt', '/opt', '/proc', '/requirements.txt', '/root', '/run', '/sbin', '/singularity', '/srv', '/sys', '/tmp', '/usr', '/var', '/meta', '/train_set', '/train_set_small', '/val_set', '/val_set_unlabeled']
2025-12-10 09:00:34,429 - INFO - Expected train_dir: /train_set, exists: True
2025-12-10 09:00:34,430 - INFO - Expected val_dir: /val_set, exists: True
2025-12-10 09:00:41,384 - INFO - Loaded ImageNet data from /: train=1281167, val=50000
2025-12-10 09:00:41,501 - INFO - Dataset loaded: train=50000 samples (391 batches), val=5000 samples (40 batches), test=5000 samples (40 batches)
2025-12-10 09:00:43,486 - INFO - Training Swin-Tiny from scratch
2025-12-10 09:00:43,488 - INFO - Initializing model from scratch...
2025-12-10 09:00:43,489 - INFO - Model architecture: Swin-Tiny
2025-12-10 09:00:43,491 - INFO - Model config: embed_dim=96, depths=[2, 2, 6, 2], num_heads=[3, 6, 12, 24], window_size=7, use_shifted_window=True, use_relative_bias=False, use_absolute_pos_embed=False, use_hierarchical_merge=False
2025-12-10 09:00:43,975 - INFO - Model created with random initialization
2025-12-10 09:00:43,977 - INFO - Total parameters: 28,288,354
2025-12-10 09:00:43,978 - INFO - Trainable parameters: 28,288,354
2025-12-10 09:00:44,285 - INFO - Starting from-scratch training...
2025-12-10 09:00:44,286 - INFO - Optimizer: training all model parameters
2025-12-10 09:00:44,289 - INFO - Starting training...
2025-12-10 09:15:45,186 - INFO - Epoch 1/100: LR: 0.000170
2025-12-10 09:15:45,199 - INFO - Epoch 1/100: Train Loss: 6.9086, Val Loss: 6.8331, Val Acc: 0.40%
2025-12-10 09:29:29,805 - INFO - Epoch 2/100: LR: 0.000335
2025-12-10 09:29:29,806 - INFO - Epoch 2/100: Train Loss: 6.8198, Val Loss: 6.6899, Val Acc: 0.38%
2025-12-10 09:43:29,299 - INFO - Epoch 3/100: LR: 0.000500
2025-12-10 09:43:29,332 - INFO - Epoch 3/100: Train Loss: 6.7594, Val Loss: 6.6406, Val Acc: 0.54%
2025-12-10 09:57:09,861 - INFO - Epoch 4/100: LR: 0.000500
2025-12-10 09:57:09,863 - INFO - Epoch 4/100: Train Loss: 6.7044, Val Loss: 6.6471, Val Acc: 0.50%
2025-12-10 10:10:46,365 - INFO - Epoch 5/100: LR: 0.000499
2025-12-10 10:12:05,194 - INFO - Epoch 5/100: Train Loss: 6.5867, Val Loss: 6.4590, Val Acc: 1.04%, Test Loss: 6.4590, Test Acc: 1.04%
2025-12-10 10:25:44,999 - INFO - Epoch 6/100: LR: 0.000499
2025-12-10 10:25:45,025 - INFO - Epoch 6/100: Train Loss: 6.4573, Val Loss: 6.2855, Val Acc: 1.54%
2025-12-10 10:39:19,440 - INFO - Epoch 7/100: LR: 0.000498
2025-12-10 10:39:19,441 - INFO - Epoch 7/100: Train Loss: 6.3891, Val Loss: 6.2438, Val Acc: 1.60%
2025-12-10 10:52:58,242 - INFO - Epoch 8/100: LR: 0.000497
2025-12-10 10:52:58,276 - INFO - Epoch 8/100: Train Loss: 6.3245, Val Loss: 6.1263, Val Acc: 2.52%
2025-12-10 11:06:43,431 - INFO - Epoch 9/100: LR: 0.000495
2025-12-10 11:06:43,444 - INFO - Epoch 9/100: Train Loss: 6.2585, Val Loss: 6.0896, Val Acc: 1.84%
2025-12-10 11:20:31,936 - INFO - Epoch 10/100: LR: 0.000494
2025-12-10 11:21:52,548 - INFO - Epoch 10/100: Train Loss: 6.2379, Val Loss: 6.1260, Val Acc: 2.14%, Test Loss: 6.1260, Test Acc: 2.14%
2025-12-10 11:21:52,550 - INFO - Saving checkpoint for epoch 10...
2025-12-10 11:21:53,388 - INFO - ✅ Checkpoint saved: runs/run_142/checkpoint_epoch_10.pth
2025-12-10 11:35:36,085 - INFO - Epoch 11/100: LR: 0.000492
2025-12-10 11:35:36,087 - INFO - Epoch 11/100: Train Loss: 6.1961, Val Loss: 6.1126, Val Acc: 2.18%
2025-12-10 11:49:23,453 - INFO - Epoch 12/100: LR: 0.000489
2025-12-10 11:49:23,455 - INFO - Epoch 12/100: Train Loss: 6.1442, Val Loss: 6.0469, Val Acc: 2.74%
2025-12-10 12:03:21,519 - INFO - Epoch 13/100: LR: 0.000487
2025-12-10 12:03:21,554 - INFO - Epoch 13/100: Train Loss: 6.1480, Val Loss: 5.9697, Val Acc: 3.30%
2025-12-10 12:17:22,383 - INFO - Epoch 14/100: LR: 0.000484
2025-12-10 12:17:22,406 - INFO - Epoch 14/100: Train Loss: 6.1336, Val Loss: 5.9271, Val Acc: 3.56%
2025-12-10 12:31:15,192 - INFO - Epoch 15/100: LR: 0.000481
2025-12-10 12:32:35,243 - INFO - Epoch 15/100: Train Loss: 6.0493, Val Loss: 5.8637, Val Acc: 3.68%, Test Loss: 5.8637, Test Acc: 3.68%
2025-12-10 12:46:25,280 - INFO - Epoch 16/100: LR: 0.000478
2025-12-10 12:46:25,303 - INFO - Epoch 16/100: Train Loss: 5.9729, Val Loss: 5.7674, Val Acc: 3.68%
2025-12-10 13:00:22,900 - INFO - Epoch 17/100: LR: 0.000475
2025-12-10 13:00:22,914 - INFO - Epoch 17/100: Train Loss: 5.9514, Val Loss: 5.7228, Val Acc: 3.98%
2025-12-10 13:14:18,151 - INFO - Epoch 18/100: LR: 0.000471
2025-12-10 13:14:18,195 - INFO - Epoch 18/100: Train Loss: 5.9069, Val Loss: 5.6948, Val Acc: 4.46%
2025-12-10 13:28:23,981 - INFO - Epoch 19/100: LR: 0.000467
2025-12-10 13:28:24,002 - INFO - Epoch 19/100: Train Loss: 5.8379, Val Loss: 5.5997, Val Acc: 5.18%
2025-12-10 13:42:19,310 - INFO - Epoch 20/100: LR: 0.000463
2025-12-10 13:43:39,203 - INFO - Epoch 20/100: Train Loss: 5.7824, Val Loss: 5.5525, Val Acc: 5.66%, Test Loss: 5.5525, Test Acc: 5.66%
2025-12-10 13:43:39,205 - INFO - Saving checkpoint for epoch 20...
2025-12-10 13:43:39,860 - INFO - ✅ Checkpoint saved: runs/run_142/checkpoint_epoch_20.pth
2025-12-10 13:57:26,477 - INFO - Epoch 21/100: LR: 0.000459
2025-12-10 13:57:26,501 - INFO - Epoch 21/100: Train Loss: 5.7320, Val Loss: 5.5297, Val Acc: 5.28%
2025-12-10 14:11:10,447 - INFO - Epoch 22/100: LR: 0.000454
2025-12-10 14:11:10,473 - INFO - Epoch 22/100: Train Loss: 5.6743, Val Loss: 5.4543, Val Acc: 5.72%
2025-12-10 14:24:42,421 - INFO - Epoch 23/100: LR: 0.000449
2025-12-10 14:24:42,451 - INFO - Epoch 23/100: Train Loss: 5.6279, Val Loss: 5.4941, Val Acc: 5.96%
2025-12-10 14:38:14,197 - INFO - Epoch 24/100: LR: 0.000444
2025-12-10 14:38:14,244 - INFO - Epoch 24/100: Train Loss: 5.5972, Val Loss: 5.4148, Val Acc: 6.72%
2025-12-10 14:51:52,278 - INFO - Epoch 25/100: LR: 0.000439
2025-12-10 14:53:12,465 - INFO - Epoch 25/100: Train Loss: 5.5413, Val Loss: 5.4269, Val Acc: 6.64%, Test Loss: 5.4269, Test Acc: 6.64%
2025-12-10 15:06:54,991 - INFO - Epoch 26/100: LR: 0.000434
2025-12-10 15:06:55,032 - INFO - Epoch 26/100: Train Loss: 5.5019, Val Loss: 5.3620, Val Acc: 6.66%
2025-12-10 15:20:37,189 - INFO - Epoch 27/100: LR: 0.000428
2025-12-10 15:20:37,203 - INFO - Epoch 27/100: Train Loss: 5.4614, Val Loss: 5.3265, Val Acc: 6.80%
2025-12-10 15:34:15,471 - INFO - Epoch 28/100: LR: 0.000423
2025-12-10 15:34:15,497 - INFO - Epoch 28/100: Train Loss: 5.4106, Val Loss: 5.2801, Val Acc: 7.42%
2025-12-10 15:47:56,888 - INFO - Epoch 29/100: LR: 0.000417
2025-12-10 15:47:57,608 - INFO - Epoch 29/100: Train Loss: 5.3678, Val Loss: 5.2264, Val Acc: 8.10%
2025-12-10 16:01:39,099 - INFO - Epoch 30/100: LR: 0.000411
2025-12-10 16:02:59,306 - INFO - Epoch 30/100: Train Loss: 5.3282, Val Loss: 5.2215, Val Acc: 7.84%, Test Loss: 5.2215, Test Acc: 7.84%
2025-12-10 16:02:59,369 - INFO - Saving checkpoint for epoch 30...
2025-12-10 16:03:00,033 - INFO - ✅ Checkpoint saved: runs/run_142/checkpoint_epoch_30.pth
2025-12-10 16:17:06,960 - INFO - Epoch 31/100: LR: 0.000404
2025-12-10 16:17:06,990 - INFO - Epoch 31/100: Train Loss: 5.2823, Val Loss: 5.1476, Val Acc: 8.30%
2025-12-10 16:31:08,959 - INFO - Epoch 32/100: LR: 0.000398
2025-12-10 16:31:08,983 - INFO - Epoch 32/100: Train Loss: 5.2496, Val Loss: 5.1331, Val Acc: 8.68%
2025-12-10 16:44:52,987 - INFO - Epoch 33/100: LR: 0.000391
2025-12-10 16:44:53,066 - INFO - Epoch 33/100: Train Loss: 5.2087, Val Loss: 5.0839, Val Acc: 8.94%
2025-12-10 16:58:38,885 - INFO - Epoch 34/100: LR: 0.000384
2025-12-10 16:58:38,905 - INFO - Epoch 34/100: Train Loss: 5.1612, Val Loss: 5.0572, Val Acc: 9.18%
2025-12-10 17:12:26,223 - INFO - Epoch 35/100: LR: 0.000378
2025-12-10 17:13:46,046 - INFO - Epoch 35/100: Train Loss: 5.1267, Val Loss: 5.0881, Val Acc: 9.02%, Test Loss: 5.0881, Test Acc: 9.02%
2025-12-10 17:27:26,033 - INFO - Epoch 36/100: LR: 0.000371
2025-12-10 17:27:26,066 - INFO - Epoch 36/100: Train Loss: 5.0924, Val Loss: 5.0614, Val Acc: 9.46%
2025-12-10 17:41:06,881 - INFO - Epoch 37/100: LR: 0.000363
2025-12-10 17:41:06,914 - INFO - Epoch 37/100: Train Loss: 5.0412, Val Loss: 5.0096, Val Acc: 9.94%
2025-12-10 17:54:55,017 - INFO - Epoch 38/100: LR: 0.000356
2025-12-10 17:54:55,144 - INFO - Epoch 38/100: Train Loss: 4.9945, Val Loss: 4.9599, Val Acc: 10.04%
2025-12-10 18:08:53,596 - INFO - Epoch 39/100: LR: 0.000349
2025-12-10 18:08:53,678 - INFO - Epoch 39/100: Train Loss: 4.9649, Val Loss: 4.8988, Val Acc: 10.72%
2025-12-10 18:23:02,092 - INFO - Epoch 40/100: LR: 0.000341
2025-12-10 18:24:23,762 - INFO - Epoch 40/100: Train Loss: 4.9192, Val Loss: 4.8894, Val Acc: 11.02%, Test Loss: 4.8894, Test Acc: 11.02%
2025-12-10 18:24:23,975 - INFO - Saving checkpoint for epoch 40...
2025-12-10 18:24:25,263 - INFO - ✅ Checkpoint saved: runs/run_142/checkpoint_epoch_40.pth
2025-12-10 18:38:46,044 - INFO - Epoch 41/100: LR: 0.000334
2025-12-10 18:38:46,230 - INFO - Epoch 41/100: Train Loss: 4.8710, Val Loss: 4.8709, Val Acc: 10.88%
2025-12-10 18:53:34,127 - INFO - Epoch 42/100: LR: 0.000326
2025-12-10 18:53:34,221 - INFO - Epoch 42/100: Train Loss: 4.8359, Val Loss: 4.8389, Val Acc: 11.32%
2025-12-10 19:09:48,182 - INFO - Epoch 43/100: LR: 0.000318
2025-12-10 19:09:48,428 - INFO - Epoch 43/100: Train Loss: 4.8022, Val Loss: 4.8445, Val Acc: 11.68%
2025-12-10 19:29:24,784 - INFO - Epoch 44/100: LR: 0.000311
2025-12-10 19:29:24,869 - INFO - Epoch 44/100: Train Loss: 4.7662, Val Loss: 4.7808, Val Acc: 11.96%
