2026-01-27 21:56:19,200 - INFO - Logging initialized. Log file: runs/run_270/training.log
2026-01-27 21:56:19,232 - INFO - Experiment directory: runs/run_270
2026-01-27 21:56:19,234 - INFO - Setting random seeds for reproducibility (seed: 42)...
2026-01-27 21:56:19,246 - INFO - ✅ All seeds set to 42 (deterministic=False)
2026-01-27 21:56:19,631 - INFO - GPU memory cleared at startup. Available: 39.2GB
2026-01-27 21:56:19,633 - INFO - Using device: cuda
2026-01-27 21:56:19,634 - INFO - Training configuration: epochs=20, warmup=4, lr=0.0002
2026-01-27 21:56:19,636 - INFO - SWIN configuration: variant=tiny, use_shifted_window=True, use_relative_bias=False, use_absolute_pos_embed=False, use_hierarchical_merge=False, use_gradient_checkpointing=True
2026-01-27 21:56:19,637 - INFO - SWIN details: embed_dim=96, depths=[2, 2, 6, 2], num_heads=[3, 6, 12, 24], window_size=7
2026-01-27 21:56:19,638 - INFO - Loading dataset...
2026-01-27 21:56:19,640 - INFO - Starting ImageNet data loading from root: /
2026-01-27 21:56:19,641 - INFO - Resolved root path: /
2026-01-27 21:56:19,642 - INFO - Root path exists: True
2026-01-27 21:56:19,643 - INFO - Root path is dir: True
2026-01-27 21:56:19,647 - INFO - Contents of /: ['/.exec', '/.run', '/.shell', '/.singularity.d', '/.test', '/bin', '/boot', '/dev', '/environment', '/etc', '/home', '/lib', '/lib64', '/media', '/mnt', '/opt', '/proc', '/requirements.txt', '/root', '/run', '/sbin', '/singularity', '/srv', '/sys', '/tmp', '/usr', '/var', '/meta', '/train_set', '/train_set_small', '/val_set', '/val_set_unlabeled']
2026-01-27 21:56:19,648 - INFO - Expected train_dir: /train_set, exists: True
2026-01-27 21:56:19,649 - INFO - Expected val_dir: /val_set, exists: True
2026-01-27 21:56:25,732 - INFO - Loaded ImageNet data from /: train=1281167, val=50000
2026-01-27 21:56:26,474 - INFO - Dataset limits applied (stratified sampling enabled)
2026-01-27 21:56:26,478 - INFO - Dataset loaded: train=100000 samples (782 batches), val=50000 samples (391 batches), test=50000 samples (391 batches)
2026-01-27 21:56:27,181 - INFO - Training SWIN from scratch
2026-01-27 21:56:27,182 - INFO - Initializing SWIN model from scratch...
2026-01-27 21:56:27,183 - INFO - Model architecture: SWIN
2026-01-27 21:56:27,184 - INFO - Model config: {'type': 'swin', 'variant': 'tiny', 'patch_size': 4, 'embed_dim': 96, 'depths': [2, 2, 6, 2], 'num_heads': [3, 6, 12, 24], 'window_size': 7, 'mlp_ratio': 4.0, 'dropout': 0.0, 'attention_dropout': 0.0, 'projection_dropout': 0.0, 'drop_path_rate': 0.08, 'use_shifted_window': True, 'use_relative_bias': False, 'use_absolute_pos_embed': False, 'use_hierarchical_merge': False, 'use_gradient_checkpointing': True}
2026-01-27 21:56:27,488 - INFO - Model created with random initialization
2026-01-27 21:56:27,490 - INFO - Total parameters: 28,288,354
2026-01-27 21:56:27,492 - INFO - Trainable parameters: 28,288,354
2026-01-27 21:56:27,525 - INFO - Compiling model with torch.compile()
2026-01-27 21:56:28,992 - INFO - Mixed precision enabled → CUDA bf16 selected (hardware supported)
2026-01-27 21:56:28,993 - INFO - Starting from-scratch training...
2026-01-27 21:56:28,995 - INFO - Optimizer: training all model parameters
2026-01-27 21:56:28,997 - INFO - LR Scheduler: cosine with 4 warmup epochs
2026-01-27 21:56:28,998 - INFO - Starting training...
