2025-12-05 23:35:56,998 - INFO - Logging initialized. Log file: runs/run_117/training.log
2025-12-05 23:35:57,009 - INFO - Experiment directory: runs/run_117
2025-12-05 23:35:57,010 - INFO - Setting random seeds for reproducibility (seed: 42)...
2025-12-05 23:35:57,101 - INFO - Random seeds set to 42 (deterministic=False)
2025-12-05 23:35:57,103 - INFO - Using device: cuda
2025-12-05 23:35:57,105 - INFO - Training configuration: epochs=15, warmup=3, lr=0.0005
2025-12-05 23:35:57,107 - INFO - SWIN configuration: variant=tiny, use_shifted_window=True, use_relative_bias=True
2025-12-05 23:35:57,108 - INFO - SWIN details: embed_dim=96, depths=[2, 2, 6, 2], num_heads=[3, 6, 12, 24], window_size=7
2025-12-05 23:35:57,110 - INFO - Loading dataset...
2025-12-05 23:35:57,112 - INFO - Starting ImageNet data loading from root: /
2025-12-05 23:35:57,114 - INFO - Resolved root path: /
2025-12-05 23:35:57,115 - INFO - Root path exists: True
2025-12-05 23:35:57,117 - INFO - Root path is dir: True
2025-12-05 23:35:57,122 - INFO - Contents of /: ['/.exec', '/.run', '/.shell', '/.singularity.d', '/.test', '/bin', '/boot', '/dev', '/environment', '/etc', '/home', '/lib', '/lib64', '/media', '/mnt', '/opt', '/proc', '/requirements.txt', '/root', '/run', '/sbin', '/singularity', '/srv', '/sys', '/tmp', '/usr', '/var', '/meta', '/train_set', '/train_set_small', '/val_set', '/val_set_unlabeled']
2025-12-05 23:35:57,123 - INFO - Expected train_dir: /train_set, exists: True
2025-12-05 23:35:57,125 - INFO - Expected val_dir: /val_set, exists: True
2025-12-05 23:36:03,417 - INFO - Loaded ImageNet data from /: train=1281167, val=50000
2025-12-05 23:36:03,536 - INFO - Dataset loaded: train=50000 samples (391 batches), val=5000 samples (40 batches), test=5000 samples (40 batches)
2025-12-05 23:36:05,288 - INFO - Training Swin-Tiny from scratch
2025-12-05 23:36:05,290 - INFO - Initializing model from scratch...
2025-12-05 23:36:05,291 - INFO - Model architecture: Swin-Tiny
2025-12-05 23:36:05,292 - INFO - Model config: embed_dim=96, depths=[2, 2, 6, 2], num_heads=[3, 6, 12, 24], window_size=7, use_shifted_window=True, use_relative_bias=True
2025-12-05 23:36:05,760 - INFO - Model created with random initialization
2025-12-05 23:36:05,762 - INFO - Total parameters: 28,288,354
2025-12-05 23:36:05,763 - INFO - Trainable parameters: 28,288,354
2025-12-05 23:36:06,073 - INFO - Starting from-scratch training...
2025-12-05 23:36:06,075 - INFO - Optimizer: training all model parameters
2025-12-05 23:36:06,077 - INFO - Starting training...
2025-12-06 00:00:09,023 - INFO - Epoch 1/15: LR: 0.000170
2025-12-06 00:00:09,045 - INFO - Epoch 1/15: Train Loss: 6.9086, Val Loss: 6.8331, Val Acc: 0.40%
2025-12-06 00:14:04,670 - INFO - Epoch 2/15: LR: 0.000335
2025-12-06 00:14:04,672 - INFO - Epoch 2/15: Train Loss: 6.8191, Val Loss: 6.6931, Val Acc: 0.32%
2025-12-06 00:28:16,451 - INFO - Epoch 3/15: LR: 0.000500
2025-12-06 00:28:16,454 - INFO - Epoch 3/15: Train Loss: 6.7566, Val Loss: 6.6551, Val Acc: 0.52%
2025-12-06 00:41:59,069 - INFO - Epoch 4/15: LR: 0.000491
2025-12-06 00:41:59,071 - INFO - Epoch 4/15: Train Loss: 6.6824, Val Loss: 6.5408, Val Acc: 0.88%
2025-12-06 00:55:42,414 - INFO - Epoch 5/15: LR: 0.000467
2025-12-06 00:57:02,251 - INFO - Epoch 5/15: Train Loss: 6.5415, Val Loss: 6.4576, Val Acc: 0.86%, Test Loss: 6.4576, Test Acc: 0.86%
2025-12-06 01:10:42,684 - INFO - Epoch 6/15: LR: 0.000427
2025-12-06 01:10:42,685 - INFO - Epoch 6/15: Train Loss: 6.4300, Val Loss: 6.2715, Val Acc: 1.42%
2025-12-06 01:24:26,258 - INFO - Epoch 7/15: LR: 0.000375
2025-12-06 01:24:26,260 - INFO - Epoch 7/15: Train Loss: 6.3345, Val Loss: 6.1543, Val Acc: 1.88%
2025-12-06 01:38:04,678 - INFO - Epoch 8/15: LR: 0.000315
2025-12-06 01:38:04,680 - INFO - Epoch 8/15: Train Loss: 6.2484, Val Loss: 6.0633, Val Acc: 2.20%
2025-12-06 01:51:51,983 - INFO - Epoch 9/15: LR: 0.000251
2025-12-06 01:51:51,987 - INFO - Epoch 9/15: Train Loss: 6.1586, Val Loss: 5.9518, Val Acc: 2.84%
2025-12-06 02:05:37,536 - INFO - Epoch 10/15: LR: 0.000186
2025-12-06 02:06:56,213 - INFO - Epoch 10/15: Train Loss: 6.0765, Val Loss: 5.8756, Val Acc: 2.78%, Test Loss: 5.8756, Test Acc: 2.78%
2025-12-06 02:06:56,215 - INFO - Saving checkpoint for epoch 10...
2025-12-06 02:06:57,036 - INFO - ✅ Checkpoint saved: runs/run_117/checkpoint_epoch_10.pth
2025-12-06 02:20:43,075 - INFO - Epoch 11/15: LR: 0.000126
2025-12-06 02:20:43,077 - INFO - Epoch 11/15: Train Loss: 5.9815, Val Loss: 5.7685, Val Acc: 3.72%
2025-12-06 02:34:30,071 - INFO - Epoch 12/15: LR: 0.000074
2025-12-06 02:34:30,074 - INFO - Epoch 12/15: Train Loss: 5.8809, Val Loss: 5.6671, Val Acc: 4.28%
2025-12-06 02:48:27,488 - INFO - Epoch 13/15: LR: 0.000034
2025-12-06 02:48:27,490 - INFO - Epoch 13/15: Train Loss: 5.7981, Val Loss: 5.6098, Val Acc: 5.10%
2025-12-06 03:02:17,375 - INFO - Epoch 14/15: LR: 0.000010
2025-12-06 03:02:17,409 - INFO - Epoch 14/15: Train Loss: 5.7197, Val Loss: 5.5666, Val Acc: 5.28%
2025-12-06 03:16:01,368 - INFO - Epoch 15/15: LR: 0.000001
2025-12-06 03:17:21,001 - INFO - Epoch 15/15: Train Loss: 5.6854, Val Loss: 5.5532, Val Acc: 5.28%, Test Loss: 5.5532, Test Acc: 5.28%
2025-12-06 03:17:21,003 - INFO - Training completed!
2025-12-06 03:17:21,005 - INFO - Training completed!
2025-12-06 03:17:21,007 - INFO - Generating training curves...
2025-12-06 03:17:22,650 - WARNING - Inhomogeneous shapes in per-class F1 data: [(996,), (997,), (996,), (998,), (997,), (996,), (998,), (997,), (998,), (998,), (999,), (999,), (999,), (999,), (999,)]. Skipping per-class plotting.
2025-12-06 03:17:22,651 - INFO - Training curves saved as separate images with base name 'runs/run_117/training_curves_from_scratch'
2025-12-06 03:17:22,653 - INFO - Generating confusion matrix on test set...
