2025-12-05 23:35:34,674 - INFO - Logging initialized. Log file: runs/run_116/training.log
2025-12-05 23:35:34,692 - INFO - Experiment directory: runs/run_116
2025-12-05 23:35:34,693 - INFO - Setting random seeds for reproducibility (seed: 42)...
2025-12-05 23:35:34,880 - INFO - Random seeds set to 42 (deterministic=False)
2025-12-05 23:35:34,882 - INFO - Using device: cuda
2025-12-05 23:35:34,883 - INFO - Training configuration: epochs=15, warmup=3, lr=0.0005
2025-12-05 23:35:34,885 - INFO - SWIN configuration: variant=tiny, use_shifted_window=True, use_relative_bias=False
2025-12-05 23:35:34,887 - INFO - SWIN details: embed_dim=96, depths=[2, 2, 6, 2], num_heads=[3, 6, 12, 24], window_size=7
2025-12-05 23:35:34,888 - INFO - Loading dataset...
2025-12-05 23:35:34,890 - INFO - Starting ImageNet data loading from root: /
2025-12-05 23:35:34,891 - INFO - Resolved root path: /
2025-12-05 23:35:34,893 - INFO - Root path exists: True
2025-12-05 23:35:34,894 - INFO - Root path is dir: True
2025-12-05 23:35:34,899 - INFO - Contents of /: ['/.exec', '/.run', '/.shell', '/.singularity.d', '/.test', '/bin', '/boot', '/dev', '/environment', '/etc', '/home', '/lib', '/lib64', '/media', '/mnt', '/opt', '/proc', '/requirements.txt', '/root', '/run', '/sbin', '/singularity', '/srv', '/sys', '/tmp', '/usr', '/var', '/meta', '/train_set', '/train_set_small', '/val_set', '/val_set_unlabeled']
2025-12-05 23:35:34,901 - INFO - Expected train_dir: /train_set, exists: True
2025-12-05 23:35:34,902 - INFO - Expected val_dir: /val_set, exists: True
2025-12-05 23:35:41,473 - INFO - Loaded ImageNet data from /: train=1281167, val=50000
2025-12-05 23:35:41,705 - INFO - Dataset loaded: train=50000 samples (391 batches), val=5000 samples (40 batches), test=5000 samples (40 batches)
2025-12-05 23:35:45,263 - INFO - Training Swin-Tiny from scratch
2025-12-05 23:35:45,265 - INFO - Initializing model from scratch...
2025-12-05 23:35:45,266 - INFO - Model architecture: Swin-Tiny
2025-12-05 23:35:45,267 - INFO - Model config: embed_dim=96, depths=[2, 2, 6, 2], num_heads=[3, 6, 12, 24], window_size=7, use_shifted_window=True, use_relative_bias=False
2025-12-05 23:35:45,855 - INFO - Model created with random initialization
2025-12-05 23:35:45,857 - INFO - Total parameters: 28,288,354
2025-12-05 23:35:45,859 - INFO - Trainable parameters: 28,288,354
2025-12-05 23:35:46,246 - INFO - Starting from-scratch training...
2025-12-05 23:35:46,248 - INFO - Optimizer: training all model parameters
2025-12-05 23:35:46,250 - INFO - Starting training...
2025-12-06 00:00:08,321 - INFO - Epoch 1/15: LR: 0.000170
2025-12-06 00:00:08,354 - INFO - Epoch 1/15: Train Loss: 6.9086, Val Loss: 6.8331, Val Acc: 0.40%
2025-12-06 00:14:00,652 - INFO - Epoch 2/15: LR: 0.000335
2025-12-06 00:14:00,654 - INFO - Epoch 2/15: Train Loss: 6.8198, Val Loss: 6.6899, Val Acc: 0.38%
2025-12-06 00:28:16,334 - INFO - Epoch 3/15: LR: 0.000500
2025-12-06 00:28:16,357 - INFO - Epoch 3/15: Train Loss: 6.7594, Val Loss: 6.6406, Val Acc: 0.54%
2025-12-06 00:41:49,327 - INFO - Epoch 4/15: LR: 0.000491
2025-12-06 00:41:49,340 - INFO - Epoch 4/15: Train Loss: 6.7044, Val Loss: 6.6471, Val Acc: 0.50%
2025-12-06 00:55:25,140 - INFO - Epoch 5/15: LR: 0.000467
2025-12-06 00:56:43,440 - INFO - Epoch 5/15: Train Loss: 6.5933, Val Loss: 6.4666, Val Acc: 0.96%, Test Loss: 6.4666, Test Acc: 0.96%
2025-12-06 01:10:17,995 - INFO - Epoch 6/15: LR: 0.000427
2025-12-06 01:10:18,022 - INFO - Epoch 6/15: Train Loss: 6.4665, Val Loss: 6.3384, Val Acc: 1.38%
2025-12-06 01:24:01,315 - INFO - Epoch 7/15: LR: 0.000375
2025-12-06 01:24:01,359 - INFO - Epoch 7/15: Train Loss: 6.3684, Val Loss: 6.2077, Val Acc: 1.54%
2025-12-06 01:37:29,855 - INFO - Epoch 8/15: LR: 0.000315
2025-12-06 01:37:29,882 - INFO - Epoch 8/15: Train Loss: 6.2892, Val Loss: 6.1025, Val Acc: 2.14%
2025-12-06 01:51:01,499 - INFO - Epoch 9/15: LR: 0.000251
2025-12-06 01:51:01,517 - INFO - Epoch 9/15: Train Loss: 6.1972, Val Loss: 6.0713, Val Acc: 2.34%
2025-12-06 02:04:30,662 - INFO - Epoch 10/15: LR: 0.000186
2025-12-06 02:05:49,245 - INFO - Epoch 10/15: Train Loss: 6.1119, Val Loss: 5.9157, Val Acc: 2.94%, Test Loss: 5.9157, Test Acc: 2.94%
2025-12-06 02:05:49,246 - INFO - Saving checkpoint for epoch 10...
2025-12-06 02:05:50,235 - INFO - ✅ Checkpoint saved: runs/run_116/checkpoint_epoch_10.pth
2025-12-06 02:19:20,105 - INFO - Epoch 11/15: LR: 0.000126
2025-12-06 02:19:20,134 - INFO - Epoch 11/15: Train Loss: 6.0035, Val Loss: 5.8001, Val Acc: 3.46%
2025-12-06 02:32:53,470 - INFO - Epoch 12/15: LR: 0.000074
2025-12-06 02:32:53,480 - INFO - Epoch 12/15: Train Loss: 5.8965, Val Loss: 5.6935, Val Acc: 4.34%
2025-12-06 02:46:35,664 - INFO - Epoch 13/15: LR: 0.000034
2025-12-06 02:46:35,666 - INFO - Epoch 13/15: Train Loss: 5.8063, Val Loss: 5.6311, Val Acc: 5.24%
2025-12-06 03:00:20,821 - INFO - Epoch 14/15: LR: 0.000010
2025-12-06 03:00:20,834 - INFO - Epoch 14/15: Train Loss: 5.7290, Val Loss: 5.5830, Val Acc: 5.06%
2025-12-06 03:14:17,934 - INFO - Epoch 15/15: LR: 0.000001
2025-12-06 03:15:36,785 - INFO - Epoch 15/15: Train Loss: 5.6939, Val Loss: 5.5652, Val Acc: 5.12%, Test Loss: 5.5652, Test Acc: 5.12%
2025-12-06 03:15:36,787 - INFO - Training completed!
2025-12-06 03:15:36,791 - INFO - Training completed!
2025-12-06 03:15:36,792 - INFO - Generating training curves...
2025-12-06 03:15:39,852 - WARNING - Inhomogeneous shapes in per-class F1 data: [(996,), (997,), (996,), (998,), (997,), (997,), (998,), (997,), (998,), (999,), (998,), (999,), (1000,), (999,), (999,)]. Skipping per-class plotting.
2025-12-06 03:15:39,854 - INFO - Training curves saved as separate images with base name 'runs/run_116/training_curves_from_scratch'
2025-12-06 03:15:39,855 - INFO - Generating confusion matrix on test set...
