2025-12-15 13:54:36,606 - INFO - Logging initialized. Log file: runs/run_216/training.log
2025-12-15 13:54:36,627 - INFO - Experiment directory: runs/run_216
2025-12-15 13:54:36,628 - INFO - Setting random seeds for reproducibility (seed: 42)...
2025-12-15 13:54:36,677 - INFO - ✅ All seeds set to 42 (deterministic=False)
2025-12-15 13:54:37,088 - INFO - GPU memory cleared at startup. Available: 23.5GB
2025-12-15 13:54:37,089 - INFO - Using device: cuda
2025-12-15 13:54:37,090 - INFO - Training configuration: epochs=15, warmup=1, lr=0.0015
2025-12-15 13:54:37,091 - INFO - VIT configuration: {'type': 'vit', 'img_size': 224, 'patch_size': 16, 'embed_dim': 448, 'depth': 12, 'num_heads': 7, 'mlp_ratio': 4.0, 'num_classes': 1000, 'use_gradient_checkpointing': True}
2025-12-15 13:54:37,091 - INFO - Loading dataset...
2025-12-15 13:54:37,093 - INFO - Starting ImageNet data loading from root: /
2025-12-15 13:54:37,094 - INFO - Resolved root path: /
2025-12-15 13:54:37,095 - INFO - Root path exists: True
2025-12-15 13:54:37,095 - INFO - Root path is dir: True
2025-12-15 13:54:37,103 - INFO - Contents of /: ['/.exec', '/.run', '/.shell', '/.singularity.d', '/.test', '/bin', '/boot', '/dev', '/environment', '/etc', '/home', '/lib', '/lib64', '/media', '/mnt', '/opt', '/proc', '/requirements.txt', '/root', '/run', '/sbin', '/singularity', '/srv', '/sys', '/tmp', '/usr', '/var', '/meta', '/train_set', '/train_set_small', '/val_set', '/val_set_unlabeled']
2025-12-15 13:54:37,104 - INFO - Expected train_dir: /train_set, exists: True
2025-12-15 13:54:37,104 - INFO - Expected val_dir: /val_set, exists: True
2025-12-15 13:54:48,640 - INFO - Loaded ImageNet data from /: train=1281167, val=50000
2025-12-15 13:54:48,852 - INFO - Dataset loaded: train=100000 samples (782 batches), val=50000 samples (391 batches), test=50000 samples (391 batches)
2025-12-15 13:54:53,487 - INFO - Training VIT from scratch
2025-12-15 13:54:53,518 - INFO - Initializing VIT model from scratch...
2025-12-15 13:54:53,519 - INFO - Model architecture: VIT
2025-12-15 13:54:53,520 - INFO - Model config: {'type': 'vit', 'img_size': 224, 'patch_size': 16, 'embed_dim': 448, 'depth': 12, 'num_heads': 7, 'mlp_ratio': 4.0, 'num_classes': 1000, 'use_gradient_checkpointing': True}
2025-12-15 13:54:54,197 - INFO - Model created with random initialization
2025-12-15 13:54:54,198 - INFO - Total parameters: 29,854,376
2025-12-15 13:54:54,199 - INFO - Trainable parameters: 29,854,376
2025-12-15 13:54:54,259 - INFO - Starting from-scratch training...
2025-12-15 13:54:54,260 - INFO - Optimizer: training all model parameters
2025-12-15 13:54:54,263 - INFO - LR Scheduler: cosine with 1 warmup epochs
2025-12-15 13:54:54,263 - INFO - Starting training...
2025-12-15 14:30:49,244 - INFO - Epoch 1/15: LR: 0.001500
2025-12-15 14:30:49,352 - INFO - Epoch 1/15: Train Loss: 6.8510, Val Loss: 6.7194, Val Acc: 0.79%
2025-12-15 15:04:06,151 - INFO - Epoch 2/15: LR: 0.001482
2025-12-15 15:04:06,178 - INFO - Epoch 2/15: Train Loss: 6.8753, Val Loss: 6.7651, Val Acc: 0.44%
2025-12-15 15:37:00,446 - INFO - Epoch 3/15: LR: 0.001431
2025-12-15 15:37:00,504 - INFO - Epoch 3/15: Train Loss: 6.7962, Val Loss: 6.7485, Val Acc: 0.42%
2025-12-15 16:10:03,069 - INFO - Epoch 4/15: LR: 0.001347
2025-12-15 16:10:03,143 - INFO - Epoch 4/15: Train Loss: 6.7900, Val Loss: 6.7189, Val Acc: 0.50%
2025-12-15 16:43:50,566 - INFO - Epoch 5/15: LR: 0.001236
2025-12-15 16:54:11,410 - INFO - Epoch 5/15: Train Loss: 6.7875, Val Loss: 6.7157, Val Acc: 0.46%, Test Loss: 6.7157, Test Acc: 0.46%
2025-12-15 17:27:48,581 - INFO - Epoch 6/15: LR: 0.001104
2025-12-15 17:27:48,630 - INFO - Epoch 6/15: Train Loss: 6.8380, Val Loss: 6.8618, Val Acc: 0.27%
2025-12-15 18:01:53,196 - INFO - Epoch 7/15: LR: 0.000956
2025-12-15 18:01:53,295 - INFO - Epoch 7/15: Train Loss: 6.8651, Val Loss: 6.8550, Val Acc: 0.21%
2025-12-15 18:36:40,636 - INFO - Epoch 8/15: LR: 0.000800
2025-12-15 18:36:40,657 - INFO - Epoch 8/15: Train Loss: 6.8361, Val Loss: 6.7854, Val Acc: 0.41%
