2026-01-24 20:19:45,258 - INFO - Logging initialized. Log file: runs/run_252/training.log
2026-01-24 20:19:45,260 - INFO - Experiment directory: runs/run_252
2026-01-24 20:19:45,261 - INFO - Setting random seeds for reproducibility (seed: 42)...
2026-01-24 20:19:45,317 - INFO - ✅ All seeds set to 42 (deterministic=False)
2026-01-24 20:19:45,780 - INFO - GPU memory cleared at startup. Available: 23.6GB
2026-01-24 20:19:45,781 - INFO - Using device: cuda
2026-01-24 20:19:45,783 - INFO - Training configuration: epochs=2, warmup=1, lr=0.0003
2026-01-24 20:19:45,785 - INFO - SWIN configuration: variant=tiny, use_shifted_window=True, use_relative_bias=False, use_absolute_pos_embed=False, use_hierarchical_merge=False, use_gradient_checkpointing=False
2026-01-24 20:19:45,786 - INFO - SWIN details: embed_dim=96, depths=[2, 2, 6, 2], num_heads=[3, 6, 12, 24], window_size=7
2026-01-24 20:19:45,788 - INFO - Loading dataset...
2026-01-24 20:19:45,791 - INFO - Starting ImageNet data loading from root: /
2026-01-24 20:19:45,793 - INFO - Resolved root path: /
2026-01-24 20:19:45,794 - INFO - Root path exists: True
2026-01-24 20:19:45,796 - INFO - Root path is dir: True
2026-01-24 20:19:45,805 - INFO - Contents of /: ['/.exec', '/.run', '/.shell', '/.singularity.d', '/.test', '/bin', '/boot', '/dev', '/environment', '/etc', '/home', '/lib', '/lib64', '/media', '/mnt', '/opt', '/proc', '/requirements.txt', '/root', '/run', '/sbin', '/singularity', '/srv', '/sys', '/tmp', '/usr', '/var', '/meta', '/train_set', '/train_set_small', '/val_set', '/val_set_unlabeled']
2026-01-24 20:19:45,807 - INFO - Expected train_dir: /train_set, exists: True
2026-01-24 20:19:45,808 - INFO - Expected val_dir: /val_set, exists: True
2026-01-24 20:20:09,050 - INFO - Loaded ImageNet data from /: train=1281167, val=50000
2026-01-24 20:20:12,005 - INFO - Dataset limits applied (stratified sampling enabled)
2026-01-24 20:20:12,008 - INFO - Dataset loaded: train=100000 samples (782 batches), val=50000 samples (391 batches), test=50000 samples (391 batches)
2026-01-24 20:20:15,653 - INFO - Training SWIN from scratch
2026-01-24 20:20:15,655 - INFO - Initializing SWIN model from scratch...
2026-01-24 20:20:15,657 - INFO - Model architecture: SWIN
2026-01-24 20:20:15,659 - INFO - Model config: {'type': 'swin', 'variant': 'tiny', 'patch_size': 4, 'embed_dim': 96, 'depths': [2, 2, 6, 2], 'num_heads': [3, 6, 12, 24], 'window_size': 7, 'mlp_ratio': 4.0, 'dropout': 0.0, 'attention_dropout': 0.0, 'projection_dropout': 0.0, 'drop_path_rate': 0.08, 'use_shifted_window': True, 'use_relative_bias': False, 'use_absolute_pos_embed': False, 'use_hierarchical_merge': False, 'use_gradient_checkpointing': False}
2026-01-24 20:20:16,778 - INFO - Model created with random initialization
2026-01-24 20:20:16,779 - INFO - Total parameters: 28,288,354
2026-01-24 20:20:16,781 - INFO - Trainable parameters: 28,288,354
2026-01-24 20:20:16,877 - INFO - Compiling model with torch.compile()
2026-01-24 20:20:20,665 - INFO - Mixed precision enabled → CUDA bf16 selected (hardware supported)
2026-01-24 20:20:20,666 - INFO - Starting from-scratch training...
2026-01-24 20:20:20,668 - INFO - Optimizer: training all model parameters
2026-01-24 20:20:20,672 - INFO - LR Scheduler: cosine with 1 warmup epochs
2026-01-24 20:20:20,674 - INFO - Starting training...
2026-01-24 20:40:25,503 - INFO - Epoch 1/2: LR: 0.000300
2026-01-24 20:40:25,506 - INFO - Epoch 1/2: Train Loss: 6.9068, Val Loss: 6.8046, Val Acc: 0.44%
2026-01-24 20:45:56,428 - INFO - Epoch 2/2: LR: 0.000050
2026-01-24 20:45:56,441 - INFO - Epoch 2/2: Train Loss: 6.8078, Val Loss: 6.6643, Val Acc: 0.56%
2026-01-24 20:45:56,447 - INFO - Training completed!
2026-01-24 20:45:56,449 - INFO - Generating training curves...
2026-01-24 20:46:00,132 - INFO - Too many classes (1000) for per-class plotting, skipping
2026-01-24 20:46:00,134 - INFO - Training curves saved as separate images with base name 'runs/run_252/training_curves_from_scratch'
2026-01-24 20:46:00,136 - INFO - Generating confusion matrix on test set...
