2026-01-25 00:27:10,326 - INFO - Logging initialized. Log file: runs/run_254/training.log
2026-01-25 00:27:10,377 - INFO - Experiment directory: runs/run_254
2026-01-25 00:27:10,379 - INFO - Setting random seeds for reproducibility (seed: 42)...
2026-01-25 00:27:10,398 - INFO - ✅ All seeds set to 42 (deterministic=False)
2026-01-25 00:27:10,818 - INFO - GPU memory cleared at startup. Available: 23.5GB
2026-01-25 00:27:10,819 - INFO - Using device: cuda
2026-01-25 00:27:10,820 - INFO - Training configuration: epochs=20, warmup=1, lr=0.0002
2026-01-25 00:27:10,822 - INFO - SWIN_IMPROVED configuration: {'type': 'swin_improved', 'variant': 'tiny', 'patch_size': 4, 'embed_dim': None, 'depths': None, 'num_heads': None, 'window_size': 7, 'mlp_ratio': 4.0, 'dropout': 0.0, 'attention_dropout': 0.0, 'projection_dropout': 0.0, 'drop_path_rate': 0.08, 'use_shifted_window': True, 'use_relative_bias': False, 'use_absolute_pos_embed': False, 'use_hierarchical_merge': False, 'use_gradient_checkpointing': True, 'use_conv_stem': True, 'conv_stem_config': {'channels': [48, 96], 'kernel_sizes': [4, 3], 'strides': [4, 2], 'paddings': [0, 1], 'activation': 'gelu', 'use_batch_norm': True}, 'use_inverted_ffn': True, 'ffn_config': {'expand_ratio': 4, 'use_depthwise_conv': True, 'activation': 'gelu'}}
2026-01-25 00:27:10,828 - INFO - Loading dataset...
2026-01-25 00:27:10,831 - INFO - Starting ImageNet data loading from root: /
2026-01-25 00:27:10,832 - INFO - Resolved root path: /
2026-01-25 00:27:10,834 - INFO - Root path exists: True
2026-01-25 00:27:10,835 - INFO - Root path is dir: True
2026-01-25 00:27:10,841 - INFO - Contents of /: ['/.exec', '/.run', '/.shell', '/.singularity.d', '/.test', '/bin', '/boot', '/dev', '/environment', '/etc', '/home', '/lib', '/lib64', '/media', '/mnt', '/opt', '/proc', '/requirements.txt', '/root', '/run', '/sbin', '/singularity', '/srv', '/sys', '/tmp', '/usr', '/var', '/meta', '/train_set', '/train_set_small', '/val_set', '/val_set_unlabeled']
2026-01-25 00:27:10,842 - INFO - Expected train_dir: /train_set, exists: True
2026-01-25 00:27:10,844 - INFO - Expected val_dir: /val_set, exists: True
2026-01-25 00:27:22,831 - INFO - Loaded ImageNet data from /: train=1281167, val=50000
2026-01-25 00:27:23,619 - INFO - Dataset limits applied (stratified sampling enabled)
2026-01-25 00:27:23,621 - INFO - Dataset loaded: train=100000 samples (782 batches), val=50000 samples (391 batches), test=50000 samples (391 batches)
2026-01-25 00:27:24,654 - INFO - Training SWIN_IMPROVED from scratch
2026-01-25 00:27:24,656 - INFO - Initializing SWIN_IMPROVED model from scratch...
2026-01-25 00:27:24,657 - INFO - Model architecture: SWIN_IMPROVED
2026-01-25 00:27:24,658 - INFO - Model config: {'type': 'swin_improved', 'variant': 'tiny', 'patch_size': 4, 'embed_dim': None, 'depths': None, 'num_heads': None, 'window_size': 7, 'mlp_ratio': 4.0, 'dropout': 0.0, 'attention_dropout': 0.0, 'projection_dropout': 0.0, 'drop_path_rate': 0.08, 'use_shifted_window': True, 'use_relative_bias': False, 'use_absolute_pos_embed': False, 'use_hierarchical_merge': False, 'use_gradient_checkpointing': True, 'use_conv_stem': True, 'conv_stem_config': {'channels': [48, 96], 'kernel_sizes': [4, 3], 'strides': [4, 2], 'paddings': [0, 1], 'activation': 'gelu', 'use_batch_norm': True}, 'use_inverted_ffn': True, 'ffn_config': {'expand_ratio': 4, 'use_depthwise_conv': True, 'activation': 'gelu'}}
2026-01-25 00:27:24,659 - ERROR - Experiment failed with error: object of type 'NoneType' has no len()
2026-01-25 00:27:24,661 - ERROR - Full traceback:
Traceback (most recent call last):
  File "/home/pml04/swin_transformer/Machine-Learning-Project/main.py", line 237, in main
    run_from_scratch(
  File "/home/pml04/swin_transformer/Machine-Learning-Project/src/pipelines/from_scratch.py", line 245, in run_from_scratch
    model = create_model_from_scratch(device)
            ^^^^^^^^^^^^^^^^^^^^^^^^^^^^^^^^^
  File "/home/pml04/swin_transformer/Machine-Learning-Project/src/pipelines/from_scratch.py", line 66, in create_model_from_scratch
    model = create_model(model_config)
            ^^^^^^^^^^^^^^^^^^^^^^^^^^
  File "/home/pml04/swin_transformer/Machine-Learning-Project/src/models/model_factory.py", line 34, in create_model
    return create_swin_improved_model(config)
           ^^^^^^^^^^^^^^^^^^^^^^^^^^^^^^^^^^
  File "/home/pml04/swin_transformer/Machine-Learning-Project/src/models/model_factory.py", line 238, in create_swin_improved_model
    swin_encoder = SwinTransformerModel(
                   ^^^^^^^^^^^^^^^^^^^^^
  File "/home/pml04/swin_transformer/Machine-Learning-Project/src/models/swin/swin_transformer_model.py", line 89, in __init__
    assert len(depths) == len(
           ^^^^^^^^^^^
TypeError: object of type 'NoneType' has no len()
