2026-01-27 23:01:43,053 - INFO - Logging initialized. Log file: runs/run_272/training.log
2026-01-27 23:01:43,109 - INFO - Experiment directory: runs/run_272
2026-01-27 23:01:43,110 - INFO - Setting random seeds for reproducibility (seed: 42)...
2026-01-27 23:01:43,122 - INFO - ✅ All seeds set to 42 (deterministic=False)
2026-01-27 23:01:43,521 - INFO - GPU memory cleared at startup. Available: 39.2GB
2026-01-27 23:01:43,523 - INFO - Using device: cuda
2026-01-27 23:01:43,525 - INFO - Training configuration: epochs=20, warmup=4, lr=0.0002
2026-01-27 23:01:43,526 - INFO - SWIN_IMPROVED configuration: {'type': 'swin_improved', 'variant': 'tiny', 'patch_size': 4, 'embed_dim': 96, 'depths': [2, 2, 6, 2], 'num_heads': [3, 6, 12, 24], 'window_size': 7, 'mlp_ratio': 4.0, 'dropout': 0.0, 'attention_dropout': 0.0, 'projection_dropout': 0.0, 'drop_path_rate': 0.08, 'use_shifted_window': True, 'use_relative_bias': False, 'use_absolute_pos_embed': False, 'use_hierarchical_merge': False, 'use_gradient_checkpointing': True, 'use_conv_stem': True, 'conv_stem_config': {'channels': [48, 96], 'kernel_sizes': [4, 3], 'strides': [4, 2], 'paddings': [0, 1], 'activation': 'gelu', 'use_batch_norm': True}, 'use_inverted_ffn': True, 'ffn_config': {'expand_ratio': 4, 'use_depthwise_conv': True, 'activation': 'gelu'}}
2026-01-27 23:01:43,528 - INFO - Loading dataset...
2026-01-27 23:01:43,530 - INFO - Starting ImageNet data loading from root: /
2026-01-27 23:01:43,532 - INFO - Resolved root path: /
2026-01-27 23:01:43,533 - INFO - Root path exists: True
2026-01-27 23:01:43,535 - INFO - Root path is dir: True
2026-01-27 23:01:43,540 - INFO - Contents of /: ['/.exec', '/.run', '/.shell', '/.singularity.d', '/.test', '/bin', '/boot', '/dev', '/environment', '/etc', '/home', '/lib', '/lib64', '/media', '/mnt', '/opt', '/proc', '/requirements.txt', '/root', '/run', '/sbin', '/singularity', '/srv', '/sys', '/tmp', '/usr', '/var', '/meta', '/train_set', '/train_set_small', '/val_set', '/val_set_unlabeled']
2026-01-27 23:01:43,541 - INFO - Expected train_dir: /train_set, exists: True
2026-01-27 23:01:43,542 - INFO - Expected val_dir: /val_set, exists: True
2026-01-27 23:01:49,699 - INFO - Loaded ImageNet data from /: train=1281167, val=50000
2026-01-27 23:01:50,437 - INFO - Dataset limits applied (stratified sampling enabled)
2026-01-27 23:01:50,442 - INFO - Dataset loaded: train=100000 samples (782 batches), val=50000 samples (391 batches), test=50000 samples (391 batches)
2026-01-27 23:01:51,127 - INFO - Training SWIN_IMPROVED from scratch
2026-01-27 23:01:51,129 - INFO - Initializing SWIN_IMPROVED model from scratch...
2026-01-27 23:01:51,130 - INFO - Model architecture: SWIN_IMPROVED
2026-01-27 23:01:51,131 - INFO - Model config: {'type': 'swin_improved', 'variant': 'tiny', 'patch_size': 4, 'embed_dim': 96, 'depths': [2, 2, 6, 2], 'num_heads': [3, 6, 12, 24], 'window_size': 7, 'mlp_ratio': 4.0, 'dropout': 0.0, 'attention_dropout': 0.0, 'projection_dropout': 0.0, 'drop_path_rate': 0.08, 'use_shifted_window': True, 'use_relative_bias': False, 'use_absolute_pos_embed': False, 'use_hierarchical_merge': False, 'use_gradient_checkpointing': True, 'use_conv_stem': True, 'conv_stem_config': {'channels': [48, 96], 'kernel_sizes': [4, 3], 'strides': [4, 2], 'paddings': [0, 1], 'activation': 'gelu', 'use_batch_norm': True}, 'use_inverted_ffn': True, 'ffn_config': {'expand_ratio': 4, 'use_depthwise_conv': True, 'activation': 'gelu'}}
2026-01-27 23:01:51,514 - INFO - Model created with random initialization
2026-01-27 23:01:51,516 - INFO - Total parameters: 28,518,706
2026-01-27 23:01:51,518 - INFO - Trainable parameters: 28,518,706
2026-01-27 23:01:51,550 - INFO - Compiling model with torch.compile()
2026-01-27 23:01:52,939 - INFO - Mixed precision enabled → CUDA bf16 selected (hardware supported)
2026-01-27 23:01:52,940 - INFO - Starting from-scratch training...
2026-01-27 23:01:52,942 - INFO - Optimizer: training all model parameters
2026-01-27 23:01:52,944 - INFO - LR Scheduler: cosine with 4 warmup epochs
2026-01-27 23:01:52,945 - INFO - Starting training...
2026-01-27 23:02:02,284 - INFO - Processing first batch (shape: torch.Size([128, 3, 224, 224]))
2026-01-27 23:02:02,287 - INFO - Running first forward pass (torch.compile may take time)...
2026-01-27 23:03:27,067 - INFO - First forward pass complete (output shape: torch.Size([128, 1000]))
2026-01-27 23:04:39,105 - INFO - First batch complete! Loss: 7.0149
