2025-11-27 09:35:17,921 - INFO - Logging initialized. Log file: runs/run_46/training.log
2025-11-27 09:35:17,947 - INFO - Experiment directory: runs/run_46
2025-11-27 09:35:17,949 - INFO - Setting random seeds for reproducibility (seed: 42)...
2025-11-27 09:35:18,150 - INFO - Random seeds set to 42 (deterministic=False)
2025-11-27 09:35:18,151 - INFO - Using device: cuda
2025-11-27 09:35:18,152 - INFO - Training configuration: epochs=2, warmup=1, lr=0.001
2025-11-27 09:35:18,153 - INFO - Loading dataset...
2025-11-27 09:35:20,947 - INFO - Dataset loaded: train=1303, val=261, test=313 batches
2025-11-27 09:35:24,038 - INFO - Using pretrained model: swin_tiny_patch4_window7_224
2025-11-27 09:35:24,039 - INFO - Model architecture: Swin-Tiny
2025-11-27 09:35:24,040 - INFO - Initializing reference model...
2025-11-27 09:35:24,041 - INFO - Loading TIMM model: swin_tiny_patch4_window7_224 with pretrained weights
2025-11-27 09:35:24,554 - INFO - Loading pretrained weights from Hugging Face hub (timm/swin_tiny_patch4_window7_224.ms_in1k)
2025-11-27 09:35:24,784 - INFO - HTTP Request: HEAD https://huggingface.co/timm/swin_tiny_patch4_window7_224.ms_in1k/resolve/main/model.safetensors "HTTP/1.1 302 Found"
2025-11-27 09:35:24,839 - INFO - [timm/swin_tiny_patch4_window7_224.ms_in1k] Safe alternative available for 'pytorch_model.bin' (as 'model.safetensors'). Loading weights using safetensors.
2025-11-27 09:35:25,755 - INFO - Successfully loaded swin_tiny_patch4_window7_224 from TIMM
2025-11-27 09:35:25,756 - INFO - Encoder loaded: 768 output features
2025-11-27 09:35:25,758 - INFO - Created classification head: 768 -> 100 classes
2025-11-27 09:35:25,760 - INFO - Reference model created. Trainable params (head only): 78,436
2025-11-27 09:35:26,057 - INFO - Detected Swin Transformer architecture
2025-11-27 09:35:26,059 - INFO - Detected model size: tiny
2025-11-27 09:35:26,061 - INFO - Initializing custom Swin model (size: tiny)...
2025-11-27 09:35:26,062 - INFO - Custom model will match architecture: embed_dim=96, depths=[2, 2, 6, 2], num_heads=[3, 6, 12, 24]
2025-11-27 09:35:26,395 - INFO - Transferring weights from reference to custom encoder...
2025-11-27 09:35:26,397 - INFO - Weight transfer: SwinTransformer -> SwinTransformerModel
2025-11-27 09:35:26,411 - INFO - Weight transfer: 169 layers transferred.
2025-11-27 09:35:26,431 - INFO - Weight transfer completed: {'transferred': 169, 'missing': 0, 'size_mismatches': 0}
2025-11-27 09:35:26,433 - INFO - ✓ All expected weights transferred successfully
2025-11-27 09:35:26,435 - INFO - Custom model created. Trainable params (head only): 78,436
2025-11-27 09:35:26,438 - INFO - Starting reference model training...
2025-11-27 09:35:26,440 - INFO - Optimizer: training head parameters only (encoder frozen)
2025-11-27 09:35:26,442 - INFO - Starting training...
2025-11-27 09:37:37,371 - INFO - Epoch 1/2: LR: 0.001000
2025-11-27 09:37:37,372 - INFO - Epoch 1/2: Train Loss: 3.5903, Val Loss: 2.5830, Val Acc: 60.75%
2025-11-27 09:39:45,661 - INFO - Epoch 2/2: LR: 0.000000
2025-11-27 09:39:45,662 - INFO - Epoch 2/2: Train Loss: 1.2534, Val Loss: 0.9155, Val Acc: 73.05%
2025-11-27 09:39:45,663 - INFO - Training completed!
2025-11-27 09:39:45,665 - INFO - Reference model training completed!
2025-11-27 09:39:45,666 - INFO - Generating training curves...
2025-11-27 09:39:47,547 - INFO - Training curves saved as separate images with base name 'runs/run_46/training_curves_reference'
2025-11-27 09:39:47,548 - INFO - Generating confusion matrix on test set...
2025-11-27 09:40:43,641 - INFO - Performing final evaluation of reference model on test set...
2025-11-27 09:41:27,441 - INFO - Final Test Results of reference model: Loss: 0.9103, Accuracy: 73.02%
2025-11-27 09:41:27,442 - INFO - Generating LR schedule plot of reference model...
2025-11-27 09:41:27,816 - INFO - LR schedule plot saved to 'runs/run_46/lr_schedule_reference.png'
2025-11-27 09:41:27,817 - INFO - 
Final Test Results:
2025-11-27 09:41:27,818 - INFO - Loss: 0.9103
2025-11-27 09:41:27,819 - INFO - Accuracy: 73.02%
2025-11-27 09:41:27,821 - INFO - Precision: 73.64%
2025-11-27 09:41:27,822 - INFO - Recall: 73.02%
2025-11-27 09:41:27,823 - INFO - F1 Score: 72.90%
2025-11-27 09:41:27,857 - INFO - Experiment completed. Results saved to runs/run_46/results_reference.json
2025-11-27 09:41:27,860 - INFO - Experiment completed. Metadata saved to runs/run_46/metadata_reference.json
2025-11-27 09:41:28,294 - INFO - ✅ Model weights saved: trained_models/CIFAR100_final_model_reference_weights.pth
2025-11-27 09:41:28,295 - INFO - Starting custom model training...
2025-11-27 09:41:28,297 - INFO - Optimizer: training head parameters only (encoder frozen)
2025-11-27 09:41:28,298 - INFO - Starting training...
2025-11-27 09:43:38,083 - INFO - Epoch 1/2: LR: 0.001000
2025-11-27 09:43:38,084 - INFO - Epoch 1/2: Train Loss: 3.5705, Val Loss: 2.5348, Val Acc: 60.05%
2025-11-27 09:45:47,422 - INFO - Epoch 2/2: LR: 0.000000
2025-11-27 09:45:47,424 - INFO - Epoch 2/2: Train Loss: 1.2540, Val Loss: 0.9201, Val Acc: 72.45%
2025-11-27 09:45:47,425 - INFO - Training completed!
2025-11-27 09:45:47,427 - INFO - Custom model training completed!
2025-11-27 09:45:47,428 - INFO - Generating training curves...
2025-11-27 09:45:49,290 - INFO - Training curves saved as separate images with base name 'runs/run_46/training_curves_custom'
2025-11-27 09:45:49,291 - INFO - Generating confusion matrix on test set...
2025-11-27 09:46:45,097 - INFO - Performing final evaluation of custom model on test set...
2025-11-27 09:47:29,042 - INFO - Final Test Results of custom model: Loss: 0.9153, Accuracy: 73.27%
2025-11-27 09:47:29,043 - INFO - Generating LR schedule plot of custom model...
2025-11-27 09:47:29,377 - INFO - LR schedule plot saved to 'runs/run_46/lr_schedule_custom.png'
2025-11-27 09:47:29,379 - INFO - 
Final Test Results:
2025-11-27 09:47:29,380 - INFO - Loss: 0.9153
2025-11-27 09:47:29,381 - INFO - Accuracy: 73.27%
2025-11-27 09:47:29,383 - INFO - Precision: 74.48%
2025-11-27 09:47:29,384 - INFO - Recall: 73.27%
2025-11-27 09:47:29,386 - INFO - F1 Score: 73.18%
2025-11-27 09:47:29,392 - INFO - Experiment completed. Results saved to runs/run_46/results_custom.json
2025-11-27 09:47:29,396 - INFO - Experiment completed. Metadata saved to runs/run_46/metadata_custom.json
2025-11-27 09:47:29,684 - INFO - ✅ Model weights saved: trained_models/CIFAR100_final_model_custom_weights.pth
2025-11-27 09:47:29,686 - INFO - === MODEL COMPARISON RESULTS (linear_probe on CIFAR100) ===
2025-11-27 09:47:29,687 - INFO - Reference (TIMM): 73.02%
2025-11-27 09:47:29,688 - INFO - Custom          : 73.27%
2025-11-27 09:47:29,690 - INFO - Difference      : 0.25%
2025-11-27 09:47:29,693 - INFO - linear_probe experiment completed successfully!
