2025-12-06 21:16:07,113 - INFO - Logging initialized. Log file: runs/run_123/training.log
2025-12-06 21:16:07,115 - INFO - Experiment directory: runs/run_123
2025-12-06 21:16:07,117 - INFO - Setting random seeds for reproducibility (seed: 42)...
2025-12-06 21:16:07,250 - INFO - Random seeds set to 42 (deterministic=False)
2025-12-06 21:16:07,252 - INFO - Using device: cuda
2025-12-06 21:16:07,253 - INFO - Training configuration: epochs=20, warmup=3, lr=0.0005
2025-12-06 21:16:07,255 - INFO - SWIN configuration: variant=tiny, use_shifted_window=True, use_relative_bias=True, use_absolute_pos_embed=True
2025-12-06 21:16:07,257 - INFO - SWIN details: embed_dim=96, depths=[2, 2, 6, 2], num_heads=[3, 6, 12, 24], window_size=7
2025-12-06 21:16:07,258 - INFO - Loading dataset...
2025-12-06 21:16:07,261 - INFO - Starting ImageNet data loading from root: /
2025-12-06 21:16:07,262 - INFO - Resolved root path: /
2025-12-06 21:16:07,264 - INFO - Root path exists: True
2025-12-06 21:16:07,266 - INFO - Root path is dir: True
2025-12-06 21:16:07,272 - INFO - Contents of /: ['/.exec', '/.run', '/.shell', '/.singularity.d', '/.test', '/bin', '/boot', '/dev', '/environment', '/etc', '/home', '/lib', '/lib64', '/media', '/mnt', '/opt', '/proc', '/requirements.txt', '/root', '/run', '/sbin', '/singularity', '/srv', '/sys', '/tmp', '/usr', '/var', '/meta', '/train_set', '/train_set_small', '/val_set', '/val_set_unlabeled']
2025-12-06 21:16:07,273 - INFO - Expected train_dir: /train_set, exists: True
2025-12-06 21:16:07,275 - INFO - Expected val_dir: /val_set, exists: True
2025-12-06 21:16:13,582 - INFO - Loaded ImageNet data from /: train=1281167, val=50000
2025-12-06 21:16:13,702 - INFO - Dataset loaded: train=50000 samples (391 batches), val=5000 samples (40 batches), test=5000 samples (40 batches)
2025-12-06 21:16:15,560 - INFO - Training Swin-Tiny from scratch
2025-12-06 21:16:15,562 - INFO - Initializing model from scratch...
2025-12-06 21:16:15,563 - INFO - Model architecture: Swin-Tiny
2025-12-06 21:16:15,565 - INFO - Model config: embed_dim=96, depths=[2, 2, 6, 2], num_heads=[3, 6, 12, 24], window_size=7, use_shifted_window=True, use_relative_bias=True, use_absolute_pos_embed=True
2025-12-06 21:16:16,072 - INFO - Model created with random initialization
2025-12-06 21:16:16,074 - INFO - Total parameters: 28,589,410
2025-12-06 21:16:16,076 - INFO - Trainable parameters: 28,589,410
2025-12-06 21:16:16,410 - INFO - Starting from-scratch training...
2025-12-06 21:16:16,412 - INFO - Optimizer: training all model parameters
2025-12-06 21:16:16,415 - INFO - Starting training...
2025-12-06 21:31:24,886 - INFO - Epoch 1/20: LR: 0.000170
2025-12-06 21:31:24,888 - INFO - Epoch 1/20: Train Loss: 6.9038, Val Loss: 6.8299, Val Acc: 0.34%
2025-12-06 21:45:21,876 - INFO - Epoch 2/20: LR: 0.000335
2025-12-06 21:45:21,877 - INFO - Epoch 2/20: Train Loss: 6.8210, Val Loss: 6.6959, Val Acc: 0.68%
2025-12-06 21:59:43,609 - INFO - Epoch 3/20: LR: 0.000500
2025-12-06 21:59:43,611 - INFO - Epoch 3/20: Train Loss: 6.7388, Val Loss: 6.6154, Val Acc: 0.64%
2025-12-06 22:13:38,821 - INFO - Epoch 4/20: LR: 0.000496
2025-12-06 22:13:38,823 - INFO - Epoch 4/20: Train Loss: 6.6238, Val Loss: 6.4872, Val Acc: 0.70%
2025-12-06 22:27:25,802 - INFO - Epoch 5/20: LR: 0.000483
2025-12-06 22:28:45,539 - INFO - Epoch 5/20: Train Loss: 6.4873, Val Loss: 6.3355, Val Acc: 0.98%, Test Loss: 6.3355, Test Acc: 0.98%
2025-12-06 22:42:32,175 - INFO - Epoch 6/20: LR: 0.000463
2025-12-06 22:42:32,177 - INFO - Epoch 6/20: Train Loss: 6.3582, Val Loss: 6.1654, Val Acc: 1.78%
2025-12-06 22:56:21,519 - INFO - Epoch 7/20: LR: 0.000435
2025-12-06 22:56:21,521 - INFO - Epoch 7/20: Train Loss: 6.2685, Val Loss: 6.0950, Val Acc: 2.14%
2025-12-06 23:10:10,853 - INFO - Epoch 8/20: LR: 0.000401
2025-12-06 23:10:10,855 - INFO - Epoch 8/20: Train Loss: 6.1828, Val Loss: 5.9836, Val Acc: 2.36%
2025-12-06 23:23:57,103 - INFO - Epoch 9/20: LR: 0.000362
2025-12-06 23:23:57,105 - INFO - Epoch 9/20: Train Loss: 6.1077, Val Loss: 5.8974, Val Acc: 2.64%
2025-12-06 23:37:43,678 - INFO - Epoch 10/20: LR: 0.000319
2025-12-06 23:39:04,271 - INFO - Epoch 10/20: Train Loss: 6.0195, Val Loss: 5.8067, Val Acc: 3.22%, Test Loss: 5.8067, Test Acc: 3.22%
2025-12-06 23:39:04,273 - INFO - Saving checkpoint for epoch 10...
2025-12-06 23:39:05,108 - INFO - ✅ Checkpoint saved: runs/run_123/checkpoint_epoch_10.pth
2025-12-06 23:52:54,149 - INFO - Epoch 11/20: LR: 0.000274
2025-12-06 23:52:54,161 - INFO - Epoch 11/20: Train Loss: 5.9354, Val Loss: 5.7150, Val Acc: 3.64%
2025-12-07 00:06:39,456 - INFO - Epoch 12/20: LR: 0.000227
2025-12-07 00:06:39,459 - INFO - Epoch 12/20: Train Loss: 5.8319, Val Loss: 5.6514, Val Acc: 4.04%
2025-12-07 00:20:23,136 - INFO - Epoch 13/20: LR: 0.000182
2025-12-07 00:20:23,138 - INFO - Epoch 13/20: Train Loss: 5.7450, Val Loss: 5.4820, Val Acc: 5.54%
2025-12-07 00:34:07,893 - INFO - Epoch 14/20: LR: 0.000139
2025-12-07 00:34:07,896 - INFO - Epoch 14/20: Train Loss: 5.6420, Val Loss: 5.4045, Val Acc: 6.28%
2025-12-07 00:48:00,777 - INFO - Epoch 15/20: LR: 0.000100
2025-12-07 00:49:20,565 - INFO - Epoch 15/20: Train Loss: 5.5518, Val Loss: 5.3374, Val Acc: 6.80%, Test Loss: 5.3374, Test Acc: 6.80%
2025-12-07 01:03:16,239 - INFO - Epoch 16/20: LR: 0.000066
2025-12-07 01:03:16,241 - INFO - Epoch 16/20: Train Loss: 5.4679, Val Loss: 5.2619, Val Acc: 7.34%
2025-12-07 01:17:10,973 - INFO - Epoch 17/20: LR: 0.000038
2025-12-07 01:17:10,975 - INFO - Epoch 17/20: Train Loss: 5.3943, Val Loss: 5.1833, Val Acc: 8.08%
2025-12-07 01:31:02,862 - INFO - Epoch 18/20: LR: 0.000018
2025-12-07 01:31:02,864 - INFO - Epoch 18/20: Train Loss: 5.3410, Val Loss: 5.1491, Val Acc: 8.50%
2025-12-07 01:44:50,168 - INFO - Epoch 19/20: LR: 0.000005
2025-12-07 01:44:50,170 - INFO - Epoch 19/20: Train Loss: 5.3009, Val Loss: 5.1295, Val Acc: 8.64%
2025-12-07 01:58:33,491 - INFO - Epoch 20/20: LR: 0.000001
2025-12-07 01:59:53,399 - INFO - Epoch 20/20: Train Loss: 5.2851, Val Loss: 5.1214, Val Acc: 8.60%, Test Loss: 5.1214, Test Acc: 8.60%
2025-12-07 01:59:53,401 - INFO - Saving checkpoint for epoch 20...
2025-12-07 01:59:54,141 - INFO - ✅ Checkpoint saved: runs/run_123/checkpoint_epoch_20.pth
2025-12-07 01:59:54,143 - INFO - Training completed!
2025-12-07 01:59:54,144 - INFO - Training completed!
2025-12-07 01:59:54,146 - INFO - Generating training curves...
2025-12-07 01:59:55,721 - WARNING - Inhomogeneous shapes in per-class F1 data: [(997,), (996,), (996,), (996,), (997,), (998,), (998,), (998,), (999,), (998,), (998,), (999,), (998,), (999,), (999,), (999,), (999,), (1000,), (1000,), (1000,)]. Skipping per-class plotting.
2025-12-07 01:59:55,723 - INFO - Training curves saved as separate images with base name 'runs/run_123/training_curves_from_scratch'
2025-12-07 01:59:55,724 - INFO - Generating confusion matrix on test set...
