2026-01-28 21:41:09,168 - INFO - Logging initialized. Log file: runs/run_280/training.log
2026-01-28 21:41:09,184 - INFO - Experiment directory: runs/run_280
2026-01-28 21:41:09,184 - INFO - Setting random seeds for reproducibility (seed: 42)...
2026-01-28 21:41:09,199 - INFO - ✅ All seeds set to 42 (deterministic=False)
2026-01-28 21:41:09,554 - INFO - GPU memory cleared at startup. Available: 23.5GB
2026-01-28 21:41:09,555 - INFO - Using device: cuda
2026-01-28 21:41:09,555 - INFO - Training configuration: epochs=20, warmup=4, lr=0.0002
2026-01-28 21:41:09,556 - INFO - SWIN_IMPROVED configuration: {'type': 'swin_improved', 'variant': 'tiny', 'patch_size': 4, 'embed_dim': 96, 'depths': [2, 2, 6, 2], 'num_heads': [3, 6, 12, 24], 'window_size': 7, 'mlp_ratio': 4.0, 'dropout': 0.0, 'attention_dropout': 0.0, 'projection_dropout': 0.0, 'drop_path_rate': 0.08, 'use_shifted_window': True, 'use_relative_bias': False, 'use_absolute_pos_embed': False, 'use_hierarchical_merge': False, 'use_gradient_checkpointing': False, 'use_conv_stem': True, 'conv_stem_config': {'channels': [48, 96], 'kernel_sizes': [4, 3], 'strides': [4, 2], 'paddings': [0, 1], 'activation': 'gelu', 'use_batch_norm': True}, 'use_inverted_ffn': True, 'ffn_config': {'expand_ratio': 4, 'use_depthwise_conv': True, 'activation': 'gelu'}}
2026-01-28 21:41:09,556 - INFO - Loading dataset...
2026-01-28 21:41:09,558 - INFO - Starting ImageNet data loading from root: /
2026-01-28 21:41:09,559 - INFO - Resolved root path: /
2026-01-28 21:41:09,560 - INFO - Root path exists: True
2026-01-28 21:41:09,560 - INFO - Root path is dir: True
2026-01-28 21:41:09,564 - INFO - Contents of /: ['/.exec', '/.run', '/.shell', '/.singularity.d', '/.test', '/bin', '/boot', '/dev', '/environment', '/etc', '/home', '/lib', '/lib64', '/media', '/mnt', '/opt', '/proc', '/requirements.txt', '/root', '/run', '/sbin', '/singularity', '/srv', '/sys', '/tmp', '/usr', '/var', '/meta', '/train_set', '/train_set_small', '/val_set', '/val_set_unlabeled']
2026-01-28 21:41:09,564 - INFO - Expected train_dir: /train_set, exists: True
2026-01-28 21:41:09,565 - INFO - Expected val_dir: /val_set, exists: True
2026-01-28 21:41:15,512 - INFO - Loaded ImageNet data from /: train=1281167, val=50000
2026-01-28 21:41:16,287 - INFO - Dataset limits applied (stratified sampling enabled)
2026-01-28 21:41:16,292 - INFO - Dataset loaded: train=100000 samples (782 batches), val=50000 samples (391 batches), test=50000 samples (391 batches)
2026-01-28 21:41:17,089 - INFO - Training SWIN_IMPROVED from scratch
2026-01-28 21:41:17,091 - INFO - Initializing SWIN_IMPROVED model from scratch...
2026-01-28 21:41:17,091 - INFO - Model architecture: SWIN_IMPROVED
2026-01-28 21:41:17,092 - INFO - Model config: {'type': 'swin_improved', 'variant': 'tiny', 'patch_size': 4, 'embed_dim': 96, 'depths': [2, 2, 6, 2], 'num_heads': [3, 6, 12, 24], 'window_size': 7, 'mlp_ratio': 4.0, 'dropout': 0.0, 'attention_dropout': 0.0, 'projection_dropout': 0.0, 'drop_path_rate': 0.08, 'use_shifted_window': True, 'use_relative_bias': False, 'use_absolute_pos_embed': False, 'use_hierarchical_merge': False, 'use_gradient_checkpointing': False, 'use_conv_stem': True, 'conv_stem_config': {'channels': [48, 96], 'kernel_sizes': [4, 3], 'strides': [4, 2], 'paddings': [0, 1], 'activation': 'gelu', 'use_batch_norm': True}, 'use_inverted_ffn': True, 'ffn_config': {'expand_ratio': 4, 'use_depthwise_conv': True, 'activation': 'gelu'}}
2026-01-28 21:41:17,519 - INFO - Model created with random initialization
2026-01-28 21:41:17,520 - INFO - Total parameters: 28,518,706
2026-01-28 21:41:17,521 - INFO - Trainable parameters: 28,518,706
2026-01-28 21:41:17,569 - INFO - Mixed precision enabled → CUDA bf16 selected (hardware supported)
2026-01-28 21:41:17,570 - INFO - Starting from-scratch training...
2026-01-28 21:41:17,571 - INFO - Optimizer: training all model parameters
2026-01-28 21:41:17,573 - INFO - LR Scheduler: cosine with 4 warmup epochs
2026-01-28 21:41:17,574 - INFO - Starting training...
