2025-12-08 23:11:28,502 - INFO - Logging initialized. Log file: runs/run_131/training.log
2025-12-08 23:11:28,515 - INFO - Experiment directory: runs/run_131
2025-12-08 23:11:28,517 - INFO - Setting random seeds for reproducibility (seed: 42)...
2025-12-08 23:11:28,647 - INFO - Random seeds set to 42 (deterministic=False)
2025-12-08 23:11:28,648 - INFO - Using device: cuda
2025-12-08 23:11:28,650 - INFO - Training configuration: epochs=20, warmup=3, lr=0.0005
2025-12-08 23:11:28,651 - INFO - SWIN configuration: variant=tiny, use_shifted_window=True, use_relative_bias=True, use_absolute_pos_embed=True, use_hierarchical_merge=False
2025-12-08 23:11:28,653 - INFO - SWIN details: embed_dim=96, depths=[2, 2, 6, 2], num_heads=[3, 6, 12, 24], window_size=7
2025-12-08 23:11:28,654 - INFO - Loading dataset...
2025-12-08 23:11:28,656 - INFO - Starting ImageNet data loading from root: /
2025-12-08 23:11:28,658 - INFO - Resolved root path: /
2025-12-08 23:11:28,659 - INFO - Root path exists: True
2025-12-08 23:11:28,660 - INFO - Root path is dir: True
2025-12-08 23:11:28,665 - INFO - Contents of /: ['/.exec', '/.run', '/.shell', '/.singularity.d', '/.test', '/bin', '/boot', '/dev', '/environment', '/etc', '/home', '/lib', '/lib64', '/media', '/mnt', '/opt', '/proc', '/requirements.txt', '/root', '/run', '/sbin', '/singularity', '/srv', '/sys', '/tmp', '/usr', '/var', '/meta', '/train_set', '/train_set_small', '/val_set', '/val_set_unlabeled']
2025-12-08 23:11:28,666 - INFO - Expected train_dir: /train_set, exists: True
2025-12-08 23:11:28,667 - INFO - Expected val_dir: /val_set, exists: True
2025-12-08 23:11:34,877 - INFO - Loaded ImageNet data from /: train=1281167, val=50000
2025-12-08 23:11:34,992 - INFO - Dataset loaded: train=50000 samples (391 batches), val=5000 samples (40 batches), test=5000 samples (40 batches)
2025-12-08 23:11:36,945 - INFO - Training Swin-Tiny from scratch
2025-12-08 23:11:36,946 - INFO - Initializing model from scratch...
2025-12-08 23:11:36,947 - INFO - Model architecture: Swin-Tiny
2025-12-08 23:11:36,948 - INFO - Model config: embed_dim=96, depths=[2, 2, 6, 2], num_heads=[3, 6, 12, 24], window_size=7, use_shifted_window=True, use_relative_bias=True, use_absolute_pos_embed=True, use_hierarchical_merge=False
2025-12-08 23:11:37,436 - INFO - Model created with random initialization
2025-12-08 23:11:37,438 - INFO - Total parameters: 28,589,410
2025-12-08 23:11:37,439 - INFO - Trainable parameters: 28,589,410
2025-12-08 23:11:37,811 - INFO - Starting from-scratch training...
2025-12-08 23:11:37,813 - INFO - Optimizer: training all model parameters
2025-12-08 23:11:37,815 - INFO - Starting training...
2025-12-08 23:26:56,019 - INFO - Epoch 1/20: LR: 0.000170
2025-12-08 23:26:56,020 - INFO - Epoch 1/20: Train Loss: 6.9038, Val Loss: 6.8299, Val Acc: 0.34%
2025-12-08 23:53:09,157 - INFO - Epoch 2/20: LR: 0.000335
2025-12-08 23:53:09,173 - INFO - Epoch 2/20: Train Loss: 6.8209, Val Loss: 6.7064, Val Acc: 0.64%
2025-12-09 00:07:34,682 - INFO - Epoch 3/20: LR: 0.000500
2025-12-09 00:07:34,684 - INFO - Epoch 3/20: Train Loss: 6.7500, Val Loss: 6.6338, Val Acc: 0.54%
2025-12-09 00:21:49,460 - INFO - Epoch 4/20: LR: 0.000496
2025-12-09 00:21:49,474 - INFO - Epoch 4/20: Train Loss: 6.6670, Val Loss: 6.5102, Val Acc: 0.62%
2025-12-09 00:35:57,928 - INFO - Epoch 5/20: LR: 0.000483
2025-12-09 00:37:19,290 - INFO - Epoch 5/20: Train Loss: 6.5955, Val Loss: 6.5955, Val Acc: 1.06%, Test Loss: 6.5955, Test Acc: 1.06%
2025-12-09 00:51:28,455 - INFO - Epoch 6/20: LR: 0.000463
2025-12-09 00:51:28,467 - INFO - Epoch 6/20: Train Loss: 6.7839, Val Loss: 6.9949, Val Acc: 0.10%
2025-12-09 01:05:30,857 - INFO - Epoch 7/20: LR: 0.000435
2025-12-09 01:05:30,858 - INFO - Epoch 7/20: Train Loss: 6.8870, Val Loss: 6.8860, Val Acc: 0.24%
2025-12-09 01:19:32,487 - INFO - Epoch 8/20: LR: 0.000401
2025-12-09 01:19:32,499 - INFO - Epoch 8/20: Train Loss: 6.9065, Val Loss: 6.9080, Val Acc: 0.06%
2025-12-09 01:33:34,132 - INFO - Epoch 9/20: LR: 0.000362
2025-12-09 01:33:34,177 - INFO - Epoch 9/20: Train Loss: 6.8868, Val Loss: 6.8680, Val Acc: 0.14%
2025-12-09 01:47:35,647 - INFO - Epoch 10/20: LR: 0.000319
2025-12-09 01:48:55,682 - INFO - Epoch 10/20: Train Loss: 6.8814, Val Loss: 6.8799, Val Acc: 0.16%, Test Loss: 6.8799, Test Acc: 0.16%
2025-12-09 01:48:55,710 - INFO - Saving checkpoint for epoch 10...
2025-12-09 01:48:56,673 - INFO - ✅ Checkpoint saved: runs/run_131/checkpoint_epoch_10.pth
2025-12-09 02:03:04,000 - INFO - Epoch 11/20: LR: 0.000274
2025-12-09 02:03:04,013 - INFO - Epoch 11/20: Train Loss: 6.8700, Val Loss: 6.8701, Val Acc: 0.28%
2025-12-09 02:17:11,722 - INFO - Epoch 12/20: LR: 0.000227
2025-12-09 02:17:11,735 - INFO - Epoch 12/20: Train Loss: 6.8743, Val Loss: 6.8834, Val Acc: 0.26%
2025-12-09 02:31:13,280 - INFO - Epoch 13/20: LR: 0.000182
2025-12-09 02:31:13,461 - INFO - Epoch 13/20: Train Loss: 6.8883, Val Loss: 6.8929, Val Acc: 0.18%
2025-12-09 02:45:18,845 - INFO - Epoch 14/20: LR: 0.000139
2025-12-09 02:45:18,854 - INFO - Epoch 14/20: Train Loss: 6.8743, Val Loss: 6.8730, Val Acc: 0.06%
2025-12-09 02:59:18,231 - INFO - Epoch 15/20: LR: 0.000100
2025-12-09 03:00:39,254 - INFO - Epoch 15/20: Train Loss: 6.8642, Val Loss: 6.8659, Val Acc: 0.30%, Test Loss: 6.8659, Test Acc: 0.30%
2025-12-09 03:14:50,455 - INFO - Epoch 16/20: LR: 0.000066
2025-12-09 03:14:50,497 - INFO - Epoch 16/20: Train Loss: 6.8746, Val Loss: 6.8891, Val Acc: 0.10%
2025-12-09 03:29:02,307 - INFO - Epoch 17/20: LR: 0.000038
2025-12-09 03:29:02,316 - INFO - Epoch 17/20: Train Loss: 6.8821, Val Loss: 6.8914, Val Acc: 0.08%
2025-12-09 03:43:18,941 - INFO - Epoch 18/20: LR: 0.000018
2025-12-09 03:43:18,966 - INFO - Epoch 18/20: Train Loss: 6.8788, Val Loss: 6.8876, Val Acc: 0.16%
2025-12-09 03:57:36,271 - INFO - Epoch 19/20: LR: 0.000005
2025-12-09 03:57:36,291 - INFO - Epoch 19/20: Train Loss: 6.8765, Val Loss: 6.8884, Val Acc: 0.14%
