2026-01-27 21:56:17,256 - INFO - Logging initialized. Log file: runs/run_269/training.log
2026-01-27 21:56:17,276 - INFO - Experiment directory: runs/run_269
2026-01-27 21:56:17,278 - INFO - Setting random seeds for reproducibility (seed: 42)...
2026-01-27 21:56:17,290 - INFO - ✅ All seeds set to 42 (deterministic=False)
2026-01-27 21:56:17,696 - INFO - GPU memory cleared at startup. Available: 39.2GB
2026-01-27 21:56:17,698 - INFO - Using device: cuda
2026-01-27 21:56:17,700 - INFO - Training configuration: epochs=20, warmup=4, lr=0.0002
2026-01-27 21:56:17,702 - INFO - SWIN configuration: variant=tiny, use_shifted_window=True, use_relative_bias=False, use_absolute_pos_embed=False, use_hierarchical_merge=False, use_gradient_checkpointing=True
2026-01-27 21:56:17,703 - INFO - SWIN details: embed_dim=96, depths=[2, 2, 6, 2], num_heads=[3, 6, 12, 24], window_size=7
2026-01-27 21:56:17,706 - INFO - Loading dataset...
2026-01-27 21:56:17,708 - INFO - Starting ImageNet data loading from root: /
2026-01-27 21:56:17,710 - INFO - Resolved root path: /
2026-01-27 21:56:17,711 - INFO - Root path exists: True
2026-01-27 21:56:17,713 - INFO - Root path is dir: True
2026-01-27 21:56:17,718 - INFO - Contents of /: ['/.exec', '/.run', '/.shell', '/.singularity.d', '/.test', '/bin', '/boot', '/dev', '/environment', '/etc', '/home', '/lib', '/lib64', '/media', '/mnt', '/opt', '/proc', '/requirements.txt', '/root', '/run', '/sbin', '/singularity', '/srv', '/sys', '/tmp', '/usr', '/var', '/meta', '/train_set', '/train_set_small', '/val_set', '/val_set_unlabeled']
2026-01-27 21:56:17,720 - INFO - Expected train_dir: /train_set, exists: True
2026-01-27 21:56:17,721 - INFO - Expected val_dir: /val_set, exists: True
2026-01-27 21:56:23,820 - INFO - Loaded ImageNet data from /: train=1281167, val=50000
2026-01-27 21:56:24,598 - INFO - Dataset limits applied (stratified sampling enabled)
2026-01-27 21:56:24,602 - INFO - Dataset loaded: train=100000 samples (782 batches), val=50000 samples (391 batches), test=50000 samples (391 batches)
2026-01-27 21:56:25,319 - INFO - Training SWIN from scratch
2026-01-27 21:56:25,320 - INFO - Initializing SWIN model from scratch...
2026-01-27 21:56:25,321 - INFO - Model architecture: SWIN
2026-01-27 21:56:25,323 - INFO - Model config: {'type': 'swin', 'variant': 'tiny', 'patch_size': 4, 'embed_dim': 96, 'depths': [2, 2, 6, 2], 'num_heads': [3, 6, 12, 24], 'window_size': 7, 'mlp_ratio': 4.0, 'dropout': 0.0, 'attention_dropout': 0.0, 'projection_dropout': 0.0, 'drop_path_rate': 0.08, 'use_shifted_window': True, 'use_relative_bias': False, 'use_absolute_pos_embed': False, 'use_hierarchical_merge': False, 'use_gradient_checkpointing': True}
2026-01-27 21:56:25,633 - INFO - Model created with random initialization
2026-01-27 21:56:25,634 - INFO - Total parameters: 28,288,354
2026-01-27 21:56:25,635 - INFO - Trainable parameters: 28,288,354
2026-01-27 21:56:25,664 - INFO - Compiling model with torch.compile()
2026-01-27 21:56:27,090 - INFO - Mixed precision enabled → CUDA bf16 selected (hardware supported)
2026-01-27 21:56:27,091 - INFO - Starting from-scratch training...
2026-01-27 21:56:27,092 - INFO - Optimizer: training all model parameters
2026-01-27 21:56:27,095 - INFO - LR Scheduler: cosine with 4 warmup epochs
2026-01-27 21:56:27,096 - INFO - Starting training...
