2025-12-07 18:23:46,527 - INFO - Logging initialized. Log file: runs/run_127/training.log
2025-12-07 18:23:46,549 - INFO - Experiment directory: runs/run_127
2025-12-07 18:23:46,550 - INFO - Setting random seeds for reproducibility (seed: 42)...
2025-12-07 18:23:47,937 - INFO - Random seeds set to 42 (deterministic=False)
2025-12-07 18:23:47,939 - INFO - Using device: cuda
2025-12-07 18:23:47,940 - INFO - Training configuration: epochs=20, warmup=3, lr=0.0005
2025-12-07 18:23:47,941 - INFO - SWIN configuration: variant=tiny, use_shifted_window=True, use_relative_bias=True, use_absolute_pos_embed=False, use_hierarchical_merge=True
2025-12-07 18:23:47,942 - INFO - SWIN details: embed_dim=96, depths=[2, 2, 6, 2], num_heads=[3, 6, 12, 24], window_size=7
2025-12-07 18:23:47,944 - INFO - Loading dataset...
2025-12-07 18:23:47,946 - INFO - Starting ImageNet data loading from root: /
2025-12-07 18:23:47,947 - INFO - Resolved root path: /
2025-12-07 18:23:47,949 - INFO - Root path exists: True
2025-12-07 18:23:47,951 - INFO - Root path is dir: True
2025-12-07 18:23:47,956 - INFO - Contents of /: ['/.exec', '/.run', '/.shell', '/.singularity.d', '/.test', '/bin', '/boot', '/dev', '/environment', '/etc', '/home', '/lib', '/lib64', '/media', '/mnt', '/opt', '/proc', '/requirements.txt', '/root', '/run', '/sbin', '/singularity', '/srv', '/sys', '/tmp', '/usr', '/var', '/meta', '/train_set', '/train_set_small', '/val_set', '/val_set_unlabeled']
2025-12-07 18:23:47,957 - INFO - Expected train_dir: /train_set, exists: True
2025-12-07 18:23:47,959 - INFO - Expected val_dir: /val_set, exists: True
2025-12-07 18:23:54,335 - INFO - Loaded ImageNet data from /: train=1281167, val=50000
2025-12-07 18:23:54,457 - INFO - Dataset loaded: train=50000 samples (391 batches), val=5000 samples (40 batches), test=5000 samples (40 batches)
2025-12-07 18:23:56,574 - INFO - Training Swin-Tiny from scratch
2025-12-07 18:23:56,576 - INFO - Initializing model from scratch...
2025-12-07 18:23:56,578 - INFO - Model architecture: Swin-Tiny
2025-12-07 18:23:56,580 - INFO - Model config: embed_dim=96, depths=[2, 2, 6, 2], num_heads=[3, 6, 12, 24], window_size=7, use_shifted_window=True, use_relative_bias=True, use_absolute_pos_embed=False, use_hierarchical_merge=True
2025-12-07 18:23:56,758 - INFO - Model created with random initialization
2025-12-07 18:23:56,760 - INFO - Total parameters: 1,699,660
2025-12-07 18:23:56,761 - INFO - Trainable parameters: 1,699,660
2025-12-07 18:23:57,073 - INFO - Starting from-scratch training...
2025-12-07 18:23:57,075 - INFO - Optimizer: training all model parameters
2025-12-07 18:23:57,078 - INFO - Starting training...
2025-12-07 18:43:19,371 - INFO - Epoch 1/20: LR: 0.000170
2025-12-07 18:43:19,373 - INFO - Epoch 1/20: Train Loss: 6.9315, Val Loss: 6.9095, Val Acc: 0.16%
2025-12-07 19:02:59,667 - INFO - Epoch 2/20: LR: 0.000335
2025-12-07 19:02:59,682 - INFO - Epoch 2/20: Train Loss: 6.8779, Val Loss: 6.7960, Val Acc: 0.32%
2025-12-07 19:24:52,467 - INFO - Epoch 3/20: LR: 0.000500
2025-12-07 19:24:52,519 - INFO - Epoch 3/20: Train Loss: 6.7907, Val Loss: 6.7163, Val Acc: 0.42%
2025-12-07 19:42:44,936 - INFO - Epoch 4/20: LR: 0.000496
2025-12-07 19:42:44,980 - INFO - Epoch 4/20: Train Loss: 6.7460, Val Loss: 6.7000, Val Acc: 0.32%
2025-12-07 20:00:41,671 - INFO - Epoch 5/20: LR: 0.000483
2025-12-07 20:02:16,716 - INFO - Epoch 5/20: Train Loss: 6.6801, Val Loss: 6.6072, Val Acc: 0.62%, Test Loss: 6.6072, Test Acc: 0.62%
2025-12-07 20:20:09,437 - INFO - Epoch 6/20: LR: 0.000463
2025-12-07 20:20:09,472 - INFO - Epoch 6/20: Train Loss: 6.5466, Val Loss: 6.4388, Val Acc: 0.40%
2025-12-07 20:37:56,404 - INFO - Epoch 7/20: LR: 0.000435
2025-12-07 20:37:56,406 - INFO - Epoch 7/20: Train Loss: 6.4333, Val Loss: 6.3658, Val Acc: 0.78%
2025-12-07 20:55:37,573 - INFO - Epoch 8/20: LR: 0.000401
2025-12-07 20:55:37,575 - INFO - Epoch 8/20: Train Loss: 6.3394, Val Loss: 6.2549, Val Acc: 0.92%
2025-12-07 21:13:12,827 - INFO - Epoch 9/20: LR: 0.000362
2025-12-07 21:13:12,829 - INFO - Epoch 9/20: Train Loss: 6.2777, Val Loss: 6.1652, Val Acc: 1.10%
2025-12-07 21:30:57,632 - INFO - Epoch 10/20: LR: 0.000319
2025-12-07 21:32:31,349 - INFO - Epoch 10/20: Train Loss: 6.2365, Val Loss: 6.1682, Val Acc: 1.00%, Test Loss: 6.1682, Test Acc: 1.00%
2025-12-07 21:32:31,351 - INFO - Saving checkpoint for epoch 10...
2025-12-07 21:32:31,697 - INFO - ✅ Checkpoint saved: runs/run_127/checkpoint_epoch_10.pth
2025-12-07 21:50:14,460 - INFO - Epoch 11/20: LR: 0.000274
2025-12-07 21:50:14,462 - INFO - Epoch 11/20: Train Loss: 6.1889, Val Loss: 6.0836, Val Acc: 1.16%
2025-12-07 22:07:56,218 - INFO - Epoch 12/20: LR: 0.000227
2025-12-07 22:07:56,248 - INFO - Epoch 12/20: Train Loss: 6.1512, Val Loss: 6.0428, Val Acc: 1.52%
2025-12-07 22:25:39,973 - INFO - Epoch 13/20: LR: 0.000182
2025-12-07 22:25:39,975 - INFO - Epoch 13/20: Train Loss: 6.1182, Val Loss: 6.0068, Val Acc: 1.58%
2025-12-07 22:43:18,354 - INFO - Epoch 14/20: LR: 0.000139
2025-12-07 22:43:18,356 - INFO - Epoch 14/20: Train Loss: 6.0852, Val Loss: 5.9905, Val Acc: 1.56%
2025-12-07 23:01:00,955 - INFO - Epoch 15/20: LR: 0.000100
2025-12-07 23:02:35,225 - INFO - Epoch 15/20: Train Loss: 6.0576, Val Loss: 5.9808, Val Acc: 1.72%, Test Loss: 5.9808, Test Acc: 1.72%
2025-12-07 23:20:09,056 - INFO - Epoch 16/20: LR: 0.000066
2025-12-07 23:20:09,063 - INFO - Epoch 16/20: Train Loss: 6.0302, Val Loss: 5.9461, Val Acc: 1.86%
2025-12-07 23:37:51,677 - INFO - Epoch 17/20: LR: 0.000038
2025-12-07 23:37:51,679 - INFO - Epoch 17/20: Train Loss: 6.0187, Val Loss: 5.9416, Val Acc: 1.62%
2025-12-07 23:55:38,809 - INFO - Epoch 18/20: LR: 0.000018
2025-12-07 23:55:38,811 - INFO - Epoch 18/20: Train Loss: 6.0046, Val Loss: 5.9343, Val Acc: 1.50%
2025-12-08 00:13:14,822 - INFO - Epoch 19/20: LR: 0.000005
2025-12-08 00:13:14,836 - INFO - Epoch 19/20: Train Loss: 5.9938, Val Loss: 5.9264, Val Acc: 1.64%
2025-12-08 00:30:50,649 - INFO - Epoch 20/20: LR: 0.000001
2025-12-08 00:32:24,547 - INFO - Epoch 20/20: Train Loss: 5.9902, Val Loss: 5.9209, Val Acc: 1.72%, Test Loss: 5.9209, Test Acc: 1.72%
2025-12-08 00:32:24,549 - INFO - Saving checkpoint for epoch 20...
2025-12-08 00:32:24,708 - INFO - ✅ Checkpoint saved: runs/run_127/checkpoint_epoch_20.pth
2025-12-08 00:32:24,710 - INFO - Training completed!
2025-12-08 00:32:24,711 - INFO - Training completed!
2025-12-08 00:32:24,713 - INFO - Generating training curves...
2025-12-08 00:32:26,691 - WARNING - Inhomogeneous shapes in per-class F1 data: [(996,), (996,), (996,), (996,), (997,), (997,), (997,), (997,), (997,), (999,), (996,), (997,), (998,), (998,), (998,), (997,), (998,), (998,), (998,), (998,)]. Skipping per-class plotting.
2025-12-08 00:32:26,693 - INFO - Training curves saved as separate images with base name 'runs/run_127/training_curves_from_scratch'
2025-12-08 00:32:26,694 - INFO - Generating confusion matrix on test set...
