2025-12-07 13:10:04,333 - INFO - Logging initialized. Log file: runs/run_126/training.log
2025-12-07 13:10:04,416 - INFO - Experiment directory: runs/run_126
2025-12-07 13:10:04,418 - INFO - Setting random seeds for reproducibility (seed: 42)...
2025-12-07 13:10:04,537 - INFO - Random seeds set to 42 (deterministic=False)
2025-12-07 13:10:04,538 - INFO - Using device: cuda
2025-12-07 13:10:04,539 - INFO - Training configuration: epochs=20, warmup=3, lr=0.0005
2025-12-07 13:10:04,541 - INFO - SWIN configuration: variant=tiny, use_shifted_window=True, use_relative_bias=True, use_absolute_pos_embed=False, use_hierarchical_merge=True
2025-12-07 13:10:04,542 - INFO - SWIN details: embed_dim=96, depths=[2, 2, 6, 2], num_heads=[3, 6, 12, 24], window_size=7
2025-12-07 13:10:04,543 - INFO - Loading dataset...
2025-12-07 13:10:04,545 - INFO - Starting ImageNet data loading from root: /
2025-12-07 13:10:04,546 - INFO - Resolved root path: /
2025-12-07 13:10:04,547 - INFO - Root path exists: True
2025-12-07 13:10:04,548 - INFO - Root path is dir: True
2025-12-07 13:10:04,553 - INFO - Contents of /: ['/.exec', '/.run', '/.shell', '/.singularity.d', '/.test', '/bin', '/boot', '/dev', '/environment', '/etc', '/home', '/lib', '/lib64', '/media', '/mnt', '/opt', '/proc', '/requirements.txt', '/root', '/run', '/sbin', '/singularity', '/srv', '/sys', '/tmp', '/usr', '/var', '/meta', '/train_set', '/train_set_small', '/val_set', '/val_set_unlabeled']
2025-12-07 13:10:04,554 - INFO - Expected train_dir: /train_set, exists: True
2025-12-07 13:10:04,555 - INFO - Expected val_dir: /val_set, exists: True
2025-12-07 13:10:10,961 - INFO - Loaded ImageNet data from /: train=1281167, val=50000
2025-12-07 13:10:11,076 - INFO - Dataset loaded: train=50000 samples (391 batches), val=5000 samples (40 batches), test=5000 samples (40 batches)
2025-12-07 13:10:12,878 - INFO - Training Swin-Tiny from scratch
2025-12-07 13:10:12,879 - INFO - Initializing model from scratch...
2025-12-07 13:10:12,880 - INFO - Model architecture: Swin-Tiny
2025-12-07 13:10:12,881 - INFO - Model config: embed_dim=96, depths=[2, 2, 6, 2], num_heads=[3, 6, 12, 24], window_size=7, use_shifted_window=True, use_relative_bias=True, use_absolute_pos_embed=False, use_hierarchical_merge=True
2025-12-07 13:10:13,038 - INFO - Model created with random initialization
2025-12-07 13:10:13,039 - INFO - Total parameters: 1,699,660
2025-12-07 13:10:13,040 - INFO - Trainable parameters: 1,699,660
2025-12-07 13:10:13,343 - INFO - Starting from-scratch training...
2025-12-07 13:10:13,345 - INFO - Optimizer: training all model parameters
2025-12-07 13:10:13,347 - INFO - Starting training...
2025-12-07 13:29:19,344 - INFO - Epoch 1/20: LR: 0.000170
2025-12-07 13:29:19,364 - INFO - Epoch 1/20: Train Loss: 6.9315, Val Loss: 6.9095, Val Acc: 0.16%
2025-12-07 13:46:49,818 - INFO - Epoch 2/20: LR: 0.000335
2025-12-07 13:46:49,850 - INFO - Epoch 2/20: Train Loss: 6.8779, Val Loss: 6.7960, Val Acc: 0.32%
2025-12-07 14:04:27,213 - INFO - Epoch 3/20: LR: 0.000500
2025-12-07 14:04:27,215 - INFO - Epoch 3/20: Train Loss: 6.7907, Val Loss: 6.7163, Val Acc: 0.42%
2025-12-07 14:21:48,941 - INFO - Epoch 4/20: LR: 0.000496
2025-12-07 14:21:48,998 - INFO - Epoch 4/20: Train Loss: 6.7460, Val Loss: 6.7000, Val Acc: 0.32%
2025-12-07 14:39:10,109 - INFO - Epoch 5/20: LR: 0.000483
2025-12-07 14:40:42,899 - INFO - Epoch 5/20: Train Loss: 6.6801, Val Loss: 6.6072, Val Acc: 0.62%, Test Loss: 6.6072, Test Acc: 0.62%
2025-12-07 14:58:04,086 - INFO - Epoch 6/20: LR: 0.000463
2025-12-07 14:58:04,099 - INFO - Epoch 6/20: Train Loss: 6.5466, Val Loss: 6.4388, Val Acc: 0.40%
2025-12-07 15:15:27,280 - INFO - Epoch 7/20: LR: 0.000435
2025-12-07 15:15:27,282 - INFO - Epoch 7/20: Train Loss: 6.4333, Val Loss: 6.3658, Val Acc: 0.78%
2025-12-07 15:32:48,801 - INFO - Epoch 8/20: LR: 0.000401
2025-12-07 15:32:48,819 - INFO - Epoch 8/20: Train Loss: 6.3394, Val Loss: 6.2549, Val Acc: 0.92%
2025-12-07 15:50:12,095 - INFO - Epoch 9/20: LR: 0.000362
2025-12-07 15:50:12,107 - INFO - Epoch 9/20: Train Loss: 6.2777, Val Loss: 6.1652, Val Acc: 1.10%
2025-12-07 16:07:39,193 - INFO - Epoch 10/20: LR: 0.000319
2025-12-07 16:09:12,221 - INFO - Epoch 10/20: Train Loss: 6.2365, Val Loss: 6.1682, Val Acc: 1.00%, Test Loss: 6.1682, Test Acc: 1.00%
2025-12-07 16:09:12,223 - INFO - Saving checkpoint for epoch 10...
2025-12-07 16:09:12,412 - INFO - ✅ Checkpoint saved: runs/run_126/checkpoint_epoch_10.pth
2025-12-07 16:26:41,581 - INFO - Epoch 11/20: LR: 0.000274
2025-12-07 16:26:41,626 - INFO - Epoch 11/20: Train Loss: 6.1889, Val Loss: 6.0836, Val Acc: 1.16%
2025-12-07 16:44:06,137 - INFO - Epoch 12/20: LR: 0.000227
2025-12-07 16:44:06,193 - INFO - Epoch 12/20: Train Loss: 6.1512, Val Loss: 6.0428, Val Acc: 1.52%
2025-12-07 17:01:35,358 - INFO - Epoch 13/20: LR: 0.000182
2025-12-07 17:01:35,374 - INFO - Epoch 13/20: Train Loss: 6.1182, Val Loss: 6.0068, Val Acc: 1.58%
2025-12-07 17:18:57,871 - INFO - Epoch 14/20: LR: 0.000139
2025-12-07 17:18:57,873 - INFO - Epoch 14/20: Train Loss: 6.0852, Val Loss: 5.9905, Val Acc: 1.56%
2025-12-07 17:36:22,651 - INFO - Epoch 15/20: LR: 0.000100
2025-12-07 17:37:55,801 - INFO - Epoch 15/20: Train Loss: 6.0576, Val Loss: 5.9808, Val Acc: 1.72%, Test Loss: 5.9808, Test Acc: 1.72%
2025-12-07 17:55:16,474 - INFO - Epoch 16/20: LR: 0.000066
2025-12-07 17:55:16,492 - INFO - Epoch 16/20: Train Loss: 6.0302, Val Loss: 5.9461, Val Acc: 1.86%
