2025-12-03 08:57:16,128 - INFO - Logging initialized. Log file: runs/run_89/training.log
2025-12-03 08:57:16,153 - INFO - Experiment directory: runs/run_89
2025-12-03 08:57:16,155 - INFO - Setting random seeds for reproducibility (seed: 42)...
2025-12-03 08:57:16,294 - INFO - Random seeds set to 42 (deterministic=False)
2025-12-03 08:57:16,295 - INFO - Using device: cuda
2025-12-03 08:57:16,296 - INFO - Training configuration: epochs=10, warmup=2, lr=0.0005
2025-12-03 08:57:16,297 - INFO - Loading dataset...
2025-12-03 08:57:16,299 - INFO - Starting ImageNet data loading from root: /
2025-12-03 08:57:16,300 - INFO - Resolved root path: /
2025-12-03 08:57:16,301 - INFO - Root path exists: True
2025-12-03 08:57:16,302 - INFO - Root path is dir: True
2025-12-03 08:57:16,381 - INFO - Contents of /: ['/.exec', '/.run', '/.shell', '/.singularity.d', '/.test', '/bin', '/boot', '/dev', '/environment', '/etc', '/home', '/lib', '/lib64', '/media', '/mnt', '/opt', '/proc', '/requirements.txt', '/root', '/run', '/sbin', '/singularity', '/srv', '/sys', '/tmp', '/usr', '/var', '/meta', '/train_set', '/train_set_small', '/val_set', '/val_set_unlabeled']
2025-12-03 08:57:16,383 - INFO - Expected train_dir: /train_set, exists: True
2025-12-03 08:57:16,383 - INFO - Expected val_dir: /val_set, exists: True
2025-12-03 08:57:22,467 - INFO - Loaded ImageNet data from /: train=1281167, val=50000
2025-12-03 08:57:22,586 - INFO - Dataset loaded: train=50000 samples (391 batches), val=5000 samples (40 batches), test=5000 samples (40 batches)
2025-12-03 08:57:25,201 - INFO - Training Swin-Tiny from scratch
2025-12-03 08:57:25,202 - INFO - Initializing model from scratch...
2025-12-03 08:57:25,203 - INFO - Model architecture: Swin-Tiny
2025-12-03 08:57:25,204 - INFO - Model config: embed_dim=96, depths=[2, 2, 6, 2], num_heads=[3, 6, 12, 24]
2025-12-03 08:57:25,696 - INFO - Model created with random initialization
2025-12-03 08:57:25,697 - INFO - Total parameters: 28,288,354
2025-12-03 08:57:25,698 - INFO - Trainable parameters: 28,288,354
2025-12-03 08:57:25,996 - INFO - Starting from-scratch training...
2025-12-03 08:57:25,997 - INFO - Optimizer: training all model parameters
2025-12-03 08:57:25,999 - INFO - Starting training...
2025-12-03 09:20:03,174 - INFO - Epoch 1/10: LR: 0.000253
2025-12-03 09:20:03,227 - INFO - Epoch 1/10: Train Loss: 6.9086, Val Loss: 6.8331, Val Acc: 0.40%
2025-12-03 09:33:49,760 - INFO - Epoch 2/10: LR: 0.000500
2025-12-03 09:33:51,278 - INFO - Epoch 2/10: Train Loss: 6.8284, Val Loss: 6.6924, Val Acc: 0.40%
2025-12-03 09:47:44,556 - INFO - Epoch 3/10: LR: 0.000481
2025-12-03 09:47:44,557 - INFO - Epoch 3/10: Train Loss: 6.8484, Val Loss: 6.9267, Val Acc: 0.18%
2025-12-03 10:01:22,867 - INFO - Epoch 4/10: LR: 0.000427
2025-12-03 10:01:22,932 - INFO - Epoch 4/10: Train Loss: 6.9013, Val Loss: 6.8653, Val Acc: 0.12%
2025-12-03 10:15:05,422 - INFO - Epoch 5/10: LR: 0.000346
2025-12-03 10:16:25,489 - INFO - Epoch 5/10: Train Loss: 6.8624, Val Loss: 6.8324, Val Acc: 0.34%, Test Loss: 6.8324, Test Acc: 0.34%
2025-12-03 10:30:04,956 - INFO - Epoch 6/10: LR: 0.000251
2025-12-03 10:30:04,988 - INFO - Epoch 6/10: Train Loss: 6.8283, Val Loss: 6.8317, Val Acc: 0.18%
2025-12-03 10:43:51,547 - INFO - Epoch 7/10: LR: 0.000155
2025-12-03 10:43:51,562 - INFO - Early stopping triggered at epoch 7.
2025-12-03 10:43:51,563 - INFO - Training completed!
2025-12-03 10:43:51,566 - INFO - Training completed!
2025-12-03 10:43:51,568 - INFO - Generating training curves...
2025-12-03 10:43:53,117 - ERROR - Experiment failed with error: setting an array element with a sequence. The requested array has an inhomogeneous shape after 1 dimensions. The detected shape was (7,) + inhomogeneous part.
2025-12-03 10:43:53,119 - ERROR - Full traceback:
Traceback (most recent call last):
  File "/home/pml04/swin_transformer/Machine-Learning-Project/main.py", line 203, in main
    run_from_scratch(
  File "/home/pml04/swin_transformer/Machine-Learning-Project/src/pipelines/from_scratch.py", line 246, in run_from_scratch
    final_metrics = _finalize_training(
                    ^^^^^^^^^^^^^^^^^^^
  File "/home/pml04/swin_transformer/Machine-Learning-Project/src/pipelines/from_scratch.py", line 164, in _finalize_training
    final_test_metrics = generate_reports(
                         ^^^^^^^^^^^^^^^^^
  File "/home/pml04/swin_transformer/Machine-Learning-Project/src/pipelines/utils.py", line 145, in generate_reports
    plot_training_curves(
  File "/home/pml04/swin_transformer/Machine-Learning-Project/src/training/metrics.py", line 262, in plot_training_curves
    plot_per_class_f1_curves(epochs, metrics_history, base_path, figsize)
  File "/home/pml04/swin_transformer/Machine-Learning-Project/src/training/metrics.py", line 202, in plot_per_class_f1_curves
    f1_per_class = np.array(metrics_history["val_f1_per_class"])
                   ^^^^^^^^^^^^^^^^^^^^^^^^^^^^^^^^^^^^^^^^^^^^^
ValueError: setting an array element with a sequence. The requested array has an inhomogeneous shape after 1 dimensions. The detected shape was (7,) + inhomogeneous part.
