2025-11-15 10:21:03,825 - INFO - Logging initialized. Log file: runs/run_26/training.log
2025-11-15 10:21:03,997 - INFO - Random seeds set to 42 (deterministic=False)
2025-11-15 10:21:03,998 - INFO - Using device: cpu
2025-11-15 10:21:03,998 - INFO - Loading data...
2025-11-15 10:21:06,832 - INFO - Visualizing first batch...
2025-11-15 10:21:06,833 - INFO - Visualizing from DataLoader with 1303 batches
2025-11-15 10:21:07,274 - INFO - Loaded 16 images from dataloader
2025-11-15 10:21:10,510 - INFO - Saved enhanced dataset visualization to runs/run_26/visualization.png
2025-11-15 10:21:10,514 - INFO - Initializing model...
2025-11-15 10:21:10,981 - INFO - Created Swin-Tiny model for validation against pretrained weights.
2025-11-15 10:21:10,983 - INFO - Total parameters: 28,288,354
2025-11-15 10:21:10,998 - INFO - Saved configuration to runs/run_26/config.json
2025-11-15 10:21:10,999 - INFO - Starting model implementation validation...
2025-11-15 10:21:11,416 - INFO - Loading pretrained weights from Hugging Face hub (timm/swin_tiny_patch4_window7_224.ms_in1k)
2025-11-15 10:21:11,669 - INFO - HTTP Request: HEAD https://huggingface.co/timm/swin_tiny_patch4_window7_224.ms_in1k/resolve/main/model.safetensors "HTTP/1.1 302 Found"
2025-11-15 10:21:11,733 - INFO - [timm/swin_tiny_patch4_window7_224.ms_in1k] Safe alternative available for 'pytorch_model.bin' (as 'model.safetensors'). Loading weights using safetensors.
2025-11-15 10:21:13,013 - INFO - Loaded pretrained model: swin_tiny_patch4_window7_224 from timm.
2025-11-15 10:21:13,018 - INFO - Transferring weights from pretrained to custom model...
2025-11-15 10:21:13,043 - INFO - Weight transfer: 173 layers transferred.
2025-11-15 10:21:13,044 - INFO - Weight transfer completed: {'transferred': 173, 'missing': 0, 'size_mismatches': 0}
2025-11-15 10:21:13,045 - INFO - Using subset of 1000 samples for validation
