2025-12-06 15:54:25,271 - INFO - Logging initialized. Log file: runs/run_119/training.log
2025-12-06 15:54:25,401 - INFO - Experiment directory: runs/run_119
2025-12-06 15:54:25,403 - INFO - Setting random seeds for reproducibility (seed: 42)...
2025-12-06 15:54:25,560 - INFO - Random seeds set to 42 (deterministic=False)
2025-12-06 15:54:25,561 - INFO - Using device: cuda
2025-12-06 15:54:25,562 - INFO - Training configuration: epochs=20, warmup=3, lr=0.0005
2025-12-06 15:54:25,563 - INFO - SWIN configuration: variant=tiny, use_shifted_window=True, use_relative_bias=True
2025-12-06 15:54:25,564 - INFO - SWIN details: embed_dim=96, depths=[2, 2, 6, 2], num_heads=[3, 6, 12, 24], window_size=7
2025-12-06 15:54:25,565 - INFO - Loading dataset...
2025-12-06 15:54:25,567 - INFO - Starting ImageNet data loading from root: /
2025-12-06 15:54:25,568 - INFO - Resolved root path: /
2025-12-06 15:54:25,569 - INFO - Root path exists: True
2025-12-06 15:54:25,570 - INFO - Root path is dir: True
2025-12-06 15:54:25,575 - INFO - Contents of /: ['/.exec', '/.run', '/.shell', '/.singularity.d', '/.test', '/bin', '/boot', '/dev', '/environment', '/etc', '/home', '/lib', '/lib64', '/media', '/mnt', '/opt', '/proc', '/requirements.txt', '/root', '/run', '/sbin', '/singularity', '/srv', '/sys', '/tmp', '/usr', '/var', '/meta', '/train_set', '/train_set_small', '/val_set', '/val_set_unlabeled']
2025-12-06 15:54:25,577 - INFO - Expected train_dir: /train_set, exists: True
2025-12-06 15:54:25,578 - INFO - Expected val_dir: /val_set, exists: True
2025-12-06 15:54:31,676 - INFO - Loaded ImageNet data from /: train=1281167, val=50000
2025-12-06 15:54:31,830 - INFO - Dataset loaded: train=50000 samples (391 batches), val=5000 samples (40 batches), test=5000 samples (40 batches)
2025-12-06 15:54:35,264 - INFO - Training Swin-Tiny from scratch
2025-12-06 15:54:35,274 - INFO - Initializing model from scratch...
2025-12-06 15:54:35,275 - INFO - Model architecture: Swin-Tiny
2025-12-06 15:54:35,276 - INFO - Model config: embed_dim=96, depths=[2, 2, 6, 2], num_heads=[3, 6, 12, 24], window_size=7, use_shifted_window=True, use_relative_bias=True
2025-12-06 15:54:35,836 - INFO - Model created with random initialization
2025-12-06 15:54:35,837 - INFO - Total parameters: 28,288,354
2025-12-06 15:54:35,839 - INFO - Trainable parameters: 28,288,354
2025-12-06 15:54:36,164 - INFO - Starting from-scratch training...
2025-12-06 15:54:36,166 - INFO - Optimizer: training all model parameters
2025-12-06 15:54:36,172 - INFO - Starting training...
2025-12-06 16:13:26,914 - INFO - Epoch 1/20: LR: 0.000170
2025-12-06 16:13:26,984 - INFO - Epoch 1/20: Train Loss: 6.9086, Val Loss: 6.8331, Val Acc: 0.40%
2025-12-06 16:27:30,767 - INFO - Epoch 2/20: LR: 0.000335
2025-12-06 16:27:30,808 - INFO - Epoch 2/20: Train Loss: 6.8191, Val Loss: 6.6931, Val Acc: 0.32%
2025-12-06 16:42:11,398 - INFO - Epoch 3/20: LR: 0.000500
2025-12-06 16:42:11,702 - INFO - Epoch 3/20: Train Loss: 6.7566, Val Loss: 6.6551, Val Acc: 0.52%
2025-12-06 16:56:10,552 - INFO - Epoch 4/20: LR: 0.000496
2025-12-06 16:56:10,750 - INFO - Epoch 4/20: Train Loss: 6.6824, Val Loss: 6.5408, Val Acc: 0.88%
2025-12-06 17:10:09,834 - INFO - Epoch 5/20: LR: 0.000483
2025-12-06 17:11:29,796 - INFO - Epoch 5/20: Train Loss: 6.5465, Val Loss: 6.3902, Val Acc: 1.04%, Test Loss: 6.3902, Test Acc: 1.04%
2025-12-06 17:25:25,331 - INFO - Epoch 6/20: LR: 0.000463
2025-12-06 17:25:25,457 - INFO - Epoch 6/20: Train Loss: 6.4270, Val Loss: 6.2581, Val Acc: 1.64%
2025-12-06 17:39:26,286 - INFO - Epoch 7/20: LR: 0.000435
2025-12-06 17:39:26,317 - INFO - Epoch 7/20: Train Loss: 6.3309, Val Loss: 6.1265, Val Acc: 1.88%
2025-12-06 17:53:18,713 - INFO - Epoch 8/20: LR: 0.000401
2025-12-06 17:53:18,737 - INFO - Epoch 8/20: Train Loss: 6.2531, Val Loss: 6.0519, Val Acc: 2.06%
2025-12-06 18:07:22,450 - INFO - Epoch 9/20: LR: 0.000362
2025-12-06 18:07:22,511 - INFO - Epoch 9/20: Train Loss: 6.1673, Val Loss: 5.9933, Val Acc: 2.54%
2025-12-06 18:21:58,632 - INFO - Epoch 10/20: LR: 0.000319
2025-12-06 18:23:19,585 - INFO - Epoch 10/20: Train Loss: 6.1081, Val Loss: 5.8854, Val Acc: 3.38%, Test Loss: 5.8854, Test Acc: 3.38%
2025-12-06 18:23:19,587 - INFO - Saving checkpoint for epoch 10...
2025-12-06 18:23:20,403 - INFO - ✅ Checkpoint saved: runs/run_119/checkpoint_epoch_10.pth
2025-12-06 18:37:52,679 - INFO - Epoch 11/20: LR: 0.000274
2025-12-06 18:37:52,751 - INFO - Epoch 11/20: Train Loss: 6.0191, Val Loss: 5.8127, Val Acc: 3.14%
2025-12-06 18:52:23,694 - INFO - Epoch 12/20: LR: 0.000227
2025-12-06 18:52:23,707 - INFO - Epoch 12/20: Train Loss: 5.9236, Val Loss: 5.6683, Val Acc: 4.14%
2025-12-06 19:06:24,995 - INFO - Epoch 13/20: LR: 0.000182
2025-12-06 19:06:25,022 - INFO - Epoch 13/20: Train Loss: 5.8358, Val Loss: 5.6006, Val Acc: 5.00%
2025-12-06 19:20:18,506 - INFO - Epoch 14/20: LR: 0.000139
2025-12-06 19:20:18,551 - INFO - Epoch 14/20: Train Loss: 5.7451, Val Loss: 5.5186, Val Acc: 5.40%
2025-12-06 19:34:08,447 - INFO - Epoch 15/20: LR: 0.000100
2025-12-06 19:35:26,784 - INFO - Epoch 15/20: Train Loss: 5.6653, Val Loss: 5.4618, Val Acc: 6.08%, Test Loss: 5.4618, Test Acc: 6.08%
2025-12-06 19:49:17,991 - INFO - Epoch 16/20: LR: 0.000066
2025-12-06 19:49:18,052 - INFO - Epoch 16/20: Train Loss: 5.5791, Val Loss: 5.4102, Val Acc: 6.72%
2025-12-06 20:03:09,474 - INFO - Epoch 17/20: LR: 0.000038
2025-12-06 20:03:09,502 - INFO - Epoch 17/20: Train Loss: 5.5247, Val Loss: 5.3494, Val Acc: 6.92%
2025-12-06 20:17:11,986 - INFO - Epoch 18/20: LR: 0.000018
2025-12-06 20:17:12,010 - INFO - Epoch 18/20: Train Loss: 5.4786, Val Loss: 5.3179, Val Acc: 6.98%
2025-12-06 20:31:27,984 - INFO - Epoch 19/20: LR: 0.000005
2025-12-06 20:31:27,995 - INFO - Epoch 19/20: Train Loss: 5.4382, Val Loss: 5.2939, Val Acc: 7.42%
2025-12-06 20:45:28,976 - INFO - Epoch 20/20: LR: 0.000001
2025-12-06 20:46:47,855 - INFO - Epoch 20/20: Train Loss: 5.4275, Val Loss: 5.2934, Val Acc: 7.58%, Test Loss: 5.2934, Test Acc: 7.58%
2025-12-06 20:46:47,857 - INFO - Saving checkpoint for epoch 20...
2025-12-06 20:46:48,735 - INFO - ✅ Checkpoint saved: runs/run_119/checkpoint_epoch_20.pth
2025-12-06 20:46:48,736 - INFO - Training completed!
2025-12-06 20:46:48,738 - INFO - Training completed!
2025-12-06 20:46:48,740 - INFO - Generating training curves...
2025-12-06 20:46:50,816 - WARNING - Inhomogeneous shapes in per-class F1 data: [(996,), (997,), (996,), (998,), (998,), (996,), (998,), (998,), (998,), (998,), (998,), (998,), (998,), (999,), (998,), (999,), (999,), (999,), (999,), (999,)]. Skipping per-class plotting.
2025-12-06 20:46:50,818 - INFO - Training curves saved as separate images with base name 'runs/run_119/training_curves_from_scratch'
2025-12-06 20:46:50,820 - INFO - Generating confusion matrix on test set...
