2025-12-07 13:06:21,793 - INFO - Logging initialized. Log file: runs/run_125/training.log
2025-12-07 13:06:21,861 - INFO - Experiment directory: runs/run_125
2025-12-07 13:06:21,863 - INFO - Setting random seeds for reproducibility (seed: 42)...
2025-12-07 13:06:22,078 - INFO - Random seeds set to 42 (deterministic=False)
2025-12-07 13:06:22,080 - INFO - Using device: cuda
2025-12-07 13:06:22,081 - INFO - Training configuration: epochs=20, warmup=3, lr=0.0005
2025-12-07 13:06:22,082 - INFO - SWIN configuration: variant=tiny, use_shifted_window=True, use_relative_bias=True, use_absolute_pos_embed=False, use_hierarchical_merge=False
2025-12-07 13:06:22,084 - INFO - SWIN details: embed_dim=96, depths=[2, 2, 6, 2], num_heads=[3, 6, 12, 24], window_size=7
2025-12-07 13:06:22,085 - INFO - Loading dataset...
2025-12-07 13:06:22,087 - INFO - Starting ImageNet data loading from root: /
2025-12-07 13:06:22,088 - INFO - Resolved root path: /
2025-12-07 13:06:22,090 - INFO - Root path exists: True
2025-12-07 13:06:22,091 - INFO - Root path is dir: True
2025-12-07 13:06:22,096 - INFO - Contents of /: ['/.exec', '/.run', '/.shell', '/.singularity.d', '/.test', '/bin', '/boot', '/dev', '/environment', '/etc', '/home', '/lib', '/lib64', '/media', '/mnt', '/opt', '/proc', '/requirements.txt', '/root', '/run', '/sbin', '/singularity', '/srv', '/sys', '/tmp', '/usr', '/var', '/meta', '/train_set', '/train_set_small', '/val_set', '/val_set_unlabeled']
2025-12-07 13:06:22,098 - INFO - Expected train_dir: /train_set, exists: True
2025-12-07 13:06:22,099 - INFO - Expected val_dir: /val_set, exists: True
2025-12-07 13:06:28,571 - INFO - Loaded ImageNet data from /: train=1281167, val=50000
2025-12-07 13:06:28,692 - INFO - Dataset loaded: train=50000 samples (391 batches), val=5000 samples (40 batches), test=5000 samples (40 batches)
2025-12-07 13:06:34,053 - INFO - Training Swin-Tiny from scratch
2025-12-07 13:06:34,055 - INFO - Initializing model from scratch...
2025-12-07 13:06:34,056 - INFO - Model architecture: Swin-Tiny
2025-12-07 13:06:34,058 - INFO - Model config: embed_dim=96, depths=[2, 2, 6, 2], num_heads=[3, 6, 12, 24], window_size=7, use_shifted_window=True, use_relative_bias=True, use_absolute_pos_embed=False, use_hierarchical_merge=False
2025-12-07 13:06:34,556 - INFO - Model created with random initialization
2025-12-07 13:06:34,558 - INFO - Total parameters: 28,288,354
2025-12-07 13:06:34,559 - INFO - Trainable parameters: 28,288,354
2025-12-07 13:06:34,857 - INFO - Starting from-scratch training...
2025-12-07 13:06:34,859 - INFO - Optimizer: training all model parameters
2025-12-07 13:06:34,862 - INFO - Starting training...
2025-12-07 13:22:30,774 - INFO - Epoch 1/20: LR: 0.000170
2025-12-07 13:22:30,790 - INFO - Epoch 1/20: Train Loss: 6.9086, Val Loss: 6.8331, Val Acc: 0.40%
2025-12-07 13:36:16,261 - INFO - Epoch 2/20: LR: 0.000335
2025-12-07 13:36:16,278 - INFO - Epoch 2/20: Train Loss: 6.8191, Val Loss: 6.6931, Val Acc: 0.32%
2025-12-07 13:50:08,719 - INFO - Epoch 3/20: LR: 0.000500
2025-12-07 13:50:08,721 - INFO - Epoch 3/20: Train Loss: 6.7566, Val Loss: 6.6551, Val Acc: 0.52%
2025-12-07 14:03:45,577 - INFO - Epoch 4/20: LR: 0.000496
2025-12-07 14:03:45,579 - INFO - Epoch 4/20: Train Loss: 6.6824, Val Loss: 6.5408, Val Acc: 0.88%
2025-12-07 14:17:19,999 - INFO - Epoch 5/20: LR: 0.000483
2025-12-07 14:18:39,593 - INFO - Epoch 5/20: Train Loss: 6.5465, Val Loss: 6.3902, Val Acc: 1.04%, Test Loss: 6.3902, Test Acc: 1.04%
2025-12-07 14:32:17,701 - INFO - Epoch 6/20: LR: 0.000463
2025-12-07 14:32:17,703 - INFO - Epoch 6/20: Train Loss: 6.4270, Val Loss: 6.2581, Val Acc: 1.64%
2025-12-07 14:45:54,753 - INFO - Epoch 7/20: LR: 0.000435
2025-12-07 14:45:54,861 - INFO - Epoch 7/20: Train Loss: 6.3309, Val Loss: 6.1265, Val Acc: 1.88%
2025-12-07 14:59:33,907 - INFO - Epoch 8/20: LR: 0.000401
2025-12-07 14:59:33,910 - INFO - Epoch 8/20: Train Loss: 6.2531, Val Loss: 6.0519, Val Acc: 2.06%
2025-12-07 15:13:13,425 - INFO - Epoch 9/20: LR: 0.000362
2025-12-07 15:13:13,427 - INFO - Epoch 9/20: Train Loss: 6.1673, Val Loss: 5.9933, Val Acc: 2.54%
2025-12-07 15:27:00,771 - INFO - Epoch 10/20: LR: 0.000319
2025-12-07 15:28:19,657 - INFO - Epoch 10/20: Train Loss: 6.1081, Val Loss: 5.8854, Val Acc: 3.38%, Test Loss: 5.8854, Test Acc: 3.38%
2025-12-07 15:28:19,658 - INFO - Saving checkpoint for epoch 10...
2025-12-07 15:28:20,511 - INFO - ✅ Checkpoint saved: runs/run_125/checkpoint_epoch_10.pth
2025-12-07 15:42:06,615 - INFO - Epoch 11/20: LR: 0.000274
2025-12-07 15:42:06,617 - INFO - Epoch 11/20: Train Loss: 6.0191, Val Loss: 5.8127, Val Acc: 3.14%
2025-12-07 15:55:44,224 - INFO - Epoch 12/20: LR: 0.000227
2025-12-07 15:55:44,248 - INFO - Epoch 12/20: Train Loss: 5.9236, Val Loss: 5.6683, Val Acc: 4.14%
2025-12-07 16:09:18,889 - INFO - Epoch 13/20: LR: 0.000182
2025-12-07 16:09:18,903 - INFO - Epoch 13/20: Train Loss: 5.8358, Val Loss: 5.6006, Val Acc: 5.00%
2025-12-07 16:22:58,074 - INFO - Epoch 14/20: LR: 0.000139
2025-12-07 16:22:58,090 - INFO - Epoch 14/20: Train Loss: 5.7451, Val Loss: 5.5186, Val Acc: 5.40%
2025-12-07 16:36:37,532 - INFO - Epoch 15/20: LR: 0.000100
2025-12-07 16:37:56,649 - INFO - Epoch 15/20: Train Loss: 5.6653, Val Loss: 5.4618, Val Acc: 6.08%, Test Loss: 5.4618, Test Acc: 6.08%
2025-12-07 16:51:42,973 - INFO - Epoch 16/20: LR: 0.000066
2025-12-07 16:51:43,030 - INFO - Epoch 16/20: Train Loss: 5.5791, Val Loss: 5.4102, Val Acc: 6.72%
2025-12-07 17:05:34,376 - INFO - Epoch 17/20: LR: 0.000038
2025-12-07 17:05:34,403 - INFO - Epoch 17/20: Train Loss: 5.5247, Val Loss: 5.3494, Val Acc: 6.92%
2025-12-07 17:19:19,437 - INFO - Epoch 18/20: LR: 0.000018
2025-12-07 17:19:19,440 - INFO - Epoch 18/20: Train Loss: 5.4786, Val Loss: 5.3179, Val Acc: 6.98%
2025-12-07 17:33:10,327 - INFO - Epoch 19/20: LR: 0.000005
2025-12-07 17:33:10,360 - INFO - Epoch 19/20: Train Loss: 5.4382, Val Loss: 5.2939, Val Acc: 7.42%
2025-12-07 17:46:42,828 - INFO - Epoch 20/20: LR: 0.000001
2025-12-07 17:48:01,069 - INFO - Epoch 20/20: Train Loss: 5.4275, Val Loss: 5.2934, Val Acc: 7.58%, Test Loss: 5.2934, Test Acc: 7.58%
2025-12-07 17:48:01,071 - INFO - Saving checkpoint for epoch 20...
2025-12-07 17:48:01,935 - INFO - ✅ Checkpoint saved: runs/run_125/checkpoint_epoch_20.pth
2025-12-07 17:48:01,937 - INFO - Training completed!
2025-12-07 17:48:01,939 - INFO - Training completed!
2025-12-07 17:48:01,940 - INFO - Generating training curves...
2025-12-07 17:48:03,498 - WARNING - Inhomogeneous shapes in per-class F1 data: [(996,), (997,), (996,), (998,), (998,), (996,), (998,), (998,), (998,), (998,), (998,), (998,), (998,), (999,), (998,), (999,), (999,), (999,), (999,), (999,)]. Skipping per-class plotting.
2025-12-07 17:48:03,500 - INFO - Training curves saved as separate images with base name 'runs/run_125/training_curves_from_scratch'
2025-12-07 17:48:03,501 - INFO - Generating confusion matrix on test set...
