2025-12-13 20:09:36,430 - INFO - Logging initialized. Log file: runs/run_198/training.log
2025-12-13 20:09:36,432 - INFO - Experiment directory: runs/run_198
2025-12-13 20:09:36,434 - INFO - Setting random seeds for reproducibility (seed: 42)...
2025-12-13 20:09:36,576 - INFO - Random seeds set to 42 (deterministic=False)
2025-12-13 20:09:36,785 - INFO - GPU memory cleared at startup. Available: 11.6GB
2025-12-13 20:09:36,787 - INFO - Using device: cuda
2025-12-13 20:09:36,789 - INFO - Training configuration: epochs=100, warmup=6, lr=0.0002
2025-12-13 20:09:36,791 - INFO - SWIN configuration: variant=tiny, use_shifted_window=True, use_relative_bias=True, use_absolute_pos_embed=False, use_hierarchical_merge=False, use_gradient_checkpointing=True
2025-12-13 20:09:36,793 - INFO - SWIN details: embed_dim=96, depths=[2, 2, 6, 2], num_heads=[3, 6, 12, 24], window_size=7
2025-12-13 20:09:36,795 - INFO - Loading dataset...
2025-12-13 20:09:41,342 - INFO - Dataset loaded: train=41667 samples (326 batches), val=8333 samples (66 batches), test=10000 samples (79 batches)
2025-12-13 20:09:45,364 - INFO - Training Swin-Tiny from scratch
2025-12-13 20:09:45,366 - INFO - Initializing model from scratch...
2025-12-13 20:09:45,368 - INFO - Model architecture: Swin-Tiny
2025-12-13 20:09:45,370 - INFO - Model config: embed_dim=96, depths=[2, 2, 6, 2], num_heads=[3, 6, 12, 24], window_size=7, use_shifted_window=True, use_relative_bias=True, use_absolute_pos_embed=False, use_hierarchical_merge=False, use_gradient_checkpointing=True
2025-12-13 20:09:46,327 - INFO - Model created with random initialization
2025-12-13 20:09:46,329 - INFO - Total parameters: 27,596,254
2025-12-13 20:09:46,331 - INFO - Trainable parameters: 27,596,254
2025-12-13 20:09:46,382 - INFO - Starting from-scratch training...
2025-12-13 20:09:46,385 - INFO - Optimizer: training all model parameters
2025-12-13 20:09:46,390 - INFO - LR Scheduler: cosine with 6 warmup epochs
2025-12-13 20:09:46,392 - INFO - Starting training...
