2026-01-28 20:54:54,756 - INFO - Logging initialized. Log file: runs/run_257/training.log
2026-01-28 20:54:54,757 - INFO - Experiment directory: runs/run_257
2026-01-28 20:54:54,758 - INFO - Setting random seeds for reproducibility (seed: 42)...
2026-01-28 20:54:54,800 - INFO - ✅ All seeds set to 42 (deterministic=False)
2026-01-28 20:54:55,241 - INFO - GPU memory cleared at startup. Available: 23.5GB
2026-01-28 20:54:55,242 - INFO - Using device: cuda
2026-01-28 20:54:55,243 - INFO - Training configuration: epochs=2, warmup=1, lr=0.0003
2026-01-28 20:54:55,244 - INFO - SWIN configuration: variant=tiny, use_shifted_window=True, use_relative_bias=False, use_absolute_pos_embed=False, use_hierarchical_merge=False, use_gradient_checkpointing=False
2026-01-28 20:54:55,245 - INFO - SWIN details: embed_dim=96, depths=[2, 2, 6, 2], num_heads=[3, 6, 12, 24], window_size=7
2026-01-28 20:54:55,245 - INFO - Loading dataset...
2026-01-28 20:54:55,247 - INFO - Starting ImageNet data loading from root: /
2026-01-28 20:54:55,248 - INFO - Resolved root path: /
2026-01-28 20:54:55,249 - INFO - Root path exists: True
2026-01-28 20:54:55,250 - INFO - Root path is dir: True
2026-01-28 20:54:55,403 - INFO - Contents of /: ['/.exec', '/.run', '/.shell', '/.singularity.d', '/.test', '/bin', '/boot', '/dev', '/environment', '/etc', '/home', '/lib', '/lib64', '/media', '/mnt', '/opt', '/proc', '/requirements.txt', '/root', '/run', '/sbin', '/singularity', '/srv', '/sys', '/tmp', '/usr', '/var', '/meta', '/train_set', '/train_set_small', '/val_set', '/val_set_unlabeled']
2026-01-28 20:54:55,404 - INFO - Expected train_dir: /train_set, exists: True
2026-01-28 20:54:55,405 - INFO - Expected val_dir: /val_set, exists: True
2026-01-28 20:55:07,090 - INFO - Loaded ImageNet data from /: train=1281167, val=50000
2026-01-28 20:55:07,875 - INFO - Dataset limits applied (stratified sampling enabled)
2026-01-28 20:55:07,876 - INFO - Dataset loaded: train=100000 samples (782 batches), val=50000 samples (391 batches), test=50000 samples (391 batches)
2026-01-28 20:55:10,537 - INFO - Training SWIN from scratch
2026-01-28 20:55:10,538 - INFO - Initializing SWIN model from scratch...
2026-01-28 20:55:10,539 - INFO - Model architecture: SWIN
2026-01-28 20:55:10,540 - INFO - Model config: {'type': 'swin', 'variant': 'tiny', 'patch_size': 4, 'embed_dim': 96, 'depths': [2, 2, 6, 2], 'num_heads': [3, 6, 12, 24], 'window_size': 7, 'mlp_ratio': 4.0, 'dropout': 0.0, 'attention_dropout': 0.0, 'projection_dropout': 0.0, 'drop_path_rate': 0.08, 'use_shifted_window': True, 'use_relative_bias': False, 'use_absolute_pos_embed': False, 'use_hierarchical_merge': False, 'use_gradient_checkpointing': False}
2026-01-28 20:55:11,088 - INFO - Model created with random initialization
2026-01-28 20:55:11,089 - INFO - Total parameters: 28,288,354
2026-01-28 20:55:11,090 - INFO - Trainable parameters: 28,288,354
2026-01-28 20:55:11,144 - INFO - Compiling model with torch.compile()
2026-01-28 20:55:13,345 - INFO - Mixed precision enabled → CUDA bf16 selected (hardware supported)
2026-01-28 20:55:13,346 - INFO - Starting from-scratch training...
2026-01-28 20:55:13,347 - INFO - Optimizer: training all model parameters
2026-01-28 20:55:13,349 - INFO - LR Scheduler: cosine with 1 warmup epochs
2026-01-28 20:55:13,349 - INFO - Starting training...
2026-01-28 21:13:37,546 - INFO - Epoch 1/2: LR: 0.000300
