2025-12-13 20:32:17,536 - INFO - Logging initialized. Log file: runs/run_200/training.log
2025-12-13 20:32:17,538 - INFO - Experiment directory: runs/run_200
2025-12-13 20:32:17,539 - INFO - Setting random seeds for reproducibility (seed: 42)...
2025-12-13 20:32:17,560 - INFO - ✅ All seeds set to 42 (deterministic=False)
2025-12-13 20:32:17,982 - INFO - GPU memory cleared at startup. Available: 23.5GB
2025-12-13 20:32:17,983 - INFO - Using device: cuda
2025-12-13 20:32:17,984 - INFO - Training configuration: epochs=100, warmup=6, lr=0.0002
2025-12-13 20:32:17,985 - INFO - SWIN configuration: variant=tiny, use_shifted_window=True, use_relative_bias=True, use_absolute_pos_embed=False, use_hierarchical_merge=False, use_gradient_checkpointing=True
2025-12-13 20:32:17,987 - INFO - SWIN details: embed_dim=96, depths=[2, 2, 6, 2], num_heads=[3, 6, 12, 24], window_size=7
2025-12-13 20:32:17,988 - INFO - Loading dataset...
2025-12-13 20:32:21,121 - INFO - Dataset loaded: train=41667 samples (213 batches), val=8333 samples (43 batches), test=10000 samples (52 batches)
2025-12-13 20:32:24,823 - INFO - Training Swin-Tiny from scratch
2025-12-13 20:32:24,824 - INFO - Initializing model from scratch...
2025-12-13 20:32:24,825 - INFO - Model architecture: Swin-Tiny
2025-12-13 20:32:24,826 - INFO - Model config: embed_dim=96, depths=[2, 2, 6, 2], num_heads=[3, 6, 12, 24], window_size=7, use_shifted_window=True, use_relative_bias=True, use_absolute_pos_embed=False, use_hierarchical_merge=False, use_gradient_checkpointing=True
2025-12-13 20:32:25,316 - INFO - Model created with random initialization
2025-12-13 20:32:25,318 - INFO - Total parameters: 27,596,254
2025-12-13 20:32:25,318 - INFO - Trainable parameters: 27,596,254
2025-12-13 20:32:25,371 - INFO - Starting from-scratch training...
2025-12-13 20:32:25,373 - INFO - Optimizer: training all model parameters
2025-12-13 20:32:25,375 - INFO - LR Scheduler: cosine with 6 warmup epochs
2025-12-13 20:32:25,376 - INFO - Starting training...
2025-12-13 20:38:04,755 - INFO - Epoch 1/100: LR: 0.000035
2025-12-13 20:38:04,756 - INFO - Epoch 1/100: Train Loss: 4.4166, Val Loss: 4.2531, Val Acc: 5.93%
2025-12-13 20:43:42,076 - INFO - Epoch 2/100: LR: 0.000068
2025-12-13 20:43:42,077 - INFO - Epoch 2/100: Train Loss: 4.0588, Val Loss: 3.8084, Val Acc: 11.99%
2025-12-13 20:49:15,197 - INFO - Epoch 3/100: LR: 0.000101
2025-12-13 20:49:15,198 - INFO - Epoch 3/100: Train Loss: 3.6936, Val Loss: 3.4839, Val Acc: 17.99%
2025-12-13 20:54:56,700 - INFO - Epoch 4/100: LR: 0.000134
2025-12-13 20:54:56,749 - INFO - Epoch 4/100: Train Loss: 3.4295, Val Loss: 3.2553, Val Acc: 20.57%
2025-12-13 21:00:34,332 - INFO - Epoch 5/100: LR: 0.000167
2025-12-13 21:01:29,976 - INFO - Epoch 5/100: Train Loss: 3.2098, Val Loss: 3.0895, Val Acc: 23.88%, Test Loss: 3.0700, Test Acc: 23.87%
2025-12-13 21:07:09,750 - INFO - Epoch 6/100: LR: 0.000200
2025-12-13 21:07:09,777 - INFO - Epoch 6/100: Train Loss: 3.0093, Val Loss: 2.8410, Val Acc: 28.83%
2025-12-13 21:12:47,495 - INFO - Epoch 7/100: LR: 0.000200
2025-12-13 21:12:47,496 - INFO - Epoch 7/100: Train Loss: 2.8240, Val Loss: 2.7024, Val Acc: 31.50%
2025-12-13 21:18:25,905 - INFO - Epoch 8/100: LR: 0.000200
2025-12-13 21:18:25,906 - INFO - Epoch 8/100: Train Loss: 2.5782, Val Loss: 2.5211, Val Acc: 34.99%
2025-12-13 21:24:02,121 - INFO - Epoch 9/100: LR: 0.000200
2025-12-13 21:24:02,123 - INFO - Epoch 9/100: Train Loss: 2.3811, Val Loss: 2.2881, Val Acc: 39.63%
2025-12-13 21:29:38,440 - INFO - Epoch 10/100: LR: 0.000199
2025-12-13 21:30:32,270 - INFO - Epoch 10/100: Train Loss: 2.2211, Val Loss: 2.1644, Val Acc: 42.24%, Test Loss: 2.1443, Test Acc: 43.28%
2025-12-13 21:30:32,272 - INFO - Saving checkpoint for epoch 10...
2025-12-13 21:30:33,148 - INFO - ✅ Checkpoint saved: runs/run_200/checkpoint_epoch_10.pth
2025-12-13 21:36:11,783 - INFO - Epoch 11/100: LR: 0.000199
2025-12-13 21:36:11,785 - INFO - Epoch 11/100: Train Loss: 2.0730, Val Loss: 2.0548, Val Acc: 44.85%
2025-12-13 21:41:49,158 - INFO - Epoch 12/100: LR: 0.000198
2025-12-13 21:41:49,160 - INFO - Epoch 12/100: Train Loss: 1.9256, Val Loss: 1.9520, Val Acc: 47.69%
2025-12-13 21:47:26,953 - INFO - Epoch 13/100: LR: 0.000197
2025-12-13 21:47:26,955 - INFO - Epoch 13/100: Train Loss: 1.8047, Val Loss: 1.9108, Val Acc: 47.94%
2025-12-13 21:53:09,217 - INFO - Epoch 14/100: LR: 0.000197
2025-12-13 21:53:09,219 - INFO - Epoch 14/100: Train Loss: 1.7001, Val Loss: 1.8647, Val Acc: 49.42%
2025-12-13 21:58:52,252 - INFO - Epoch 15/100: LR: 0.000196
2025-12-13 21:59:48,526 - INFO - Epoch 15/100: Train Loss: 1.5886, Val Loss: 1.7941, Val Acc: 50.99%, Test Loss: 1.7530, Test Acc: 51.90%
2025-12-13 22:05:25,270 - INFO - Epoch 16/100: LR: 0.000195
2025-12-13 22:05:25,272 - INFO - Epoch 16/100: Train Loss: 1.5000, Val Loss: 1.7331, Val Acc: 52.81%
2025-12-13 22:11:01,371 - INFO - Epoch 17/100: LR: 0.000194
2025-12-13 22:11:01,412 - INFO - Epoch 17/100: Train Loss: 1.4125, Val Loss: 1.8313, Val Acc: 50.64%
2025-12-13 22:16:38,743 - INFO - Epoch 18/100: LR: 0.000192
2025-12-13 22:16:38,794 - INFO - Epoch 18/100: Train Loss: 1.3306, Val Loss: 1.7203, Val Acc: 53.52%
2025-12-13 22:22:19,517 - INFO - Epoch 19/100: LR: 0.000191
2025-12-13 22:22:19,519 - INFO - Epoch 19/100: Train Loss: 1.2366, Val Loss: 1.6889, Val Acc: 54.64%
2025-12-13 22:28:02,069 - INFO - Epoch 20/100: LR: 0.000190
2025-12-13 22:28:58,004 - INFO - Epoch 20/100: Train Loss: 1.1653, Val Loss: 1.6400, Val Acc: 55.48%, Test Loss: 1.6258, Test Acc: 56.14%
2025-12-13 22:28:58,005 - INFO - Saving checkpoint for epoch 20...
2025-12-13 22:28:58,837 - INFO - ✅ Checkpoint saved: runs/run_200/checkpoint_epoch_20.pth
2025-12-13 22:34:40,047 - INFO - Epoch 21/100: LR: 0.000188
2025-12-13 22:34:40,048 - INFO - Epoch 21/100: Train Loss: 1.0903, Val Loss: 1.6410, Val Acc: 56.26%
2025-12-13 22:40:17,850 - INFO - Epoch 22/100: LR: 0.000187
2025-12-13 22:40:17,883 - INFO - Epoch 22/100: Train Loss: 1.0132, Val Loss: 1.6254, Val Acc: 56.77%
2025-12-13 22:45:52,742 - INFO - Epoch 23/100: LR: 0.000185
2025-12-13 22:45:52,772 - INFO - Epoch 23/100: Train Loss: 0.9374, Val Loss: 1.6028, Val Acc: 57.52%
2025-12-13 22:51:27,397 - INFO - Epoch 24/100: LR: 0.000183
2025-12-13 22:51:27,399 - INFO - Epoch 24/100: Train Loss: 0.8855, Val Loss: 1.6076, Val Acc: 58.19%
2025-12-13 22:57:06,797 - INFO - Epoch 25/100: LR: 0.000181
2025-12-13 22:57:59,774 - INFO - Epoch 25/100: Train Loss: 0.8122, Val Loss: 1.6371, Val Acc: 57.36%, Test Loss: 1.5867, Test Acc: 57.91%
2025-12-13 23:03:37,207 - INFO - Epoch 26/100: LR: 0.000180
2025-12-13 23:03:37,208 - INFO - Epoch 26/100: Train Loss: 0.7454, Val Loss: 1.6390, Val Acc: 57.72%
2025-12-13 23:09:14,455 - INFO - Epoch 27/100: LR: 0.000178
2025-12-13 23:09:14,456 - INFO - Epoch 27/100: Train Loss: 0.6951, Val Loss: 1.6833, Val Acc: 57.91%
2025-12-13 23:14:51,412 - INFO - Epoch 28/100: LR: 0.000175
2025-12-13 23:14:51,455 - INFO - Epoch 28/100: Train Loss: 0.6458, Val Loss: 1.6676, Val Acc: 57.72%
2025-12-13 23:20:30,944 - INFO - Epoch 29/100: LR: 0.000173
2025-12-13 23:20:30,970 - INFO - Epoch 29/100: Train Loss: 0.5951, Val Loss: 1.7445, Val Acc: 57.16%
2025-12-13 23:26:08,458 - INFO - Epoch 30/100: LR: 0.000171
2025-12-13 23:27:03,492 - INFO - Epoch 30/100: Train Loss: 0.5523, Val Loss: 1.6997, Val Acc: 58.41%, Test Loss: 1.6300, Test Acc: 59.80%
2025-12-13 23:27:03,494 - INFO - Saving checkpoint for epoch 30...
2025-12-13 23:27:04,305 - INFO - ✅ Checkpoint saved: runs/run_200/checkpoint_epoch_30.pth
2025-12-13 23:32:39,214 - INFO - Epoch 31/100: LR: 0.000169
2025-12-13 23:32:39,641 - INFO - Epoch 31/100: Train Loss: 0.5076, Val Loss: 1.7222, Val Acc: 58.25%
2025-12-13 23:38:16,449 - INFO - Epoch 32/100: LR: 0.000166
2025-12-13 23:38:16,482 - INFO - Epoch 32/100: Train Loss: 0.4757, Val Loss: 1.7517, Val Acc: 58.33%
2025-12-13 23:43:54,082 - INFO - Epoch 33/100: LR: 0.000164
2025-12-13 23:43:54,121 - INFO - Epoch 33/100: Train Loss: 0.4442, Val Loss: 1.7641, Val Acc: 58.39%
2025-12-13 23:49:32,094 - INFO - Epoch 34/100: LR: 0.000161
2025-12-13 23:49:32,120 - INFO - Epoch 34/100: Train Loss: 0.4098, Val Loss: 1.7766, Val Acc: 58.20%
2025-12-13 23:55:13,385 - INFO - Epoch 35/100: LR: 0.000159
2025-12-13 23:56:09,708 - INFO - Epoch 35/100: Train Loss: 0.3926, Val Loss: 1.7641, Val Acc: 58.85%, Test Loss: 1.7227, Test Acc: 59.52%
2025-12-14 00:01:52,696 - INFO - Epoch 36/100: LR: 0.000156
2025-12-14 00:01:53,643 - INFO - Epoch 36/100: Train Loss: 0.3664, Val Loss: 1.8252, Val Acc: 58.56%
2025-12-14 00:07:35,492 - INFO - Epoch 37/100: LR: 0.000153
2025-12-14 00:07:35,552 - INFO - Epoch 37/100: Train Loss: 0.3506, Val Loss: 1.7942, Val Acc: 59.57%
2025-12-14 00:13:16,516 - INFO - Epoch 38/100: LR: 0.000151
2025-12-14 00:13:16,552 - INFO - Epoch 38/100: Train Loss: 0.3259, Val Loss: 1.8065, Val Acc: 59.23%
2025-12-14 00:18:52,819 - INFO - Epoch 39/100: LR: 0.000148
2025-12-14 00:18:52,820 - INFO - Epoch 39/100: Train Loss: 0.3014, Val Loss: 1.8214, Val Acc: 60.21%
2025-12-14 00:24:26,610 - INFO - Epoch 40/100: LR: 0.000145
2025-12-14 00:25:19,173 - INFO - Epoch 40/100: Train Loss: 0.3003, Val Loss: 1.8400, Val Acc: 59.88%, Test Loss: 1.7637, Test Acc: 60.47%
2025-12-14 00:25:19,174 - INFO - Saving checkpoint for epoch 40...
2025-12-14 00:25:20,003 - INFO - ✅ Checkpoint saved: runs/run_200/checkpoint_epoch_40.pth
2025-12-14 00:30:55,358 - INFO - Epoch 41/100: LR: 0.000142
2025-12-14 00:30:55,387 - INFO - Epoch 41/100: Train Loss: 0.2744, Val Loss: 1.8776, Val Acc: 59.08%
2025-12-14 00:36:30,568 - INFO - Epoch 42/100: LR: 0.000139
2025-12-14 00:36:31,118 - INFO - Epoch 42/100: Train Loss: 0.2637, Val Loss: 1.8206, Val Acc: 60.46%
2025-12-14 00:42:06,105 - INFO - Epoch 43/100: LR: 0.000136
2025-12-14 00:42:06,106 - INFO - Epoch 43/100: Train Loss: 0.2513, Val Loss: 1.8907, Val Acc: 59.35%
2025-12-14 00:47:41,955 - INFO - Epoch 44/100: LR: 0.000133
2025-12-14 00:47:41,956 - INFO - Epoch 44/100: Train Loss: 0.2485, Val Loss: 1.8682, Val Acc: 59.45%
2025-12-14 00:53:17,972 - INFO - Epoch 45/100: LR: 0.000130
2025-12-14 00:54:12,249 - INFO - Epoch 45/100: Train Loss: 0.2306, Val Loss: 1.8704, Val Acc: 59.82%, Test Loss: 1.8308, Test Acc: 60.96%
2025-12-14 00:59:46,542 - INFO - Epoch 46/100: LR: 0.000127
2025-12-14 00:59:46,543 - INFO - Epoch 46/100: Train Loss: 0.2220, Val Loss: 1.8517, Val Acc: 61.08%
2025-12-14 01:05:21,571 - INFO - Epoch 47/100: LR: 0.000124
2025-12-14 01:05:21,572 - INFO - Epoch 47/100: Train Loss: 0.2148, Val Loss: 1.8896, Val Acc: 60.34%
2025-12-14 01:10:56,547 - INFO - Epoch 48/100: LR: 0.000121
2025-12-14 01:10:56,548 - INFO - Epoch 48/100: Train Loss: 0.2056, Val Loss: 1.8931, Val Acc: 60.31%
2025-12-14 01:16:31,529 - INFO - Epoch 49/100: LR: 0.000118
2025-12-14 01:16:31,530 - INFO - Epoch 49/100: Train Loss: 0.1965, Val Loss: 1.9039, Val Acc: 60.64%
2025-12-14 01:22:05,363 - INFO - Epoch 50/100: LR: 0.000115
2025-12-14 01:22:59,132 - INFO - Epoch 50/100: Train Loss: 0.1898, Val Loss: 1.9003, Val Acc: 60.82%, Test Loss: 1.8555, Test Acc: 60.99%
2025-12-14 01:22:59,133 - INFO - Saving checkpoint for epoch 50...
2025-12-14 01:22:59,908 - INFO - ✅ Checkpoint saved: runs/run_200/checkpoint_epoch_50.pth
2025-12-14 01:28:35,697 - INFO - Epoch 51/100: LR: 0.000111
2025-12-14 01:28:35,698 - INFO - Epoch 51/100: Train Loss: 0.1807, Val Loss: 1.9291, Val Acc: 60.52%
2025-12-14 01:34:11,268 - INFO - Epoch 52/100: LR: 0.000108
2025-12-14 01:34:11,269 - INFO - Epoch 52/100: Train Loss: 0.1745, Val Loss: 1.8758, Val Acc: 61.26%
2025-12-14 01:39:45,202 - INFO - Epoch 53/100: LR: 0.000105
2025-12-14 01:39:45,203 - INFO - Epoch 53/100: Train Loss: 0.1648, Val Loss: 1.9148, Val Acc: 60.97%
2025-12-14 01:45:20,121 - INFO - Epoch 54/100: LR: 0.000102
2025-12-14 01:45:20,123 - INFO - Epoch 54/100: Train Loss: 0.1649, Val Loss: 1.9335, Val Acc: 60.40%
2025-12-14 01:50:55,707 - INFO - Epoch 55/100: LR: 0.000099
2025-12-14 01:51:49,836 - INFO - Epoch 55/100: Train Loss: 0.1523, Val Loss: 1.9413, Val Acc: 60.97%, Test Loss: 1.8900, Test Acc: 61.76%
2025-12-14 01:57:25,261 - INFO - Epoch 56/100: LR: 0.000095
2025-12-14 01:57:25,262 - INFO - Epoch 56/100: Train Loss: 0.1439, Val Loss: 1.9043, Val Acc: 61.21%
2025-12-14 02:03:00,314 - INFO - Epoch 57/100: LR: 0.000092
2025-12-14 02:03:00,315 - INFO - Epoch 57/100: Train Loss: 0.1407, Val Loss: 1.8958, Val Acc: 61.66%
2025-12-14 02:08:35,470 - INFO - Epoch 58/100: LR: 0.000089
2025-12-14 02:08:35,540 - INFO - Epoch 58/100: Train Loss: 0.1392, Val Loss: 1.9180, Val Acc: 61.83%
2025-12-14 02:14:10,076 - INFO - Epoch 59/100: LR: 0.000086
2025-12-14 02:14:10,112 - INFO - Epoch 59/100: Train Loss: 0.1323, Val Loss: 1.9425, Val Acc: 61.09%
2025-12-14 02:19:45,006 - INFO - Epoch 60/100: LR: 0.000083
2025-12-14 02:20:38,883 - INFO - Epoch 60/100: Train Loss: 0.1259, Val Loss: 1.9099, Val Acc: 61.97%, Test Loss: 1.9052, Test Acc: 61.85%
2025-12-14 02:20:38,885 - INFO - Saving checkpoint for epoch 60...
2025-12-14 02:20:39,744 - INFO - ✅ Checkpoint saved: runs/run_200/checkpoint_epoch_60.pth
2025-12-14 02:26:14,577 - INFO - Epoch 61/100: LR: 0.000080
2025-12-14 02:26:14,624 - INFO - Epoch 61/100: Train Loss: 0.1215, Val Loss: 1.9739, Val Acc: 61.27%
2025-12-14 02:31:49,778 - INFO - Epoch 62/100: LR: 0.000077
2025-12-14 02:31:49,815 - INFO - Epoch 62/100: Train Loss: 0.1165, Val Loss: 1.9452, Val Acc: 60.97%
2025-12-14 02:37:24,835 - INFO - Epoch 63/100: LR: 0.000074
2025-12-14 02:37:24,871 - INFO - Epoch 63/100: Train Loss: 0.1130, Val Loss: 1.9411, Val Acc: 62.49%
2025-12-14 02:42:59,804 - INFO - Epoch 64/100: LR: 0.000071
2025-12-14 02:42:59,836 - INFO - Epoch 64/100: Train Loss: 0.1061, Val Loss: 1.9810, Val Acc: 61.67%
2025-12-14 02:48:35,029 - INFO - Epoch 65/100: LR: 0.000068
2025-12-14 02:49:29,157 - INFO - Epoch 65/100: Train Loss: 0.1044, Val Loss: 1.9457, Val Acc: 61.93%, Test Loss: 1.8930, Test Acc: 62.54%
2025-12-14 02:55:04,210 - INFO - Epoch 66/100: LR: 0.000065
2025-12-14 02:55:04,237 - INFO - Epoch 66/100: Train Loss: 0.0990, Val Loss: 1.9467, Val Acc: 61.84%
2025-12-14 03:00:38,595 - INFO - Epoch 67/100: LR: 0.000062
2025-12-14 03:00:38,663 - INFO - Epoch 67/100: Train Loss: 0.0975, Val Loss: 1.9991, Val Acc: 61.49%
2025-12-14 03:06:14,046 - INFO - Epoch 68/100: LR: 0.000059
2025-12-14 03:06:14,080 - INFO - Epoch 68/100: Train Loss: 0.0839, Val Loss: 1.9757, Val Acc: 62.14%
2025-12-14 03:11:49,846 - INFO - Epoch 69/100: LR: 0.000057
2025-12-14 03:11:49,847 - INFO - Epoch 69/100: Train Loss: 0.0890, Val Loss: 2.0056, Val Acc: 62.46%
2025-12-14 03:17:25,583 - INFO - Epoch 70/100: LR: 0.000054
2025-12-14 03:18:18,321 - INFO - Epoch 70/100: Train Loss: 0.0837, Val Loss: 2.0085, Val Acc: 61.95%, Test Loss: 1.9132, Test Acc: 62.47%
2025-12-14 03:18:18,323 - INFO - Saving checkpoint for epoch 70...
2025-12-14 03:18:19,127 - INFO - ✅ Checkpoint saved: runs/run_200/checkpoint_epoch_70.pth
2025-12-14 03:23:53,410 - INFO - Epoch 71/100: LR: 0.000051
2025-12-14 03:23:53,411 - INFO - Epoch 71/100: Train Loss: 0.0804, Val Loss: 1.9744, Val Acc: 62.20%
2025-12-14 03:29:27,031 - INFO - Epoch 72/100: LR: 0.000049
2025-12-14 03:29:27,033 - INFO - Epoch 72/100: Train Loss: 0.0795, Val Loss: 1.9737, Val Acc: 62.37%
2025-12-14 03:35:02,580 - INFO - Epoch 73/100: LR: 0.000046
2025-12-14 03:35:02,582 - INFO - Epoch 73/100: Train Loss: 0.0785, Val Loss: 1.9748, Val Acc: 62.52%
2025-12-14 03:40:38,274 - INFO - Epoch 74/100: LR: 0.000044
2025-12-14 03:40:38,275 - INFO - Epoch 74/100: Train Loss: 0.0729, Val Loss: 1.9914, Val Acc: 62.65%
2025-12-14 03:46:13,449 - INFO - Epoch 75/100: LR: 0.000041
2025-12-14 03:47:07,513 - INFO - Epoch 75/100: Train Loss: 0.0676, Val Loss: 1.9627, Val Acc: 63.11%, Test Loss: 1.9043, Test Acc: 63.19%
2025-12-14 03:52:42,581 - INFO - Epoch 76/100: LR: 0.000039
2025-12-14 03:52:42,583 - INFO - Epoch 76/100: Train Loss: 0.0664, Val Loss: 1.9707, Val Acc: 63.21%
2025-12-14 03:58:17,332 - INFO - Epoch 77/100: LR: 0.000037
2025-12-14 03:58:17,333 - INFO - Epoch 77/100: Train Loss: 0.0636, Val Loss: 1.9828, Val Acc: 62.79%
2025-12-14 04:03:53,734 - INFO - Epoch 78/100: LR: 0.000035
2025-12-14 04:03:53,735 - INFO - Epoch 78/100: Train Loss: 0.0626, Val Loss: 1.9756, Val Acc: 63.04%
2025-12-14 04:09:29,525 - INFO - Epoch 79/100: LR: 0.000032
2025-12-14 04:09:29,554 - INFO - Epoch 79/100: Train Loss: 0.0578, Val Loss: 1.9732, Val Acc: 63.04%
2025-12-14 04:15:04,736 - INFO - Epoch 80/100: LR: 0.000030
2025-12-14 04:15:58,860 - INFO - Epoch 80/100: Train Loss: 0.0557, Val Loss: 1.9704, Val Acc: 63.35%, Test Loss: 1.8901, Test Acc: 64.15%
2025-12-14 04:15:58,861 - INFO - Saving checkpoint for epoch 80...
2025-12-14 04:15:59,997 - INFO - ✅ Checkpoint saved: runs/run_200/checkpoint_epoch_80.pth
2025-12-14 04:21:35,314 - INFO - Epoch 81/100: LR: 0.000029
2025-12-14 04:21:35,360 - INFO - Epoch 81/100: Train Loss: 0.0560, Val Loss: 1.9473, Val Acc: 63.46%
2025-12-14 04:27:10,649 - INFO - Epoch 82/100: LR: 0.000027
2025-12-14 04:27:10,683 - INFO - Epoch 82/100: Train Loss: 0.0547, Val Loss: 1.9354, Val Acc: 63.65%
2025-12-14 04:32:45,996 - INFO - Epoch 83/100: LR: 0.000025
2025-12-14 04:32:46,023 - INFO - Epoch 83/100: Train Loss: 0.0501, Val Loss: 1.9534, Val Acc: 63.72%
2025-12-14 04:38:21,188 - INFO - Epoch 84/100: LR: 0.000023
2025-12-14 04:38:21,230 - INFO - Epoch 84/100: Train Loss: 0.0503, Val Loss: 1.9643, Val Acc: 63.77%
2025-12-14 04:43:56,502 - INFO - Epoch 85/100: LR: 0.000022
2025-12-14 04:44:50,503 - INFO - Epoch 85/100: Train Loss: 0.0482, Val Loss: 1.9648, Val Acc: 63.70%, Test Loss: 1.9007, Test Acc: 63.89%
2025-12-14 04:50:25,271 - INFO - Epoch 86/100: LR: 0.000020
2025-12-14 04:50:25,272 - INFO - Epoch 86/100: Train Loss: 0.0489, Val Loss: 1.9454, Val Acc: 64.06%
2025-12-14 04:55:59,610 - INFO - Epoch 87/100: LR: 0.000019
2025-12-14 04:55:59,611 - INFO - Epoch 87/100: Train Loss: 0.0452, Val Loss: 1.9460, Val Acc: 63.76%
2025-12-14 05:01:34,355 - INFO - Epoch 88/100: LR: 0.000018
2025-12-14 05:01:34,357 - INFO - Epoch 88/100: Train Loss: 0.0433, Val Loss: 1.9421, Val Acc: 63.72%
2025-12-14 05:07:09,373 - INFO - Epoch 89/100: LR: 0.000016
2025-12-14 05:07:09,375 - INFO - Epoch 89/100: Train Loss: 0.0405, Val Loss: 1.9592, Val Acc: 63.29%
2025-12-14 05:12:43,819 - INFO - Epoch 90/100: LR: 0.000015
2025-12-14 05:13:37,594 - INFO - Epoch 90/100: Train Loss: 0.0401, Val Loss: 1.9465, Val Acc: 63.88%, Test Loss: 1.8840, Test Acc: 64.63%
2025-12-14 05:13:37,596 - INFO - Saving checkpoint for epoch 90...
2025-12-14 05:13:38,748 - INFO - ✅ Checkpoint saved: runs/run_200/checkpoint_epoch_90.pth
2025-12-14 05:19:13,984 - INFO - Epoch 91/100: LR: 0.000014
2025-12-14 05:19:14,060 - INFO - Epoch 91/100: Train Loss: 0.0419, Val Loss: 1.9446, Val Acc: 63.96%
2025-12-14 05:24:48,747 - INFO - Epoch 92/100: LR: 0.000013
2025-12-14 05:24:48,789 - INFO - Epoch 92/100: Train Loss: 0.0402, Val Loss: 1.9511, Val Acc: 64.02%
2025-12-14 05:30:24,214 - INFO - Epoch 93/100: LR: 0.000013
2025-12-14 05:30:24,312 - INFO - Epoch 93/100: Train Loss: 0.0418, Val Loss: 1.9493, Val Acc: 63.97%
2025-12-14 05:35:59,308 - INFO - Epoch 94/100: LR: 0.000012
2025-12-14 05:35:59,363 - INFO - Epoch 94/100: Train Loss: 0.0393, Val Loss: 1.9499, Val Acc: 64.20%
2025-12-14 05:41:33,076 - INFO - Epoch 95/100: LR: 0.000011
2025-12-14 05:42:27,083 - INFO - Epoch 95/100: Train Loss: 0.0375, Val Loss: 1.9470, Val Acc: 64.07%, Test Loss: 1.9013, Test Acc: 64.31%
2025-12-14 05:48:02,322 - INFO - Epoch 96/100: LR: 0.000011
2025-12-14 05:48:02,355 - INFO - Epoch 96/100: Train Loss: 0.0373, Val Loss: 1.9440, Val Acc: 64.25%
2025-12-14 05:53:36,959 - INFO - Epoch 97/100: LR: 0.000010
2025-12-14 05:53:36,960 - INFO - Epoch 97/100: Train Loss: 0.0352, Val Loss: 1.9413, Val Acc: 64.39%
2025-12-14 05:59:11,945 - INFO - Epoch 98/100: LR: 0.000010
2025-12-14 05:59:11,979 - INFO - Epoch 98/100: Train Loss: 0.0364, Val Loss: 1.9493, Val Acc: 64.07%
2025-12-14 06:04:46,505 - INFO - Epoch 99/100: LR: 0.000010
2025-12-14 06:04:46,545 - INFO - Epoch 99/100: Train Loss: 0.0373, Val Loss: 1.9475, Val Acc: 64.27%
2025-12-14 06:10:20,875 - INFO - Epoch 100/100: LR: 0.000010
2025-12-14 06:11:14,961 - INFO - Epoch 100/100: Train Loss: 0.0371, Val Loss: 1.9425, Val Acc: 64.42%, Test Loss: 1.8961, Test Acc: 64.67%
2025-12-14 06:11:14,963 - INFO - Saving checkpoint for epoch 100...
2025-12-14 06:11:15,809 - INFO - ✅ Checkpoint saved: runs/run_200/checkpoint_epoch_100.pth
2025-12-14 06:11:15,811 - INFO - Training completed!
2025-12-14 06:11:15,813 - INFO - Training completed!
2025-12-14 06:11:15,815 - INFO - Generating training curves...
2025-12-14 06:11:17,559 - INFO - Too many classes (100) for per-class plotting, skipping
2025-12-14 06:11:17,560 - INFO - Training curves saved as separate images with base name 'runs/run_200/training_curves_from_scratch'
2025-12-14 06:11:17,561 - INFO - Generating confusion matrix on test set...
2025-12-14 06:12:25,045 - INFO - Performing final evaluation of from_scratch model on test set...
2025-12-14 06:13:18,984 - INFO - Final Test Results of from_scratch model: Loss: 1.8961, Accuracy: 64.67%
2025-12-14 06:13:18,985 - INFO - Generating LR schedule plot of from_scratch model...
2025-12-14 06:13:19,371 - INFO - LR schedule plot saved to 'runs/run_200/lr_schedule_from_scratch.png'
2025-12-14 06:13:19,372 - INFO - 
Final Test Results:
2025-12-14 06:13:19,373 - INFO - Loss: 1.8961
2025-12-14 06:13:19,374 - INFO - Accuracy: 64.67%
2025-12-14 06:13:19,375 - INFO - Precision: 64.73%
2025-12-14 06:13:19,376 - INFO - Recall: 64.67%
2025-12-14 06:13:19,377 - INFO - F1 Score: 64.52%
2025-12-14 06:13:19,428 - INFO - Experiment completed. Results saved to runs/run_200/results_from_scratch.json
2025-12-14 06:13:19,431 - INFO - Experiment completed. Metadata saved to runs/run_200/metadata_from_scratch.json
2025-12-14 06:13:19,756 - INFO - ✅ Model weights saved: runs/run_200/final_model_from_scratch_weights.pth
2025-12-14 06:13:19,759 - INFO - Final model saved: runs/run_200/final_model_from_scratch_weights.pth
2025-12-14 06:13:19,761 - INFO - Final model metadata saved: runs/run_200/final_model_from_scratch_metadata.json
2025-12-14 06:13:19,762 - INFO - === FROM-SCRATCH RESULTS (CIFAR100) ===
2025-12-14 06:13:19,763 - INFO - Final Accuracy: 64.67%
2025-12-14 06:13:19,764 - INFO - Final F1 Score: 64.52%
2025-12-14 06:13:19,769 - INFO - from_scratch experiment completed successfully!
