2025-11-19 19:37:23,479 - INFO - Logging initialized. Log file: runs/run_37/training.log
2025-11-19 19:37:23,719 - INFO - Random seeds set to 42 (deterministic=False)
2025-11-19 19:37:23,720 - INFO - Using device: cuda
2025-11-19 19:37:23,721 - INFO - Loading data...
2025-11-19 19:37:27,393 - INFO - Visualizing first batch...
2025-11-19 19:37:27,394 - INFO - Visualizing from DataLoader with 1303 batches
2025-11-19 19:37:28,460 - INFO - Loaded 16 images from dataloader
2025-11-19 19:37:33,573 - INFO - Saved enhanced dataset visualization to runs/run_37/visualization.png
2025-11-19 19:37:33,574 - INFO - Initializing model...
2025-11-19 19:37:36,840 - INFO - Created SwinTransformerModel for CIFAR-100 training.
2025-11-19 19:37:36,958 - INFO - Model moved to device: cuda
2025-11-19 19:37:36,960 - INFO - Patch embed proj device: cuda:0
2025-11-19 19:37:36,961 - INFO - Encoder first layer device: cuda:0
2025-11-19 19:37:36,962 - INFO - Head device: cuda:0
2025-11-19 19:37:36,963 - INFO - Transferring weights from pretrained to custom model...
2025-11-19 19:37:39,713 - INFO - Loading pretrained weights from Hugging Face hub (timm/swin_base_patch4_window7_224.ms_in22k_ft_in1k)
2025-11-19 19:37:40,082 - INFO - HTTP Request: HEAD https://huggingface.co/timm/swin_base_patch4_window7_224.ms_in22k_ft_in1k/resolve/main/model.safetensors "HTTP/1.1 302 Found"
2025-11-19 19:37:40,135 - INFO - [timm/swin_base_patch4_window7_224.ms_in22k_ft_in1k] Safe alternative available for 'pytorch_model.bin' (as 'model.safetensors'). Loading weights using safetensors.
2025-11-19 19:37:40,815 - INFO - Loaded pretrained model: swin_base_patch4_window7_224 from timm.
2025-11-19 19:37:40,953 - INFO - Weight transfer: 325 layers transferred.
2025-11-19 19:37:40,967 - INFO - Weight transfer completed: {'transferred': 325, 'missing': 0, 'size_mismatches': 0}
2025-11-19 19:37:40,968 - INFO - After transfer - Patch embed proj device: cuda:0
2025-11-19 19:37:40,969 - INFO - After transfer - Encoder first layer device: cuda:0
2025-11-19 19:37:40,973 - INFO - Total parameters: 104,548
2025-11-19 19:37:40,984 - INFO - Saved configuration to runs/run_37/config.json
2025-11-19 19:37:40,987 - INFO - Starting training...
