2025-12-10 22:28:48,030 - INFO - Logging initialized. Log file: runs/run_146/training.log
2025-12-10 22:28:48,278 - INFO - Experiment directory: runs/run_146
2025-12-10 22:28:48,310 - INFO - Setting random seeds for reproducibility (seed: 42)...
2025-12-10 22:28:48,452 - INFO - Random seeds set to 42 (deterministic=False)
2025-12-10 22:28:48,479 - INFO - Using device: cuda
2025-12-10 22:28:48,482 - INFO - Training configuration: epochs=50, warmup=3, lr=0.00025
2025-12-10 22:28:48,567 - INFO - SWIN configuration: variant=tiny, use_shifted_window=True, use_relative_bias=True, use_absolute_pos_embed=False, use_hierarchical_merge=False
2025-12-10 22:28:48,584 - INFO - SWIN details: embed_dim=96, depths=[2, 2, 6, 2], num_heads=[3, 6, 12, 24], window_size=7
2025-12-10 22:28:48,590 - INFO - Loading dataset...
2025-12-10 22:28:48,592 - INFO - Starting ImageNet data loading from root: /
2025-12-10 22:28:48,595 - INFO - Resolved root path: /
2025-12-10 22:28:48,597 - INFO - Root path exists: True
2025-12-10 22:28:48,601 - INFO - Root path is dir: True
2025-12-10 22:28:48,606 - INFO - Contents of /: ['/.exec', '/.run', '/.shell', '/.singularity.d', '/.test', '/bin', '/boot', '/dev', '/environment', '/etc', '/home', '/lib', '/lib64', '/media', '/mnt', '/opt', '/proc', '/requirements.txt', '/root', '/run', '/sbin', '/singularity', '/srv', '/sys', '/tmp', '/usr', '/var', '/meta', '/train_set', '/train_set_small', '/val_set', '/val_set_unlabeled']
2025-12-10 22:28:48,608 - INFO - Expected train_dir: /train_set, exists: True
2025-12-10 22:28:48,610 - INFO - Expected val_dir: /val_set, exists: True
2025-12-10 22:28:55,046 - INFO - Loaded ImageNet data from /: train=1281167, val=50000
2025-12-10 22:28:55,185 - INFO - Dataset loaded: train=50000 samples (196 batches), val=50000 samples (196 batches), test=50000 samples (196 batches)
2025-12-10 22:28:57,095 - INFO - Training Swin-Tiny from scratch
2025-12-10 22:28:57,112 - INFO - Initializing model from scratch...
2025-12-10 22:28:57,122 - INFO - Model architecture: Swin-Tiny
2025-12-10 22:28:57,129 - INFO - Model config: embed_dim=96, depths=[2, 2, 6, 2], num_heads=[3, 6, 12, 24], window_size=7, use_shifted_window=True, use_relative_bias=True, use_absolute_pos_embed=False, use_hierarchical_merge=False
2025-12-10 22:28:57,607 - INFO - Model created with random initialization
2025-12-10 22:28:57,675 - INFO - Total parameters: 28,288,354
2025-12-10 22:28:57,678 - INFO - Trainable parameters: 28,288,354
2025-12-10 22:28:57,984 - INFO - Starting from-scratch training...
2025-12-10 22:28:58,002 - INFO - Optimizer: training all model parameters
2025-12-10 22:28:58,029 - INFO - LR Scheduler: cosine with 3 warmup epochs
2025-12-10 22:28:58,039 - INFO - Starting training...
