2025-11-27 09:48:01,277 - INFO - Logging initialized. Log file: runs/run_48/training.log
2025-11-27 09:48:01,550 - INFO - Experiment directory: runs/run_48
2025-11-27 09:48:01,550 - INFO - Setting random seeds for reproducibility (seed: 42)...
2025-11-27 09:48:01,689 - INFO - Random seeds set to 42 (deterministic=False)
2025-11-27 09:48:01,690 - INFO - Using device: cuda
2025-11-27 09:48:01,691 - INFO - Training configuration: epochs=1, warmup=0, lr=0.001
2025-11-27 09:48:01,691 - INFO - Loading dataset...
2025-11-27 09:48:04,808 - INFO - Dataset loaded: train=1303, val=261, test=313 batches
2025-11-27 09:48:06,530 - INFO - Using pretrained model: swin_small_patch4_window7_224
2025-11-27 09:48:06,531 - INFO - Model architecture: Swin-Small
2025-11-27 09:48:06,532 - INFO - Initializing reference model...
2025-11-27 09:48:06,533 - INFO - Loading TIMM model: swin_small_patch4_window7_224 with pretrained weights
2025-11-27 09:48:07,339 - INFO - Loading pretrained weights from Hugging Face hub (timm/swin_small_patch4_window7_224.ms_in22k_ft_in1k)
2025-11-27 09:48:07,556 - INFO - HTTP Request: HEAD https://huggingface.co/timm/swin_small_patch4_window7_224.ms_in22k_ft_in1k/resolve/main/model.safetensors "HTTP/1.1 302 Found"
2025-11-27 09:48:07,563 - INFO - [timm/swin_small_patch4_window7_224.ms_in22k_ft_in1k] Safe alternative available for 'pytorch_model.bin' (as 'model.safetensors'). Loading weights using safetensors.
2025-11-27 09:48:08,993 - INFO - Successfully loaded swin_small_patch4_window7_224 from TIMM
2025-11-27 09:48:08,994 - INFO - Encoder loaded: 768 output features
2025-11-27 09:48:08,996 - INFO - Created classification head: 768 -> 100 classes
2025-11-27 09:48:08,998 - INFO - Reference model created. Trainable params (head only): 78,436
2025-11-27 09:48:09,400 - INFO - Detected Swin Transformer architecture
2025-11-27 09:48:09,401 - INFO - Detected model size: small
2025-11-27 09:48:09,402 - INFO - Initializing custom Swin model (size: small)...
2025-11-27 09:48:09,403 - INFO - Custom model will match architecture: embed_dim=96, depths=[2, 2, 18, 2], num_heads=[3, 6, 12, 24]
2025-11-27 09:48:10,042 - INFO - Transferring weights from reference to custom encoder...
2025-11-27 09:48:10,042 - INFO - Weight transfer: SwinTransformer -> SwinTransformerModel
2025-11-27 09:48:10,069 - INFO - Weight transfer: 325 layers transferred.
2025-11-27 09:48:10,110 - INFO - Weight transfer completed: {'transferred': 325, 'missing': 0, 'size_mismatches': 0}
2025-11-27 09:48:10,110 - INFO - ✓ All expected weights transferred successfully
2025-11-27 09:48:10,112 - INFO - Custom model created. Trainable params (head only): 78,436
2025-11-27 09:48:10,115 - INFO - Starting reference model training...
2025-11-27 09:48:10,116 - INFO - Optimizer: training head parameters only (encoder frozen)
2025-11-27 09:48:10,117 - INFO - Starting training...
2025-11-27 09:51:59,293 - INFO - Epoch 1/1: LR: 0.001100
2025-11-27 09:51:59,294 - INFO - Epoch 1/1: Train Loss: 3.1751, Val Loss: 1.8980, Val Acc: 75.99%
2025-11-27 09:51:59,295 - INFO - Training completed!
2025-11-27 09:51:59,296 - INFO - Reference model training completed!
2025-11-27 09:51:59,297 - INFO - Generating training curves...
2025-11-27 09:52:00,986 - INFO - Training curves saved as separate images with base name 'runs/run_48/training_curves_reference'
2025-11-27 09:52:00,987 - INFO - Generating confusion matrix on test set...
2025-11-27 09:53:30,677 - INFO - Performing final evaluation of reference model on test set...
2025-11-27 09:54:48,696 - INFO - Final Test Results of reference model: Loss: 1.8914, Accuracy: 76.58%
2025-11-27 09:54:48,697 - INFO - Generating LR schedule plot of reference model...
2025-11-27 09:54:48,994 - INFO - LR schedule plot saved to 'runs/run_48/lr_schedule_reference.png'
2025-11-27 09:54:48,995 - INFO - 
Final Test Results:
2025-11-27 09:54:48,996 - INFO - Loss: 1.8914
2025-11-27 09:54:48,996 - INFO - Accuracy: 76.58%
2025-11-27 09:54:48,997 - INFO - Precision: 77.66%
2025-11-27 09:54:48,997 - INFO - Recall: 76.58%
2025-11-27 09:54:48,998 - INFO - F1 Score: 76.21%
2025-11-27 09:54:49,004 - INFO - Experiment completed. Results saved to runs/run_48/results_reference.json
2025-11-27 09:54:49,006 - INFO - Experiment completed. Metadata saved to runs/run_48/metadata_reference.json
2025-11-27 09:54:49,489 - INFO - ✅ Model weights saved: trained_models/CIFAR100_final_model_reference_weights.pth
2025-11-27 09:54:49,489 - INFO - Starting custom model training...
2025-11-27 09:54:49,490 - INFO - Optimizer: training head parameters only (encoder frozen)
2025-11-27 09:54:49,491 - INFO - Starting training...
2025-11-27 09:58:39,344 - INFO - Epoch 1/1: LR: 0.001100
2025-11-27 09:58:39,345 - INFO - Epoch 1/1: Train Loss: 3.1572, Val Loss: 1.8603, Val Acc: 76.72%
2025-11-27 09:58:39,346 - INFO - Training completed!
2025-11-27 09:58:39,346 - INFO - Custom model training completed!
2025-11-27 09:58:39,347 - INFO - Generating training curves...
2025-11-27 09:58:40,914 - INFO - Training curves saved as separate images with base name 'runs/run_48/training_curves_custom'
2025-11-27 09:58:40,915 - INFO - Generating confusion matrix on test set...
2025-11-27 10:00:11,200 - INFO - Performing final evaluation of custom model on test set...
2025-11-27 10:01:29,333 - INFO - Final Test Results of custom model: Loss: 1.8562, Accuracy: 77.19%
2025-11-27 10:01:29,333 - INFO - Generating LR schedule plot of custom model...
2025-11-27 10:01:29,628 - INFO - LR schedule plot saved to 'runs/run_48/lr_schedule_custom.png'
2025-11-27 10:01:29,629 - INFO - 
Final Test Results:
2025-11-27 10:01:29,630 - INFO - Loss: 1.8562
2025-11-27 10:01:29,631 - INFO - Accuracy: 77.19%
2025-11-27 10:01:29,631 - INFO - Precision: 77.90%
2025-11-27 10:01:29,632 - INFO - Recall: 77.19%
2025-11-27 10:01:29,633 - INFO - F1 Score: 76.73%
2025-11-27 10:01:29,638 - INFO - Experiment completed. Results saved to runs/run_48/results_custom.json
2025-11-27 10:01:29,641 - INFO - Experiment completed. Metadata saved to runs/run_48/metadata_custom.json
2025-11-27 10:01:30,068 - INFO - ✅ Model weights saved: trained_models/CIFAR100_final_model_custom_weights.pth
2025-11-27 10:01:30,069 - INFO - === MODEL COMPARISON RESULTS (linear_probe on CIFAR100) ===
2025-11-27 10:01:30,069 - INFO - Reference (TIMM): 76.58%
2025-11-27 10:01:30,070 - INFO - Custom          : 77.19%
2025-11-27 10:01:30,071 - INFO - Difference      : 0.61%
2025-11-27 10:01:30,074 - INFO - linear_probe experiment completed successfully!
