2025-12-03 19:52:36,930 - INFO - Logging initialized. Log file: runs/run_93/training.log
2025-12-03 19:52:36,932 - INFO - Experiment directory: runs/run_93
2025-12-03 19:52:36,932 - INFO - Setting random seeds for reproducibility (seed: 42)...
2025-12-03 19:52:37,122 - INFO - Random seeds set to 42 (deterministic=False)
2025-12-03 19:52:37,123 - INFO - Using device: cuda
2025-12-03 19:52:37,124 - INFO - Training configuration: epochs=15, warmup=3, lr=0.0005
2025-12-03 19:52:37,124 - INFO - Loading dataset...
2025-12-03 19:52:37,126 - INFO - Starting ImageNet data loading from root: /
2025-12-03 19:52:37,126 - INFO - Resolved root path: /
2025-12-03 19:52:37,127 - INFO - Root path exists: True
2025-12-03 19:52:37,128 - INFO - Root path is dir: True
2025-12-03 19:52:37,133 - INFO - Contents of /: ['/.exec', '/.run', '/.shell', '/.singularity.d', '/.test', '/bin', '/boot', '/dev', '/environment', '/etc', '/home', '/lib', '/lib64', '/media', '/mnt', '/opt', '/proc', '/requirements.txt', '/root', '/run', '/sbin', '/singularity', '/srv', '/sys', '/tmp', '/usr', '/var', '/meta', '/train_set', '/train_set_small', '/val_set', '/val_set_unlabeled']
2025-12-03 19:52:37,134 - INFO - Expected train_dir: /train_set, exists: True
2025-12-03 19:52:37,134 - INFO - Expected val_dir: /val_set, exists: True
2025-12-03 19:52:43,494 - INFO - Loaded ImageNet data from /: train=1281167, val=50000
2025-12-03 19:52:43,611 - INFO - Dataset loaded: train=50000 samples (391 batches), val=5000 samples (40 batches), test=5000 samples (40 batches)
2025-12-03 19:52:46,214 - INFO - Training Swin-Tiny from scratch
2025-12-03 19:52:46,215 - INFO - Initializing model from scratch...
2025-12-03 19:52:46,215 - INFO - Model architecture: Swin-Tiny
2025-12-03 19:52:46,216 - INFO - Model config: embed_dim=96, depths=[2, 2, 6, 2], num_heads=[3, 6, 12, 24]
2025-12-03 19:52:46,706 - INFO - Model created with random initialization
2025-12-03 19:52:46,707 - INFO - Total parameters: 28,288,354
2025-12-03 19:52:46,708 - INFO - Trainable parameters: 28,288,354
2025-12-03 19:52:47,013 - INFO - Starting from-scratch training...
2025-12-03 19:52:47,014 - INFO - Optimizer: training all model parameters
2025-12-03 19:52:47,016 - INFO - Starting training...
2025-12-03 20:14:05,557 - INFO - Epoch 1/15: LR: 0.000170
2025-12-03 20:14:05,558 - INFO - Epoch 1/15: Train Loss: 6.9086, Val Loss: 6.8331, Val Acc: 0.40%
2025-12-03 20:28:03,484 - INFO - Epoch 2/15: LR: 0.000335
2025-12-03 20:28:03,485 - INFO - Epoch 2/15: Train Loss: 6.8191, Val Loss: 6.6931, Val Acc: 0.32%
