2025-12-03 22:03:19,313 - INFO - Logging initialized. Log file: runs/run_97/training.log
2025-12-03 22:03:19,314 - INFO - Experiment directory: runs/run_97
2025-12-03 22:03:19,315 - INFO - Setting random seeds for reproducibility (seed: 42)...
2025-12-03 22:03:19,468 - INFO - Random seeds set to 42 (deterministic=False)
2025-12-03 22:03:19,470 - INFO - Using device: cuda
2025-12-03 22:03:19,471 - INFO - Training configuration: epochs=20, warmup=3, lr=0.0005
2025-12-03 22:03:19,472 - INFO - Loading dataset...
2025-12-03 22:03:19,474 - INFO - Starting ImageNet data loading from root: /
2025-12-03 22:03:19,475 - INFO - Resolved root path: /
2025-12-03 22:03:19,476 - INFO - Root path exists: True
2025-12-03 22:03:19,477 - INFO - Root path is dir: True
2025-12-03 22:03:19,482 - INFO - Contents of /: ['/.exec', '/.run', '/.shell', '/.singularity.d', '/.test', '/bin', '/boot', '/dev', '/environment', '/etc', '/home', '/lib', '/lib64', '/media', '/mnt', '/opt', '/proc', '/requirements.txt', '/root', '/run', '/sbin', '/singularity', '/srv', '/sys', '/tmp', '/usr', '/var', '/meta', '/train_set', '/train_set_small', '/val_set', '/val_set_unlabeled']
2025-12-03 22:03:19,483 - INFO - Expected train_dir: /train_set, exists: True
2025-12-03 22:03:19,484 - INFO - Expected val_dir: /val_set, exists: True
2025-12-03 22:03:25,629 - INFO - Loaded ImageNet data from /: train=1281167, val=50000
2025-12-03 22:03:25,752 - INFO - Dataset loaded: train=50000 samples (391 batches), val=5000 samples (40 batches), test=5000 samples (40 batches)
2025-12-03 22:03:27,615 - INFO - Training Swin-Tiny from scratch
2025-12-03 22:03:27,616 - INFO - Initializing model from scratch...
2025-12-03 22:03:27,617 - INFO - Model architecture: Swin-Tiny
2025-12-03 22:03:27,618 - INFO - Model config: embed_dim=96, depths=[2, 2, 6, 2], num_heads=[3, 6, 12, 24]
2025-12-03 22:03:28,105 - INFO - Model created with random initialization
2025-12-03 22:03:28,106 - INFO - Total parameters: 28,288,354
2025-12-03 22:03:28,108 - INFO - Trainable parameters: 28,288,354
2025-12-03 22:03:28,444 - INFO - Starting from-scratch training...
2025-12-03 22:03:28,446 - INFO - Optimizer: training all model parameters
2025-12-03 22:03:28,448 - INFO - Starting training...
2025-12-03 22:18:40,511 - INFO - Epoch 1/20: LR: 0.000170
2025-12-03 22:18:40,532 - INFO - Epoch 1/20: Train Loss: 6.9086, Val Loss: 6.8331, Val Acc: 0.40%
2025-12-03 22:32:41,111 - INFO - Epoch 2/20: LR: 0.000335
2025-12-03 22:32:41,125 - INFO - Epoch 2/20: Train Loss: 6.8191, Val Loss: 6.6931, Val Acc: 0.32%
2025-12-03 22:46:40,242 - INFO - Epoch 3/20: LR: 0.000500
2025-12-03 22:46:40,266 - INFO - Epoch 3/20: Train Loss: 6.7566, Val Loss: 6.6551, Val Acc: 0.52%
2025-12-03 23:00:26,701 - INFO - Epoch 4/20: LR: 0.000496
2025-12-03 23:00:26,733 - INFO - Epoch 4/20: Train Loss: 6.6824, Val Loss: 6.5408, Val Acc: 0.88%
2025-12-03 23:14:12,420 - INFO - Epoch 5/20: LR: 0.000483
2025-12-03 23:15:32,425 - INFO - Epoch 5/20: Train Loss: 6.5465, Val Loss: 6.3902, Val Acc: 1.04%, Test Loss: 6.3902, Test Acc: 1.04%
2025-12-03 23:29:15,276 - INFO - Epoch 6/20: LR: 0.000463
2025-12-03 23:29:15,278 - INFO - Epoch 6/20: Train Loss: 6.4270, Val Loss: 6.2581, Val Acc: 1.64%
2025-12-03 23:42:53,541 - INFO - Epoch 7/20: LR: 0.000435
2025-12-03 23:42:53,543 - INFO - Epoch 7/20: Train Loss: 6.3309, Val Loss: 6.1265, Val Acc: 1.88%
2025-12-03 23:56:37,027 - INFO - Epoch 8/20: LR: 0.000401
2025-12-03 23:56:37,029 - INFO - Epoch 8/20: Train Loss: 6.2531, Val Loss: 6.0519, Val Acc: 2.06%
2025-12-04 00:10:18,661 - INFO - Epoch 9/20: LR: 0.000362
2025-12-04 00:10:18,665 - INFO - Epoch 9/20: Train Loss: 6.1673, Val Loss: 5.9933, Val Acc: 2.54%
2025-12-04 00:24:02,361 - INFO - Epoch 10/20: LR: 0.000319
2025-12-04 00:25:20,789 - INFO - Epoch 10/20: Train Loss: 6.1081, Val Loss: 5.8854, Val Acc: 3.38%, Test Loss: 5.8854, Test Acc: 3.38%
2025-12-04 00:25:20,790 - INFO - Saving checkpoint for epoch 10...
2025-12-04 00:25:21,950 - INFO - ✅ Checkpoint saved: runs/run_97/checkpoint_epoch_10.pth
2025-12-04 00:39:02,562 - INFO - Epoch 11/20: LR: 0.000274
2025-12-04 00:39:02,563 - INFO - Epoch 11/20: Train Loss: 6.0191, Val Loss: 5.8127, Val Acc: 3.14%
2025-12-04 00:52:46,718 - INFO - Epoch 12/20: LR: 0.000227
2025-12-04 00:52:46,719 - INFO - Epoch 12/20: Train Loss: 5.9236, Val Loss: 5.6683, Val Acc: 4.14%
2025-12-04 01:06:23,070 - INFO - Epoch 13/20: LR: 0.000182
2025-12-04 01:06:23,071 - INFO - Epoch 13/20: Train Loss: 5.8358, Val Loss: 5.6006, Val Acc: 5.00%
2025-12-04 01:20:00,476 - INFO - Epoch 14/20: LR: 0.000139
2025-12-04 01:20:00,478 - INFO - Epoch 14/20: Train Loss: 5.7451, Val Loss: 5.5186, Val Acc: 5.40%
2025-12-04 01:33:32,838 - INFO - Epoch 15/20: LR: 0.000100
2025-12-04 01:34:51,127 - INFO - Epoch 15/20: Train Loss: 5.6653, Val Loss: 5.4618, Val Acc: 6.08%, Test Loss: 5.4618, Test Acc: 6.08%
2025-12-04 01:48:25,451 - INFO - Epoch 16/20: LR: 0.000066
2025-12-04 01:48:25,490 - INFO - Epoch 16/20: Train Loss: 5.5791, Val Loss: 5.4102, Val Acc: 6.72%
2025-12-04 02:02:11,070 - INFO - Epoch 17/20: LR: 0.000038
2025-12-04 02:02:11,115 - INFO - Epoch 17/20: Train Loss: 5.5247, Val Loss: 5.3494, Val Acc: 6.92%
2025-12-04 02:16:16,293 - INFO - Epoch 18/20: LR: 0.000018
2025-12-04 02:16:16,306 - INFO - Epoch 18/20: Train Loss: 5.4786, Val Loss: 5.3179, Val Acc: 6.98%
2025-12-04 02:32:00,495 - INFO - Epoch 19/20: LR: 0.000005
2025-12-04 02:32:00,537 - INFO - Epoch 19/20: Train Loss: 5.4382, Val Loss: 5.2939, Val Acc: 7.42%
2025-12-04 02:48:51,268 - INFO - Epoch 20/20: LR: 0.000001
2025-12-04 02:50:10,449 - INFO - Epoch 20/20: Train Loss: 5.4275, Val Loss: 5.2934, Val Acc: 7.58%, Test Loss: 5.2934, Test Acc: 7.58%
2025-12-04 02:50:10,462 - INFO - Saving checkpoint for epoch 20...
2025-12-04 02:50:11,207 - INFO - ✅ Checkpoint saved: runs/run_97/checkpoint_epoch_20.pth
2025-12-04 02:50:11,208 - INFO - Training completed!
2025-12-04 02:50:11,212 - INFO - Training completed!
2025-12-04 02:50:11,213 - INFO - Generating training curves...
2025-12-04 02:50:12,905 - WARNING - Inhomogeneous shapes in per-class F1 data: [(996,), (997,), (996,), (998,), (998,), (996,), (998,), (998,), (998,), (998,), (998,), (998,), (998,), (999,), (998,), (999,), (999,), (999,), (999,), (999,)]. Skipping per-class plotting.
2025-12-04 02:50:12,906 - INFO - Training curves saved as separate images with base name 'runs/run_97/training_curves_from_scratch'
2025-12-04 02:50:12,907 - INFO - Generating confusion matrix on test set...
