2025-12-05 18:22:36,966 - INFO - Logging initialized. Log file: runs/run_114/training.log
2025-12-05 18:22:36,975 - INFO - Experiment directory: runs/run_114
2025-12-05 18:22:36,976 - INFO - Setting random seeds for reproducibility (seed: 42)...
2025-12-05 18:22:37,182 - INFO - Random seeds set to 42 (deterministic=False)
2025-12-05 18:22:37,183 - INFO - Using device: cuda
2025-12-05 18:22:37,184 - INFO - Training configuration: epochs=20, warmup=3, lr=0.0005
2025-12-05 18:22:37,185 - INFO - SWIN configuration: variant=tiny, use_shifted_window=True, use_relative_bias=False
2025-12-05 18:22:37,187 - INFO - SWIN details: embed_dim=96, depths=[2, 2, 6, 2], num_heads=[3, 6, 12, 24], window_size=7
2025-12-05 18:22:37,188 - INFO - Loading dataset...
2025-12-05 18:22:37,191 - INFO - Starting ImageNet data loading from root: /
2025-12-05 18:22:37,192 - INFO - Resolved root path: /
2025-12-05 18:22:37,193 - INFO - Root path exists: True
2025-12-05 18:22:37,195 - INFO - Root path is dir: True
2025-12-05 18:22:37,221 - INFO - Contents of /: ['/.exec', '/.run', '/.shell', '/.singularity.d', '/.test', '/bin', '/boot', '/dev', '/environment', '/etc', '/home', '/lib', '/lib64', '/media', '/mnt', '/opt', '/proc', '/requirements.txt', '/root', '/run', '/sbin', '/singularity', '/srv', '/sys', '/tmp', '/usr', '/var', '/meta', '/train_set', '/train_set_small', '/val_set', '/val_set_unlabeled']
2025-12-05 18:22:37,222 - INFO - Expected train_dir: /train_set, exists: True
2025-12-05 18:22:37,224 - INFO - Expected val_dir: /val_set, exists: True
2025-12-05 18:22:51,559 - INFO - Loaded ImageNet data from /: train=1281167, val=50000
2025-12-05 18:22:51,915 - INFO - Dataset loaded: train=50000 samples (521 batches), val=5000 samples (53 batches), test=5000 samples (53 batches)
2025-12-05 18:22:57,851 - INFO - Training Swin-Tiny from scratch
2025-12-05 18:22:57,852 - INFO - Initializing model from scratch...
2025-12-05 18:22:57,853 - INFO - Model architecture: Swin-Tiny
2025-12-05 18:22:57,854 - INFO - Model config: embed_dim=96, depths=[2, 2, 6, 2], num_heads=[3, 6, 12, 24], window_size=7, use_shifted_window=True, use_relative_bias=False
2025-12-05 18:22:59,306 - INFO - Model created with random initialization
2025-12-05 18:22:59,308 - INFO - Total parameters: 28,288,354
2025-12-05 18:22:59,313 - INFO - Trainable parameters: 28,288,354
2025-12-05 18:22:59,579 - INFO - Starting from-scratch training...
2025-12-05 18:22:59,580 - INFO - Optimizer: training all model parameters
2025-12-05 18:22:59,584 - INFO - Starting training...
2025-12-05 18:51:24,546 - INFO - Epoch 1/20: LR: 0.000170
2025-12-05 18:51:24,558 - INFO - Epoch 1/20: Train Loss: 6.9042, Val Loss: 6.8251, Val Acc: 0.46%
2025-12-05 19:07:19,878 - INFO - Epoch 2/20: LR: 0.000335
2025-12-05 19:07:19,894 - INFO - Epoch 2/20: Train Loss: 6.8208, Val Loss: 6.7008, Val Acc: 0.30%
2025-12-05 19:25:43,717 - INFO - Epoch 3/20: LR: 0.000500
2025-12-05 19:25:44,431 - INFO - Epoch 3/20: Train Loss: 6.7650, Val Loss: 6.6260, Val Acc: 0.70%
2025-12-05 19:44:26,583 - INFO - Epoch 4/20: LR: 0.000496
2025-12-05 19:44:26,598 - INFO - Epoch 4/20: Train Loss: 6.8355, Val Loss: 6.9102, Val Acc: 0.14%
2025-12-05 20:00:04,546 - INFO - Epoch 5/20: LR: 0.000483
2025-12-05 20:01:40,073 - INFO - Epoch 5/20: Train Loss: 6.9265, Val Loss: 6.9453, Val Acc: 0.08%, Test Loss: 6.9453, Test Acc: 0.08%
2025-12-05 20:17:03,400 - INFO - Epoch 6/20: LR: 0.000463
2025-12-05 20:17:03,411 - INFO - Epoch 6/20: Train Loss: 6.9196, Val Loss: 6.9132, Val Acc: 0.14%
2025-12-05 20:32:20,523 - INFO - Epoch 7/20: LR: 0.000435
2025-12-05 20:32:20,560 - INFO - Epoch 7/20: Train Loss: 6.8868, Val Loss: 6.8911, Val Acc: 0.12%
2025-12-05 20:47:39,174 - INFO - Epoch 8/20: LR: 0.000401
2025-12-05 20:47:39,194 - INFO - Epoch 8/20: Train Loss: 6.8623, Val Loss: 6.8518, Val Acc: 0.26%
2025-12-05 21:02:56,626 - INFO - Epoch 9/20: LR: 0.000362
2025-12-05 21:02:56,645 - INFO - Epoch 9/20: Train Loss: 6.8559, Val Loss: 6.8464, Val Acc: 0.28%
2025-12-05 21:18:17,415 - INFO - Epoch 10/20: LR: 0.000319
2025-12-05 21:19:52,845 - INFO - Epoch 10/20: Train Loss: 6.8808, Val Loss: 6.8660, Val Acc: 0.32%, Test Loss: 6.8660, Test Acc: 0.32%
2025-12-05 21:19:52,847 - INFO - Saving checkpoint for epoch 10...
2025-12-05 21:19:54,723 - INFO - ✅ Checkpoint saved: runs/run_114/checkpoint_epoch_10.pth
2025-12-05 21:35:13,073 - INFO - Epoch 11/20: LR: 0.000274
2025-12-05 21:35:13,091 - INFO - Epoch 11/20: Train Loss: 6.8804, Val Loss: 6.8767, Val Acc: 0.22%
2025-12-05 21:50:30,820 - INFO - Epoch 12/20: LR: 0.000227
2025-12-05 21:50:30,832 - INFO - Epoch 12/20: Train Loss: 6.8705, Val Loss: 6.8728, Val Acc: 0.16%
2025-12-05 22:05:48,891 - INFO - Epoch 13/20: LR: 0.000182
2025-12-05 22:05:48,931 - INFO - Epoch 13/20: Train Loss: 6.8626, Val Loss: 6.8685, Val Acc: 0.16%
2025-12-05 22:21:08,083 - INFO - Epoch 14/20: LR: 0.000139
2025-12-05 22:21:08,115 - INFO - Epoch 14/20: Train Loss: 6.8596, Val Loss: 6.8592, Val Acc: 0.16%
2025-12-05 22:36:25,174 - INFO - Epoch 15/20: LR: 0.000100
2025-12-05 22:38:00,685 - INFO - Epoch 15/20: Train Loss: 6.8508, Val Loss: 6.8569, Val Acc: 0.24%, Test Loss: 6.8569, Test Acc: 0.24%
2025-12-05 22:53:18,786 - INFO - Epoch 16/20: LR: 0.000066
2025-12-05 22:53:18,834 - INFO - Epoch 16/20: Train Loss: 6.8495, Val Loss: 6.8589, Val Acc: 0.24%
2025-12-05 23:08:36,119 - INFO - Epoch 17/20: LR: 0.000038
2025-12-05 23:08:36,159 - INFO - Epoch 17/20: Train Loss: 6.8446, Val Loss: 6.8569, Val Acc: 0.28%
