2025-12-09 10:03:57,392 - INFO - Logging initialized. Log file: runs/run_133/training.log
2025-12-09 10:03:57,395 - INFO - Experiment directory: runs/run_133
2025-12-09 10:03:57,397 - INFO - Setting random seeds for reproducibility (seed: 42)...
2025-12-09 10:03:57,524 - INFO - Random seeds set to 42 (deterministic=False)
2025-12-09 10:03:57,526 - INFO - Using device: cuda
2025-12-09 10:03:57,527 - INFO - Training configuration: epochs=20, warmup=3, lr=0.0005
2025-12-09 10:03:57,528 - INFO - SWIN configuration: variant=tiny, use_shifted_window=True, use_relative_bias=True, use_absolute_pos_embed=True, use_hierarchical_merge=False
2025-12-09 10:03:57,530 - INFO - SWIN details: embed_dim=96, depths=[2, 2, 6, 2], num_heads=[3, 6, 12, 24], window_size=7
2025-12-09 10:03:57,531 - INFO - Loading dataset...
2025-12-09 10:03:57,533 - INFO - Starting ImageNet data loading from root: /
2025-12-09 10:03:57,534 - INFO - Resolved root path: /
2025-12-09 10:03:57,536 - INFO - Root path exists: True
2025-12-09 10:03:57,537 - INFO - Root path is dir: True
2025-12-09 10:03:57,543 - INFO - Contents of /: ['/.exec', '/.run', '/.shell', '/.singularity.d', '/.test', '/bin', '/boot', '/dev', '/environment', '/etc', '/home', '/lib', '/lib64', '/media', '/mnt', '/opt', '/proc', '/requirements.txt', '/root', '/run', '/sbin', '/singularity', '/srv', '/sys', '/tmp', '/usr', '/var', '/meta', '/train_set', '/train_set_small', '/val_set', '/val_set_unlabeled']
2025-12-09 10:03:57,544 - INFO - Expected train_dir: /train_set, exists: True
2025-12-09 10:03:57,546 - INFO - Expected val_dir: /val_set, exists: True
2025-12-09 10:04:03,851 - INFO - Loaded ImageNet data from /: train=1281167, val=50000
2025-12-09 10:04:03,967 - INFO - Dataset loaded: train=50000 samples (391 batches), val=5000 samples (40 batches), test=5000 samples (40 batches)
2025-12-09 10:04:05,969 - INFO - Training Swin-Tiny from scratch
2025-12-09 10:04:05,971 - INFO - Initializing model from scratch...
2025-12-09 10:04:05,972 - INFO - Model architecture: Swin-Tiny
2025-12-09 10:04:05,974 - INFO - Model config: embed_dim=96, depths=[2, 2, 6, 2], num_heads=[3, 6, 12, 24], window_size=7, use_shifted_window=True, use_relative_bias=True, use_absolute_pos_embed=True, use_hierarchical_merge=False
2025-12-09 10:04:06,473 - INFO - Model created with random initialization
2025-12-09 10:04:06,475 - INFO - Total parameters: 28,589,410
2025-12-09 10:04:06,477 - INFO - Trainable parameters: 28,589,410
2025-12-09 10:04:06,765 - INFO - Starting from-scratch training...
2025-12-09 10:04:06,767 - INFO - Optimizer: training all model parameters
2025-12-09 10:04:06,769 - INFO - Starting training...
2025-12-09 10:19:07,616 - INFO - Epoch 1/20: LR: 0.000170
2025-12-09 10:19:07,644 - INFO - Epoch 1/20: Train Loss: 6.9038, Val Loss: 6.8299, Val Acc: 0.34%
2025-12-09 10:33:14,243 - INFO - Epoch 2/20: LR: 0.000335
2025-12-09 10:33:14,246 - INFO - Epoch 2/20: Train Loss: 6.8209, Val Loss: 6.7064, Val Acc: 0.64%
2025-12-09 10:47:34,978 - INFO - Epoch 3/20: LR: 0.000500
2025-12-09 10:47:34,980 - INFO - Epoch 3/20: Train Loss: 6.7500, Val Loss: 6.6338, Val Acc: 0.54%
2025-12-09 11:01:13,788 - INFO - Epoch 4/20: LR: 0.000496
2025-12-09 11:01:13,790 - INFO - Epoch 4/20: Train Loss: 6.6670, Val Loss: 6.5102, Val Acc: 0.62%
2025-12-09 11:14:48,116 - INFO - Epoch 5/20: LR: 0.000483
2025-12-09 11:16:06,668 - INFO - Epoch 5/20: Train Loss: 6.5955, Val Loss: 6.5955, Val Acc: 1.06%, Test Loss: 6.5955, Test Acc: 1.06%
2025-12-09 11:29:45,737 - INFO - Epoch 6/20: LR: 0.000463
2025-12-09 11:29:45,740 - INFO - Epoch 6/20: Train Loss: 6.7839, Val Loss: 6.9949, Val Acc: 0.10%
2025-12-09 11:43:18,984 - INFO - Epoch 7/20: LR: 0.000435
2025-12-09 11:43:18,986 - INFO - Epoch 7/20: Train Loss: 6.8870, Val Loss: 6.8860, Val Acc: 0.24%
2025-12-09 11:56:53,877 - INFO - Epoch 8/20: LR: 0.000401
2025-12-09 11:56:53,878 - INFO - Epoch 8/20: Train Loss: 6.9065, Val Loss: 6.9080, Val Acc: 0.06%
2025-12-09 12:10:35,046 - INFO - Epoch 9/20: LR: 0.000362
2025-12-09 12:10:35,051 - INFO - Epoch 9/20: Train Loss: 6.8868, Val Loss: 6.8680, Val Acc: 0.14%
2025-12-09 12:24:14,836 - INFO - Epoch 10/20: LR: 0.000319
2025-12-09 12:25:33,769 - INFO - Epoch 10/20: Train Loss: 6.8814, Val Loss: 6.8799, Val Acc: 0.16%, Test Loss: 6.8799, Test Acc: 0.16%
2025-12-09 12:25:33,770 - INFO - Saving checkpoint for epoch 10...
2025-12-09 12:25:34,517 - INFO - ✅ Checkpoint saved: runs/run_133/checkpoint_epoch_10.pth
2025-12-09 12:39:37,613 - INFO - Epoch 11/20: LR: 0.000274
2025-12-09 12:39:37,614 - INFO - Epoch 11/20: Train Loss: 6.8700, Val Loss: 6.8701, Val Acc: 0.28%
2025-12-09 12:53:09,315 - INFO - Epoch 12/20: LR: 0.000227
2025-12-09 12:53:09,316 - INFO - Epoch 12/20: Train Loss: 6.8743, Val Loss: 6.8834, Val Acc: 0.26%
2025-12-09 13:06:41,785 - INFO - Epoch 13/20: LR: 0.000182
2025-12-09 13:06:41,786 - INFO - Epoch 13/20: Train Loss: 6.8883, Val Loss: 6.8929, Val Acc: 0.18%
2025-12-09 13:20:24,384 - INFO - Epoch 14/20: LR: 0.000139
2025-12-09 13:20:24,386 - INFO - Epoch 14/20: Train Loss: 6.8743, Val Loss: 6.8730, Val Acc: 0.06%
2025-12-09 13:34:12,646 - INFO - Epoch 15/20: LR: 0.000100
2025-12-09 13:35:31,514 - INFO - Epoch 15/20: Train Loss: 6.8642, Val Loss: 6.8659, Val Acc: 0.30%, Test Loss: 6.8659, Test Acc: 0.30%
2025-12-09 13:49:17,459 - INFO - Epoch 16/20: LR: 0.000066
2025-12-09 13:49:17,460 - INFO - Epoch 16/20: Train Loss: 6.8746, Val Loss: 6.8891, Val Acc: 0.10%
2025-12-09 14:03:33,967 - INFO - Epoch 17/20: LR: 0.000038
2025-12-09 14:03:33,969 - INFO - Epoch 17/20: Train Loss: 6.8821, Val Loss: 6.8914, Val Acc: 0.08%
2025-12-09 14:18:17,903 - INFO - Epoch 18/20: LR: 0.000018
2025-12-09 14:18:17,905 - INFO - Epoch 18/20: Train Loss: 6.8788, Val Loss: 6.8876, Val Acc: 0.16%
2025-12-09 14:32:46,861 - INFO - Epoch 19/20: LR: 0.000005
2025-12-09 14:32:46,863 - INFO - Epoch 19/20: Train Loss: 6.8765, Val Loss: 6.8884, Val Acc: 0.14%
2025-12-09 14:46:36,344 - INFO - Epoch 20/20: LR: 0.000001
2025-12-09 14:47:55,456 - INFO - Epoch 20/20: Train Loss: 6.8717, Val Loss: 6.8880, Val Acc: 0.14%, Test Loss: 6.8880, Test Acc: 0.14%
2025-12-09 14:47:55,457 - INFO - Saving checkpoint for epoch 20...
2025-12-09 14:47:56,230 - INFO - ✅ Checkpoint saved: runs/run_133/checkpoint_epoch_20.pth
2025-12-09 14:47:56,231 - INFO - Training completed!
2025-12-09 14:47:56,232 - INFO - Training completed!
2025-12-09 14:47:56,233 - INFO - Generating training curves...
2025-12-09 14:47:57,846 - WARNING - Inhomogeneous shapes in per-class F1 data: [(997,), (996,), (997,), (997,), (997,), (996,), (996,), (996,), (997,), (997,), (997,), (997,), (996,), (996,), (996,), (996,), (996,), (996,), (996,), (996,)]. Skipping per-class plotting.
2025-12-09 14:47:57,848 - INFO - Training curves saved as separate images with base name 'runs/run_133/training_curves_from_scratch'
2025-12-09 14:47:57,849 - INFO - Generating confusion matrix on test set...
