2025-12-06 20:55:28,046 - INFO - Logging initialized. Log file: runs/run_112/training.log
2025-12-06 20:55:28,048 - INFO - Experiment directory: runs/run_112
2025-12-06 20:55:28,050 - INFO - Setting random seeds for reproducibility (seed: 42)...
2025-12-06 20:55:28,183 - INFO - Random seeds set to 42 (deterministic=False)
2025-12-06 20:55:28,184 - INFO - Using device: cuda
2025-12-06 20:55:28,186 - INFO - Training configuration: epochs=20, warmup=3, lr=0.0005
2025-12-06 20:55:28,188 - INFO - SWIN configuration: variant=tiny, use_shifted_window=True
2025-12-06 20:55:28,189 - INFO - SWIN details: embed_dim=96, depths=[2, 2, 6, 2], num_heads=[3, 6, 12, 24], window_size=4
2025-12-06 20:55:28,190 - INFO - Loading dataset...
2025-12-06 20:55:28,193 - INFO - Starting ImageNet data loading from root: /
2025-12-06 20:55:28,195 - INFO - Resolved root path: /
2025-12-06 20:55:28,197 - INFO - Root path exists: True
2025-12-06 20:55:28,198 - INFO - Root path is dir: True
2025-12-06 20:55:28,204 - INFO - Contents of /: ['/.exec', '/.run', '/.shell', '/.singularity.d', '/.test', '/bin', '/boot', '/dev', '/environment', '/etc', '/home', '/lib', '/lib64', '/media', '/mnt', '/opt', '/proc', '/requirements.txt', '/root', '/run', '/sbin', '/singularity', '/srv', '/sys', '/tmp', '/usr', '/var', '/meta', '/train_set', '/train_set_small', '/val_set', '/val_set_unlabeled']
2025-12-06 20:55:28,206 - INFO - Expected train_dir: /train_set, exists: True
2025-12-06 20:55:28,207 - INFO - Expected val_dir: /val_set, exists: True
2025-12-06 20:55:34,568 - INFO - Loaded ImageNet data from /: train=1281167, val=50000
2025-12-06 20:55:34,693 - INFO - Dataset loaded: train=50000 samples (391 batches), val=5000 samples (40 batches), test=5000 samples (40 batches)
2025-12-06 20:55:38,225 - INFO - Training Swin-Tiny from scratch
2025-12-06 20:55:38,227 - INFO - Initializing model from scratch...
2025-12-06 20:55:38,229 - INFO - Model architecture: Swin-Tiny
2025-12-06 20:55:38,231 - INFO - Model config: embed_dim=96, depths=[2, 2, 6, 2], num_heads=[3, 6, 12, 24], window_size=4, use_shifted_window=True
2025-12-06 20:55:38,393 - WARNING - Window size 4 doesn't divide input resolution [14, 14] evenly. Adjusting window_size to 14 and shift_size to 0.
2025-12-06 20:55:38,408 - WARNING - Window size 4 doesn't divide input resolution [14, 14] evenly. Adjusting window_size to 14 and shift_size to 0.
2025-12-06 20:55:38,422 - WARNING - Window size 4 doesn't divide input resolution [14, 14] evenly. Adjusting window_size to 14 and shift_size to 0.
2025-12-06 20:55:38,436 - WARNING - Window size 4 doesn't divide input resolution [14, 14] evenly. Adjusting window_size to 14 and shift_size to 0.
2025-12-06 20:55:38,453 - WARNING - Window size 4 doesn't divide input resolution [14, 14] evenly. Adjusting window_size to 14 and shift_size to 0.
2025-12-06 20:55:38,467 - WARNING - Window size 4 doesn't divide input resolution [14, 14] evenly. Adjusting window_size to 14 and shift_size to 0.
2025-12-06 20:55:38,483 - WARNING - Window size 4 doesn't divide input resolution [7, 7] evenly. Adjusting window_size to 7 and shift_size to 0.
2025-12-06 20:55:38,522 - WARNING - Window size 4 doesn't divide input resolution [7, 7] evenly. Adjusting window_size to 7 and shift_size to 0.
2025-12-06 20:55:38,781 - INFO - Model created with random initialization
2025-12-06 20:55:38,783 - INFO - Total parameters: 28,326,514
2025-12-06 20:55:38,784 - INFO - Trainable parameters: 28,326,514
2025-12-06 20:55:39,097 - INFO - Starting from-scratch training...
2025-12-06 20:55:39,099 - INFO - Optimizer: training all model parameters
2025-12-06 20:55:39,101 - INFO - Starting training...
2025-12-06 21:12:05,933 - INFO - Epoch 1/20: LR: 0.000170
2025-12-06 21:12:05,935 - INFO - Epoch 1/20: Train Loss: 6.9065, Val Loss: 6.8372, Val Acc: 0.46%
2025-12-06 21:26:11,056 - INFO - Epoch 2/20: LR: 0.000335
2025-12-06 21:26:11,058 - INFO - Epoch 2/20: Train Loss: 6.8228, Val Loss: 6.6971, Val Acc: 0.40%
2025-12-06 21:40:29,615 - INFO - Epoch 3/20: LR: 0.000500
2025-12-06 21:40:29,618 - INFO - Epoch 3/20: Train Loss: 6.7548, Val Loss: 6.6398, Val Acc: 0.66%
2025-12-06 21:54:33,550 - INFO - Epoch 4/20: LR: 0.000496
2025-12-06 21:54:33,552 - INFO - Epoch 4/20: Train Loss: 6.7864, Val Loss: 6.7852, Val Acc: 0.34%
2025-12-06 22:08:36,240 - INFO - Epoch 5/20: LR: 0.000483
2025-12-06 22:09:56,861 - INFO - Epoch 5/20: Train Loss: 6.7652, Val Loss: 6.7086, Val Acc: 0.34%, Test Loss: 6.7086, Test Acc: 0.34%
2025-12-06 22:24:06,183 - INFO - Epoch 6/20: LR: 0.000463
2025-12-06 22:24:06,185 - INFO - Epoch 6/20: Train Loss: 6.6986, Val Loss: 6.7337, Val Acc: 0.40%
2025-12-06 22:38:11,747 - INFO - Epoch 7/20: LR: 0.000435
2025-12-06 22:38:11,749 - INFO - Epoch 7/20: Train Loss: 6.6654, Val Loss: 6.5392, Val Acc: 0.94%
2025-12-06 22:52:17,204 - INFO - Epoch 8/20: LR: 0.000401
2025-12-06 22:52:17,205 - INFO - Epoch 8/20: Train Loss: 6.5787, Val Loss: 6.4952, Val Acc: 0.94%
2025-12-06 23:06:27,458 - INFO - Epoch 9/20: LR: 0.000362
2025-12-06 23:06:27,462 - INFO - Epoch 9/20: Train Loss: 6.5025, Val Loss: 6.3511, Val Acc: 1.70%
2025-12-06 23:20:38,314 - INFO - Epoch 10/20: LR: 0.000319
2025-12-06 23:21:59,423 - INFO - Epoch 10/20: Train Loss: 6.4292, Val Loss: 6.3033, Val Acc: 1.78%, Test Loss: 6.3033, Test Acc: 1.78%
2025-12-06 23:21:59,425 - INFO - Saving checkpoint for epoch 10...
2025-12-06 23:22:00,333 - INFO - ✅ Checkpoint saved: runs/run_112/checkpoint_epoch_10.pth
2025-12-06 23:36:19,188 - INFO - Epoch 11/20: LR: 0.000274
2025-12-06 23:36:19,237 - INFO - Epoch 11/20: Train Loss: 6.3557, Val Loss: 6.2058, Val Acc: 2.12%
2025-12-06 23:50:27,768 - INFO - Epoch 12/20: LR: 0.000227
2025-12-06 23:50:27,783 - INFO - Epoch 12/20: Train Loss: 6.2823, Val Loss: 6.0821, Val Acc: 2.64%
2025-12-07 00:04:34,389 - INFO - Epoch 13/20: LR: 0.000182
2025-12-07 00:04:34,391 - INFO - Epoch 13/20: Train Loss: 6.1948, Val Loss: 6.0686, Val Acc: 2.66%
2025-12-07 00:18:49,589 - INFO - Epoch 14/20: LR: 0.000139
2025-12-07 00:18:49,591 - INFO - Epoch 14/20: Train Loss: 6.1132, Val Loss: 6.0369, Val Acc: 3.08%
2025-12-07 00:33:05,629 - INFO - Epoch 15/20: LR: 0.000100
2025-12-07 00:34:27,595 - INFO - Epoch 15/20: Train Loss: 6.0451, Val Loss: 5.8550, Val Acc: 4.08%, Test Loss: 5.8550, Test Acc: 4.08%
2025-12-07 00:48:45,634 - INFO - Epoch 16/20: LR: 0.000066
2025-12-07 00:48:48,060 - INFO - Epoch 16/20: Train Loss: 5.9567, Val Loss: 5.8208, Val Acc: 4.22%
2025-12-07 01:03:09,598 - INFO - Epoch 17/20: LR: 0.000038
2025-12-07 01:03:09,605 - INFO - Epoch 17/20: Train Loss: 5.8983, Val Loss: 5.7644, Val Acc: 4.24%
2025-12-07 01:17:39,124 - INFO - Epoch 18/20: LR: 0.000018
2025-12-07 01:17:39,143 - INFO - Epoch 18/20: Train Loss: 5.8591, Val Loss: 5.7311, Val Acc: 4.60%
2025-12-07 01:32:04,125 - INFO - Epoch 19/20: LR: 0.000005
2025-12-07 01:32:04,127 - INFO - Epoch 19/20: Train Loss: 5.8216, Val Loss: 5.7242, Val Acc: 4.80%
2025-12-07 01:46:24,736 - INFO - Epoch 20/20: LR: 0.000001
2025-12-07 01:47:47,438 - INFO - Epoch 20/20: Train Loss: 5.8086, Val Loss: 5.7174, Val Acc: 4.68%, Test Loss: 5.7174, Test Acc: 4.68%
2025-12-07 01:47:47,440 - INFO - Saving checkpoint for epoch 20...
2025-12-07 01:47:48,562 - INFO - ✅ Checkpoint saved: runs/run_112/checkpoint_epoch_20.pth
2025-12-07 01:47:48,564 - INFO - Training completed!
2025-12-07 01:47:48,569 - INFO - Training completed!
2025-12-07 01:47:48,570 - INFO - Generating training curves...
2025-12-07 01:47:50,228 - WARNING - Inhomogeneous shapes in per-class F1 data: [(998,), (997,), (996,), (997,), (996,), (997,), (999,), (997,), (999,), (996,), (998,), (998,), (999,), (999,), (999,), (999,), (999,), (999,), (998,), (999,)]. Skipping per-class plotting.
2025-12-07 01:47:50,230 - INFO - Training curves saved as separate images with base name 'runs/run_112/training_curves_from_scratch'
2025-12-07 01:47:50,233 - INFO - Generating confusion matrix on test set...
