2025-11-19 19:59:08,350 - INFO - Logging initialized. Log file: runs/run_41/training.log
2025-11-19 19:59:08,572 - INFO - Random seeds set to 42 (deterministic=False)
2025-11-19 19:59:08,573 - INFO - Using device: cuda
2025-11-19 19:59:08,574 - INFO - Loading data...
2025-11-19 19:59:11,016 - INFO - Visualizing first batch...
2025-11-19 19:59:11,017 - INFO - Visualizing from DataLoader with 1303 batches
2025-11-19 19:59:11,728 - INFO - Loaded 16 images from dataloader
2025-11-19 19:59:14,521 - INFO - Saved enhanced dataset visualization to runs/run_41/visualization.png
2025-11-19 19:59:14,523 - INFO - Initializing model...
2025-11-19 19:59:14,938 - INFO - Created SwinTransformerModel for CIFAR-100 training.
2025-11-19 19:59:14,964 - INFO - Model moved to device: cuda
2025-11-19 19:59:14,965 - INFO - Patch embed proj device: cuda:0
2025-11-19 19:59:14,967 - INFO - Encoder first layer device: cuda:0
2025-11-19 19:59:14,968 - INFO - Head device: cuda:0
2025-11-19 19:59:14,969 - INFO - Transferring weights from pretrained to custom model...
2025-11-19 19:59:15,339 - INFO - Loading pretrained weights from Hugging Face hub (timm/swin_tiny_patch4_window7_224.ms_in1k)
2025-11-19 19:59:15,562 - INFO - HTTP Request: HEAD https://huggingface.co/timm/swin_tiny_patch4_window7_224.ms_in1k/resolve/main/model.safetensors "HTTP/1.1 302 Found"
2025-11-19 19:59:15,578 - INFO - [timm/swin_tiny_patch4_window7_224.ms_in1k] Safe alternative available for 'pytorch_model.bin' (as 'model.safetensors'). Loading weights using safetensors.
2025-11-19 19:59:15,748 - INFO - Loaded pretrained model: swin_tiny_patch4_window7_224 from timm.
2025-11-19 19:59:15,771 - INFO - Weight transfer: 169 layers transferred.
2025-11-19 19:59:15,774 - INFO - Weight transfer completed: {'transferred': 169, 'missing': 0, 'size_mismatches': 0}
2025-11-19 19:59:15,776 - INFO - After transfer - Patch embed proj device: cuda:0
2025-11-19 19:59:15,777 - INFO - After transfer - Encoder first layer device: cuda:0
2025-11-19 19:59:15,778 - INFO - Total parameters: 78,436
2025-11-19 19:59:15,781 - INFO - Saved configuration to runs/run_41/config.json
2025-11-19 19:59:15,783 - INFO - Starting training...
2025-11-19 20:01:33,235 - INFO - Epoch 1/50: Train Loss: 1.5417, Val Loss: 0.9531, Val Acc: 72.07%
2025-11-19 20:03:50,668 - INFO - Epoch 2/50: Train Loss: 0.8872, Val Loss: 0.8548, Val Acc: 74.76%
2025-11-19 20:06:07,721 - INFO - Epoch 3/50: Train Loss: 0.7777, Val Loss: 0.8224, Val Acc: 75.72%
2025-11-19 20:08:24,829 - INFO - Epoch 4/50: Train Loss: 0.7146, Val Loss: 0.8113, Val Acc: 76.08%
2025-11-19 20:11:27,501 - INFO - Epoch 5/50: Train Loss: 0.6756, Val Loss: 0.7987, Val Acc: 76.58%, Test Loss: 0.7973, Test Acc: 76.57%
2025-11-19 20:13:39,309 - INFO - Epoch 6/50: Train Loss: 0.6437, Val Loss: 0.8022, Val Acc: 76.36%
2025-11-19 20:15:56,119 - INFO - Epoch 7/50: Train Loss: 0.6133, Val Loss: 0.8059, Val Acc: 76.30%
2025-11-19 20:18:12,965 - INFO - Epoch 8/50: Train Loss: 0.5967, Val Loss: 0.7949, Val Acc: 76.50%
2025-11-19 20:20:30,016 - INFO - Epoch 9/50: Train Loss: 0.5771, Val Loss: 0.7971, Val Acc: 76.54%
2025-11-19 20:22:48,250 - INFO - Early stopping triggered at epoch 10.
2025-11-19 20:22:48,252 - INFO - Training completed!
2025-11-19 20:22:48,253 - INFO - Starting model implementation validation...
2025-11-19 20:22:48,631 - INFO - Loading pretrained weights from Hugging Face hub (timm/swin_tiny_patch4_window7_224.ms_in1k)
2025-11-19 20:22:48,775 - INFO - HTTP Request: HEAD https://huggingface.co/timm/swin_tiny_patch4_window7_224.ms_in1k/resolve/main/model.safetensors "HTTP/1.1 302 Found"
2025-11-19 20:22:48,791 - INFO - [timm/swin_tiny_patch4_window7_224.ms_in1k] Safe alternative available for 'pytorch_model.bin' (as 'model.safetensors'). Loading weights using safetensors.
2025-11-19 20:22:48,965 - INFO - Loaded pretrained model: swin_tiny_patch4_window7_224 from timm.
2025-11-19 20:22:48,984 - INFO - Transferring weights from pretrained to custom model...
2025-11-19 20:22:48,989 - INFO - Weight transfer: 171 layers transferred.
2025-11-19 20:22:48,990 - WARNING - Size mismatches: ['head.fc.weight: torch.Size([100, 768]) vs torch.Size([1000, 768])', 'head.fc.bias: torch.Size([100]) vs torch.Size([1000])']
2025-11-19 20:22:48,993 - INFO - Weight transfer completed: {'transferred': 171, 'missing': 0, 'size_mismatches': 2}
2025-11-19 20:22:48,994 - INFO - Using subset of 1000 samples for validation
2025-11-19 20:22:54,573 - INFO - === MODEL COMPARISON RESULTS ===
2025-11-19 20:22:54,574 - INFO - Pretrained Model  - Top-1: 0.80%, Top-5: 1.20%
2025-11-19 20:22:54,575 - INFO - Custom Model      - Top-1: 70.50%, Top-5: 94.40%
2025-11-19 20:22:54,577 - INFO - Differences       - Top-1: -69.70%, Top-5: -93.20%
2025-11-19 20:22:54,596 - INFO - Validation results saved to runs/run_41/model_validation_results.json
2025-11-19 20:22:54,599 - INFO - Generating training curves...
2025-11-19 20:22:56,390 - INFO - Training curves saved as separate images with base name 'runs/run_41/training_curves'
2025-11-19 20:22:56,391 - INFO - Generating confusion matrix on test set...
2025-11-19 20:23:55,130 - INFO - Performing final evaluation on test set...
2025-11-19 20:24:42,549 - INFO - Final Test Results: Loss: 0.9986, Accuracy: 74.43%
2025-11-19 20:24:42,551 - INFO - Generating LR schedule plot...
2025-11-19 20:24:42,834 - INFO - LR schedule plot saved to 'runs/run_41/lr_schedule.png'
2025-11-19 20:24:42,835 - INFO - Generating model validation comparison plot...
