2025-12-08 23:56:21,699 - INFO - Logging initialized. Log file: runs/run_132/training.log
2025-12-08 23:56:21,744 - INFO - Experiment directory: runs/run_132
2025-12-08 23:56:21,746 - INFO - Setting random seeds for reproducibility (seed: 42)...
2025-12-08 23:56:21,897 - INFO - Random seeds set to 42 (deterministic=False)
2025-12-08 23:56:21,898 - INFO - Using device: cuda
2025-12-08 23:56:21,899 - INFO - Training configuration: epochs=20, warmup=3, lr=0.0005
2025-12-08 23:56:21,901 - INFO - SWIN configuration: variant=tiny, use_shifted_window=True, use_relative_bias=True, use_absolute_pos_embed=True, use_hierarchical_merge=False
2025-12-08 23:56:21,902 - INFO - SWIN details: embed_dim=96, depths=[2, 2, 6, 2], num_heads=[3, 6, 12, 24], window_size=7
2025-12-08 23:56:21,903 - INFO - Loading dataset...
2025-12-08 23:56:21,905 - INFO - Starting ImageNet data loading from root: /
2025-12-08 23:56:21,907 - INFO - Resolved root path: /
2025-12-08 23:56:21,908 - INFO - Root path exists: True
2025-12-08 23:56:21,910 - INFO - Root path is dir: True
2025-12-08 23:56:21,915 - INFO - Contents of /: ['/.exec', '/.run', '/.shell', '/.singularity.d', '/.test', '/bin', '/boot', '/dev', '/environment', '/etc', '/home', '/lib', '/lib64', '/media', '/mnt', '/opt', '/proc', '/requirements.txt', '/root', '/run', '/sbin', '/singularity', '/srv', '/sys', '/tmp', '/usr', '/var', '/meta', '/train_set', '/train_set_small', '/val_set', '/val_set_unlabeled']
2025-12-08 23:56:21,916 - INFO - Expected train_dir: /train_set, exists: True
2025-12-08 23:56:21,917 - INFO - Expected val_dir: /val_set, exists: True
2025-12-08 23:56:28,249 - INFO - Loaded ImageNet data from /: train=1281167, val=50000
2025-12-08 23:56:28,366 - INFO - Dataset loaded: train=50000 samples (391 batches), val=5000 samples (40 batches), test=5000 samples (40 batches)
2025-12-08 23:56:30,163 - INFO - Training Swin-Tiny from scratch
2025-12-08 23:56:30,165 - INFO - Initializing model from scratch...
2025-12-08 23:56:30,166 - INFO - Model architecture: Swin-Tiny
2025-12-08 23:56:30,167 - INFO - Model config: embed_dim=96, depths=[2, 2, 6, 2], num_heads=[3, 6, 12, 24], window_size=7, use_shifted_window=True, use_relative_bias=True, use_absolute_pos_embed=True, use_hierarchical_merge=False
2025-12-08 23:56:30,672 - INFO - Model created with random initialization
2025-12-08 23:56:30,674 - INFO - Total parameters: 28,589,410
2025-12-08 23:56:30,676 - INFO - Trainable parameters: 28,589,410
2025-12-08 23:56:30,999 - INFO - Starting from-scratch training...
2025-12-08 23:56:31,001 - INFO - Optimizer: training all model parameters
2025-12-08 23:56:31,004 - INFO - Starting training...
2025-12-09 00:11:28,854 - INFO - Epoch 1/20: LR: 0.000170
2025-12-09 00:11:28,856 - INFO - Epoch 1/20: Train Loss: 6.9038, Val Loss: 6.8299, Val Acc: 0.34%
2025-12-09 00:25:27,554 - INFO - Epoch 2/20: LR: 0.000335
2025-12-09 00:25:27,568 - INFO - Epoch 2/20: Train Loss: 6.8209, Val Loss: 6.7064, Val Acc: 0.64%
2025-12-09 00:39:30,726 - INFO - Epoch 3/20: LR: 0.000500
2025-12-09 00:39:30,750 - INFO - Epoch 3/20: Train Loss: 6.7500, Val Loss: 6.6338, Val Acc: 0.54%
2025-12-09 00:53:15,183 - INFO - Epoch 4/20: LR: 0.000496
2025-12-09 00:53:15,225 - INFO - Epoch 4/20: Train Loss: 6.6670, Val Loss: 6.5102, Val Acc: 0.62%
2025-12-09 01:06:55,614 - INFO - Epoch 5/20: LR: 0.000483
2025-12-09 01:08:16,157 - INFO - Epoch 5/20: Train Loss: 6.5955, Val Loss: 6.5955, Val Acc: 1.06%, Test Loss: 6.5955, Test Acc: 1.06%
2025-12-09 01:21:55,829 - INFO - Epoch 6/20: LR: 0.000463
2025-12-09 01:21:55,840 - INFO - Epoch 6/20: Train Loss: 6.7839, Val Loss: 6.9949, Val Acc: 0.10%
2025-12-09 01:35:34,507 - INFO - Epoch 7/20: LR: 0.000435
2025-12-09 01:35:34,531 - INFO - Epoch 7/20: Train Loss: 6.8870, Val Loss: 6.8860, Val Acc: 0.24%
2025-12-09 01:49:11,782 - INFO - Epoch 8/20: LR: 0.000401
2025-12-09 01:49:11,805 - INFO - Epoch 8/20: Train Loss: 6.9065, Val Loss: 6.9080, Val Acc: 0.06%
2025-12-09 02:02:51,241 - INFO - Epoch 9/20: LR: 0.000362
2025-12-09 02:02:51,256 - INFO - Epoch 9/20: Train Loss: 6.8868, Val Loss: 6.8680, Val Acc: 0.14%
2025-12-09 02:16:29,385 - INFO - Epoch 10/20: LR: 0.000319
2025-12-09 02:17:49,217 - INFO - Epoch 10/20: Train Loss: 6.8814, Val Loss: 6.8799, Val Acc: 0.16%, Test Loss: 6.8799, Test Acc: 0.16%
2025-12-09 02:17:49,218 - INFO - Saving checkpoint for epoch 10...
2025-12-09 02:17:50,014 - INFO - ✅ Checkpoint saved: runs/run_132/checkpoint_epoch_10.pth
2025-12-09 02:31:31,053 - INFO - Epoch 11/20: LR: 0.000274
2025-12-09 02:31:31,094 - INFO - Epoch 11/20: Train Loss: 6.8700, Val Loss: 6.8701, Val Acc: 0.28%
2025-12-09 02:45:14,764 - INFO - Epoch 12/20: LR: 0.000227
2025-12-09 02:45:14,779 - INFO - Epoch 12/20: Train Loss: 6.8743, Val Loss: 6.8834, Val Acc: 0.26%
2025-12-09 02:58:55,270 - INFO - Epoch 13/20: LR: 0.000182
2025-12-09 02:58:55,287 - INFO - Epoch 13/20: Train Loss: 6.8883, Val Loss: 6.8929, Val Acc: 0.18%
2025-12-09 03:12:43,511 - INFO - Epoch 14/20: LR: 0.000139
2025-12-09 03:12:43,522 - INFO - Epoch 14/20: Train Loss: 6.8743, Val Loss: 6.8730, Val Acc: 0.06%
2025-12-09 03:26:29,341 - INFO - Epoch 15/20: LR: 0.000100
2025-12-09 03:27:50,380 - INFO - Epoch 15/20: Train Loss: 6.8642, Val Loss: 6.8659, Val Acc: 0.30%, Test Loss: 6.8659, Test Acc: 0.30%
2025-12-09 03:41:36,730 - INFO - Epoch 16/20: LR: 0.000066
2025-12-09 03:41:36,747 - INFO - Epoch 16/20: Train Loss: 6.8746, Val Loss: 6.8891, Val Acc: 0.10%
2025-12-09 03:55:22,914 - INFO - Epoch 17/20: LR: 0.000038
2025-12-09 03:55:22,953 - INFO - Epoch 17/20: Train Loss: 6.8821, Val Loss: 6.8914, Val Acc: 0.08%
2025-12-09 04:09:12,153 - INFO - Epoch 18/20: LR: 0.000018
2025-12-09 04:09:12,155 - INFO - Epoch 18/20: Train Loss: 6.8788, Val Loss: 6.8876, Val Acc: 0.16%
2025-12-09 04:22:58,539 - INFO - Epoch 19/20: LR: 0.000005
2025-12-09 04:22:58,541 - INFO - Epoch 19/20: Train Loss: 6.8765, Val Loss: 6.8884, Val Acc: 0.14%
2025-12-09 04:36:38,887 - INFO - Epoch 20/20: LR: 0.000001
2025-12-09 04:37:58,271 - INFO - Epoch 20/20: Train Loss: 6.8717, Val Loss: 6.8880, Val Acc: 0.14%, Test Loss: 6.8880, Test Acc: 0.14%
2025-12-09 04:37:58,290 - INFO - Saving checkpoint for epoch 20...
2025-12-09 04:37:59,129 - INFO - ✅ Checkpoint saved: runs/run_132/checkpoint_epoch_20.pth
2025-12-09 04:37:59,131 - INFO - Training completed!
2025-12-09 04:37:59,132 - INFO - Training completed!
2025-12-09 04:37:59,133 - INFO - Generating training curves...
2025-12-09 04:38:00,706 - WARNING - Inhomogeneous shapes in per-class F1 data: [(997,), (996,), (997,), (997,), (997,), (996,), (996,), (996,), (997,), (997,), (997,), (997,), (996,), (996,), (996,), (996,), (996,), (996,), (996,), (996,)]. Skipping per-class plotting.
2025-12-09 04:38:00,708 - INFO - Training curves saved as separate images with base name 'runs/run_132/training_curves_from_scratch'
2025-12-09 04:38:00,710 - INFO - Generating confusion matrix on test set...
