2025-12-30 14:26:01,837 - INFO - Logging initialized. Log file: runs/run_246/training.log
2025-12-30 14:26:01,885 - INFO - Experiment directory: runs/run_246
2025-12-30 14:26:01,887 - INFO - Setting random seeds for reproducibility (seed: 42)...
2025-12-30 14:26:01,907 - INFO - ✅ All seeds set to 42 (deterministic=False)
2025-12-30 14:26:02,334 - INFO - GPU memory cleared at startup. Available: 23.5GB
2025-12-30 14:26:02,335 - INFO - Using device: cuda
2025-12-30 14:26:02,336 - INFO - Training configuration: epochs=50, warmup=3, lr=0.0003
2025-12-30 14:26:02,337 - INFO - RESNET configuration: {'type': 'resnet', 'layers': [3, 4, 6, 3], 'num_classes': 1000, 'use_gradient_checkpointing': False}
2025-12-30 14:26:02,338 - INFO - Loading dataset...
2025-12-30 14:26:02,341 - INFO - Starting ImageNet data loading from root: /
2025-12-30 14:26:02,342 - INFO - Resolved root path: /
2025-12-30 14:26:02,344 - INFO - Root path exists: True
2025-12-30 14:26:02,345 - INFO - Root path is dir: True
2025-12-30 14:26:02,352 - INFO - Contents of /: ['/.exec', '/.run', '/.shell', '/.singularity.d', '/.test', '/bin', '/boot', '/dev', '/environment', '/etc', '/home', '/lib', '/lib64', '/media', '/mnt', '/opt', '/proc', '/requirements.txt', '/root', '/run', '/sbin', '/singularity', '/srv', '/sys', '/tmp', '/usr', '/var', '/meta', '/train_set', '/train_set_small', '/val_set', '/val_set_unlabeled']
2025-12-30 14:26:02,353 - INFO - Expected train_dir: /train_set, exists: True
2025-12-30 14:26:02,355 - INFO - Expected val_dir: /val_set, exists: True
2025-12-30 14:26:13,985 - INFO - Loaded ImageNet data from /: train=1281167, val=50000
2025-12-30 14:26:14,782 - INFO - Dataset limits applied (stratified sampling enabled)
2025-12-30 14:26:14,785 - INFO - Dataset loaded: train=100000 samples (782 batches), val=50000 samples (391 batches), test=50000 samples (391 batches)
2025-12-30 14:26:15,853 - INFO - Training RESNET from scratch
2025-12-30 14:26:15,854 - INFO - Initializing RESNET model from scratch...
2025-12-30 14:26:15,855 - INFO - Model architecture: RESNET
2025-12-30 14:26:15,857 - INFO - Model config: {'type': 'resnet', 'layers': [3, 4, 6, 3], 'num_classes': 1000, 'use_gradient_checkpointing': False}
2025-12-30 14:26:16,288 - INFO - Model created with random initialization
2025-12-30 14:26:16,289 - INFO - Total parameters: 25,557,032
2025-12-30 14:26:16,290 - INFO - Trainable parameters: 25,557,032
2025-12-30 14:26:16,386 - INFO - Compiling model with torch.compile()
2025-12-30 14:26:18,379 - INFO - Mixed precision enabled → CUDA bf16 selected (hardware supported)
2025-12-30 14:26:18,381 - INFO - Starting from-scratch training...
2025-12-30 14:26:18,382 - INFO - Optimizer: training all model parameters
2025-12-30 14:26:18,384 - INFO - LR Scheduler: cosine with 3 warmup epochs
2025-12-30 14:26:18,385 - INFO - Starting training...
2025-12-30 15:06:49,957 - INFO - Epoch 1/50: LR: 0.000102
2025-12-30 15:06:49,972 - INFO - Epoch 1/50: Train Loss: 6.9714, Val Loss: 6.9015, Val Acc: 0.16%
2025-12-30 15:46:47,262 - INFO - Epoch 2/50: LR: 0.000201
2025-12-30 15:46:47,275 - INFO - Epoch 2/50: Train Loss: 6.8807, Val Loss: 6.6234, Val Acc: 0.68%
2025-12-30 16:26:44,505 - INFO - Epoch 3/50: LR: 0.000300
2025-12-30 16:26:44,561 - INFO - Epoch 3/50: Train Loss: 6.5342, Val Loss: 6.2141, Val Acc: 1.47%
2025-12-30 17:06:41,805 - INFO - Epoch 4/50: LR: 0.000300
2025-12-30 17:06:41,807 - INFO - Epoch 4/50: Train Loss: 6.2584, Val Loss: 6.0089, Val Acc: 2.48%
2025-12-30 17:46:38,905 - INFO - Epoch 5/50: LR: 0.000299
2025-12-30 17:56:37,436 - INFO - Epoch 5/50: Train Loss: 5.9830, Val Loss: 5.7028, Val Acc: 3.67%, Test Loss: 5.7028, Test Acc: 3.67%
2025-12-30 18:36:34,610 - INFO - Epoch 6/50: LR: 0.000297
2025-12-30 18:36:34,625 - INFO - Epoch 6/50: Train Loss: 5.7656, Val Loss: 5.4668, Val Acc: 4.72%
2025-12-30 19:16:31,956 - INFO - Epoch 7/50: LR: 0.000296
2025-12-30 19:16:32,003 - INFO - Epoch 7/50: Train Loss: 5.5595, Val Loss: 5.4384, Val Acc: 5.18%
