2025-11-19 20:00:54,943 - INFO - Logging initialized. Log file: runs/run_42/training.log
2025-11-19 20:00:55,131 - INFO - Random seeds set to 42 (deterministic=False)
2025-11-19 20:00:55,131 - INFO - Using device: cuda
2025-11-19 20:00:55,132 - INFO - Loading data...
2025-11-19 20:00:57,791 - INFO - Visualizing first batch...
2025-11-19 20:00:57,792 - INFO - Visualizing from DataLoader with 1303 batches
2025-11-19 20:00:58,579 - INFO - Loaded 16 images from dataloader
2025-11-19 20:01:01,806 - INFO - Saved enhanced dataset visualization to runs/run_42/visualization.png
2025-11-19 20:01:01,807 - INFO - Initializing model...
2025-11-19 20:01:02,285 - INFO - Created SwinTransformerModel for CIFAR-100 training.
2025-11-19 20:01:02,312 - INFO - Model moved to device: cuda
2025-11-19 20:01:02,313 - INFO - Patch embed proj device: cuda:0
2025-11-19 20:01:02,313 - INFO - Encoder first layer device: cuda:0
2025-11-19 20:01:02,314 - INFO - Head device: cuda:0
2025-11-19 20:01:02,314 - INFO - Transferring weights from pretrained to custom model...
2025-11-19 20:01:02,746 - INFO - Loading pretrained weights from Hugging Face hub (timm/swin_tiny_patch4_window7_224.ms_in1k)
2025-11-19 20:01:02,989 - INFO - HTTP Request: HEAD https://huggingface.co/timm/swin_tiny_patch4_window7_224.ms_in1k/resolve/main/model.safetensors "HTTP/1.1 302 Found"
2025-11-19 20:01:02,998 - INFO - [timm/swin_tiny_patch4_window7_224.ms_in1k] Safe alternative available for 'pytorch_model.bin' (as 'model.safetensors'). Loading weights using safetensors.
2025-11-19 20:01:03,160 - INFO - Loaded pretrained model: swin_tiny_patch4_window7_224 from timm.
2025-11-19 20:01:03,186 - INFO - Weight transfer: 169 layers transferred.
2025-11-19 20:01:03,189 - INFO - Weight transfer completed: {'transferred': 169, 'missing': 0, 'size_mismatches': 0}
2025-11-19 20:01:03,189 - INFO - After transfer - Patch embed proj device: cuda:0
2025-11-19 20:01:03,190 - INFO - After transfer - Encoder first layer device: cuda:0
2025-11-19 20:01:03,191 - INFO - Total parameters: 78,436
2025-11-19 20:01:03,195 - INFO - Saved configuration to runs/run_42/config.json
2025-11-19 20:01:03,196 - INFO - Starting training...
2025-11-19 20:02:32,076 - INFO - Epoch 1/50: Train Loss: 1.5417, Val Loss: 0.9531, Val Acc: 72.07%
2025-11-19 20:03:57,244 - INFO - Epoch 2/50: Train Loss: 0.8872, Val Loss: 0.8548, Val Acc: 74.76%
2025-11-19 20:05:23,084 - INFO - Epoch 3/50: Train Loss: 0.7777, Val Loss: 0.8224, Val Acc: 75.72%
2025-11-19 20:06:49,161 - INFO - Epoch 4/50: Train Loss: 0.7146, Val Loss: 0.8113, Val Acc: 76.08%
2025-11-19 20:08:44,002 - INFO - Epoch 5/50: Train Loss: 0.6756, Val Loss: 0.7987, Val Acc: 76.58%, Test Loss: 0.7973, Test Acc: 76.57%
2025-11-19 20:10:10,204 - INFO - Epoch 6/50: Train Loss: 0.6437, Val Loss: 0.8022, Val Acc: 76.36%
2025-11-19 20:11:36,078 - INFO - Epoch 7/50: Train Loss: 0.6133, Val Loss: 0.8059, Val Acc: 76.30%
2025-11-19 20:13:01,581 - INFO - Epoch 8/50: Train Loss: 0.5967, Val Loss: 0.7949, Val Acc: 76.50%
2025-11-19 20:14:27,564 - INFO - Epoch 9/50: Train Loss: 0.5771, Val Loss: 0.7971, Val Acc: 76.54%
2025-11-19 20:15:53,160 - INFO - Early stopping triggered at epoch 10.
2025-11-19 20:15:53,161 - INFO - Training completed!
2025-11-19 20:15:53,161 - INFO - Starting model implementation validation...
2025-11-19 20:15:53,548 - INFO - Loading pretrained weights from Hugging Face hub (timm/swin_tiny_patch4_window7_224.ms_in1k)
2025-11-19 20:15:53,700 - INFO - HTTP Request: HEAD https://huggingface.co/timm/swin_tiny_patch4_window7_224.ms_in1k/resolve/main/model.safetensors "HTTP/1.1 302 Found"
2025-11-19 20:15:53,728 - INFO - [timm/swin_tiny_patch4_window7_224.ms_in1k] Safe alternative available for 'pytorch_model.bin' (as 'model.safetensors'). Loading weights using safetensors.
2025-11-19 20:15:53,893 - INFO - Loaded pretrained model: swin_tiny_patch4_window7_224 from timm.
2025-11-19 20:15:53,913 - INFO - Transferring weights from pretrained to custom model...
2025-11-19 20:15:53,917 - INFO - Weight transfer: 171 layers transferred.
2025-11-19 20:15:53,917 - WARNING - Size mismatches: ['head.fc.weight: torch.Size([100, 768]) vs torch.Size([1000, 768])', 'head.fc.bias: torch.Size([100]) vs torch.Size([1000])']
2025-11-19 20:15:53,919 - INFO - Weight transfer completed: {'transferred': 171, 'missing': 0, 'size_mismatches': 2}
2025-11-19 20:15:53,920 - INFO - Using subset of 1000 samples for validation
2025-11-19 20:15:57,532 - INFO - === MODEL COMPARISON RESULTS ===
2025-11-19 20:15:57,533 - INFO - Pretrained Model  - Top-1: 0.80%, Top-5: 1.20%
2025-11-19 20:15:57,533 - INFO - Custom Model      - Top-1: 70.50%, Top-5: 94.40%
2025-11-19 20:15:57,533 - INFO - Differences       - Top-1: -69.70%, Top-5: -93.20%
2025-11-19 20:15:57,556 - INFO - Validation results saved to runs/run_42/model_validation_results.json
2025-11-19 20:15:57,557 - INFO - Generating training curves...
2025-11-19 20:15:59,433 - INFO - Training curves saved as separate images with base name 'runs/run_42/training_curves'
2025-11-19 20:15:59,434 - INFO - Generating confusion matrix on test set...
2025-11-19 20:16:39,783 - INFO - Performing final evaluation on test set...
2025-11-19 20:17:08,843 - INFO - Final Test Results: Loss: 0.9986, Accuracy: 74.43%
2025-11-19 20:17:08,844 - INFO - Generating LR schedule plot...
2025-11-19 20:17:09,140 - INFO - LR schedule plot saved to 'runs/run_42/lr_schedule.png'
2025-11-19 20:17:09,141 - INFO - Generating model validation comparison plot...
