2025-12-09 21:35:16,133 - INFO - Logging initialized. Log file: runs/run_140/training.log
2025-12-09 21:35:16,224 - INFO - Experiment directory: runs/run_140
2025-12-09 21:35:16,225 - INFO - Setting random seeds for reproducibility (seed: 42)...
2025-12-09 21:35:16,362 - INFO - Random seeds set to 42 (deterministic=False)
2025-12-09 21:35:16,364 - INFO - Using device: cuda
2025-12-09 21:35:16,365 - INFO - Training configuration: epochs=20, warmup=3, lr=0.0005
2025-12-09 21:35:16,366 - INFO - SWIN configuration: variant=tiny, use_shifted_window=False, use_relative_bias=True, use_absolute_pos_embed=False, use_hierarchical_merge=False
2025-12-09 21:35:16,367 - INFO - SWIN details: embed_dim=96, depths=[2, 2, 6, 2], num_heads=[3, 6, 12, 24], window_size=7
2025-12-09 21:35:16,369 - INFO - Loading dataset...
2025-12-09 21:35:16,371 - INFO - Starting ImageNet data loading from root: /
2025-12-09 21:35:16,372 - INFO - Resolved root path: /
2025-12-09 21:35:16,374 - INFO - Root path exists: True
2025-12-09 21:35:16,375 - INFO - Root path is dir: True
2025-12-09 21:35:16,380 - INFO - Contents of /: ['/.exec', '/.run', '/.shell', '/.singularity.d', '/.test', '/bin', '/boot', '/dev', '/environment', '/etc', '/home', '/lib', '/lib64', '/media', '/mnt', '/opt', '/proc', '/requirements.txt', '/root', '/run', '/sbin', '/singularity', '/srv', '/sys', '/tmp', '/usr', '/var', '/meta', '/train_set', '/train_set_small', '/val_set', '/val_set_unlabeled']
2025-12-09 21:35:16,381 - INFO - Expected train_dir: /train_set, exists: True
2025-12-09 21:35:16,383 - INFO - Expected val_dir: /val_set, exists: True
2025-12-09 21:35:22,961 - INFO - Loaded ImageNet data from /: train=1281167, val=50000
2025-12-09 21:35:23,080 - INFO - Dataset loaded: train=50000 samples (391 batches), val=5000 samples (40 batches), test=5000 samples (40 batches)
2025-12-09 21:35:24,902 - INFO - Training Swin-Tiny from scratch
2025-12-09 21:35:24,903 - INFO - Initializing model from scratch...
2025-12-09 21:35:24,905 - INFO - Model architecture: Swin-Tiny
2025-12-09 21:35:24,906 - INFO - Model config: embed_dim=96, depths=[2, 2, 6, 2], num_heads=[3, 6, 12, 24], window_size=7, use_shifted_window=False, use_relative_bias=True, use_absolute_pos_embed=False, use_hierarchical_merge=False
2025-12-09 21:35:25,404 - INFO - Model created with random initialization
2025-12-09 21:35:25,405 - INFO - Total parameters: 28,288,354
2025-12-09 21:35:25,407 - INFO - Trainable parameters: 28,288,354
2025-12-09 21:35:25,761 - INFO - Starting from-scratch training...
2025-12-09 21:35:25,762 - INFO - Optimizer: training all model parameters
2025-12-09 21:35:25,764 - INFO - Starting training...
2025-12-09 21:50:32,898 - INFO - Epoch 1/20: LR: 0.000170
2025-12-09 21:50:32,900 - INFO - Epoch 1/20: Train Loss: 6.9092, Val Loss: 6.8326, Val Acc: 0.34%
2025-12-09 22:04:31,603 - INFO - Epoch 2/20: LR: 0.000335
2025-12-09 22:04:31,604 - INFO - Epoch 2/20: Train Loss: 6.8199, Val Loss: 6.6915, Val Acc: 0.36%
2025-12-09 22:18:55,251 - INFO - Epoch 3/20: LR: 0.000500
2025-12-09 22:18:55,272 - INFO - Epoch 3/20: Train Loss: 6.7534, Val Loss: 6.6383, Val Acc: 0.68%
2025-12-09 22:33:02,561 - INFO - Epoch 4/20: LR: 0.000496
2025-12-09 22:33:02,592 - INFO - Epoch 4/20: Train Loss: 6.6805, Val Loss: 6.6085, Val Acc: 0.58%
2025-12-09 22:47:07,742 - INFO - Epoch 5/20: LR: 0.000483
2025-12-09 22:48:30,331 - INFO - Epoch 5/20: Train Loss: 6.5452, Val Loss: 6.4235, Val Acc: 1.04%, Test Loss: 6.4235, Test Acc: 1.04%
2025-12-09 23:02:37,306 - INFO - Epoch 6/20: LR: 0.000463
2025-12-09 23:02:37,315 - INFO - Epoch 6/20: Train Loss: 6.4497, Val Loss: 6.3666, Val Acc: 1.54%
2025-12-09 23:16:44,034 - INFO - Epoch 7/20: LR: 0.000435
2025-12-09 23:16:44,052 - INFO - Epoch 7/20: Train Loss: 6.3834, Val Loss: 6.2756, Val Acc: 1.16%
2025-12-09 23:30:46,284 - INFO - Epoch 8/20: LR: 0.000401
2025-12-09 23:30:46,303 - INFO - Epoch 8/20: Train Loss: 6.3484, Val Loss: 6.2425, Val Acc: 1.84%
2025-12-09 23:44:39,949 - INFO - Epoch 9/20: LR: 0.000362
2025-12-09 23:44:39,961 - INFO - Epoch 9/20: Train Loss: 6.2791, Val Loss: 6.1197, Val Acc: 2.12%
2025-12-09 23:58:32,583 - INFO - Epoch 10/20: LR: 0.000319
2025-12-09 23:59:51,820 - INFO - Epoch 10/20: Train Loss: 6.2408, Val Loss: 6.0191, Val Acc: 2.62%, Test Loss: 6.0191, Test Acc: 2.62%
2025-12-09 23:59:51,822 - INFO - Saving checkpoint for epoch 10...
2025-12-09 23:59:52,642 - INFO - ✅ Checkpoint saved: runs/run_140/checkpoint_epoch_10.pth
2025-12-10 00:13:46,860 - INFO - Epoch 11/20: LR: 0.000274
2025-12-10 00:13:46,885 - INFO - Epoch 11/20: Train Loss: 6.1218, Val Loss: 5.9657, Val Acc: 2.76%
2025-12-10 00:27:32,064 - INFO - Epoch 12/20: LR: 0.000227
2025-12-10 00:27:32,074 - INFO - Epoch 12/20: Train Loss: 6.0389, Val Loss: 5.8447, Val Acc: 3.12%
2025-12-10 00:41:15,967 - INFO - Epoch 13/20: LR: 0.000182
2025-12-10 00:41:15,987 - INFO - Epoch 13/20: Train Loss: 5.9628, Val Loss: 5.7787, Val Acc: 4.02%
2025-12-10 00:54:58,469 - INFO - Epoch 14/20: LR: 0.000139
2025-12-10 00:54:58,483 - INFO - Epoch 14/20: Train Loss: 5.8653, Val Loss: 5.6547, Val Acc: 5.02%
2025-12-10 01:08:40,144 - INFO - Epoch 15/20: LR: 0.000100
2025-12-10 01:09:59,246 - INFO - Epoch 15/20: Train Loss: 5.7825, Val Loss: 5.6108, Val Acc: 5.06%, Test Loss: 5.6108, Test Acc: 5.06%
2025-12-10 01:23:44,425 - INFO - Epoch 16/20: LR: 0.000066
2025-12-10 01:23:44,439 - INFO - Epoch 16/20: Train Loss: 5.7084, Val Loss: 5.5497, Val Acc: 5.74%
2025-12-10 01:37:29,928 - INFO - Epoch 17/20: LR: 0.000038
2025-12-10 01:37:30,027 - INFO - Epoch 17/20: Train Loss: 5.6524, Val Loss: 5.5119, Val Acc: 5.50%
2025-12-10 01:51:20,922 - INFO - Epoch 18/20: LR: 0.000018
2025-12-10 01:51:20,924 - INFO - Epoch 18/20: Train Loss: 5.6021, Val Loss: 5.4765, Val Acc: 5.72%
2025-12-10 02:05:10,995 - INFO - Epoch 19/20: LR: 0.000005
2025-12-10 02:05:11,007 - INFO - Epoch 19/20: Train Loss: 5.5671, Val Loss: 5.4657, Val Acc: 5.98%
2025-12-10 02:18:58,105 - INFO - Epoch 20/20: LR: 0.000001
2025-12-10 02:20:17,442 - INFO - Epoch 20/20: Train Loss: 5.5537, Val Loss: 5.4582, Val Acc: 5.96%, Test Loss: 5.4582, Test Acc: 5.96%
2025-12-10 02:20:17,445 - INFO - Saving checkpoint for epoch 20...
2025-12-10 02:20:18,433 - INFO - ✅ Checkpoint saved: runs/run_140/checkpoint_epoch_20.pth
2025-12-10 02:20:18,435 - INFO - Training completed!
2025-12-10 02:20:18,439 - INFO - Training completed!
2025-12-10 02:20:18,441 - INFO - Generating training curves...
2025-12-10 02:20:20,023 - WARNING - Inhomogeneous shapes in per-class F1 data: [(997,), (997,), (996,), (997,), (997,), (996,), (998,), (997,), (997,), (998,), (998,), (998,), (998,), (999,), (998,), (998,), (999,), (1000,), (999,), (1000,)]. Skipping per-class plotting.
2025-12-10 02:20:20,025 - INFO - Training curves saved as separate images with base name 'runs/run_140/training_curves_from_scratch'
2025-12-10 02:20:20,027 - INFO - Generating confusion matrix on test set...
