2025-11-19 18:15:07,088 - INFO - Logging initialized. Log file: runs/run_28/training.log
2025-11-19 18:15:07,316 - INFO - Random seeds set to 42 (deterministic=False)
2025-11-19 18:15:07,317 - INFO - Using device: cuda
2025-11-19 18:15:07,318 - INFO - Loading data...
2025-11-19 18:15:11,176 - INFO - Visualizing first batch...
2025-11-19 18:15:11,177 - INFO - Visualizing from DataLoader with 1303 batches
2025-11-19 18:15:12,329 - INFO - Loaded 16 images from dataloader
2025-11-19 18:15:17,307 - INFO - Saved enhanced dataset visualization to runs/run_28/visualization.png
2025-11-19 18:15:17,308 - INFO - Initializing model...
2025-11-19 18:15:20,513 - INFO - Created SwinTransformerModel training.
2025-11-19 18:15:20,514 - INFO - Transferring weights from pretrained to custom model...
2025-11-19 18:15:23,669 - INFO - Loading pretrained weights from Hugging Face hub (timm/swin_base_patch4_window7_224.ms_in22k_ft_in1k)
2025-11-19 18:15:24,041 - INFO - HTTP Request: HEAD https://huggingface.co/timm/swin_base_patch4_window7_224.ms_in22k_ft_in1k/resolve/main/model.safetensors "HTTP/1.1 302 Found"
2025-11-19 18:15:24,366 - INFO - HTTP Request: GET https://huggingface.co/api/models/timm/swin_base_patch4_window7_224.ms_in22k_ft_in1k/xet-read-token/a6a1eb2321b4f556fa0fa243fb777d47679f13c9 "HTTP/1.1 200 OK"
2025-11-19 18:15:27,652 - INFO - [timm/swin_base_patch4_window7_224.ms_in22k_ft_in1k] Safe alternative available for 'pytorch_model.bin' (as 'model.safetensors'). Loading weights using safetensors.
2025-11-19 18:15:28,192 - INFO - Loaded pretrained model: swin_base_patch4_window7_224 from timm.
2025-11-19 18:15:28,427 - INFO - Weight transfer: 325 layers transferred.
2025-11-19 18:15:28,544 - INFO - Weight transfer completed: {'transferred': 325, 'missing': 0, 'size_mismatches': 0}
2025-11-19 18:15:28,548 - INFO - Total parameters: 104,548
2025-11-19 18:15:28,566 - INFO - Saved configuration to runs/run_28/config.json
2025-11-19 18:15:28,569 - INFO - Starting training...
2025-11-19 18:18:39,092 - INFO - Epoch 1/50: Train Loss: 0.9306, Val Loss: 0.5090, Val Acc: 85.00%
2025-11-19 18:21:46,990 - INFO - Epoch 2/50: Train Loss: 0.4611, Val Loss: 0.4736, Val Acc: 85.96%
2025-11-19 18:24:54,805 - INFO - Epoch 3/50: Train Loss: 0.3847, Val Loss: 0.4545, Val Acc: 86.67%
2025-11-19 18:28:02,574 - INFO - Epoch 4/50: Train Loss: 0.3436, Val Loss: 0.4515, Val Acc: 86.37%
