2025-12-06 21:15:31,230 - INFO - Logging initialized. Log file: runs/run_122/training.log
2025-12-06 21:15:31,314 - INFO - Experiment directory: runs/run_122
2025-12-06 21:15:31,316 - INFO - Setting random seeds for reproducibility (seed: 42)...
2025-12-06 21:15:31,435 - INFO - Random seeds set to 42 (deterministic=False)
2025-12-06 21:15:31,436 - INFO - Using device: cuda
2025-12-06 21:15:31,438 - INFO - Training configuration: epochs=20, warmup=3, lr=0.0005
2025-12-06 21:15:31,439 - INFO - SWIN configuration: variant=tiny, use_shifted_window=True, use_relative_bias=True, use_absolute_pos_embed=False
2025-12-06 21:15:31,440 - INFO - SWIN details: embed_dim=96, depths=[2, 2, 6, 2], num_heads=[3, 6, 12, 24], window_size=7
2025-12-06 21:15:31,441 - INFO - Loading dataset...
2025-12-06 21:15:31,443 - INFO - Starting ImageNet data loading from root: /
2025-12-06 21:15:31,445 - INFO - Resolved root path: /
2025-12-06 21:15:31,446 - INFO - Root path exists: True
2025-12-06 21:15:31,447 - INFO - Root path is dir: True
2025-12-06 21:15:31,452 - INFO - Contents of /: ['/.exec', '/.run', '/.shell', '/.singularity.d', '/.test', '/bin', '/boot', '/dev', '/environment', '/etc', '/home', '/lib', '/lib64', '/media', '/mnt', '/opt', '/proc', '/requirements.txt', '/root', '/run', '/sbin', '/singularity', '/srv', '/sys', '/tmp', '/usr', '/var', '/meta', '/train_set', '/train_set_small', '/val_set', '/val_set_unlabeled']
2025-12-06 21:15:31,453 - INFO - Expected train_dir: /train_set, exists: True
2025-12-06 21:15:31,454 - INFO - Expected val_dir: /val_set, exists: True
2025-12-06 21:15:37,961 - INFO - Loaded ImageNet data from /: train=1281167, val=50000
2025-12-06 21:15:38,084 - INFO - Dataset loaded: train=50000 samples (391 batches), val=5000 samples (40 batches), test=5000 samples (40 batches)
2025-12-06 21:15:39,933 - INFO - Training Swin-Tiny from scratch
2025-12-06 21:15:39,934 - INFO - Initializing model from scratch...
2025-12-06 21:15:39,935 - INFO - Model architecture: Swin-Tiny
2025-12-06 21:15:39,937 - INFO - Model config: embed_dim=96, depths=[2, 2, 6, 2], num_heads=[3, 6, 12, 24], window_size=7, use_shifted_window=True, use_relative_bias=True, use_absolute_pos_embed=False
2025-12-06 21:15:40,433 - INFO - Model created with random initialization
2025-12-06 21:15:40,435 - INFO - Total parameters: 28,288,354
2025-12-06 21:15:40,436 - INFO - Trainable parameters: 28,288,354
2025-12-06 21:15:40,747 - INFO - Starting from-scratch training...
2025-12-06 21:15:40,749 - INFO - Optimizer: training all model parameters
2025-12-06 21:15:40,751 - INFO - Starting training...
2025-12-06 21:30:50,027 - INFO - Epoch 1/20: LR: 0.000170
2025-12-06 21:30:50,060 - INFO - Epoch 1/20: Train Loss: 6.9086, Val Loss: 6.8331, Val Acc: 0.40%
2025-12-06 21:44:49,596 - INFO - Epoch 2/20: LR: 0.000335
2025-12-06 21:44:49,633 - INFO - Epoch 2/20: Train Loss: 6.8191, Val Loss: 6.6931, Val Acc: 0.32%
2025-12-06 21:59:08,921 - INFO - Epoch 3/20: LR: 0.000500
2025-12-06 21:59:08,938 - INFO - Epoch 3/20: Train Loss: 6.7566, Val Loss: 6.6551, Val Acc: 0.52%
2025-12-06 22:13:05,975 - INFO - Epoch 4/20: LR: 0.000496
2025-12-06 22:13:06,001 - INFO - Epoch 4/20: Train Loss: 6.6824, Val Loss: 6.5408, Val Acc: 0.88%
2025-12-06 22:27:00,975 - INFO - Epoch 5/20: LR: 0.000483
2025-12-06 22:28:20,950 - INFO - Epoch 5/20: Train Loss: 6.5465, Val Loss: 6.3902, Val Acc: 1.04%, Test Loss: 6.3902, Test Acc: 1.04%
2025-12-06 22:42:16,419 - INFO - Epoch 6/20: LR: 0.000463
2025-12-06 22:42:16,434 - INFO - Epoch 6/20: Train Loss: 6.4270, Val Loss: 6.2581, Val Acc: 1.64%
2025-12-06 22:56:15,303 - INFO - Epoch 7/20: LR: 0.000435
2025-12-06 22:56:15,314 - INFO - Epoch 7/20: Train Loss: 6.3309, Val Loss: 6.1265, Val Acc: 1.88%
2025-12-06 23:10:08,401 - INFO - Epoch 8/20: LR: 0.000401
2025-12-06 23:10:08,427 - INFO - Epoch 8/20: Train Loss: 6.2531, Val Loss: 6.0519, Val Acc: 2.06%
2025-12-06 23:24:06,230 - INFO - Epoch 9/20: LR: 0.000362
2025-12-06 23:24:06,234 - INFO - Epoch 9/20: Train Loss: 6.1673, Val Loss: 5.9933, Val Acc: 2.54%
2025-12-06 23:38:06,308 - INFO - Epoch 10/20: LR: 0.000319
2025-12-06 23:39:27,220 - INFO - Epoch 10/20: Train Loss: 6.1081, Val Loss: 5.8854, Val Acc: 3.38%, Test Loss: 5.8854, Test Acc: 3.38%
2025-12-06 23:39:27,221 - INFO - Saving checkpoint for epoch 10...
2025-12-06 23:39:28,032 - INFO - ✅ Checkpoint saved: runs/run_122/checkpoint_epoch_10.pth
2025-12-06 23:53:35,197 - INFO - Epoch 11/20: LR: 0.000274
2025-12-06 23:53:35,198 - INFO - Epoch 11/20: Train Loss: 6.0191, Val Loss: 5.8127, Val Acc: 3.14%
2025-12-07 00:07:42,486 - INFO - Epoch 12/20: LR: 0.000227
2025-12-07 00:07:42,502 - INFO - Epoch 12/20: Train Loss: 5.9236, Val Loss: 5.6683, Val Acc: 4.14%
2025-12-07 00:21:38,408 - INFO - Epoch 13/20: LR: 0.000182
2025-12-07 00:21:38,423 - INFO - Epoch 13/20: Train Loss: 5.8358, Val Loss: 5.6006, Val Acc: 5.00%
2025-12-07 00:35:36,101 - INFO - Epoch 14/20: LR: 0.000139
2025-12-07 00:35:36,111 - INFO - Epoch 14/20: Train Loss: 5.7451, Val Loss: 5.5186, Val Acc: 5.40%
2025-12-07 00:49:42,352 - INFO - Epoch 15/20: LR: 0.000100
2025-12-07 00:51:04,273 - INFO - Epoch 15/20: Train Loss: 5.6653, Val Loss: 5.4618, Val Acc: 6.08%, Test Loss: 5.4618, Test Acc: 6.08%
2025-12-07 01:05:07,648 - INFO - Epoch 16/20: LR: 0.000066
2025-12-07 01:05:07,650 - INFO - Epoch 16/20: Train Loss: 5.5791, Val Loss: 5.4102, Val Acc: 6.72%
2025-12-07 01:19:06,527 - INFO - Epoch 17/20: LR: 0.000038
2025-12-07 01:19:06,534 - INFO - Epoch 17/20: Train Loss: 5.5247, Val Loss: 5.3494, Val Acc: 6.92%
2025-12-07 01:33:07,714 - INFO - Epoch 18/20: LR: 0.000018
2025-12-07 01:33:07,731 - INFO - Epoch 18/20: Train Loss: 5.4786, Val Loss: 5.3179, Val Acc: 6.98%
2025-12-07 01:47:11,680 - INFO - Epoch 19/20: LR: 0.000005
2025-12-07 01:47:11,682 - INFO - Epoch 19/20: Train Loss: 5.4382, Val Loss: 5.2939, Val Acc: 7.42%
2025-12-07 02:01:14,880 - INFO - Epoch 20/20: LR: 0.000001
2025-12-07 02:02:35,323 - INFO - Epoch 20/20: Train Loss: 5.4275, Val Loss: 5.2934, Val Acc: 7.58%, Test Loss: 5.2934, Test Acc: 7.58%
2025-12-07 02:02:35,325 - INFO - Saving checkpoint for epoch 20...
2025-12-07 02:02:36,174 - INFO - ✅ Checkpoint saved: runs/run_122/checkpoint_epoch_20.pth
2025-12-07 02:02:36,175 - INFO - Training completed!
2025-12-07 02:02:36,177 - INFO - Training completed!
2025-12-07 02:02:36,179 - INFO - Generating training curves...
2025-12-07 02:02:37,845 - WARNING - Inhomogeneous shapes in per-class F1 data: [(996,), (997,), (996,), (998,), (998,), (996,), (998,), (998,), (998,), (998,), (998,), (998,), (998,), (999,), (998,), (999,), (999,), (999,), (999,), (999,)]. Skipping per-class plotting.
2025-12-07 02:02:37,847 - INFO - Training curves saved as separate images with base name 'runs/run_122/training_curves_from_scratch'
2025-12-07 02:02:37,848 - INFO - Generating confusion matrix on test set...
