2025-12-15 21:01:56,118 - INFO - Logging initialized. Log file: runs/run_218/training.log
2025-12-15 21:01:56,194 - INFO - Experiment directory: runs/run_218
2025-12-15 21:01:56,195 - INFO - Setting random seeds for reproducibility (seed: 42)...
2025-12-15 21:01:56,219 - INFO - ✅ All seeds set to 42 (deterministic=False)
2025-12-15 21:01:56,592 - INFO - GPU memory cleared at startup. Available: 11.6GB
2025-12-15 21:01:56,595 - INFO - Using device: cuda
2025-12-15 21:01:56,596 - INFO - Training configuration: epochs=15, warmup=1, lr=0.0015
2025-12-15 21:01:56,598 - INFO - VIT configuration: {'type': 'vit', 'img_size': 224, 'patch_size': 16, 'embed_dim': 448, 'depth': 12, 'num_heads': 7, 'mlp_ratio': 4.0, 'num_classes': 1000, 'use_gradient_checkpointing': True}
2025-12-15 21:01:56,600 - INFO - Loading dataset...
2025-12-15 21:01:56,603 - INFO - Starting ImageNet data loading from root: /
2025-12-15 21:01:56,605 - INFO - Resolved root path: /
2025-12-15 21:01:56,606 - INFO - Root path exists: True
2025-12-15 21:01:56,608 - INFO - Root path is dir: True
2025-12-15 21:01:56,619 - INFO - Contents of /: ['/.exec', '/.run', '/.shell', '/.singularity.d', '/.test', '/bin', '/boot', '/dev', '/environment', '/etc', '/home', '/lib', '/lib64', '/media', '/mnt', '/opt', '/proc', '/requirements.txt', '/root', '/run', '/sbin', '/singularity', '/srv', '/sys', '/tmp', '/usr', '/var', '/meta', '/train_set', '/train_set_small', '/val_set', '/val_set_unlabeled']
2025-12-15 21:01:56,620 - INFO - Expected train_dir: /train_set, exists: True
2025-12-15 21:01:56,622 - INFO - Expected val_dir: /val_set, exists: True
2025-12-15 21:02:10,761 - INFO - Loaded ImageNet data from /: train=1281167, val=50000
2025-12-15 21:02:11,114 - INFO - Dataset loaded: train=100000 samples (782 batches), val=50000 samples (391 batches), test=50000 samples (391 batches)
2025-12-15 21:02:16,111 - INFO - Training VIT from scratch
2025-12-15 21:02:16,182 - INFO - Initializing VIT model from scratch...
2025-12-15 21:02:16,184 - INFO - Model architecture: VIT
2025-12-15 21:02:16,186 - INFO - Model config: {'type': 'vit', 'img_size': 224, 'patch_size': 16, 'embed_dim': 448, 'depth': 12, 'num_heads': 7, 'mlp_ratio': 4.0, 'num_classes': 1000, 'use_gradient_checkpointing': True}
2025-12-15 21:02:17,424 - INFO - Model created with random initialization
2025-12-15 21:02:17,426 - INFO - Total parameters: 29,854,376
2025-12-15 21:02:17,427 - INFO - Trainable parameters: 29,854,376
2025-12-15 21:02:17,499 - INFO - Starting from-scratch training...
2025-12-15 21:02:17,501 - INFO - Optimizer: training all model parameters
2025-12-15 21:02:17,505 - INFO - LR Scheduler: cosine with 1 warmup epochs
2025-12-15 21:02:17,507 - INFO - Starting training...
2025-12-15 21:53:38,208 - INFO - Epoch 1/15: LR: 0.001500
2025-12-15 21:53:38,235 - INFO - Epoch 1/15: Train Loss: 6.8510, Val Loss: 6.7194, Val Acc: 0.79%
2025-12-15 22:38:39,992 - INFO - Epoch 2/15: LR: 0.001482
2025-12-15 22:38:40,051 - INFO - Epoch 2/15: Train Loss: 6.8952, Val Loss: 6.7290, Val Acc: 0.43%
2025-12-15 23:24:18,149 - INFO - Epoch 3/15: LR: 0.001431
2025-12-15 23:24:18,200 - INFO - Epoch 3/15: Train Loss: 6.8036, Val Loss: 6.9512, Val Acc: 0.23%
2025-12-16 00:08:19,822 - INFO - Epoch 4/15: LR: 0.001347
2025-12-16 00:08:19,857 - INFO - Epoch 4/15: Train Loss: 6.8622, Val Loss: 6.8149, Val Acc: 0.35%
2025-12-16 00:52:33,812 - INFO - Epoch 5/15: LR: 0.001236
2025-12-16 01:06:51,475 - INFO - Epoch 5/15: Train Loss: 6.8249, Val Loss: 6.7770, Val Acc: 0.35%, Test Loss: 6.7770, Test Acc: 0.35%
2025-12-16 01:52:06,202 - INFO - Epoch 6/15: LR: 0.001104
2025-12-16 01:52:06,547 - INFO - Epoch 6/15: Train Loss: 6.8217, Val Loss: 6.7719, Val Acc: 0.32%
