2025-12-09 21:34:22,200 - INFO - Logging initialized. Log file: runs/run_138/training.log
2025-12-09 21:34:22,229 - INFO - Experiment directory: runs/run_138
2025-12-09 21:34:22,231 - INFO - Setting random seeds for reproducibility (seed: 42)...
2025-12-09 21:34:22,360 - INFO - Random seeds set to 42 (deterministic=False)
2025-12-09 21:34:22,361 - INFO - Using device: cuda
2025-12-09 21:34:22,363 - INFO - Training configuration: epochs=20, warmup=3, lr=0.0005
2025-12-09 21:34:22,364 - INFO - SWIN configuration: variant=tiny, use_shifted_window=False, use_relative_bias=True, use_absolute_pos_embed=False, use_hierarchical_merge=False
2025-12-09 21:34:22,365 - INFO - SWIN details: embed_dim=96, depths=[2, 2, 6, 2], num_heads=[3, 6, 12, 24], window_size=7
2025-12-09 21:34:22,367 - INFO - Loading dataset...
2025-12-09 21:34:22,368 - INFO - Starting ImageNet data loading from root: /
2025-12-09 21:34:22,369 - INFO - Resolved root path: /
2025-12-09 21:34:22,371 - INFO - Root path exists: True
2025-12-09 21:34:22,372 - INFO - Root path is dir: True
2025-12-09 21:34:22,376 - INFO - Contents of /: ['/.exec', '/.run', '/.shell', '/.singularity.d', '/.test', '/bin', '/boot', '/dev', '/environment', '/etc', '/home', '/lib', '/lib64', '/media', '/mnt', '/opt', '/proc', '/requirements.txt', '/root', '/run', '/sbin', '/singularity', '/srv', '/sys', '/tmp', '/usr', '/var', '/meta', '/train_set', '/train_set_small', '/val_set', '/val_set_unlabeled']
2025-12-09 21:34:22,377 - INFO - Expected train_dir: /train_set, exists: True
2025-12-09 21:34:22,378 - INFO - Expected val_dir: /val_set, exists: True
2025-12-09 21:34:28,721 - INFO - Loaded ImageNet data from /: train=1281167, val=50000
2025-12-09 21:34:28,837 - INFO - Dataset loaded: train=50000 samples (391 batches), val=5000 samples (40 batches), test=5000 samples (40 batches)
2025-12-09 21:34:30,704 - INFO - Training Swin-Tiny from scratch
2025-12-09 21:34:30,706 - INFO - Initializing model from scratch...
2025-12-09 21:34:30,707 - INFO - Model architecture: Swin-Tiny
2025-12-09 21:34:30,708 - INFO - Model config: embed_dim=96, depths=[2, 2, 6, 2], num_heads=[3, 6, 12, 24], window_size=7, use_shifted_window=False, use_relative_bias=True, use_absolute_pos_embed=False, use_hierarchical_merge=False
2025-12-09 21:34:31,205 - INFO - Model created with random initialization
2025-12-09 21:34:31,206 - INFO - Total parameters: 28,288,354
2025-12-09 21:34:31,208 - INFO - Trainable parameters: 28,288,354
2025-12-09 21:34:31,558 - INFO - Starting from-scratch training...
2025-12-09 21:34:31,559 - INFO - Optimizer: training all model parameters
2025-12-09 21:34:31,560 - INFO - Starting training...
2025-12-09 21:49:50,404 - INFO - Epoch 1/20: LR: 0.000170
2025-12-09 21:49:50,405 - INFO - Epoch 1/20: Train Loss: 6.9092, Val Loss: 6.8326, Val Acc: 0.34%
2025-12-09 22:03:43,024 - INFO - Epoch 2/20: LR: 0.000335
2025-12-09 22:03:43,025 - INFO - Epoch 2/20: Train Loss: 6.8199, Val Loss: 6.6915, Val Acc: 0.36%
2025-12-09 22:18:00,393 - INFO - Epoch 3/20: LR: 0.000500
2025-12-09 22:18:00,427 - INFO - Epoch 3/20: Train Loss: 6.7534, Val Loss: 6.6383, Val Acc: 0.68%
2025-12-09 22:32:02,543 - INFO - Epoch 4/20: LR: 0.000496
2025-12-09 22:32:02,551 - INFO - Epoch 4/20: Train Loss: 6.6805, Val Loss: 6.6085, Val Acc: 0.58%
2025-12-09 22:46:02,576 - INFO - Epoch 5/20: LR: 0.000483
2025-12-09 22:47:23,641 - INFO - Epoch 5/20: Train Loss: 6.5452, Val Loss: 6.4235, Val Acc: 1.04%, Test Loss: 6.4235, Test Acc: 1.04%
2025-12-09 23:01:24,429 - INFO - Epoch 6/20: LR: 0.000463
2025-12-09 23:01:24,455 - INFO - Epoch 6/20: Train Loss: 6.4497, Val Loss: 6.3666, Val Acc: 1.54%
2025-12-09 23:15:27,748 - INFO - Epoch 7/20: LR: 0.000435
2025-12-09 23:15:27,764 - INFO - Epoch 7/20: Train Loss: 6.3834, Val Loss: 6.2756, Val Acc: 1.16%
2025-12-09 23:29:28,721 - INFO - Epoch 8/20: LR: 0.000401
2025-12-09 23:29:28,738 - INFO - Epoch 8/20: Train Loss: 6.3484, Val Loss: 6.2425, Val Acc: 1.84%
2025-12-09 23:43:16,319 - INFO - Epoch 9/20: LR: 0.000362
2025-12-09 23:43:16,333 - INFO - Epoch 9/20: Train Loss: 6.2791, Val Loss: 6.1197, Val Acc: 2.12%
2025-12-09 23:57:04,757 - INFO - Epoch 10/20: LR: 0.000319
2025-12-09 23:58:24,048 - INFO - Epoch 10/20: Train Loss: 6.2408, Val Loss: 6.0191, Val Acc: 2.62%, Test Loss: 6.0191, Test Acc: 2.62%
2025-12-09 23:58:24,050 - INFO - Saving checkpoint for epoch 10...
2025-12-09 23:58:24,904 - INFO - ✅ Checkpoint saved: runs/run_138/checkpoint_epoch_10.pth
2025-12-10 00:12:13,755 - INFO - Epoch 11/20: LR: 0.000274
2025-12-10 00:12:13,764 - INFO - Epoch 11/20: Train Loss: 6.1218, Val Loss: 5.9657, Val Acc: 2.76%
2025-12-10 00:25:52,641 - INFO - Epoch 12/20: LR: 0.000227
2025-12-10 00:25:52,657 - INFO - Epoch 12/20: Train Loss: 6.0389, Val Loss: 5.8447, Val Acc: 3.12%
2025-12-10 00:39:30,493 - INFO - Epoch 13/20: LR: 0.000182
2025-12-10 00:39:30,507 - INFO - Epoch 13/20: Train Loss: 5.9628, Val Loss: 5.7787, Val Acc: 4.02%
2025-12-10 00:53:07,665 - INFO - Epoch 14/20: LR: 0.000139
2025-12-10 00:53:07,667 - INFO - Epoch 14/20: Train Loss: 5.8653, Val Loss: 5.6547, Val Acc: 5.02%
2025-12-10 01:06:41,871 - INFO - Epoch 15/20: LR: 0.000100
2025-12-10 01:08:00,879 - INFO - Epoch 15/20: Train Loss: 5.7825, Val Loss: 5.6108, Val Acc: 5.06%, Test Loss: 5.6108, Test Acc: 5.06%
2025-12-10 01:21:34,277 - INFO - Epoch 16/20: LR: 0.000066
2025-12-10 01:21:34,279 - INFO - Epoch 16/20: Train Loss: 5.7084, Val Loss: 5.5497, Val Acc: 5.74%
2025-12-10 01:35:10,262 - INFO - Epoch 17/20: LR: 0.000038
2025-12-10 01:35:10,273 - INFO - Epoch 17/20: Train Loss: 5.6524, Val Loss: 5.5119, Val Acc: 5.50%
2025-12-10 01:48:52,261 - INFO - Epoch 18/20: LR: 0.000018
2025-12-10 01:48:52,283 - INFO - Epoch 18/20: Train Loss: 5.6021, Val Loss: 5.4765, Val Acc: 5.72%
2025-12-10 02:02:34,972 - INFO - Epoch 19/20: LR: 0.000005
2025-12-10 02:02:34,994 - INFO - Epoch 19/20: Train Loss: 5.5671, Val Loss: 5.4657, Val Acc: 5.98%
2025-12-10 02:16:12,905 - INFO - Epoch 20/20: LR: 0.000001
2025-12-10 02:17:32,085 - INFO - Epoch 20/20: Train Loss: 5.5537, Val Loss: 5.4582, Val Acc: 5.96%, Test Loss: 5.4582, Test Acc: 5.96%
2025-12-10 02:17:32,087 - INFO - Saving checkpoint for epoch 20...
2025-12-10 02:17:32,916 - INFO - ✅ Checkpoint saved: runs/run_138/checkpoint_epoch_20.pth
2025-12-10 02:17:32,918 - INFO - Training completed!
2025-12-10 02:17:32,920 - INFO - Training completed!
2025-12-10 02:17:32,921 - INFO - Generating training curves...
2025-12-10 02:17:34,487 - WARNING - Inhomogeneous shapes in per-class F1 data: [(997,), (997,), (996,), (997,), (997,), (996,), (998,), (997,), (997,), (998,), (998,), (998,), (998,), (999,), (998,), (998,), (999,), (1000,), (999,), (1000,)]. Skipping per-class plotting.
2025-12-10 02:17:34,489 - INFO - Training curves saved as separate images with base name 'runs/run_138/training_curves_from_scratch'
2025-12-10 02:17:34,491 - INFO - Generating confusion matrix on test set...
