2025-11-15 10:23:55,828 - INFO - Logging initialized. Log file: runs/run_27/training.log
2025-11-15 10:23:55,933 - INFO - Random seeds set to 42 (deterministic=False)
2025-11-15 10:23:55,934 - INFO - Using device: cpu
2025-11-15 10:23:55,934 - INFO - Loading data...
2025-11-15 10:23:58,277 - INFO - Visualizing first batch...
2025-11-15 10:23:58,278 - INFO - Visualizing from DataLoader with 1303 batches
2025-11-15 10:23:58,712 - INFO - Loaded 16 images from dataloader
2025-11-15 10:24:01,956 - INFO - Saved enhanced dataset visualization to runs/run_27/visualization.png
2025-11-15 10:24:01,960 - INFO - Generating CIFAR-100 class distribution plot...
2025-11-15 10:24:01,961 - WARNING - Could not generate CIFAR-100 distribution plot: Dataset not found or corrupted. You can use download=True to download it
2025-11-15 10:24:01,962 - INFO - Generating upsampling comparison plot...
2025-11-15 10:24:01,962 - WARNING - Could not generate upsampling comparison plot: Dataset not found or corrupted. You can use download=True to download it
2025-11-15 10:24:01,963 - INFO - Initializing model...
2025-11-15 10:24:02,398 - INFO - Created Swin-Tiny model for validation against pretrained weights.
2025-11-15 10:24:02,400 - INFO - Total parameters: 28,288,354
2025-11-15 10:24:02,405 - INFO - Saved configuration to runs/run_27/config.json
2025-11-15 10:24:02,406 - INFO - Starting model implementation validation...
2025-11-15 10:24:02,832 - INFO - Loading pretrained weights from Hugging Face hub (timm/swin_tiny_patch4_window7_224.ms_in1k)
2025-11-15 10:24:03,078 - INFO - HTTP Request: HEAD https://huggingface.co/timm/swin_tiny_patch4_window7_224.ms_in1k/resolve/main/model.safetensors "HTTP/1.1 302 Found"
2025-11-15 10:24:03,107 - INFO - [timm/swin_tiny_patch4_window7_224.ms_in1k] Safe alternative available for 'pytorch_model.bin' (as 'model.safetensors'). Loading weights using safetensors.
2025-11-15 10:24:03,265 - INFO - Loaded pretrained model: swin_tiny_patch4_window7_224 from timm.
2025-11-15 10:24:03,269 - INFO - Transferring weights from pretrained to custom model...
2025-11-15 10:24:03,294 - INFO - Weight transfer: 173 layers transferred.
2025-11-15 10:24:03,295 - INFO - Weight transfer completed: {'transferred': 173, 'missing': 0, 'size_mismatches': 0}
2025-11-15 10:24:03,296 - INFO - Using subset of 1000 samples for validation
