2026-01-25 11:56:26,318 - INFO - Logging initialized. Log file: runs/run_256/training.log
2026-01-25 11:56:26,499 - INFO - Experiment directory: runs/run_256
2026-01-25 11:56:26,501 - INFO - Setting random seeds for reproducibility (seed: 42)...
2026-01-25 11:56:26,523 - INFO - ✅ All seeds set to 42 (deterministic=False)
2026-01-25 11:56:27,023 - INFO - GPU memory cleared at startup. Available: 23.6GB
2026-01-25 11:56:27,025 - INFO - Using device: cuda
2026-01-25 11:56:27,026 - INFO - Training configuration: epochs=300, warmup=30, lr=0.0002
2026-01-25 11:56:27,028 - INFO - SWIN configuration: variant=tiny, use_shifted_window=True, use_relative_bias=False, use_absolute_pos_embed=False, use_hierarchical_merge=False, use_gradient_checkpointing=True
2026-01-25 11:56:27,030 - INFO - SWIN details: embed_dim=96, depths=[2, 2, 6, 2], num_heads=[3, 6, 12, 24], window_size=7
2026-01-25 11:56:27,031 - INFO - Loading dataset...
2026-01-25 11:56:27,034 - INFO - Starting ImageNet data loading from root: /
2026-01-25 11:56:27,036 - INFO - Resolved root path: /
2026-01-25 11:56:27,038 - INFO - Root path exists: True
2026-01-25 11:56:27,039 - INFO - Root path is dir: True
2026-01-25 11:56:27,048 - INFO - Contents of /: ['/.exec', '/.run', '/.shell', '/.singularity.d', '/.test', '/bin', '/boot', '/dev', '/environment', '/etc', '/home', '/lib', '/lib64', '/media', '/mnt', '/opt', '/proc', '/requirements.txt', '/root', '/run', '/sbin', '/singularity', '/srv', '/sys', '/tmp', '/usr', '/var', '/meta', '/train_set', '/train_set_small', '/val_set', '/val_set_unlabeled']
2026-01-25 11:56:27,050 - INFO - Expected train_dir: /train_set, exists: True
2026-01-25 11:56:27,052 - INFO - Expected val_dir: /val_set, exists: True
2026-01-25 11:56:51,051 - INFO - Loaded ImageNet data from /: train=1281167, val=50000
2026-01-25 11:56:54,028 - INFO - Dataset limits applied (stratified sampling enabled)
2026-01-25 11:56:54,032 - INFO - Dataset loaded: train=100000 samples (782 batches), val=50000 samples (391 batches), test=50000 samples (391 batches)
2026-01-25 11:56:56,203 - INFO - Training SWIN from scratch
2026-01-25 11:56:56,205 - INFO - Initializing SWIN model from scratch...
2026-01-25 11:56:56,206 - INFO - Model architecture: SWIN
2026-01-25 11:56:56,208 - INFO - Model config: {'type': 'swin', 'variant': 'tiny', 'patch_size': 4, 'embed_dim': 96, 'depths': [2, 2, 6, 2], 'num_heads': [3, 6, 12, 24], 'window_size': 7, 'mlp_ratio': 4.0, 'dropout': 0.0, 'attention_dropout': 0.0, 'projection_dropout': 0.0, 'drop_path_rate': 0.08, 'use_shifted_window': True, 'use_relative_bias': False, 'use_absolute_pos_embed': False, 'use_hierarchical_merge': False, 'use_gradient_checkpointing': True}
2026-01-25 11:56:57,345 - INFO - Model created with random initialization
2026-01-25 11:56:57,346 - INFO - Total parameters: 28,288,354
2026-01-25 11:56:57,348 - INFO - Trainable parameters: 28,288,354
2026-01-25 11:56:57,433 - INFO - Compiling model with torch.compile()
2026-01-25 11:57:01,274 - INFO - Mixed precision enabled → CUDA bf16 selected (hardware supported)
2026-01-25 11:57:01,275 - INFO - Starting from-scratch training...
2026-01-25 11:57:01,276 - INFO - Optimizer: training all model parameters
2026-01-25 11:57:01,280 - INFO - LR Scheduler: cosine with 30 warmup epochs
2026-01-25 11:57:01,282 - INFO - Starting training...
2026-01-25 12:14:25,530 - INFO - Epoch 1/300: LR: 0.000009
2026-01-25 12:14:25,532 - INFO - Epoch 1/300: Train Loss: 6.9229, Val Loss: 6.8321, Val Acc: 0.34%
2026-01-25 12:20:04,877 - INFO - Epoch 2/300: LR: 0.000015
2026-01-25 12:20:04,879 - INFO - Epoch 2/300: Train Loss: 6.8207, Val Loss: 6.6973, Val Acc: 0.66%
