2025-12-09 14:51:10,985 - INFO - Logging initialized. Log file: runs/run_135/training.log
2025-12-09 14:51:11,097 - INFO - Experiment directory: runs/run_135
2025-12-09 14:51:11,098 - INFO - Setting random seeds for reproducibility (seed: 42)...
2025-12-09 14:51:11,256 - INFO - Random seeds set to 42 (deterministic=False)
2025-12-09 14:51:11,258 - INFO - Using device: cuda
2025-12-09 14:51:11,259 - INFO - Training configuration: epochs=20, warmup=3, lr=0.0005
2025-12-09 14:51:11,260 - INFO - SWIN configuration: variant=tiny, use_shifted_window=True, use_relative_bias=True, use_absolute_pos_embed=True, use_hierarchical_merge=False
2025-12-09 14:51:11,261 - INFO - SWIN details: embed_dim=96, depths=[2, 2, 6, 2], num_heads=[3, 6, 12, 24], window_size=7
2025-12-09 14:51:11,262 - INFO - Loading dataset...
2025-12-09 14:51:11,264 - INFO - Starting ImageNet data loading from root: /
2025-12-09 14:51:11,265 - INFO - Resolved root path: /
2025-12-09 14:51:11,266 - INFO - Root path exists: True
2025-12-09 14:51:11,267 - INFO - Root path is dir: True
2025-12-09 14:51:11,271 - INFO - Contents of /: ['/.exec', '/.run', '/.shell', '/.singularity.d', '/.test', '/bin', '/boot', '/dev', '/environment', '/etc', '/home', '/lib', '/lib64', '/media', '/mnt', '/opt', '/proc', '/requirements.txt', '/root', '/run', '/sbin', '/singularity', '/srv', '/sys', '/tmp', '/usr', '/var', '/meta', '/train_set', '/train_set_small', '/val_set', '/val_set_unlabeled']
2025-12-09 14:51:11,272 - INFO - Expected train_dir: /train_set, exists: True
2025-12-09 14:51:11,273 - INFO - Expected val_dir: /val_set, exists: True
2025-12-09 14:51:16,925 - INFO - Loaded ImageNet data from /: train=1281167, val=50000
2025-12-09 14:51:17,060 - INFO - Dataset loaded: train=50000 samples (391 batches), val=5000 samples (40 batches), test=5000 samples (40 batches)
2025-12-09 14:51:19,342 - INFO - Training Swin-Tiny from scratch
2025-12-09 14:51:19,343 - INFO - Initializing model from scratch...
2025-12-09 14:51:19,344 - INFO - Model architecture: Swin-Tiny
2025-12-09 14:51:19,345 - INFO - Model config: embed_dim=96, depths=[2, 2, 6, 2], num_heads=[3, 6, 12, 24], window_size=7, use_shifted_window=True, use_relative_bias=True, use_absolute_pos_embed=True, use_hierarchical_merge=False
2025-12-09 14:51:19,853 - INFO - Model created with random initialization
2025-12-09 14:51:19,855 - INFO - Total parameters: 28,589,410
2025-12-09 14:51:19,856 - INFO - Trainable parameters: 28,589,410
2025-12-09 14:51:20,162 - INFO - Starting from-scratch training...
2025-12-09 14:51:20,163 - INFO - Optimizer: training all model parameters
2025-12-09 14:51:20,165 - INFO - Starting training...
2025-12-09 15:07:11,138 - INFO - Epoch 1/20: LR: 0.000170
2025-12-09 15:07:11,140 - INFO - Epoch 1/20: Train Loss: 6.9038, Val Loss: 6.8299, Val Acc: 0.34%
2025-12-09 15:21:00,272 - INFO - Epoch 2/20: LR: 0.000335
2025-12-09 15:21:00,296 - INFO - Epoch 2/20: Train Loss: 6.8209, Val Loss: 6.7064, Val Acc: 0.64%
2025-12-09 15:34:55,565 - INFO - Epoch 3/20: LR: 0.000500
2025-12-09 15:34:55,584 - INFO - Epoch 3/20: Train Loss: 6.7500, Val Loss: 6.6338, Val Acc: 0.54%
2025-12-09 15:48:32,401 - INFO - Epoch 4/20: LR: 0.000496
2025-12-09 15:48:32,416 - INFO - Epoch 4/20: Train Loss: 6.6670, Val Loss: 6.5102, Val Acc: 0.62%
2025-12-09 16:02:14,206 - INFO - Epoch 5/20: LR: 0.000483
2025-12-09 16:03:33,240 - INFO - Epoch 5/20: Train Loss: 6.5955, Val Loss: 6.5955, Val Acc: 1.06%, Test Loss: 6.5955, Test Acc: 1.06%
2025-12-09 16:17:09,750 - INFO - Epoch 6/20: LR: 0.000463
2025-12-09 16:17:09,765 - INFO - Epoch 6/20: Train Loss: 6.7839, Val Loss: 6.9949, Val Acc: 0.10%
2025-12-09 16:30:53,600 - INFO - Epoch 7/20: LR: 0.000435
2025-12-09 16:30:53,625 - INFO - Epoch 7/20: Train Loss: 6.8870, Val Loss: 6.8860, Val Acc: 0.24%
2025-12-09 16:44:30,395 - INFO - Epoch 8/20: LR: 0.000401
2025-12-09 16:44:30,407 - INFO - Epoch 8/20: Train Loss: 6.9065, Val Loss: 6.9080, Val Acc: 0.06%
2025-12-09 16:58:09,501 - INFO - Epoch 9/20: LR: 0.000362
2025-12-09 16:58:09,515 - INFO - Epoch 9/20: Train Loss: 6.8868, Val Loss: 6.8680, Val Acc: 0.14%
2025-12-09 17:11:52,317 - INFO - Epoch 10/20: LR: 0.000319
2025-12-09 17:13:10,548 - INFO - Epoch 10/20: Train Loss: 6.8814, Val Loss: 6.8799, Val Acc: 0.16%, Test Loss: 6.8799, Test Acc: 0.16%
2025-12-09 17:13:10,550 - INFO - Saving checkpoint for epoch 10...
2025-12-09 17:13:11,320 - INFO - ✅ Checkpoint saved: runs/run_135/checkpoint_epoch_10.pth
2025-12-09 17:27:26,459 - INFO - Epoch 11/20: LR: 0.000274
2025-12-09 17:27:26,460 - INFO - Epoch 11/20: Train Loss: 6.8700, Val Loss: 6.8701, Val Acc: 0.28%
2025-12-09 17:41:28,275 - INFO - Epoch 12/20: LR: 0.000227
2025-12-09 17:41:28,297 - INFO - Epoch 12/20: Train Loss: 6.8743, Val Loss: 6.8834, Val Acc: 0.26%
2025-12-09 17:55:07,627 - INFO - Epoch 13/20: LR: 0.000182
2025-12-09 17:55:07,639 - INFO - Epoch 13/20: Train Loss: 6.8883, Val Loss: 6.8929, Val Acc: 0.18%
2025-12-09 18:08:48,809 - INFO - Epoch 14/20: LR: 0.000139
2025-12-09 18:08:48,822 - INFO - Epoch 14/20: Train Loss: 6.8743, Val Loss: 6.8730, Val Acc: 0.06%
2025-12-09 18:22:23,829 - INFO - Epoch 15/20: LR: 0.000100
2025-12-09 18:23:42,379 - INFO - Epoch 15/20: Train Loss: 6.8642, Val Loss: 6.8659, Val Acc: 0.30%, Test Loss: 6.8659, Test Acc: 0.30%
2025-12-09 18:37:21,555 - INFO - Epoch 16/20: LR: 0.000066
2025-12-09 18:37:21,576 - INFO - Epoch 16/20: Train Loss: 6.8746, Val Loss: 6.8891, Val Acc: 0.10%
2025-12-09 18:51:06,086 - INFO - Epoch 17/20: LR: 0.000038
2025-12-09 18:51:06,103 - INFO - Epoch 17/20: Train Loss: 6.8821, Val Loss: 6.8914, Val Acc: 0.08%
2025-12-09 19:04:55,893 - INFO - Epoch 18/20: LR: 0.000018
2025-12-09 19:04:55,906 - INFO - Epoch 18/20: Train Loss: 6.8788, Val Loss: 6.8876, Val Acc: 0.16%
2025-12-09 19:18:43,740 - INFO - Epoch 19/20: LR: 0.000005
2025-12-09 19:18:43,750 - INFO - Epoch 19/20: Train Loss: 6.8765, Val Loss: 6.8884, Val Acc: 0.14%
2025-12-09 19:32:29,927 - INFO - Epoch 20/20: LR: 0.000001
2025-12-09 19:33:48,278 - INFO - Epoch 20/20: Train Loss: 6.8717, Val Loss: 6.8880, Val Acc: 0.14%, Test Loss: 6.8880, Test Acc: 0.14%
2025-12-09 19:33:48,279 - INFO - Saving checkpoint for epoch 20...
2025-12-09 19:33:49,033 - INFO - ✅ Checkpoint saved: runs/run_135/checkpoint_epoch_20.pth
2025-12-09 19:33:49,035 - INFO - Training completed!
2025-12-09 19:33:49,036 - INFO - Training completed!
2025-12-09 19:33:49,037 - INFO - Generating training curves...
2025-12-09 19:33:50,551 - WARNING - Inhomogeneous shapes in per-class F1 data: [(997,), (996,), (997,), (997,), (997,), (996,), (996,), (996,), (997,), (997,), (997,), (997,), (996,), (996,), (996,), (996,), (996,), (996,), (996,), (996,)]. Skipping per-class plotting.
2025-12-09 19:33:50,553 - INFO - Training curves saved as separate images with base name 'runs/run_135/training_curves_from_scratch'
2025-12-09 19:33:50,554 - INFO - Generating confusion matrix on test set...
