2025-12-30 11:44:18,202 - INFO - Logging initialized. Log file: runs/run_242/training.log
2025-12-30 11:44:18,214 - INFO - Experiment directory: runs/run_242
2025-12-30 11:44:18,215 - INFO - Setting random seeds for reproducibility (seed: 42)...
2025-12-30 11:44:18,236 - INFO - ✅ All seeds set to 42 (deterministic=False)
2025-12-30 11:44:18,689 - INFO - GPU memory cleared at startup. Available: 23.5GB
2025-12-30 11:44:18,691 - INFO - Using device: cuda
2025-12-30 11:44:18,692 - INFO - Training configuration: epochs=2, warmup=1, lr=0.0003
2025-12-30 11:44:18,693 - INFO - SWIN configuration: variant=tiny, use_shifted_window=True, use_relative_bias=True, use_absolute_pos_embed=False, use_hierarchical_merge=False, use_gradient_checkpointing=False
2025-12-30 11:44:18,695 - INFO - SWIN details: embed_dim=96, depths=[2, 2, 6, 2], num_heads=[3, 6, 12, 24], window_size=7
2025-12-30 11:44:18,696 - INFO - Loading dataset...
2025-12-30 11:44:18,698 - INFO - Starting ImageNet data loading from root: /
2025-12-30 11:44:18,699 - INFO - Resolved root path: /
2025-12-30 11:44:18,701 - INFO - Root path exists: True
2025-12-30 11:44:18,702 - INFO - Root path is dir: True
2025-12-30 11:44:18,792 - INFO - Contents of /: ['/.exec', '/.run', '/.shell', '/.singularity.d', '/.test', '/bin', '/boot', '/dev', '/environment', '/etc', '/home', '/lib', '/lib64', '/media', '/mnt', '/opt', '/proc', '/requirements.txt', '/root', '/run', '/sbin', '/singularity', '/srv', '/sys', '/tmp', '/usr', '/var', '/meta', '/train_set', '/train_set_small', '/val_set', '/val_set_unlabeled']
2025-12-30 11:44:18,793 - INFO - Expected train_dir: /train_set, exists: True
2025-12-30 11:44:18,794 - INFO - Expected val_dir: /val_set, exists: True
2025-12-30 11:44:31,594 - INFO - Loaded ImageNet data from /: train=1281167, val=50000
2025-12-30 11:44:32,391 - INFO - Dataset limits applied (stratified sampling enabled)
2025-12-30 11:44:32,394 - INFO - Dataset loaded: train=100000 samples (782 batches), val=50000 samples (391 batches), test=50000 samples (391 batches)
2025-12-30 11:44:35,275 - INFO - Training SWIN from scratch
2025-12-30 11:44:35,277 - INFO - Initializing SWIN model from scratch...
2025-12-30 11:44:35,278 - INFO - Model architecture: SWIN
2025-12-30 11:44:35,279 - INFO - Model config: {'type': 'swin', 'variant': 'tiny', 'patch_size': 4, 'embed_dim': 96, 'depths': [2, 2, 6, 2], 'num_heads': [3, 6, 12, 24], 'window_size': 7, 'mlp_ratio': 4.0, 'dropout': 0.0, 'attention_dropout': 0.0, 'projection_dropout': 0.0, 'drop_path_rate': 0.08, 'use_shifted_window': True, 'use_relative_bias': True, 'use_absolute_pos_embed': False, 'use_hierarchical_merge': False, 'use_gradient_checkpointing': False}
2025-12-30 11:44:35,846 - INFO - Model created with random initialization
2025-12-30 11:44:35,847 - INFO - Total parameters: 28,288,354
2025-12-30 11:44:35,848 - INFO - Trainable parameters: 28,288,354
2025-12-30 11:44:35,918 - INFO - Compiling model with torch.compile()
2025-12-30 11:44:38,492 - INFO - Mixed precision enabled → CUDA bf16 selected (hardware supported)
2025-12-30 11:44:38,493 - INFO - Starting from-scratch training...
2025-12-30 11:44:38,494 - INFO - Optimizer: training all model parameters
2025-12-30 11:44:38,497 - INFO - LR Scheduler: cosine with 1 warmup epochs
2025-12-30 11:44:38,498 - INFO - Starting training...
2025-12-30 12:02:57,983 - INFO - Epoch 1/2: LR: 0.000300
2025-12-30 12:02:57,985 - INFO - Epoch 1/2: Train Loss: 6.9074, Val Loss: 6.8041, Val Acc: 0.41%
2025-12-30 12:19:13,385 - INFO - Epoch 2/2: LR: 0.000100
2025-12-30 12:19:13,387 - INFO - Epoch 2/2: Train Loss: 6.7972, Val Loss: 6.6344, Val Acc: 0.59%
2025-12-30 12:19:13,392 - INFO - Training completed!
2025-12-30 12:19:13,394 - INFO - Generating training curves...
2025-12-30 12:19:15,242 - INFO - Too many classes (1000) for per-class plotting, skipping
2025-12-30 12:19:15,243 - INFO - Training curves saved as separate images with base name 'runs/run_242/training_curves_from_scratch'
2025-12-30 12:19:15,245 - INFO - Generating confusion matrix on test set...
