2025-12-18 12:52:47,158 - INFO - Logging initialized. Log file: runs/run_227/training.log
2025-12-18 12:52:47,188 - INFO - Experiment directory: runs/run_227
2025-12-18 12:52:47,189 - INFO - Setting random seeds for reproducibility (seed: 42)...
2025-12-18 12:52:47,210 - INFO - ✅ All seeds set to 42 (deterministic=False)
2025-12-18 12:52:47,655 - INFO - GPU memory cleared at startup. Available: 23.6GB
2025-12-18 12:52:47,656 - INFO - Using device: cuda
2025-12-18 12:52:47,658 - INFO - Training configuration: epochs=15, warmup=1, lr=0.0015
2025-12-18 12:52:47,659 - INFO - RESNET configuration: {'type': 'resnet', 'layers': [3, 4, 6, 3], 'num_classes': 1000, 'use_gradient_checkpointing': True}
2025-12-18 12:52:47,660 - INFO - Loading dataset...
2025-12-18 12:52:47,664 - INFO - Starting ImageNet data loading from root: /
2025-12-18 12:52:47,665 - INFO - Resolved root path: /
2025-12-18 12:52:47,666 - INFO - Root path exists: True
2025-12-18 12:52:47,668 - INFO - Root path is dir: True
2025-12-18 12:52:47,678 - INFO - Contents of /: ['/.exec', '/.run', '/.shell', '/.singularity.d', '/.test', '/bin', '/boot', '/dev', '/environment', '/etc', '/home', '/lib', '/lib64', '/media', '/mnt', '/opt', '/proc', '/requirements.txt', '/root', '/run', '/sbin', '/singularity', '/srv', '/sys', '/tmp', '/usr', '/var', '/meta', '/train_set', '/train_set_small', '/val_set', '/val_set_unlabeled']
2025-12-18 12:52:47,680 - INFO - Expected train_dir: /train_set, exists: True
2025-12-18 12:52:47,681 - INFO - Expected val_dir: /val_set, exists: True
2025-12-18 12:53:02,010 - INFO - Loaded ImageNet data from /: train=1281167, val=50000
2025-12-18 12:53:02,354 - INFO - Dataset loaded: train=100000 samples (782 batches), val=50000 samples (391 batches), test=50000 samples (391 batches)
2025-12-18 12:53:07,176 - INFO - Training RESNET from scratch
2025-12-18 12:53:07,206 - INFO - Initializing RESNET model from scratch...
2025-12-18 12:53:07,208 - INFO - Model architecture: RESNET
2025-12-18 12:53:07,209 - INFO - Model config: {'type': 'resnet', 'layers': [3, 4, 6, 3], 'num_classes': 1000, 'use_gradient_checkpointing': True}
2025-12-18 12:53:08,466 - INFO - Model created with random initialization
2025-12-18 12:53:08,467 - INFO - Total parameters: 25,557,032
2025-12-18 12:53:08,469 - INFO - Trainable parameters: 25,557,032
2025-12-18 12:53:08,577 - INFO - Starting from-scratch training...
2025-12-18 12:53:08,579 - INFO - Optimizer: training all model parameters
2025-12-18 12:53:08,582 - INFO - LR Scheduler: cosine with 1 warmup epochs
2025-12-18 12:53:08,583 - INFO - Starting training...
2025-12-18 13:57:00,688 - INFO - Epoch 1/15: LR: 0.001500
2025-12-18 13:57:00,748 - INFO - Epoch 1/15: Train Loss: 6.9251, Val Loss: 6.8783, Val Acc: 0.27%
2025-12-18 14:43:12,428 - INFO - Epoch 2/15: LR: 0.001482
2025-12-18 14:43:12,501 - INFO - Epoch 2/15: Train Loss: 6.8692, Val Loss: 6.7626, Val Acc: 0.54%
2025-12-18 15:26:03,660 - INFO - Epoch 3/15: LR: 0.001431
2025-12-18 15:26:03,689 - INFO - Epoch 3/15: Train Loss: 6.5299, Val Loss: 6.3068, Val Acc: 1.28%
2025-12-18 16:07:50,282 - INFO - Epoch 4/15: LR: 0.001347
2025-12-18 16:07:50,327 - INFO - Epoch 4/15: Train Loss: 6.2167, Val Loss: 6.0017, Val Acc: 2.43%
2025-12-18 16:48:32,923 - INFO - Epoch 5/15: LR: 0.001236
2025-12-18 17:02:12,571 - INFO - Epoch 5/15: Train Loss: 5.9258, Val Loss: 5.7559, Val Acc: 3.75%, Test Loss: 5.7559, Test Acc: 3.75%
2025-12-18 17:43:41,426 - INFO - Epoch 6/15: LR: 0.001104
2025-12-18 17:43:41,471 - INFO - Epoch 6/15: Train Loss: 5.6928, Val Loss: 5.4674, Val Acc: 5.34%
2025-12-18 18:33:50,729 - INFO - Epoch 7/15: LR: 0.000956
2025-12-18 18:33:50,769 - INFO - Epoch 7/15: Train Loss: 5.4729, Val Loss: 5.2349, Val Acc: 6.90%
2025-12-18 19:25:26,531 - INFO - Epoch 8/15: LR: 0.000800
2025-12-18 19:25:26,662 - INFO - Epoch 8/15: Train Loss: 5.2440, Val Loss: 5.1257, Val Acc: 8.61%
2025-12-18 20:15:10,477 - INFO - Epoch 9/15: LR: 0.000644
2025-12-18 20:15:10,570 - INFO - Epoch 9/15: Train Loss: 4.9955, Val Loss: 4.6660, Val Acc: 12.67%
2025-12-18 21:04:31,750 - INFO - Epoch 10/15: LR: 0.000496
2025-12-18 21:18:14,471 - INFO - Epoch 10/15: Train Loss: 4.7549, Val Loss: 4.3628, Val Acc: 16.03%, Test Loss: 4.3628, Test Acc: 16.03%
2025-12-18 21:18:14,494 - INFO - Saving checkpoint for epoch 10...
2025-12-18 21:18:16,030 - INFO - ✅ Checkpoint saved: runs/run_227/checkpoint_epoch_10.pth
2025-12-18 22:03:42,222 - INFO - Epoch 11/15: LR: 0.000364
2025-12-18 22:03:42,260 - INFO - Epoch 11/15: Train Loss: 4.5060, Val Loss: 4.1195, Val Acc: 18.78%
2025-12-18 22:48:45,883 - INFO - Epoch 12/15: LR: 0.000253
2025-12-18 22:48:46,522 - INFO - Epoch 12/15: Train Loss: 4.2834, Val Loss: 3.9950, Val Acc: 20.80%
2025-12-18 23:36:32,087 - INFO - Epoch 13/15: LR: 0.000169
2025-12-18 23:36:34,212 - INFO - Epoch 13/15: Train Loss: 4.0827, Val Loss: 3.7795, Val Acc: 23.87%
2025-12-19 00:26:19,739 - INFO - Epoch 14/15: LR: 0.000118
2025-12-19 00:26:20,538 - INFO - Epoch 14/15: Train Loss: 3.9117, Val Loss: 3.6942, Val Acc: 25.40%
2025-12-19 01:12:22,176 - INFO - Epoch 15/15: LR: 0.000100
2025-12-19 01:25:55,516 - INFO - Epoch 15/15: Train Loss: 3.7826, Val Loss: 3.5761, Val Acc: 27.17%, Test Loss: 3.5761, Test Acc: 27.17%
2025-12-19 01:25:55,554 - INFO - Training completed!
2025-12-19 01:25:55,562 - INFO - Training completed!
2025-12-19 01:25:55,564 - INFO - Generating training curves...
2025-12-19 01:26:00,079 - INFO - Too many classes (1000) for per-class plotting, skipping
2025-12-19 01:26:00,081 - INFO - Training curves saved as separate images with base name 'runs/run_227/training_curves_from_scratch'
2025-12-19 01:26:00,083 - INFO - Generating confusion matrix on test set...
2025-12-19 02:29:20,563 - INFO - Performing final evaluation of from_scratch model on test set...
2025-12-19 02:45:05,908 - INFO - Final Test Results of from_scratch model: Loss: 3.5761, Accuracy: 27.17%
2025-12-19 02:45:05,932 - INFO - Generating LR schedule plot of from_scratch model...
2025-12-19 02:45:06,912 - INFO - LR schedule plot saved to 'runs/run_227/lr_schedule_from_scratch.png'
2025-12-19 02:45:06,913 - INFO - 
Final Test Results:
2025-12-19 02:45:06,915 - INFO - Loss: 3.5761
2025-12-19 02:45:06,916 - INFO - Accuracy: 27.17%
2025-12-19 02:45:06,918 - INFO - Precision: 27.40%
2025-12-19 02:45:06,919 - INFO - Recall: 27.17%
2025-12-19 02:45:06,921 - INFO - F1 Score: 25.62%
2025-12-19 02:45:07,255 - INFO - Experiment completed. Results saved to runs/run_227/results_from_scratch.json
2025-12-19 02:45:07,260 - INFO - Experiment completed. Metadata saved to runs/run_227/metadata_from_scratch.json
2025-12-19 02:45:07,949 - INFO - ✅ Model weights saved: runs/run_227/final_model_from_scratch_weights.pth
2025-12-19 02:45:07,954 - INFO - Final model saved: runs/run_227/final_model_from_scratch_weights.pth
2025-12-19 02:45:07,955 - INFO - Final model metadata saved: runs/run_227/final_model_from_scratch_metadata.json
2025-12-19 02:45:07,957 - INFO - === FROM-SCRATCH RESULTS (IMAGENET) ===
2025-12-19 02:45:07,958 - INFO - Final Accuracy: 27.17%
2025-12-19 02:45:07,959 - INFO - Final F1 Score: 25.62%
2025-12-19 02:45:07,961 - INFO - from_scratch experiment completed successfully!
